Log file open, 07/18/22 14:48:35
LogWindows: Failed to load 'aqProf.dll' (GetLastError=126)
LogWindows: File 'aqProf.dll' does not exist
LogWindows: Failed to load 'VtuneApi.dll' (GetLastError=126)
LogWindows: File 'VtuneApi.dll' does not exist
LogWindows: Failed to load 'VtuneApi32e.dll' (GetLastError=126)
LogWindows: File 'VtuneApi32e.dll' does not exist
LogConsoleResponse: Display: Failed to find resolution value strings in scalability ini. Falling back to default.
LogConsoleResponse: Display: Failed to find resolution value strings in scalability ini. Falling back to default.
LogInit: Display: Running engine for game: ProjectRun
LogPlatformFile: Not using cached read wrapper
LogTaskGraph: Started task graph with 5 named threads and 59 total threads with 3 sets of task threads.
LogStats: Stats thread started at 0.196528
LogICUInternationalization: ICU TimeZone Detection - Raw Offset: +9:00, Platform Override: ''
LogInit: Display: Loading text-based GConfig....
LogPluginManager: Mounting plugin MeshPainting
LogPluginManager: Mounting plugin XGEController
LogPluginManager: Mounting plugin Paper2D
LogPluginManager: Mounting plugin AISupport
LogPluginManager: Mounting plugin EnvironmentQueryEditor
LogPluginManager: Mounting plugin LightPropagationVolume
LogPluginManager: Mounting plugin LiveLink
LogPluginManager: Mounting plugin GameplayCameras
LogPluginManager: Mounting plugin CameraShakePreviewer
LogPluginManager: Mounting plugin OodleData
LogPluginManager: Mounting plugin OodleNetwork
LogPluginManager: Mounting plugin CodeLiteSourceCodeAccess
LogPluginManager: Mounting plugin CLionSourceCodeAccess
LogPluginManager: Mounting plugin GitSourceControl
LogPluginManager: Mounting plugin PerforceSourceControl
LogPluginManager: Mounting plugin AnimationSharing
LogPluginManager: Mounting plugin PluginUtils
LogPluginManager: Mounting plugin PixWinPlugin
LogPluginManager: Mounting plugin PlasticSourceControl
LogPluginManager: Mounting plugin NullSourceCodeAccess
LogPluginManager: Mounting plugin PropertyAccessNode
LogPluginManager: Mounting plugin KDevelopSourceCodeAccess
LogPluginManager: Mounting plugin SubversionSourceControl
LogPluginManager: Mounting plugin TextureFormatOodle
LogPluginManager: Mounting plugin VisualStudioCodeSourceCodeAccess
LogPluginManager: Mounting plugin UObjectPlugin
LogPluginManager: Mounting plugin RiderSourceCodeAccess
LogPluginManager: Mounting plugin XCodeSourceCodeAccess
LogPluginManager: Mounting plugin AssetManagerEditor
LogPluginManager: Mounting plugin CryptoKeys
LogPluginManager: Mounting plugin DataValidation
LogPluginManager: Mounting plugin FacialAnimation
LogPluginManager: Mounting plugin GameplayTagsEditor
LogPluginManager: Mounting plugin VisualStudioSourceCodeAccess
LogPluginManager: Mounting plugin MacGraphicsSwitching
LogPluginManager: Mounting plugin GeometryMode
LogPluginManager: Mounting plugin MaterialAnalyzer
LogPluginManager: Mounting plugin CurveEditorTools
LogPluginManager: Mounting plugin MobileLauncherProfileWizard
LogPluginManager: Mounting plugin PluginBrowser
LogPluginManager: Mounting plugin SpeedTreeImporter
LogPluginManager: Mounting plugin Niagara
LogPluginManager: Mounting plugin AlembicImporter
LogPluginManager: Mounting plugin BackChannel
LogPluginManager: Mounting plugin ChaosCloth
LogPluginManager: Mounting plugin AutomationUtils
LogPluginManager: Mounting plugin ChaosEditor
LogPluginManager: Mounting plugin CharacterAI
LogPluginManager: Mounting plugin ChaosNiagara
LogPluginManager: Mounting plugin ChaosClothEditor
LogPluginManager: Mounting plugin ChaosSolverPlugin
LogPluginManager: Mounting plugin VariantManagerContent
LogPluginManager: Mounting plugin GeometryCache
LogPluginManager: Mounting plugin GeometryCollectionPlugin
LogPluginManager: Mounting plugin DatasmithContent
LogPluginManager: Mounting plugin GeometryProcessing
LogPluginManager: Mounting plugin MotoSynth
LogPluginManager: Mounting plugin PlanarCut
LogPluginManager: Mounting plugin OpenImageDenoise
LogPluginManager: Mounting plugin PlatformCrypto
LogPluginManager: Mounting plugin PythonScriptPlugin
LogPluginManager: Mounting plugin ProxyLODPlugin
LogPluginManager: Mounting plugin ImgMedia
LogPluginManager: Mounting plugin AvfMedia
LogPluginManager: Mounting plugin MediaCompositing
LogPluginManager: Mounting plugin MediaPlayerEditor
LogPluginManager: Mounting plugin WebMMedia
LogPluginManager: Mounting plugin SkeletalReduction
LogPluginManager: Mounting plugin AndroidMedia
LogPluginManager: Mounting plugin TcpMessaging
LogPluginManager: Mounting plugin ActorSequence
LogPluginManager: Mounting plugin LevelSequenceEditor
LogPluginManager: Mounting plugin UdpMessaging
LogPluginManager: Mounting plugin WmfMedia
LogPluginManager: Mounting plugin TemplateSequence
LogPluginManager: Mounting plugin MatineeToLevelSequence
LogPluginManager: Mounting plugin OnlineSubsystem
LogPluginManager: Mounting plugin OnlineSubsystemNull
LogPluginManager: Mounting plugin OnlineSubsystemUtils
LogPluginManager: Mounting plugin OnlineSubsystemSteam
LogPluginManager: Mounting plugin AndroidPermission
LogPluginManager: Mounting plugin AppleMoviePlayer
LogPluginManager: Mounting plugin ActorLayerUtilities
LogPluginManager: Mounting plugin AppleImageUtils
LogPluginManager: Mounting plugin ArchVisCharacter
LogPluginManager: Mounting plugin AndroidMoviePlayer
LogPluginManager: Mounting plugin AudioCapture
LogPluginManager: Mounting plugin AudioSynesthesia
LogPluginManager: Mounting plugin AndroidDeviceProfileSelector
LogPluginManager: Mounting plugin CableComponent
LogPluginManager: Mounting plugin ExampleDeviceProfileSelector
LogPluginManager: Mounting plugin CustomMeshComponent
LogPluginManager: Mounting plugin ChunkDownloader
LogPluginManager: Mounting plugin AssetTags
LogPluginManager: Mounting plugin LuminPlatformFeatures
LogPluginManager: Mounting plugin EditableMesh
LogPluginManager: Mounting plugin MagicLeap
LogPluginManager: Mounting plugin MagicLeapLightEstimation
LogPluginManager: Mounting plugin MagicLeapMedia
LogPluginManager: Mounting plugin MagicLeapPassableWorld
LogPluginManager: Mounting plugin GoogleCloudMessaging
LogPluginManager: Mounting plugin GooglePAD
LogPluginManager: Mounting plugin MLSDK
LogPluginManager: Mounting plugin LinuxDeviceProfileSelector
LogPluginManager: Mounting plugin MobilePatchingUtils
LogPluginManager: Mounting plugin LocationServicesBPLibrary
LogPluginManager: Mounting plugin IOSDeviceProfileSelector
LogPluginManager: Mounting plugin OpenXREyeTracker
LogPluginManager: Mounting plugin OpenXRHandTracking
LogPluginManager: Mounting plugin OpenXR
LogPluginManager: Mounting plugin PhysXVehicles
LogPluginManager: Mounting plugin PostSplashScreen
LogPluginManager: Mounting plugin PropertyAccessEditor
LogPluginManager: Mounting plugin ProceduralMeshComponent
LogPluginManager: Mounting plugin SignificanceManager
LogPluginManager: Mounting plugin SoundFields
LogPluginManager: Mounting plugin RuntimePhysXCooking
LogPluginManager: Mounting plugin Synthesis
LogPluginManager: Mounting plugin WebMMoviePlayer
LogPluginManager: Mounting plugin WindowsMoviePlayer
LogPluginManager: Mounting plugin LauncherChunkInstaller
LogPluginManager: Mounting plugin ScreenshotTools
LogPluginManager: Mounting plugin Takes
LogPluginManager: Mounting plugin ContentBrowserFileDataSource
LogPluginManager: Mounting plugin ContentBrowserAssetDataSource
LogPluginManager: Mounting plugin ContentBrowserClassDataSource
LogPluginManager: Mounting plugin OnlineSubsystemGooglePlay
LogPluginManager: Mounting plugin OnlineSubsystemIOS
LogPluginManager: Mounting plugin SteamShared
LogPluginManager: Mounting plugin SteamVR
LogPluginManager: Mounting plugin OculusVR
LogPluginManager: Mounting plugin AdvancedSessions
LogPluginManager: Mounting plugin AdvancedSteamSessions
PixWinPlugin: PIX capture plugin failed to initialize! Check that the process is launched from PIX.
LogInit: Using libcurl 7.55.1-DEV
LogInit:  - built for x86_64-pc-win32
LogInit:  - supports SSL with OpenSSL/1.1.1
LogInit:  - supports HTTP deflate (compression) using libz 1.2.8
LogInit:  - other features:
LogInit:      CURL_VERSION_SSL
LogInit:      CURL_VERSION_LIBZ
LogInit:      CURL_VERSION_IPV6
LogInit:      CURL_VERSION_ASYNCHDNS
LogInit:      CURL_VERSION_LARGEFILE
LogInit:      CURL_VERSION_IDN
LogInit:  CurlRequestOptions (configurable via config and command line):
LogInit:  - bVerifyPeer = true  - Libcurl will verify peer certificate
LogInit:  - bUseHttpProxy = false  - Libcurl will NOT use HTTP proxy
LogInit:  - bDontReuseConnections = false  - Libcurl will reuse connections
LogInit:  - MaxHostConnections = 16  - Libcurl will limit the number of connections to a host
LogInit:  - LocalHostAddr = Default
LogInit:  - BufferSize = 65536
LogOnline: OSS: Creating online subsystem instance for: NULL
LogInit: WinSock: version 1.1 (2.2), MaxSocks=32767, MaxUdp=65467
LogOnline: OSS: TryLoadSubsystemAndSetDefault: Loaded subsystem for module [NULL]
LogOculusPluginWrapper: OculusPlugin initialized successfully
LogHMD: Failed initializing OVRPlugin 1.59.0
LogInit: Build: ++UE4+Release-4.27-CL-18319896
LogInit: Engine Version: 4.27.2-18319896+++UE4+Release-4.27
LogInit: Compatible Engine Version: 4.27.0-17155196+++UE4+Release-4.27
LogInit: Net CL: 17155196
LogInit: OS: Windows 10 (Release 2009) (), CPU: 12th Gen Intel(R) Core(TM) i7-12700H, GPU: NVIDIA GeForce RTX 3070 Ti Laptop GPU
LogInit: Compiled (64-bit): Nov 30 2021 07:12:08
LogInit: Compiled with Visual C++: 19.24.28315.00
LogInit: Build Configuration: Development
LogInit: Branch Name: ++UE4+Release-4.27
LogInit: Command Line:  127.0.0.1:17777 -game -PIEVIACONSOLE -Multiprocess GameUserSettingsINI=C:/study/ProjectRun/Saved/Config/Windows/PIEGameUserSettings1.ini -MultiprocessSaveConfig -forcepassthrough -messaging -SessionName="Play in Standalone Game" -windowed -WinX=913 -WinY=189 SAVEWINPOS=1 -ResX=640 -ResY=480
LogInit: Base Directory: C:/Program Files/Epic Games/UE_4.27/Engine/Binaries/Win64/
LogInit: Allocator: TBB
LogInit: Installed Engine Build: 1
LogDevObjectVersion: Number of dev versions registered: 29
LogDevObjectVersion:   Dev-Blueprints (B0D832E4-1F89-4F0D-ACCF-7EB736FD4AA2): 10
LogDevObjectVersion:   Dev-Build (E1C64328-A22C-4D53-A36C-8E866417BD8C): 0
LogDevObjectVersion:   Dev-Core (375EC13C-06E4-48FB-B500-84F0262A717E): 4
LogDevObjectVersion:   Dev-Editor (E4B068ED-F494-42E9-A231-DA0B2E46BB41): 40
LogDevObjectVersion:   Dev-Framework (CFFC743F-43B0-4480-9391-14DF171D2073): 37
LogDevObjectVersion:   Dev-Mobile (B02B49B5-BB20-44E9-A304-32B752E40360): 3
LogDevObjectVersion:   Dev-Networking (A4E4105C-59A1-49B5-A7C5-40C4547EDFEE): 0
LogDevObjectVersion:   Dev-Online (39C831C9-5AE6-47DC-9A44-9C173E1C8E7C): 0
LogDevObjectVersion:   Dev-Physics (78F01B33-EBEA-4F98-B9B4-84EACCB95AA2): 14
LogDevObjectVersion:   Dev-Platform (6631380F-2D4D-43E0-8009-CF276956A95A): 0
LogDevObjectVersion:   Dev-Rendering (12F88B9F-8875-4AFC-A67C-D90C383ABD29): 45
LogDevObjectVersion:   Dev-Sequencer (7B5AE74C-D270-4C10-A958-57980B212A5A): 13
LogDevObjectVersion:   Dev-VR (D7296918-1DD6-4BDD-9DE2-64A83CC13884): 3
LogDevObjectVersion:   Dev-LoadTimes (C2A15278-BFE7-4AFE-6C17-90FF531DF755): 1
LogDevObjectVersion:   Private-Geometry (6EACA3D4-40EC-4CC1-B786-8BED09428FC5): 3
LogDevObjectVersion:   Dev-AnimPhys (29E575DD-E0A3-4627-9D10-D276232CDCEA): 17
LogDevObjectVersion:   Dev-Anim (AF43A65D-7FD3-4947-9873-3E8ED9C1BB05): 15
LogDevObjectVersion:   Dev-ReflectionCapture (6B266CEC-1EC7-4B8F-A30B-E4D90942FC07): 1
LogDevObjectVersion:   Dev-Automation (0DF73D61-A23F-47EA-B727-89E90C41499A): 1
LogDevObjectVersion:   FortniteMain (601D1886-AC64-4F84-AA16-D3DE0DEAC7D6): 47
LogDevObjectVersion:   FortniteRelease (E7086368-6B23-4C58-8439-1B7016265E91): 1
LogDevObjectVersion:   Dev-Enterprise (9DFFBCD6-494F-0158-E221-12823C92A888): 10
LogDevObjectVersion:   Dev-Niagara (F2AED0AC-9AFE-416F-8664-AA7FFA26D6FC): 1
LogDevObjectVersion:   Dev-Destruction (174F1F0B-B4C6-45A5-B13F-2EE8D0FB917D): 10
LogDevObjectVersion:   Dev-Physics-Ext (35F94A83-E258-406C-A318-09F59610247C): 41
LogDevObjectVersion:   Dev-PhysicsMaterial-Chaos (B68FC16E-8B1B-42E2-B453-215C058844FE): 1
LogDevObjectVersion:   Dev-CineCamera (B2E18506-4273-CFC2-A54E-F4BB758BBA07): 1
LogDevObjectVersion:   Dev-VirtualProduction (64F58936-FD1B-42BA-BA96-7289D5D0FA4E): 1
LogDevObjectVersion:   Dev-MediaFramework (6F0ED827-A609-4895-9C91-998D90180EA4): 2
LogInit: Presizing for max 25165824 objects, including 0 objects not considered by GC, pre-allocating 0 bytes for permanent pool.
LogConfig: Applying CVar settings from Section [/Script/Engine.StreamingSettings] File [C:/study/ProjectRun/Saved/Config/Windows/Engine.ini]
LogConfig: Setting CVar [[s.MinBulkDataSizeForAsyncLoading:131072]]
LogConfig: Setting CVar [[s.AsyncLoadingThreadEnabled:0]]
LogConfig: Setting CVar [[s.EventDrivenLoaderEnabled:1]]
LogConfig: Setting CVar [[s.WarnIfTimeLimitExceeded:0]]
LogConfig: Setting CVar [[s.TimeLimitExceededMultiplier:1.5]]
LogConfig: Setting CVar [[s.TimeLimitExceededMinTime:0.005]]
LogConfig: Setting CVar [[s.UseBackgroundLevelStreaming:1]]
LogConfig: Setting CVar [[s.PriorityAsyncLoadingExtraTime:15.0]]
LogConfig: Setting CVar [[s.LevelStreamingActorsUpdateTimeLimit:5.0]]
LogConfig: Setting CVar [[s.PriorityLevelStreamingActorsUpdateExtraTime:5.0]]
LogConfig: Setting CVar [[s.LevelStreamingComponentsRegistrationGranularity:10]]
LogConfig: Setting CVar [[s.UnregisterComponentsTimeLimit:1.0]]
LogConfig: Setting CVar [[s.LevelStreamingComponentsUnregistrationGranularity:5]]
LogConfig: Setting CVar [[s.FlushStreamingOnExit:1]]
LogInit: Object subsystem initialized
LogConfig: Setting CVar [[con.DebugEarlyDefault:1]]
LogConfig: Setting CVar [[r.setres:1280x720]]
[2022.07.18-05.48.35:905][  0]LogConfig: Setting CVar [[con.DebugEarlyDefault:1]]
[2022.07.18-05.48.35:905][  0]LogConfig: Setting CVar [[r.setres:1280x720]]
[2022.07.18-05.48.35:905][  0]LogConfig: Applying CVar settings from Section [/Script/Engine.RendererSettings] File [C:/study/ProjectRun/Saved/Config/Windows/Engine.ini]
[2022.07.18-05.48.35:905][  0]LogConfig: Setting CVar [[r.GPUCrashDebugging:0]]
[2022.07.18-05.48.35:905][  0]LogConfig: Applying CVar settings from Section [/Script/Engine.RendererOverrideSettings] File [C:/study/ProjectRun/Saved/Config/Windows/Engine.ini]
[2022.07.18-05.48.35:905][  0]LogConfig: Applying CVar settings from Section [/Script/Engine.StreamingSettings] File [C:/study/ProjectRun/Saved/Config/Windows/Engine.ini]
[2022.07.18-05.48.35:905][  0]LogConfig: Setting CVar [[s.MinBulkDataSizeForAsyncLoading:131072]]
[2022.07.18-05.48.35:905][  0]LogConfig: Setting CVar [[s.AsyncLoadingThreadEnabled:0]]
[2022.07.18-05.48.35:905][  0]LogConfig: Setting CVar [[s.EventDrivenLoaderEnabled:1]]
[2022.07.18-05.48.35:905][  0]LogConfig: Setting CVar [[s.WarnIfTimeLimitExceeded:0]]
[2022.07.18-05.48.35:905][  0]LogConfig: Setting CVar [[s.TimeLimitExceededMultiplier:1.5]]
[2022.07.18-05.48.35:905][  0]LogConfig: Setting CVar [[s.TimeLimitExceededMinTime:0.005]]
[2022.07.18-05.48.35:905][  0]LogConfig: Setting CVar [[s.UseBackgroundLevelStreaming:1]]
[2022.07.18-05.48.35:905][  0]LogConfig: Setting CVar [[s.PriorityAsyncLoadingExtraTime:15.0]]
[2022.07.18-05.48.35:905][  0]LogConfig: Setting CVar [[s.LevelStreamingActorsUpdateTimeLimit:5.0]]
[2022.07.18-05.48.35:906][  0]LogConfig: Setting CVar [[s.PriorityLevelStreamingActorsUpdateExtraTime:5.0]]
[2022.07.18-05.48.35:906][  0]LogConfig: Setting CVar [[s.LevelStreamingComponentsRegistrationGranularity:10]]
[2022.07.18-05.48.35:906][  0]LogConfig: Setting CVar [[s.UnregisterComponentsTimeLimit:1.0]]
[2022.07.18-05.48.35:906][  0]LogConfig: Setting CVar [[s.LevelStreamingComponentsUnregistrationGranularity:5]]
[2022.07.18-05.48.35:906][  0]LogConfig: Setting CVar [[s.FlushStreamingOnExit:1]]
[2022.07.18-05.48.35:906][  0]LogConfig: Applying CVar settings from Section [/Script/Engine.GarbageCollectionSettings] File [C:/study/ProjectRun/Saved/Config/Windows/Engine.ini]
[2022.07.18-05.48.35:906][  0]LogConfig: Setting CVar [[gc.MaxObjectsNotConsideredByGC:1]]
[2022.07.18-05.48.35:906][  0]LogConfig: Setting CVar [[gc.SizeOfPermanentObjectPool:0]]
[2022.07.18-05.48.35:906][  0]LogConfig: Setting CVar [[gc.FlushStreamingOnGC:0]]
[2022.07.18-05.48.35:906][  0]LogConfig: Setting CVar [[gc.NumRetriesBeforeForcingGC:10]]
[2022.07.18-05.48.35:906][  0]LogConfig: Setting CVar [[gc.AllowParallelGC:1]]
[2022.07.18-05.48.35:906][  0]LogConfig: Setting CVar [[gc.TimeBetweenPurgingPendingKillObjects:61.1]]
[2022.07.18-05.48.35:906][  0]LogConfig: Setting CVar [[gc.MaxObjectsInEditor:25165824]]
[2022.07.18-05.48.35:906][  0]LogConfig: Setting CVar [[gc.IncrementalBeginDestroyEnabled:1]]
[2022.07.18-05.48.35:906][  0]LogConfig: Setting CVar [[gc.CreateGCClusters:1]]
[2022.07.18-05.48.35:906][  0]LogConfig: Setting CVar [[gc.MinGCClusterSize:5]]
[2022.07.18-05.48.35:906][  0]LogConfig: Setting CVar [[gc.ActorClusteringEnabled:0]]
[2022.07.18-05.48.35:906][  0]LogConfig: Setting CVar [[gc.BlueprintClusteringEnabled:0]]
[2022.07.18-05.48.35:906][  0]LogConfig: Setting CVar [[gc.UseDisregardForGCOnDedicatedServers:0]]
[2022.07.18-05.48.35:906][  0]LogConfig: Setting CVar [[gc.MultithreadedDestructionEnabled:1]]
[2022.07.18-05.48.35:906][  0]LogConfig: Applying CVar settings from Section [/Script/Engine.NetworkSettings] File [C:/study/ProjectRun/Saved/Config/Windows/Engine.ini]
[2022.07.18-05.48.35:906][  0]LogConfig: Applying CVar settings from Section [/Script/UnrealEd.CookerSettings] File [C:/study/ProjectRun/Saved/Config/Windows/Engine.ini]
[2022.07.18-05.48.35:913][  0]LogConfig: Applying CVar settings from Section [ViewDistanceQuality@3] File [C:/study/ProjectRun/Saved/Config/Windows/Scalability.ini]
[2022.07.18-05.48.35:913][  0]LogConfig: Setting CVar [[r.SkeletalMeshLODBias:0]]
[2022.07.18-05.48.35:913][  0]LogConfig: Setting CVar [[r.ViewDistanceScale:1.0]]
[2022.07.18-05.48.35:913][  0]LogConfig: Applying CVar settings from Section [AntiAliasingQuality@3] File [C:/study/ProjectRun/Saved/Config/Windows/Scalability.ini]
[2022.07.18-05.48.35:913][  0]LogConfig: Setting CVar [[r.PostProcessAAQuality:4]]
[2022.07.18-05.48.35:913][  0]LogConfig: Applying CVar settings from Section [ShadowQuality@3] File [C:/study/ProjectRun/Saved/Config/Windows/Scalability.ini]
[2022.07.18-05.48.35:913][  0]LogConfig: Setting CVar [[r.LightFunctionQuality:1]]
[2022.07.18-05.48.35:913][  0]LogConfig: Setting CVar [[r.ShadowQuality:5]]
[2022.07.18-05.48.35:913][  0]LogConfig: Setting CVar [[r.Shadow.CSM.MaxCascades:10]]
[2022.07.18-05.48.35:913][  0]LogConfig: Setting CVar [[r.Shadow.MaxResolution:2048]]
[2022.07.18-05.48.35:913][  0]LogConfig: Setting CVar [[r.Shadow.MaxCSMResolution:2048]]
[2022.07.18-05.48.35:913][  0]LogConfig: Setting CVar [[r.Shadow.RadiusThreshold:0.01]]
[2022.07.18-05.48.35:913][  0]LogConfig: Setting CVar [[r.Shadow.DistanceScale:1.0]]
[2022.07.18-05.48.35:913][  0]LogConfig: Setting CVar [[r.Shadow.CSM.TransitionScale:1.0]]
[2022.07.18-05.48.35:913][  0]LogConfig: Setting CVar [[r.Shadow.PreShadowResolutionFactor:1.0]]
[2022.07.18-05.48.35:913][  0]LogConfig: Setting CVar [[r.DistanceFieldShadowing:1]]
[2022.07.18-05.48.35:913][  0]LogConfig: Setting CVar [[r.DistanceFieldAO:1]]
[2022.07.18-05.48.35:913][  0]LogConfig: Setting CVar [[r.AOQuality:2]]
[2022.07.18-05.48.35:913][  0]LogConfig: Setting CVar [[r.VolumetricFog:1]]
[2022.07.18-05.48.35:913][  0]LogConfig: Setting CVar [[r.VolumetricFog.GridPixelSize:8]]
[2022.07.18-05.48.35:913][  0]LogConfig: Setting CVar [[r.VolumetricFog.GridSizeZ:128]]
[2022.07.18-05.48.35:913][  0]LogConfig: Setting CVar [[r.VolumetricFog.HistoryMissSupersampleCount:4]]
[2022.07.18-05.48.35:913][  0]LogConfig: Setting CVar [[r.LightMaxDrawDistanceScale:1]]
[2022.07.18-05.48.35:913][  0]LogConfig: Setting CVar [[r.CapsuleShadows:1]]
[2022.07.18-05.48.35:913][  0]LogConfig: Applying CVar settings from Section [PostProcessQuality@3] File [C:/study/ProjectRun/Saved/Config/Windows/Scalability.ini]
[2022.07.18-05.48.35:913][  0]LogConfig: Setting CVar [[r.MotionBlurQuality:4]]
[2022.07.18-05.48.35:913][  0]LogConfig: Setting CVar [[r.AmbientOcclusionMipLevelFactor:0.4]]
[2022.07.18-05.48.35:913][  0]LogConfig: Setting CVar [[r.AmbientOcclusionMaxQuality:100]]
[2022.07.18-05.48.35:913][  0]LogConfig: Setting CVar [[r.AmbientOcclusionLevels:-1]]
[2022.07.18-05.48.35:913][  0]LogConfig: Setting CVar [[r.AmbientOcclusionRadiusScale:1.0]]
[2022.07.18-05.48.35:913][  0]LogConfig: Setting CVar [[r.DepthOfFieldQuality:2]]
[2022.07.18-05.48.35:913][  0]LogConfig: Setting CVar [[r.RenderTargetPoolMin:400]]
[2022.07.18-05.48.35:913][  0]LogConfig: Setting CVar [[r.LensFlareQuality:2]]
[2022.07.18-05.48.35:913][  0]LogConfig: Setting CVar [[r.SceneColorFringeQuality:1]]
[2022.07.18-05.48.35:913][  0]LogConfig: Setting CVar [[r.EyeAdaptationQuality:2]]
[2022.07.18-05.48.35:913][  0]LogConfig: Setting CVar [[r.BloomQuality:5]]
[2022.07.18-05.48.35:913][  0]LogConfig: Setting CVar [[r.FastBlurThreshold:100]]
[2022.07.18-05.48.35:913][  0]LogConfig: Setting CVar [[r.Upscale.Quality:3]]
[2022.07.18-05.48.35:913][  0]LogConfig: Setting CVar [[r.Tonemapper.GrainQuantization:1]]
[2022.07.18-05.48.35:913][  0]LogConfig: Setting CVar [[r.LightShaftQuality:1]]
[2022.07.18-05.48.35:913][  0]LogConfig: Setting CVar [[r.Filter.SizeScale:1]]
[2022.07.18-05.48.35:913][  0]LogConfig: Setting CVar [[r.Tonemapper.Quality:5]]
[2022.07.18-05.48.35:913][  0]LogConfig: Setting CVar [[r.DOF.Gather.AccumulatorQuality:1        ; higher gathering accumulator quality]]
[2022.07.18-05.48.35:913][  0]LogConfig: Setting CVar [[r.DOF.Gather.PostfilterMethod:1          ; Median3x3 postfilering method]]
[2022.07.18-05.48.35:913][  0]LogConfig: Setting CVar [[r.DOF.Gather.EnableBokehSettings:0       ; no bokeh simulation when gathering]]
[2022.07.18-05.48.35:913][  0]LogConfig: Setting CVar [[r.DOF.Gather.RingCount:4                 ; medium number of samples when gathering]]
[2022.07.18-05.48.35:913][  0]LogConfig: Setting CVar [[r.DOF.Scatter.ForegroundCompositing:1    ; additive foreground scattering]]
[2022.07.18-05.48.35:913][  0]LogConfig: Setting CVar [[r.DOF.Scatter.BackgroundCompositing:2    ; additive background scattering]]
[2022.07.18-05.48.35:913][  0]LogConfig: Setting CVar [[r.DOF.Scatter.EnableBokehSettings:1      ; bokeh simulation when scattering]]
[2022.07.18-05.48.35:913][  0]LogConfig: Setting CVar [[r.DOF.Scatter.MaxSpriteRatio:0.1         ; only a maximum of 10% of scattered bokeh]]
[2022.07.18-05.48.35:913][  0]LogConfig: Setting CVar [[r.DOF.Recombine.Quality:1                ; cheap slight out of focus]]
[2022.07.18-05.48.35:913][  0]LogConfig: Setting CVar [[r.DOF.Recombine.EnableBokehSettings:0    ; no bokeh simulation on slight out of focus]]
[2022.07.18-05.48.35:913][  0]LogConfig: Setting CVar [[r.DOF.TemporalAAQuality:1                ; more stable temporal accumulation]]
[2022.07.18-05.48.35:913][  0]LogConfig: Setting CVar [[r.DOF.Kernel.MaxForegroundRadius:0.025]]
[2022.07.18-05.48.35:913][  0]LogConfig: Setting CVar [[r.DOF.Kernel.MaxBackgroundRadius:0.025]]
[2022.07.18-05.48.35:913][  0]LogConfig: Applying CVar settings from Section [TextureQuality@3] File [C:/study/ProjectRun/Saved/Config/Windows/Scalability.ini]
[2022.07.18-05.48.35:913][  0]LogConfig: Setting CVar [[r.Streaming.MipBias:0]]
[2022.07.18-05.48.35:913][  0]LogConfig: Setting CVar [[r.Streaming.AmortizeCPUToGPUCopy:0]]
[2022.07.18-05.48.35:913][  0]LogConfig: Setting CVar [[r.Streaming.MaxNumTexturesToStreamPerFrame:0]]
[2022.07.18-05.48.35:913][  0]LogConfig: Setting CVar [[r.Streaming.Boost:1]]
[2022.07.18-05.48.35:913][  0]LogConfig: Setting CVar [[r.MaxAnisotropy:8]]
[2022.07.18-05.48.35:913][  0]LogConfig: Setting CVar [[r.VT.MaxAnisotropy:8]]
[2022.07.18-05.48.35:913][  0]LogConfig: Setting CVar [[r.Streaming.LimitPoolSizeToVRAM:0]]
[2022.07.18-05.48.35:913][  0]LogConfig: Setting CVar [[r.Streaming.PoolSize:1000]]
[2022.07.18-05.48.35:913][  0]LogConfig: Setting CVar [[r.Streaming.MaxEffectiveScreenSize:0]]
[2022.07.18-05.48.35:913][  0]LogConfig: Applying CVar settings from Section [EffectsQuality@3] File [C:/study/ProjectRun/Saved/Config/Windows/Scalability.ini]
[2022.07.18-05.48.35:913][  0]LogConfig: Setting CVar [[r.TranslucencyLightingVolumeDim:64]]
[2022.07.18-05.48.35:913][  0]LogConfig: Setting CVar [[r.RefractionQuality:2]]
[2022.07.18-05.48.35:913][  0]LogConfig: Setting CVar [[r.SSR.Quality:3]]
[2022.07.18-05.48.35:913][  0]LogConfig: Setting CVar [[r.SSR.HalfResSceneColor:0]]
[2022.07.18-05.48.35:913][  0]LogConfig: Setting CVar [[r.SceneColorFormat:4]]
[2022.07.18-05.48.35:913][  0]LogConfig: Setting CVar [[r.DetailMode:2]]
[2022.07.18-05.48.35:913][  0]LogConfig: Setting CVar [[r.TranslucencyVolumeBlur:1]]
[2022.07.18-05.48.35:913][  0]LogConfig: Setting CVar [[r.MaterialQualityLevel:1 ; High quality]]
[2022.07.18-05.48.35:913][  0]LogConfig: Setting CVar [[r.AnisotropicMaterials:1]]
[2022.07.18-05.48.35:913][  0]LogConfig: Setting CVar [[r.SSS.Scale:1]]
[2022.07.18-05.48.35:913][  0]LogConfig: Setting CVar [[r.SSS.SampleSet:2]]
[2022.07.18-05.48.35:913][  0]LogConfig: Setting CVar [[r.SSS.Quality:1]]
[2022.07.18-05.48.35:913][  0]LogConfig: Setting CVar [[r.SSS.HalfRes:0]]
[2022.07.18-05.48.35:913][  0]LogConfig: Setting CVar [[r.SSGI.Quality:3]]
[2022.07.18-05.48.35:913][  0]LogConfig: Setting CVar [[r.EmitterSpawnRateScale:1.0]]
[2022.07.18-05.48.35:913][  0]LogConfig: Setting CVar [[r.ParticleLightQuality:2]]
[2022.07.18-05.48.35:913][  0]LogConfig: Setting CVar [[r.SkyAtmosphere.AerialPerspectiveLUT.FastApplyOnOpaque:1 ; Always have FastSkyLUT 1 in this case to avoid wrong sky]]
[2022.07.18-05.48.35:913][  0]LogConfig: Setting CVar [[r.SkyAtmosphere.AerialPerspectiveLUT.SampleCountMaxPerSlice:4]]
[2022.07.18-05.48.35:913][  0]LogConfig: Setting CVar [[r.SkyAtmosphere.AerialPerspectiveLUT.DepthResolution:16.0]]
[2022.07.18-05.48.35:913][  0]LogConfig: Setting CVar [[r.SkyAtmosphere.FastSkyLUT:1]]
[2022.07.18-05.48.35:913][  0]LogConfig: Setting CVar [[r.SkyAtmosphere.FastSkyLUT.SampleCountMin:4.0]]
[2022.07.18-05.48.35:913][  0]LogConfig: Setting CVar [[r.SkyAtmosphere.FastSkyLUT.SampleCountMax:128.0]]
[2022.07.18-05.48.35:913][  0]LogConfig: Setting CVar [[r.SkyAtmosphere.SampleCountMin:4.0]]
[2022.07.18-05.48.35:913][  0]LogConfig: Setting CVar [[r.SkyAtmosphere.SampleCountMax:128.0]]
[2022.07.18-05.48.35:913][  0]LogConfig: Setting CVar [[r.SkyAtmosphere.TransmittanceLUT.UseSmallFormat:0]]
[2022.07.18-05.48.35:913][  0]LogConfig: Setting CVar [[r.SkyAtmosphere.TransmittanceLUT.SampleCount:10.0]]
[2022.07.18-05.48.35:913][  0]LogConfig: Setting CVar [[r.SkyAtmosphere.MultiScatteringLUT.SampleCount:15.0]]
[2022.07.18-05.48.35:913][  0]LogConfig: Setting CVar [[r.SkyLight.RealTimeReflectionCapture:1]]
[2022.07.18-05.48.35:913][  0]LogConfig: Applying CVar settings from Section [FoliageQuality@3] File [C:/study/ProjectRun/Saved/Config/Windows/Scalability.ini]
[2022.07.18-05.48.35:913][  0]LogConfig: Setting CVar [[foliage.DensityScale:1.0]]
[2022.07.18-05.48.35:913][  0]LogConfig: Setting CVar [[grass.DensityScale:1.0]]
[2022.07.18-05.48.35:913][  0]LogConfig: Applying CVar settings from Section [ShadingQuality@3] File [C:/study/ProjectRun/Saved/Config/Windows/Scalability.ini]
[2022.07.18-05.48.35:913][  0]LogConfig: Setting CVar [[r.HairStrands.SkyLighting.IntegrationType:2]]
[2022.07.18-05.48.35:913][  0]LogConfig: Setting CVar [[r.HairStrands.SkyAO.SampleCount:4]]
[2022.07.18-05.48.35:913][  0]LogConfig: Setting CVar [[r.HairStrands.Visibility.MSAA.SamplePerPixel:4]]
[2022.07.18-05.48.35:913][  0]LogInit: Selected Device Profile: [Windows]
[2022.07.18-05.48.35:913][  0]LogInit: Applying CVar settings loaded from the selected device profile: [Windows]
[2022.07.18-05.48.35:913][  0]LogHAL: Display: Platform has ~ 16 GB [16831680512 / 17179869184 / 16], which maps to Larger [LargestMinGB=32, LargerMinGB=12, DefaultMinGB=8, SmallerMinGB=6, SmallestMinGB=0)
[2022.07.18-05.48.35:913][  0]LogInit: Going up to parent DeviceProfile []
[2022.07.18-05.48.35:913][  0]LogConfig: Applying CVar settings from Section [ViewDistanceQuality@3] File [C:/study/ProjectRun/Saved/Config/Windows/Scalability.ini]
[2022.07.18-05.48.35:913][  0]LogConfig: Setting CVar [[r.SkeletalMeshLODBias:0]]
[2022.07.18-05.48.35:913][  0]LogConfig: Setting CVar [[r.ViewDistanceScale:1.0]]
[2022.07.18-05.48.35:913][  0]LogConfig: Applying CVar settings from Section [AntiAliasingQuality@3] File [C:/study/ProjectRun/Saved/Config/Windows/Scalability.ini]
[2022.07.18-05.48.35:913][  0]LogConfig: Setting CVar [[r.PostProcessAAQuality:4]]
[2022.07.18-05.48.35:913][  0]LogConfig: Applying CVar settings from Section [ShadowQuality@3] File [C:/study/ProjectRun/Saved/Config/Windows/Scalability.ini]
[2022.07.18-05.48.35:913][  0]LogConfig: Setting CVar [[r.LightFunctionQuality:1]]
[2022.07.18-05.48.35:913][  0]LogConfig: Setting CVar [[r.ShadowQuality:5]]
[2022.07.18-05.48.35:913][  0]LogConfig: Setting CVar [[r.Shadow.CSM.MaxCascades:10]]
[2022.07.18-05.48.35:913][  0]LogConfig: Setting CVar [[r.Shadow.MaxResolution:2048]]
[2022.07.18-05.48.35:913][  0]LogConfig: Setting CVar [[r.Shadow.MaxCSMResolution:2048]]
[2022.07.18-05.48.35:913][  0]LogConfig: Setting CVar [[r.Shadow.RadiusThreshold:0.01]]
[2022.07.18-05.48.35:913][  0]LogConfig: Setting CVar [[r.Shadow.DistanceScale:1.0]]
[2022.07.18-05.48.35:913][  0]LogConfig: Setting CVar [[r.Shadow.CSM.TransitionScale:1.0]]
[2022.07.18-05.48.35:913][  0]LogConfig: Setting CVar [[r.Shadow.PreShadowResolutionFactor:1.0]]
[2022.07.18-05.48.35:913][  0]LogConfig: Setting CVar [[r.DistanceFieldShadowing:1]]
[2022.07.18-05.48.35:913][  0]LogConfig: Setting CVar [[r.DistanceFieldAO:1]]
[2022.07.18-05.48.35:913][  0]LogConfig: Setting CVar [[r.AOQuality:2]]
[2022.07.18-05.48.35:913][  0]LogConfig: Setting CVar [[r.VolumetricFog:1]]
[2022.07.18-05.48.35:914][  0]LogConfig: Setting CVar [[r.VolumetricFog.GridPixelSize:8]]
[2022.07.18-05.48.35:914][  0]LogConfig: Setting CVar [[r.VolumetricFog.GridSizeZ:128]]
[2022.07.18-05.48.35:914][  0]LogConfig: Setting CVar [[r.VolumetricFog.HistoryMissSupersampleCount:4]]
[2022.07.18-05.48.35:914][  0]LogConfig: Setting CVar [[r.LightMaxDrawDistanceScale:1]]
[2022.07.18-05.48.35:914][  0]LogConfig: Setting CVar [[r.CapsuleShadows:1]]
[2022.07.18-05.48.35:914][  0]LogConfig: Applying CVar settings from Section [PostProcessQuality@3] File [C:/study/ProjectRun/Saved/Config/Windows/Scalability.ini]
[2022.07.18-05.48.35:914][  0]LogConfig: Setting CVar [[r.MotionBlurQuality:4]]
[2022.07.18-05.48.35:914][  0]LogConfig: Setting CVar [[r.AmbientOcclusionMipLevelFactor:0.4]]
[2022.07.18-05.48.35:914][  0]LogConfig: Setting CVar [[r.AmbientOcclusionMaxQuality:100]]
[2022.07.18-05.48.35:914][  0]LogConfig: Setting CVar [[r.AmbientOcclusionLevels:-1]]
[2022.07.18-05.48.35:914][  0]LogConfig: Setting CVar [[r.AmbientOcclusionRadiusScale:1.0]]
[2022.07.18-05.48.35:914][  0]LogConfig: Setting CVar [[r.DepthOfFieldQuality:2]]
[2022.07.18-05.48.35:914][  0]LogConfig: Setting CVar [[r.RenderTargetPoolMin:400]]
[2022.07.18-05.48.35:914][  0]LogConfig: Setting CVar [[r.LensFlareQuality:2]]
[2022.07.18-05.48.35:914][  0]LogConfig: Setting CVar [[r.SceneColorFringeQuality:1]]
[2022.07.18-05.48.35:914][  0]LogConfig: Setting CVar [[r.EyeAdaptationQuality:2]]
[2022.07.18-05.48.35:914][  0]LogConfig: Setting CVar [[r.BloomQuality:5]]
[2022.07.18-05.48.35:914][  0]LogConfig: Setting CVar [[r.FastBlurThreshold:100]]
[2022.07.18-05.48.35:914][  0]LogConfig: Setting CVar [[r.Upscale.Quality:3]]
[2022.07.18-05.48.35:914][  0]LogConfig: Setting CVar [[r.Tonemapper.GrainQuantization:1]]
[2022.07.18-05.48.35:914][  0]LogConfig: Setting CVar [[r.LightShaftQuality:1]]
[2022.07.18-05.48.35:914][  0]LogConfig: Setting CVar [[r.Filter.SizeScale:1]]
[2022.07.18-05.48.35:914][  0]LogConfig: Setting CVar [[r.Tonemapper.Quality:5]]
[2022.07.18-05.48.35:914][  0]LogConfig: Setting CVar [[r.DOF.Gather.AccumulatorQuality:1        ; higher gathering accumulator quality]]
[2022.07.18-05.48.35:914][  0]LogConfig: Setting CVar [[r.DOF.Gather.PostfilterMethod:1          ; Median3x3 postfilering method]]
[2022.07.18-05.48.35:914][  0]LogConfig: Setting CVar [[r.DOF.Gather.EnableBokehSettings:0       ; no bokeh simulation when gathering]]
[2022.07.18-05.48.35:914][  0]LogConfig: Setting CVar [[r.DOF.Gather.RingCount:4                 ; medium number of samples when gathering]]
[2022.07.18-05.48.35:914][  0]LogConfig: Setting CVar [[r.DOF.Scatter.ForegroundCompositing:1    ; additive foreground scattering]]
[2022.07.18-05.48.35:914][  0]LogConfig: Setting CVar [[r.DOF.Scatter.BackgroundCompositing:2    ; additive background scattering]]
[2022.07.18-05.48.35:914][  0]LogConfig: Setting CVar [[r.DOF.Scatter.EnableBokehSettings:1      ; bokeh simulation when scattering]]
[2022.07.18-05.48.35:914][  0]LogConfig: Setting CVar [[r.DOF.Scatter.MaxSpriteRatio:0.1         ; only a maximum of 10% of scattered bokeh]]
[2022.07.18-05.48.35:914][  0]LogConfig: Setting CVar [[r.DOF.Recombine.Quality:1                ; cheap slight out of focus]]
[2022.07.18-05.48.35:914][  0]LogConfig: Setting CVar [[r.DOF.Recombine.EnableBokehSettings:0    ; no bokeh simulation on slight out of focus]]
[2022.07.18-05.48.35:914][  0]LogConfig: Setting CVar [[r.DOF.TemporalAAQuality:1                ; more stable temporal accumulation]]
[2022.07.18-05.48.35:914][  0]LogConfig: Setting CVar [[r.DOF.Kernel.MaxForegroundRadius:0.025]]
[2022.07.18-05.48.35:915][  0]LogConfig: Setting CVar [[r.DOF.Kernel.MaxBackgroundRadius:0.025]]
[2022.07.18-05.48.35:915][  0]LogConfig: Applying CVar settings from Section [TextureQuality@3] File [C:/study/ProjectRun/Saved/Config/Windows/Scalability.ini]
[2022.07.18-05.48.35:915][  0]LogConfig: Setting CVar [[r.Streaming.MipBias:0]]
[2022.07.18-05.48.35:915][  0]LogConfig: Setting CVar [[r.Streaming.AmortizeCPUToGPUCopy:0]]
[2022.07.18-05.48.35:915][  0]LogConfig: Setting CVar [[r.Streaming.MaxNumTexturesToStreamPerFrame:0]]
[2022.07.18-05.48.35:915][  0]LogConfig: Setting CVar [[r.Streaming.Boost:1]]
[2022.07.18-05.48.35:915][  0]LogConfig: Setting CVar [[r.MaxAnisotropy:8]]
[2022.07.18-05.48.35:915][  0]LogConfig: Setting CVar [[r.VT.MaxAnisotropy:8]]
[2022.07.18-05.48.35:915][  0]LogConfig: Setting CVar [[r.Streaming.LimitPoolSizeToVRAM:0]]
[2022.07.18-05.48.35:915][  0]LogConfig: Setting CVar [[r.Streaming.PoolSize:1000]]
[2022.07.18-05.48.35:915][  0]LogConfig: Setting CVar [[r.Streaming.MaxEffectiveScreenSize:0]]
[2022.07.18-05.48.35:915][  0]LogConfig: Applying CVar settings from Section [EffectsQuality@3] File [C:/study/ProjectRun/Saved/Config/Windows/Scalability.ini]
[2022.07.18-05.48.35:915][  0]LogConfig: Setting CVar [[r.TranslucencyLightingVolumeDim:64]]
[2022.07.18-05.48.35:915][  0]LogConfig: Setting CVar [[r.RefractionQuality:2]]
[2022.07.18-05.48.35:915][  0]LogConfig: Setting CVar [[r.SSR.Quality:3]]
[2022.07.18-05.48.35:915][  0]LogConfig: Setting CVar [[r.SSR.HalfResSceneColor:0]]
[2022.07.18-05.48.35:915][  0]LogConfig: Setting CVar [[r.SceneColorFormat:4]]
[2022.07.18-05.48.35:915][  0]LogConfig: Setting CVar [[r.DetailMode:2]]
[2022.07.18-05.48.35:915][  0]LogConfig: Setting CVar [[r.TranslucencyVolumeBlur:1]]
[2022.07.18-05.48.35:915][  0]LogConfig: Setting CVar [[r.MaterialQualityLevel:1 ; High quality]]
[2022.07.18-05.48.35:915][  0]LogConfig: Setting CVar [[r.AnisotropicMaterials:1]]
[2022.07.18-05.48.35:915][  0]LogConfig: Setting CVar [[r.SSS.Scale:1]]
[2022.07.18-05.48.35:915][  0]LogConfig: Setting CVar [[r.SSS.SampleSet:2]]
[2022.07.18-05.48.35:915][  0]LogConfig: Setting CVar [[r.SSS.Quality:1]]
[2022.07.18-05.48.35:915][  0]LogConfig: Setting CVar [[r.SSS.HalfRes:0]]
[2022.07.18-05.48.35:915][  0]LogConfig: Setting CVar [[r.SSGI.Quality:3]]
[2022.07.18-05.48.35:915][  0]LogConfig: Setting CVar [[r.EmitterSpawnRateScale:1.0]]
[2022.07.18-05.48.35:915][  0]LogConfig: Setting CVar [[r.ParticleLightQuality:2]]
[2022.07.18-05.48.35:915][  0]LogConfig: Setting CVar [[r.SkyAtmosphere.AerialPerspectiveLUT.FastApplyOnOpaque:1 ; Always have FastSkyLUT 1 in this case to avoid wrong sky]]
[2022.07.18-05.48.35:915][  0]LogConfig: Setting CVar [[r.SkyAtmosphere.AerialPerspectiveLUT.SampleCountMaxPerSlice:4]]
[2022.07.18-05.48.35:915][  0]LogConfig: Setting CVar [[r.SkyAtmosphere.AerialPerspectiveLUT.DepthResolution:16.0]]
[2022.07.18-05.48.35:915][  0]LogConfig: Setting CVar [[r.SkyAtmosphere.FastSkyLUT:1]]
[2022.07.18-05.48.35:915][  0]LogConfig: Setting CVar [[r.SkyAtmosphere.FastSkyLUT.SampleCountMin:4.0]]
[2022.07.18-05.48.35:915][  0]LogConfig: Setting CVar [[r.SkyAtmosphere.FastSkyLUT.SampleCountMax:128.0]]
[2022.07.18-05.48.35:915][  0]LogConfig: Setting CVar [[r.SkyAtmosphere.SampleCountMin:4.0]]
[2022.07.18-05.48.35:915][  0]LogConfig: Setting CVar [[r.SkyAtmosphere.SampleCountMax:128.0]]
[2022.07.18-05.48.35:915][  0]LogConfig: Setting CVar [[r.SkyAtmosphere.TransmittanceLUT.UseSmallFormat:0]]
[2022.07.18-05.48.35:915][  0]LogConfig: Setting CVar [[r.SkyAtmosphere.TransmittanceLUT.SampleCount:10.0]]
[2022.07.18-05.48.35:915][  0]LogConfig: Setting CVar [[r.SkyAtmosphere.MultiScatteringLUT.SampleCount:15.0]]
[2022.07.18-05.48.35:915][  0]LogConfig: Setting CVar [[r.SkyLight.RealTimeReflectionCapture:1]]
[2022.07.18-05.48.35:915][  0]LogConfig: Applying CVar settings from Section [FoliageQuality@3] File [C:/study/ProjectRun/Saved/Config/Windows/Scalability.ini]
[2022.07.18-05.48.35:915][  0]LogConfig: Setting CVar [[foliage.DensityScale:1.0]]
[2022.07.18-05.48.35:915][  0]LogConfig: Setting CVar [[grass.DensityScale:1.0]]
[2022.07.18-05.48.35:915][  0]LogConfig: Applying CVar settings from Section [ShadingQuality@3] File [C:/study/ProjectRun/Saved/Config/Windows/Scalability.ini]
[2022.07.18-05.48.35:915][  0]LogConfig: Setting CVar [[r.HairStrands.SkyLighting.IntegrationType:2]]
[2022.07.18-05.48.35:915][  0]LogConfig: Setting CVar [[r.HairStrands.SkyAO.SampleCount:4]]
[2022.07.18-05.48.35:915][  0]LogConfig: Setting CVar [[r.HairStrands.Visibility.MSAA.SamplePerPixel:4]]
[2022.07.18-05.48.35:915][  0]LogConfig: Applying CVar settings from Section [Startup] File [../../../Engine/Config/ConsoleVariables.ini]
[2022.07.18-05.48.35:915][  0]LogConfig: Setting CVar [[net.UseAdaptiveNetUpdateFrequency:0]]
[2022.07.18-05.48.35:915][  0]LogConfig: Setting CVar [[p.chaos.AllowCreatePhysxBodies:1]]
[2022.07.18-05.48.35:915][  0]LogConfig: Setting CVar [[fx.SkipVectorVMBackendOptimizations:1]]
[2022.07.18-05.48.35:915][  0]LogConfig: Applying CVar settings from Section [ConsoleVariables] File [C:/study/ProjectRun/Saved/Config/Windows/Engine.ini]
[2022.07.18-05.48.35:915][  0]LogConfig: Applying CVar settings from Section [ConsoleVariables] File [C:/study/ProjectRun/Saved/Config/Windows/Editor.ini]
[2022.07.18-05.48.35:915][  0]LogInit: Computer: LEEMINSEOK
[2022.07.18-05.48.35:915][  0]LogInit: User: sycym
[2022.07.18-05.48.35:915][  0]LogInit: CPU Page size=4096, Cores=14
[2022.07.18-05.48.35:915][  0]LogInit: High frequency timer resolution =10.000000 MHz
[2022.07.18-05.48.35:915][  0]LogMemory: Memory total: Physical=15.7GB (16GB approx)
[2022.07.18-05.48.35:915][  0]LogMemory: Platform Memory Stats for Windows
[2022.07.18-05.48.35:915][  0]LogMemory: Process Physical Memory: 146.48 MB used, 146.48 MB peak
[2022.07.18-05.48.35:915][  0]LogMemory: Process Virtual Memory: 132.68 MB used, 132.68 MB peak
[2022.07.18-05.48.35:915][  0]LogMemory: Physical Memory: 9185.27 MB used,  6866.67 MB free, 16051.94 MB total
[2022.07.18-05.48.35:915][  0]LogMemory: Virtual Memory: 134211544.00 MB used,  6185.10 MB free, 134217728.00 MB total
[2022.07.18-05.48.35:920][  0]LogWindows: WindowsPlatformFeatures enabled
[2022.07.18-05.48.35:957][  0]LogInit: Physics initialised using underlying interface: PhysX
[2022.07.18-05.48.35:957][  0]LogInit: Using OS detected language (ko-KR).
[2022.07.18-05.48.35:958][  0]LogInit: Using OS detected locale (ko-KR).
[2022.07.18-05.48.35:962][  0]LogTextLocalizationManager: No specific localization for 'ko-KR' exists, so the 'ko' localization will be used.
[2022.07.18-05.48.36:074][  0]LogWindowsTextInputMethodSystem: Display: IME system deactivated.
[2022.07.18-05.48.36:091][  0]LogSlate: New Slate User Created.  User Index 0, Is Virtual User: 0
[2022.07.18-05.48.36:091][  0]LogSlate: Slate User Registered.  User Index 0, Is Virtual User: 0
[2022.07.18-05.48.36:103][  0]LogD3D11RHI: Loaded GFSDK_Aftermath_Lib.x64.dll
[2022.07.18-05.48.36:107][  0]LogHMD: Failed to initialize OpenVR with code 110
[2022.07.18-05.48.36:107][  0]LogD3D11RHI: D3D11 min allowed feature level: 11_0
[2022.07.18-05.48.36:107][  0]LogD3D11RHI: D3D11 max allowed feature level: 11_0
[2022.07.18-05.48.36:107][  0]LogD3D11RHI: D3D11 adapters:
[2022.07.18-05.48.36:173][  0]LogD3D11RHI:    0. 'NVIDIA GeForce RTX 3070 Ti Laptop GPU' (Feature Level 11_0)
[2022.07.18-05.48.36:173][  0]LogD3D11RHI:       8043/0/8025 MB DedicatedVideo/DedicatedSystem/SharedSystem, Outputs:1, VendorId:0x10de
[2022.07.18-05.48.36:204][  0]LogD3D11RHI:    1. 'Intel(R) Iris(R) Xe Graphics' (Feature Level 11_0)
[2022.07.18-05.48.36:204][  0]LogD3D11RHI:       128/0/8025 MB DedicatedVideo/DedicatedSystem/SharedSystem, Outputs:0, VendorId:0x8086
[2022.07.18-05.48.36:206][  0]LogD3D11RHI:    2. 'Microsoft Basic Render Driver' (Feature Level 11_0)
[2022.07.18-05.48.36:207][  0]LogD3D11RHI:       0/0/8025 MB DedicatedVideo/DedicatedSystem/SharedSystem, Outputs:0, VendorId:0x1414
[2022.07.18-05.48.36:207][  0]LogD3D11RHI: Chosen D3D11 Adapter:
[2022.07.18-05.48.36:207][  0]LogD3D11RHI:     Description : NVIDIA GeForce RTX 3070 Ti Laptop GPU
[2022.07.18-05.48.36:207][  0]LogD3D11RHI:     VendorId    : 10de
[2022.07.18-05.48.36:207][  0]LogD3D11RHI:     DeviceId    : 24e0
[2022.07.18-05.48.36:207][  0]LogD3D11RHI:     SubSysId    : 8a14103c
[2022.07.18-05.48.36:207][  0]LogD3D11RHI:     Revision    : 00a1
[2022.07.18-05.48.36:207][  0]LogD3D11RHI:     DedicatedVideoMemory : 8433696768 bytes
[2022.07.18-05.48.36:207][  0]LogD3D11RHI:     DedicatedSystemMemory : 0 bytes
[2022.07.18-05.48.36:207][  0]LogD3D11RHI:     SharedSystemMemory : 8415840256 bytes
[2022.07.18-05.48.36:207][  0]LogD3D11RHI:     AdapterLuid : 0 75886
[2022.07.18-05.48.36:212][  0]LogD3D11RHI: Creating new Direct3DDevice
[2022.07.18-05.48.36:212][  0]LogD3D11RHI:     GPU DeviceId: 0x24e0 (for the marketing name, search the web for "GPU Device Id")
[2022.07.18-05.48.36:212][  0]LogWindows: EnumDisplayDevices:
[2022.07.18-05.48.36:212][  0]LogWindows:    0. 'Intel(R) Iris(R) Xe Graphics' (P:0 D:0)
[2022.07.18-05.48.36:213][  0]LogWindows:    1. 'Intel(R) Iris(R) Xe Graphics' (P:0 D:0)
[2022.07.18-05.48.36:213][  0]LogWindows:    2. 'Intel(R) Iris(R) Xe Graphics' (P:0 D:0)
[2022.07.18-05.48.36:213][  0]LogWindows:    3. 'Intel(R) Iris(R) Xe Graphics' (P:0 D:0)
[2022.07.18-05.48.36:213][  0]LogWindows:    4. 'NVIDIA GeForce RTX 3070 Ti Laptop GPU' (P:1 D:1)
[2022.07.18-05.48.36:213][  0]LogWindows:    5. 'NVIDIA GeForce RTX 3070 Ti Laptop GPU' (P:0 D:0)
[2022.07.18-05.48.36:213][  0]LogWindows:    6. 'NVIDIA GeForce RTX 3070 Ti Laptop GPU' (P:0 D:0)
[2022.07.18-05.48.36:213][  0]LogWindows:    7. 'NVIDIA GeForce RTX 3070 Ti Laptop GPU' (P:0 D:0)
[2022.07.18-05.48.36:213][  0]LogWindows: DebugString: PrimaryIsNotTheChoosenAdapter PrimaryIsNotTheChoosenAdapter PrimaryIsNotTheChoosenAdapter PrimaryIsNotTheChoosenAdapter FoundDriverCount:4 
[2022.07.18-05.48.36:213][  0]LogD3D11RHI:     Adapter Name: NVIDIA GeForce RTX 3070 Ti Laptop GPU
[2022.07.18-05.48.36:213][  0]LogD3D11RHI:   Driver Version: 512.78 (internal:30.0.15.1278, unified:512.78)
[2022.07.18-05.48.36:213][  0]LogD3D11RHI:      Driver Date: 5-5-2022
[2022.07.18-05.48.36:213][  0]LogRHI: Texture pool is 5630 MB (70% of 8043 MB)
[2022.07.18-05.48.36:213][  0]LogD3D11RHI: Creating D3DDevice using adapter:
[2022.07.18-05.48.36:213][  0]LogD3D11RHI:     Description : NVIDIA GeForce RTX 3070 Ti Laptop GPU
[2022.07.18-05.48.36:213][  0]LogD3D11RHI:     VendorId    : 10de
[2022.07.18-05.48.36:213][  0]LogD3D11RHI:     DeviceId    : 24e0
[2022.07.18-05.48.36:214][  0]LogD3D11RHI:     SubSysId    : 8a14103c
[2022.07.18-05.48.36:214][  0]LogD3D11RHI:     Revision    : 00a1
[2022.07.18-05.48.36:214][  0]LogD3D11RHI:     DedicatedVideoMemory : 8433696768 bytes
[2022.07.18-05.48.36:214][  0]LogD3D11RHI:     DedicatedSystemMemory : 0 bytes
[2022.07.18-05.48.36:214][  0]LogD3D11RHI:     SharedSystemMemory : 8415840256 bytes
[2022.07.18-05.48.36:214][  0]LogD3D11RHI:     AdapterLuid : 0 75886
[2022.07.18-05.48.36:260][  0]LogD3D11RHI: RHI has support for 64 bit atomics
[2022.07.18-05.48.36:260][  0]LogD3D11RHI: Async texture creation enabled
[2022.07.18-05.48.36:260][  0]LogD3D11RHI: Array index from any shader is supported
[2022.07.18-05.48.36:284][  0]LogD3D11RHI: GPU Timing Frequency: 1000.000000 (Debug: 2 2)
[2022.07.18-05.48.36:304][  0]LogRHI: GeForceNow SDK initialized: 1
[2022.07.18-05.48.36:559][  0]LogTargetPlatformManager: Display: Loaded TargetPlatform 'WindowsNoEditor'
[2022.07.18-05.48.36:563][  0]LogTargetPlatformManager: Display: Loaded TargetPlatform 'Windows'
[2022.07.18-05.48.36:567][  0]LogTargetPlatformManager: Display: Loaded TargetPlatform 'WindowsClient'
[2022.07.18-05.48.36:571][  0]LogTargetPlatformManager: Display: Loaded TargetPlatform 'WindowsServer'
[2022.07.18-05.48.36:571][  0]LogTargetPlatformManager: Display: Building Assets For Windows
[2022.07.18-05.48.36:581][  0]LogAudioDebug: Display: Lib vorbis DLL was dynamically loaded.
[2022.07.18-05.48.36:617][  0]LogTextureFormatOodle: Display: Oodle Texture 2.9.0 init RDO Off
[2022.07.18-05.48.36:653][  0]LogRendererCore: Ray tracing is disabled. Reason: r.RayTracing=0.
[2022.07.18-05.48.36:653][  0]LogShaderCompilers: Guid format shader working directory is 12 characters bigger than the processId version (../../../../../../study/ProjectRun/Intermediate/Shaders/WorkingDirectory/8232/).
[2022.07.18-05.48.36:653][  0]LogShaderCompilers: Cleaned the shader compiler working directory 'C:/Users/sycym/AppData/Local/Temp/UnrealShaderWorkingDir/5DC563394C9E99F0DE8D90B6D1544BCE/'.
[2022.07.18-05.48.36:654][  0]LogShaderCompilers: Display: Using XGE Controller for Shader Compilation.
[2022.07.18-05.48.37:192][  0]LogDerivedDataCache: Display: Max Cache Size: 512 MB
[2022.07.18-05.48.37:239][  0]LogDerivedDataCache: Loaded boot cache 0.05s 94MB C:/Users/sycym/AppData/Local/UnrealEngine/4.27/DerivedDataCache/Boot.ddc.
[2022.07.18-05.48.37:240][  0]LogDerivedDataCache: Display: Loaded Boot cache: C:/Users/sycym/AppData/Local/UnrealEngine/4.27/DerivedDataCache/Boot.ddc
[2022.07.18-05.48.37:240][  0]LogDerivedDataCache: FDerivedDataBackendGraph:  Pak pak cache file ../../../../../../study/ProjectRun/DerivedDataCache/DDC.ddp not found, will not use a pak cache.
[2022.07.18-05.48.37:240][  0]LogDerivedDataCache: Unable to find inner node Pak for hierarchical cache Hierarchy.
[2022.07.18-05.48.37:240][  0]LogDerivedDataCache: FDerivedDataBackendGraph:  CompressedPak pak cache file ../../../../../../study/ProjectRun/DerivedDataCache/Compressed.ddp not found, will not use a pak cache.
[2022.07.18-05.48.37:240][  0]LogDerivedDataCache: Unable to find inner node CompressedPak for hierarchical cache Hierarchy.
[2022.07.18-05.48.37:254][  0]LogDerivedDataCache: Display: Pak cache opened for reading ../../../Engine/DerivedDataCache/Compressed.ddp.
[2022.07.18-05.48.37:254][  0]LogDerivedDataCache: FDerivedDataBackendGraph:  EnterprisePak pak cache file ../../../Enterprise/DerivedDataCache/Compressed.ddp not found, will not use a pak cache.
[2022.07.18-05.48.37:254][  0]LogDerivedDataCache: Unable to find inner node EnterprisePak for hierarchical cache Hierarchy.
[2022.07.18-05.48.37:273][  0]LogDerivedDataCache: Speed tests for C:/Users/sycym/AppData/Local/UnrealEngine/Common/DerivedDataCache took 0.02 seconds
[2022.07.18-05.48.37:273][  0]LogDerivedDataCache: Display: Performance to C:/Users/sycym/AppData/Local/UnrealEngine/Common/DerivedDataCache: Latency=0.03ms. RandomReadSpeed=1368.80MBs, RandomWriteSpeed=49.28MBs. Assigned SpeedClass 'Local'
[2022.07.18-05.48.37:274][  0]LogDerivedDataCache: Using Local data cache path C:/Users/sycym/AppData/Local/UnrealEngine/Common/DerivedDataCache: Writable
[2022.07.18-05.48.37:274][  0]LogDerivedDataCache: Shared data cache path not found in *engine.ini, will not use an Shared cache.
[2022.07.18-05.48.37:274][  0]LogDerivedDataCache: Unable to find inner node Shared for hierarchical cache Hierarchy.
[2022.07.18-05.48.37:295][  0]LogSlate: Using FreeType 2.10.0
[2022.07.18-05.48.37:295][  0]LogSlate: SlateFontServices - WITH_FREETYPE: 1, WITH_HARFBUZZ: 1
[2022.07.18-05.48.37:360][  0]LogInit: Using OS detected language (ko-KR).
[2022.07.18-05.48.37:360][  0]LogInit: Using OS detected locale (ko-KR).
[2022.07.18-05.48.37:360][  0]LogTextLocalizationManager: No localization for 'ko-KR' exists, so 'en' will be used for the language.
[2022.07.18-05.48.37:360][  0]LogTextLocalizationManager: No localization for 'ko-KR' exists, so 'en' will be used for the locale.
[2022.07.18-05.48.37:360][  0]LogSlate: FontCache flush requested. Reason: Culture for localization was changed
[2022.07.18-05.48.37:360][  0]LogSlate: FontCache flush requested. Reason: Culture for localization was changed
[2022.07.18-05.48.37:362][  0]LogAssetRegistry: FAssetRegistry took 0.0012 seconds to start up
[2022.07.18-05.48.37:459][  0]LogTextLocalizationManager: Compacting localization data took   0.00ms
[2022.07.18-05.48.37:459][  0]LogPackageLocalizationCache: Processed 27 localized package path(s) for 1 prioritized culture(s) in 0.000647 seconds
[2022.07.18-05.48.37:500][  0]LogInit: Selected Device Profile: [Windows]
[2022.07.18-05.48.37:500][  0]LogInit: Active device profile: [000001DCF7303300][000001DCF4DB31C0 49] Windows
[2022.07.18-05.48.37:500][  0]LogInit: Profiles: [000001DCF7303300][000001DCF4DB31C0 49] Windows, [000001DCF72B4F00][000001DCF4DB7300 49] WindowsNoEditor, [000001DCF7300F00][000001DCF4ACB440 49] WindowsServer, [000001DCF72B6C00][000001DCF4ACF580 49] WindowsClient, [000001DCF7302B00][000001DCF4AD36C0 49] IOS, [000001DCF72B5700][000001DCF4CE9840 49] iPadAir, [000001DCF7301600][000001DCF4CED9C0 49] iPadAir2, [000001DCF7273C00][000001DCF4CF4100 49] IPadPro, [000001DCF7273D00][000001DCF4CF0140 49] iPadAir3, [000001DCF7302600][000001DCF4CF82C0 49] iPadAir4, [000001DCF7271400][000001DCF4CFC440 49] iPadMini2, [000001DCF7301A00][000001DCF4D005C0 49] iPadMini3, [000001DCF7272600][000001DCF4D04740 49] iPadMini4, [000001DCF7300900][000001DCF4D088C0 49] iPadMini5, [000001DCF72AF500][000001DCF4D10B80 49] iPhone6, [000001DCF72AF600][000001DCF4D0CBC0 49] iPodTouch6, [000001DCF7270300][000001DCF4D18E80 49] iPhone7, [000001DCF7270200][000001DCF4D14EC0 49] iPodTouch7, [000001DCF72AD300][000001DCF4D1D040 49] iPhone5S, [000001DCF7273F00][000001DCF4D211C0 49] iPhone6Plus, [000001DCF72AE700][000001DCF4D25340 49] iPhone6S, [000001DCF7271000][000001DCF4D294C0 49] iPhone6SPlus, [000001DCF72ADA00][000001DCF4AD7600 49] iPhone7Plus, [000001DCF7272000][000001DCF4D2D740 49] iPhoneSE, [000001DCF72AF700][000001DCF4D31880 49] iPhone8, [000001DCF7273200][000001DCF5A09A00 49] iPhone8Plus, [000001DCF72AF300][000001DCF5A0DB80 49] iPhoneX, [000001DCF7273800][000001DCF5A10180 49] iPhoneXS, [000001DCF72AD600][000001DCF5A14300 49] iPhoneXSMax, [000001DCF7272400][000001DCF5A18480 49] iPhoneXR, [000001DCF72AD000][000001DCF5A1C600 49] iPhone11, [000001DCF7270F00][000001DCF5A20780 49] iPhone11Pro, [000001DCF72AD700][000001DCF5A24900 49] iPhone11ProMax, [000001DCF7273A00][000001DCF5A28A80 49] iPhoneSE2, [000001DCF72AC800][000001DCF5A2CC00 49] iPhone12Mini, [000001DCF7270D00][000001DCF5A30D80 49] iPhone12, [000001DCF72AF900][000001DCF5A34F00 49] iPhone12Pro, [000001DCF7273B00][000001DCF5A39080 49] iPhone12ProMax, [000001DCF72ADD00][000001DCF5A3D200 49] iPadPro105, [000001DCF7272900][000001DCF5A41380 49] iPadPro129, [000001DCF72AD200][000001DCF5A45500 49] iPadPro97, [000001DCF7272E00][000001DCF5A49680 49] iPadPro2_129, [000001DCF72ACF00][000001DCF5A057C0 49] iPad5, [000001DCF7273100][000001DCF5A4D900 49] iPad6, [000001DCF72AC300][000001DCFA601A40 49] iPad7, [000001DCF7273600][000001DCFA609BC0 49] iPad8, [000001DCF72AFE00][000001DCFA60C1C0 49] iPadPro11, [000001DCF7271300][000001DCFA610340 49] iPadPro2_11, [000001DCF72AC500][000001DCFA6144C0 49] iPadPro3_129, [000001DCF7271A00][000001DCFA618640 49] iPadPro4_129, [000001DCF72AE000][000001DCFA61C7C0 49] AppleTV, [000001DCF7270800][000001DCFA620940 49] AppleTV4K, [000001DCF72AEE00][000001DCFA624AC0 49] TVOS, [000001DCF7271E00][000001DCFA628C40 49] Mac, [000001DCF72ACB00][000001DCFA62CDC0 49] MacClient, [000001DCF7272500][000001DCFA630F40 49] MacNoEditor, [000001DCF72AC100][000001DCFA6350C0 49] MacServer, [000001DCF7272300][000001DCFA639240 49] Linux, [000001DCF72AF400][000001DCFA63D3C0 49] LinuxAArch64, [000001DCF7270500][000001DCFA641540 49] LinuxNoEditor, [000001DCF72B6700][000001DCFA6456C0 49] LinuxAArch64NoEditor, [000001DCF7344C00][000001DCFA649840 49] LinuxClient, [000001DCF72B5F00][000001DCFA605980 49] LinuxAArch64Client, [000001DCF7345100][000001DCFA64DAC0 49] LinuxServer, [000001DCF72B5400][000001DCFA651C00 49] LinuxAArch64Server, [000001DCF7345900][000001DCFA6541C0 49] Android, [000001DCF72B4100][000001DCFA65C340 49] Android_Low, [000001DCF7345B00][000001DCFA6604C0 49] Android_Mid, [000001DCF72B6200][000001DCFA664640 49] Android_High, [000001DCF7345500][000001DCFA6687C0 49] Android_Default, [000001DCF72B7100][000001DCFA66C940 49] Android_Adreno4xx, [000001DCF7344A00][000001DCFA670AC0 49] Android_Adreno5xx_Low, [000001DCF72B7200][000001DCFA674C40 49] Android_Adreno5xx, [000001DCF7344100][000001DCFA678DC0 49] Android_Adreno6xx, [000001DCF72B5900][000001DCFA67CF40 49] Android_Adreno6xx_Vulkan, [000001DCF7344E00][000001DCFA6810C0 49] Android_Mali_T6xx, [000001DCF72B5000][000001DCFA685240 49] Android_Mali_T7xx, [000001DCF7345700][000001DCFA6893C0 49] Android_Mali_T8xx, [000001DCF72B5D00][000001DCFA68D540 49] Android_Mali_G71, [000001DCF7345600][000001DCFA6916C0 49] Android_Mali_G72, [000001DCF72B4C00][000001DCFA695840 49] Android_Mali_G72_Vulkan, [000001DCF7344700][000001DCFA6999C0 49] Android_Mali_G76, [000001DCF7270700][000001DCFA659B00 49] Android_Mali_G76_Vulkan, [000001DCF72AEB00][000001DCFA69C0C0 49] Android_Mali_G77, [000001DCF7272700][000001DCFA6A0200 49] Android_Mali_G77_Vulkan, [000001DCF72ACC00][000001DCFA6A4340 49] Android_Mali_G78, [000001DCF7272200][000001DCFA6AC4C0 49] Android_Mali_G78_Vulkan, [000001DCF72AE800][000001DCFA6B0640 49] Android_Mali_G710, [000001DCF7272100][000001DCFA6B47C0 49] Android_Mali_G710_Vulkan, [000001DCF72AC600][000001DCFA6B8940 49] Android_Vulkan_SM5, [000001DCF7270A00][000001DCFA6BCAC0 49] Android_PowerVR_G6xxx, [000001DCF72AE600][000001DCFA6C0C40 49] Android_PowerVR_GT7xxx, [000001DCF7273900][000001DCFA6C4DC0 49] Android_PowerVR_GE8xxx, [000001DCF7344600][000001DCFA6C8F40 49] Android_PowerVR_GM9xxx, [000001DCF7271B00][000001DCFA6CD0C0 49] Android_PowerVR_GM9xxx_Vulkan, [000001DCF7344500][000001DCFA6D1240 49] Android_TegraK1, [000001DCF7271900][000001DCFA6D53C0 49] Android_Unknown_Vulkan, [000001DCF7346200][000001DCFA6D9540 49] Lumin, [000001DCF7273300][000001DCFA6DD6C0 49] Lumin_Desktop, [000001DCF7345D00][000001DCFA6E1840 49] HoloLens, 
[2022.07.18-05.48.37:533][  0]LogMeshReduction: Using QuadricMeshReduction for automatic static mesh reduction
[2022.07.18-05.48.37:533][  0]LogMeshReduction: Using SimplygonMeshReduction for automatic skeletal mesh reduction
[2022.07.18-05.48.37:533][  0]LogMeshReduction: Using ProxyLODMeshReduction for automatic mesh merging
[2022.07.18-05.48.37:533][  0]LogMeshReduction: No distributed automatic mesh merging module available
[2022.07.18-05.48.37:533][  0]LogMeshMerging: No distributed automatic mesh merging module available
[2022.07.18-05.48.37:602][  0]LogNetVersion: ProjectRun 1.0.0, NetCL: 17155196, EngineNetVer: 17, GameNetVer: 0 (Checksum: 340476433)
[2022.07.18-05.48.37:759][  0]LogTexture: Default maximum texture size for cubemaps generated from long-lat sources has been changed from 512 to unlimited. In order to preserve old behaiour for '/Engine/MapTemplates/Sky/DaylightAmbientCubemap.DaylightAmbientCubemap', its maximum texture size has been explicitly set to 512.
[2022.07.18-05.48.37:798][  0]LogHMD: PokeAHoleMaterial loaded successfully
[2022.07.18-05.48.37:892][  0]LogMoviePlayer: Initializing movie player
[2022.07.18-05.48.38:008][  0]LogNiagaraDebuggerClient: Niagara Debugger Client Initialized | Session: B70F5ADB46BD94D6BF8437BFC0EE8488 | Instance: 937796284CF5543BB9E1CCB4918920D1 (LEEMINSEOK-8232).
[2022.07.18-05.48.38:026][  0]LogCollectionManager: Loaded 0 collections in 0.001242 seconds
[2022.07.18-05.48.38:028][  0]LogFileCache: Scanning file cache for directory 'C:/study/ProjectRun/Saved/Collections/' took 0.00s
[2022.07.18-05.48.38:028][  0]LogFileCache: Scanning file cache for directory 'C:/study/ProjectRun/Content/Developers/sycym/Collections/' took 0.00s
[2022.07.18-05.48.38:028][  0]LogFileCache: Scanning file cache for directory 'C:/study/ProjectRun/Content/Collections/' took 0.00s
[2022.07.18-05.48.38:028][  0]LogCollectionManager: Fixed up redirectors for 0 collections in 0.000001 seconds (updated 0 objects)
[2022.07.18-05.48.38:047][  0]LogPython: Using Python 3.7.7
[2022.07.18-05.48.38:331][  0]LogTcpMessaging: Initializing TcpMessaging bridge
[2022.07.18-05.48.38:338][  0]LogUdpMessaging: Initializing bridge on interface 0.0.0.0:0 to multicast group 230.0.0.1:6666.
[2022.07.18-05.48.38:447][  0]LogSteamShared: Display: Loading Steam SDK 1.51
[2022.07.18-05.48.38:447][  0]LogSteamShared: Steam SDK Loaded!
[2022.07.18-05.48.38:507][  0]SourceControl: Source control is disabled
[2022.07.18-05.48.38:507][  0]SourceControl: Source control is disabled
[2022.07.18-05.48.38:511][  0]SourceControl: Source control is disabled
[2022.07.18-05.48.38:514][  0]LogUProjectInfo: Found projects:
[2022.07.18-05.48.38:592][  0]LogOpenImageDenoise: OIDN starting up
[2022.07.18-05.48.38:611][  0]LogAndroidPermission: UAndroidPermissionCallbackProxy::GetInstance
[2022.07.18-05.48.38:629][  0]LogAudioCaptureCore: Display: No Audio Capture implementations found. Audio input will be silent.
[2022.07.18-05.48.38:629][  0]LogAudioCaptureCore: Display: No Audio Capture implementations found. Audio input will be silent.
[2022.07.18-05.48.38:698][  0]LogOcInput: OculusInput pre-init called
[2022.07.18-05.48.38:703][  0]LogUObjectArray: 22352 objects as part of root set at end of initial load.
[2022.07.18-05.48.38:703][  0]LogUObjectAllocator: 6048224 out of 0 bytes used by permanent object pool.
[2022.07.18-05.48.38:703][  0]LogUObjectArray: CloseDisregardForGC: 0/0 objects in disregard for GC pool
[2022.07.18-05.48.38:741][  0]LogClass: Display: BoolProperty FBPSteamGroupOfficer::bIsOwner is not initialized properly. Module:AdvancedSteamSessions File:Classes/SteamRequestGroupOfficersCallbackProxy.h
[2022.07.18-05.48.38:741][  0]LogClass: Display: IntProperty FBPSteamGroupInfo::numOnline is not initialized properly. Module:AdvancedSteamSessions File:Classes/AdvancedSteamFriendsLibrary.h
[2022.07.18-05.48.38:741][  0]LogClass: Display: IntProperty FBPSteamGroupInfo::numInGame is not initialized properly. Module:AdvancedSteamSessions File:Classes/AdvancedSteamFriendsLibrary.h
[2022.07.18-05.48.38:741][  0]LogClass: Display: IntProperty FBPSteamGroupInfo::numChatting is not initialized properly. Module:AdvancedSteamSessions File:Classes/AdvancedSteamFriendsLibrary.h
[2022.07.18-05.48.38:742][  0]LogClass: Display: 4 Uninitialized script struct members found including 0 object properties
[2022.07.18-05.48.38:742][  0]LogEngine: Initializing Engine...
[2022.07.18-05.48.38:745][  0]LogHMD: Failed to enumerate extensions. Please check that you have a valid OpenXR runtime installed.
[2022.07.18-05.48.38:745][  0]LogHMD: Failed to initialize OpenVR with code 110
[2022.07.18-05.48.38:745][  0]LogMagicLeap: Warning: VR disabled because ZI is not enabled.  To enable, in the editor, Edit -> Project Settings -> Plugins -> Magic Leap Plugin -> Enable Zero Iteration
[2022.07.18-05.48.38:746][  0]LogStats: UGameplayTagsManager::InitializeManager -  0.000 s
[2022.07.18-05.48.38:818][  0]LogInit: Initializing FReadOnlyCVARCache
[2022.07.18-05.48.38:818][  0]LogAudio: Display: Initializing Audio Device Manager...
[2022.07.18-05.48.38:821][  0]LogAudio: Display: Loading Default Audio Settings Objects...
[2022.07.18-05.48.38:821][  0]LogAudio: Display: No default SoundConcurrencyObject specified (or failed to load).
[2022.07.18-05.48.38:821][  0]LogAudio: Display: Audio Device Manager Initialized
[2022.07.18-05.48.38:821][  0]LogAudio: Display: Creating Audio Device:                 Id: 1, Scope: Shared, Realtime: True
[2022.07.18-05.48.38:822][  0]LogAudioMixer: Display: Audio Mixer Platform Settings:
[2022.07.18-05.48.38:822][  0]LogAudioMixer: Display: 	Sample Rate:						  48000
[2022.07.18-05.48.38:822][  0]LogAudioMixer: Display: 	Callback Buffer Frame Size Requested: 1024
[2022.07.18-05.48.38:822][  0]LogAudioMixer: Display: 	Callback Buffer Frame Size To Use:	  1024
[2022.07.18-05.48.38:822][  0]LogAudioMixer: Display: 	Number of buffers to queue:			  2
[2022.07.18-05.48.38:822][  0]LogAudioMixer: Display: 	Max Channels (voices):				  32
[2022.07.18-05.48.38:822][  0]LogAudioMixer: Display: 	Number of Async Source Workers:		  0
[2022.07.18-05.48.38:822][  0]LogAudio: Display: AudioDevice MaxSources: 32
[2022.07.18-05.48.38:822][  0]LogAudio: Display: Audio Spatialization Plugin: None (built-in).
[2022.07.18-05.48.38:822][  0]LogAudio: Display: Audio Reverb Plugin: None (built-in).
[2022.07.18-05.48.38:822][  0]LogAudio: Display: Audio Occlusion Plugin: None (built-in).
[2022.07.18-05.48.38:822][  0]LogAudioMixer: Display: Initializing audio mixer.
[2022.07.18-05.48.38:833][  0]LogAudioMixer: Display: 0: FrontLeft
[2022.07.18-05.48.38:833][  0]LogAudioMixer: Display: 1: FrontRight
[2022.07.18-05.48.38:910][  0]LogAudioMixer: Display: Using Audio Device Speaker(Realtek(R) Audio)
[2022.07.18-05.48.38:916][  0]LogAudioMixer: Display: Initializing Sound Submixes...
[2022.07.18-05.48.38:917][  0]LogAudioMixer: Display: Creating Master Submix 'MasterSubmixDefault'
[2022.07.18-05.48.38:917][  0]LogAudioMixer: Display: Creating Master Submix 'MasterReverbSubmixDefault'
[2022.07.18-05.48.38:919][  0]LogAudioMixer: Display: Creating Master Submix 'MasterEQSubmixDefault'
[2022.07.18-05.48.38:919][  0]LogAudioMixer: FMixerPlatformXAudio2::StartAudioStream() called
[2022.07.18-05.48.38:919][  0]LogAudioMixer: Display: Output buffers initialized: Frames=1024, Channels=2, Samples=2048
[2022.07.18-05.48.38:919][  0]LogAudioMixer: Display: Starting AudioMixerPlatformInterface::RunInternal()
[2022.07.18-05.48.38:919][  0]LogAudioMixer: Display: FMixerPlatformXAudio2::SubmitBuffer() called for the first time
[2022.07.18-05.48.38:919][  0]LogInit: FAudioDevice initialized.
[2022.07.18-05.48.38:920][  0]LogNetVersion: Set ProjectVersion to 1.0.0.0. Version Checksum will be recalculated on next use.
[2022.07.18-05.48.38:922][  0]LogInit: Texture streaming: Enabled
[2022.07.18-05.48.38:980][  0]LogAudio: Display: Audio Device (ID: 1) registered with world 'Untitled'.
[2022.07.18-05.48.38:981][  0]LogSlate: Updating window title bar state: overlay mode, drag disabled, window buttons hidden, title bar hidden
[2022.07.18-05.48.38:982][  0]LogInit: Display: Game Engine Initialized.
[2022.07.18-05.48.38:982][  0]LogNiagaraEditor: GEditor isn't valid! Particle reset commands will not work for Niagara components!
[2022.07.18-05.48.39:076][  0]LogInit: Display: Starting Game.
[2022.07.18-05.48.39:076][  0]LogNet: Browse: 127.0.0.1:17777/Game/ProjectRun/Level/Entry?Name=Player
[2022.07.18-05.48.39:077][  0]LogInit: WinSock: Socket queue. Rx: 32768 (config 32768) Tx: 32768 (config 32768)
[2022.07.18-05.48.39:077][  0]LogNet: Created socket for bind address: 0.0.0.0 on port 0
[2022.07.18-05.48.39:077][  0]PacketHandlerLog: Loaded PacketHandler component: Engine.EngineHandlerComponentFactory (StatelessConnectHandlerComponent)
[2022.07.18-05.48.39:077][  0]LogNet: Game client on port 17777, rate 100000
[2022.07.18-05.48.39:135][  0]LogInit: Display: Engine is initialized. Leaving FEngineLoop::Init()
[2022.07.18-05.48.39:135][  0]LogLoad: (Engine Initialization) Total time: 4.08 seconds
[2022.07.18-05.48.39:135][  0]LogLoad: (Engine Initialization) Total Blueprint compile time: 0.00 seconds
[2022.07.18-05.48.39:139][  0]LogContentStreaming: Texture pool size now 1000 MB
[2022.07.18-05.48.39:141][  0]LogSlate: InvalidateAllWidgets triggered.  All widgets were invalidated
