Log file open, 07/18/22 13:35:52
LogWindows: Failed to load 'aqProf.dll' (GetLastError=126)
LogWindows: File 'aqProf.dll' does not exist
LogWindows: Failed to load 'VtuneApi.dll' (GetLastError=126)
LogWindows: File 'VtuneApi.dll' does not exist
LogWindows: Failed to load 'VtuneApi32e.dll' (GetLastError=126)
LogWindows: File 'VtuneApi32e.dll' does not exist
LogConsoleResponse: Display: Failed to find resolution value strings in scalability ini. Falling back to default.
LogConsoleResponse: Display: Failed to find resolution value strings in scalability ini. Falling back to default.
LogInit: Display: Running engine for game: ProjectRun
LogPlatformFile: Not using cached read wrapper
LogTaskGraph: Started task graph with 5 named threads and 59 total threads with 3 sets of task threads.
LogStats: Stats thread started at 0.190252
LogICUInternationalization: ICU TimeZone Detection - Raw Offset: +9:00, Platform Override: ''
LogInit: Display: Loading text-based GConfig....
LogPluginManager: Mounting plugin MeshPainting
LogPluginManager: Mounting plugin XGEController
LogPluginManager: Mounting plugin EnvironmentQueryEditor
LogPluginManager: Mounting plugin AISupport
LogPluginManager: Mounting plugin Paper2D
LogPluginManager: Mounting plugin LightPropagationVolume
LogPluginManager: Mounting plugin LiveLink
LogPluginManager: Mounting plugin CameraShakePreviewer
LogPluginManager: Mounting plugin GameplayCameras
LogPluginManager: Mounting plugin AnimationSharing
LogPluginManager: Mounting plugin CLionSourceCodeAccess
LogPluginManager: Mounting plugin CodeLiteSourceCodeAccess
LogPluginManager: Mounting plugin GitSourceControl
LogPluginManager: Mounting plugin KDevelopSourceCodeAccess
LogPluginManager: Mounting plugin NullSourceCodeAccess
LogPluginManager: Mounting plugin PerforceSourceControl
LogPluginManager: Mounting plugin OodleNetwork
LogPluginManager: Mounting plugin PixWinPlugin
LogPluginManager: Mounting plugin PluginUtils
LogPluginManager: Mounting plugin OodleData
LogPluginManager: Mounting plugin PropertyAccessNode
LogPluginManager: Mounting plugin PlasticSourceControl
LogPluginManager: Mounting plugin RiderSourceCodeAccess
LogPluginManager: Mounting plugin VisualStudioSourceCodeAccess
LogPluginManager: Mounting plugin SubversionSourceControl
LogPluginManager: Mounting plugin XCodeSourceCodeAccess
LogPluginManager: Mounting plugin VisualStudioCodeSourceCodeAccess
LogPluginManager: Mounting plugin UObjectPlugin
LogPluginManager: Mounting plugin TextureFormatOodle
LogPluginManager: Mounting plugin AssetManagerEditor
LogPluginManager: Mounting plugin CurveEditorTools
LogPluginManager: Mounting plugin MaterialAnalyzer
LogPluginManager: Mounting plugin GameplayTagsEditor
LogPluginManager: Mounting plugin CryptoKeys
LogPluginManager: Mounting plugin FacialAnimation
LogPluginManager: Mounting plugin DataValidation
LogPluginManager: Mounting plugin GeometryMode
LogPluginManager: Mounting plugin MacGraphicsSwitching
LogPluginManager: Mounting plugin MobileLauncherProfileWizard
LogPluginManager: Mounting plugin SpeedTreeImporter
LogPluginManager: Mounting plugin DatasmithContent
LogPluginManager: Mounting plugin PluginBrowser
LogPluginManager: Mounting plugin VariantManagerContent
LogPluginManager: Mounting plugin AutomationUtils
LogPluginManager: Mounting plugin AlembicImporter
LogPluginManager: Mounting plugin BackChannel
LogPluginManager: Mounting plugin ChaosEditor
LogPluginManager: Mounting plugin ChaosClothEditor
LogPluginManager: Mounting plugin ChaosCloth
LogPluginManager: Mounting plugin ChaosSolverPlugin
LogPluginManager: Mounting plugin ChaosNiagara
LogPluginManager: Mounting plugin CharacterAI
LogPluginManager: Mounting plugin GeometryCache
LogPluginManager: Mounting plugin GeometryCollectionPlugin
LogPluginManager: Mounting plugin GeometryProcessing
LogPluginManager: Mounting plugin OpenImageDenoise
LogPluginManager: Mounting plugin PlanarCut
LogPluginManager: Mounting plugin PlatformCrypto
LogPluginManager: Mounting plugin ProxyLODPlugin
LogPluginManager: Mounting plugin PythonScriptPlugin
LogPluginManager: Mounting plugin MotoSynth
LogPluginManager: Mounting plugin LuminPlatformFeatures
LogPluginManager: Mounting plugin MagicLeap
LogPluginManager: Mounting plugin MagicLeapLightEstimation
LogPluginManager: Mounting plugin SkeletalReduction
LogPluginManager: Mounting plugin MagicLeapMedia
LogPluginManager: Mounting plugin MagicLeapPassableWorld
LogPluginManager: Mounting plugin Niagara
LogPluginManager: Mounting plugin AvfMedia
LogPluginManager: Mounting plugin AndroidMedia
LogPluginManager: Mounting plugin MLSDK
LogPluginManager: Mounting plugin ImgMedia
LogPluginManager: Mounting plugin MediaPlayerEditor
LogPluginManager: Mounting plugin MediaCompositing
LogPluginManager: Mounting plugin WmfMedia
LogPluginManager: Mounting plugin ActorSequence
LogPluginManager: Mounting plugin LevelSequenceEditor
LogPluginManager: Mounting plugin WebMMedia
LogPluginManager: Mounting plugin OnlineSubsystem
LogPluginManager: Mounting plugin TemplateSequence
LogPluginManager: Mounting plugin OnlineSubsystemNull
LogPluginManager: Mounting plugin OnlineSubsystemUtils
LogPluginManager: Mounting plugin OnlineSubsystemSteam
LogPluginManager: Mounting plugin ActorLayerUtilities
LogPluginManager: Mounting plugin LauncherChunkInstaller
LogPluginManager: Mounting plugin AndroidDeviceProfileSelector
LogPluginManager: Mounting plugin AndroidMoviePlayer
LogPluginManager: Mounting plugin AppleImageUtils
LogPluginManager: Mounting plugin AndroidPermission
LogPluginManager: Mounting plugin AudioCapture
LogPluginManager: Mounting plugin AudioSynesthesia
LogPluginManager: Mounting plugin AssetTags
LogPluginManager: Mounting plugin CableComponent
LogPluginManager: Mounting plugin ArchVisCharacter
LogPluginManager: Mounting plugin AppleMoviePlayer
LogPluginManager: Mounting plugin CustomMeshComponent
LogPluginManager: Mounting plugin MatineeToLevelSequence
LogPluginManager: Mounting plugin ChunkDownloader
LogPluginManager: Mounting plugin ExampleDeviceProfileSelector
LogPluginManager: Mounting plugin EditableMesh
LogPluginManager: Mounting plugin GooglePAD
LogPluginManager: Mounting plugin UdpMessaging
LogPluginManager: Mounting plugin GoogleCloudMessaging
LogPluginManager: Mounting plugin TcpMessaging
LogPluginManager: Mounting plugin LinuxDeviceProfileSelector
LogPluginManager: Mounting plugin LocationServicesBPLibrary
LogPluginManager: Mounting plugin IOSDeviceProfileSelector
LogPluginManager: Mounting plugin MobilePatchingUtils
LogPluginManager: Mounting plugin OpenXREyeTracker
LogPluginManager: Mounting plugin OpenXR
LogPluginManager: Mounting plugin OpenXRHandTracking
LogPluginManager: Mounting plugin ProceduralMeshComponent
LogPluginManager: Mounting plugin ScreenshotTools
LogPluginManager: Mounting plugin PostSplashScreen
LogPluginManager: Mounting plugin SignificanceManager
LogPluginManager: Mounting plugin PhysXVehicles
LogPluginManager: Mounting plugin RuntimePhysXCooking
LogPluginManager: Mounting plugin SoundFields
LogPluginManager: Mounting plugin Synthesis
LogPluginManager: Mounting plugin WebMMoviePlayer
LogPluginManager: Mounting plugin PropertyAccessEditor
LogPluginManager: Mounting plugin WindowsMoviePlayer
LogPluginManager: Mounting plugin Takes
LogPluginManager: Mounting plugin ContentBrowserAssetDataSource
LogPluginManager: Mounting plugin ContentBrowserFileDataSource
LogPluginManager: Mounting plugin ContentBrowserClassDataSource
LogPluginManager: Mounting plugin OnlineSubsystemIOS
LogPluginManager: Mounting plugin OnlineSubsystemGooglePlay
LogPluginManager: Mounting plugin OculusVR
LogPluginManager: Mounting plugin SteamShared
LogPluginManager: Mounting plugin SteamVR
LogPluginManager: Mounting plugin AdvancedSessions
LogPluginManager: Mounting plugin AdvancedSteamSessions
PixWinPlugin: PIX capture plugin failed to initialize! Check that the process is launched from PIX.
LogInit: Using libcurl 7.55.1-DEV
LogInit:  - built for x86_64-pc-win32
LogInit:  - supports SSL with OpenSSL/1.1.1
LogInit:  - supports HTTP deflate (compression) using libz 1.2.8
LogInit:  - other features:
LogInit:      CURL_VERSION_SSL
LogInit:      CURL_VERSION_LIBZ
LogInit:      CURL_VERSION_IPV6
LogInit:      CURL_VERSION_ASYNCHDNS
LogInit:      CURL_VERSION_LARGEFILE
LogInit:      CURL_VERSION_IDN
LogInit:  CurlRequestOptions (configurable via config and command line):
LogInit:  - bVerifyPeer = true  - Libcurl will verify peer certificate
LogInit:  - bUseHttpProxy = false  - Libcurl will NOT use HTTP proxy
LogInit:  - bDontReuseConnections = false  - Libcurl will reuse connections
LogInit:  - MaxHostConnections = 16  - Libcurl will limit the number of connections to a host
LogInit:  - LocalHostAddr = Default
LogInit:  - BufferSize = 65536
LogOnline: OSS: Creating online subsystem instance for: NULL
LogInit: WinSock: version 1.1 (2.2), MaxSocks=32767, MaxUdp=65467
LogOnline: OSS: TryLoadSubsystemAndSetDefault: Loaded subsystem for module [NULL]
LogOculusPluginWrapper: OculusPlugin initialized successfully
LogHMD: Failed initializing OVRPlugin 1.59.0
LogInit: Build: ++UE4+Release-4.27-CL-18319896
LogInit: Engine Version: 4.27.2-18319896+++UE4+Release-4.27
LogInit: Compatible Engine Version: 4.27.0-17155196+++UE4+Release-4.27
LogInit: Net CL: 17155196
LogInit: OS: Windows 10 (Release 2009) (), CPU: 12th Gen Intel(R) Core(TM) i7-12700H, GPU: NVIDIA GeForce RTX 3070 Ti Laptop GPU
LogInit: Compiled (64-bit): Nov 30 2021 07:12:08
LogInit: Compiled with Visual C++: 19.24.28315.00
LogInit: Build Configuration: Development
LogInit: Branch Name: ++UE4+Release-4.27
LogInit: Command Line:  127.0.0.1:17777 -game -PIEVIACONSOLE -Multiprocess GameUserSettingsINI=C:/study/ProjectRun/Saved/Config/Windows/PIEGameUserSettings1.ini -MultiprocessSaveConfig -forcepassthrough -messaging -SessionName="Play in Standalone Game" -windowed -WinX=913 -WinY=187 SAVEWINPOS=1 -ResX=640 -ResY=480
LogInit: Base Directory: C:/Program Files/Epic Games/UE_4.27/Engine/Binaries/Win64/
LogInit: Allocator: TBB
LogInit: Installed Engine Build: 1
LogDevObjectVersion: Number of dev versions registered: 29
LogDevObjectVersion:   Dev-Blueprints (B0D832E4-1F89-4F0D-ACCF-7EB736FD4AA2): 10
LogDevObjectVersion:   Dev-Build (E1C64328-A22C-4D53-A36C-8E866417BD8C): 0
LogDevObjectVersion:   Dev-Core (375EC13C-06E4-48FB-B500-84F0262A717E): 4
LogDevObjectVersion:   Dev-Editor (E4B068ED-F494-42E9-A231-DA0B2E46BB41): 40
LogDevObjectVersion:   Dev-Framework (CFFC743F-43B0-4480-9391-14DF171D2073): 37
LogDevObjectVersion:   Dev-Mobile (B02B49B5-BB20-44E9-A304-32B752E40360): 3
LogDevObjectVersion:   Dev-Networking (A4E4105C-59A1-49B5-A7C5-40C4547EDFEE): 0
LogDevObjectVersion:   Dev-Online (39C831C9-5AE6-47DC-9A44-9C173E1C8E7C): 0
LogDevObjectVersion:   Dev-Physics (78F01B33-EBEA-4F98-B9B4-84EACCB95AA2): 14
LogDevObjectVersion:   Dev-Platform (6631380F-2D4D-43E0-8009-CF276956A95A): 0
LogDevObjectVersion:   Dev-Rendering (12F88B9F-8875-4AFC-A67C-D90C383ABD29): 45
LogDevObjectVersion:   Dev-Sequencer (7B5AE74C-D270-4C10-A958-57980B212A5A): 13
LogDevObjectVersion:   Dev-VR (D7296918-1DD6-4BDD-9DE2-64A83CC13884): 3
LogDevObjectVersion:   Dev-LoadTimes (C2A15278-BFE7-4AFE-6C17-90FF531DF755): 1
LogDevObjectVersion:   Private-Geometry (6EACA3D4-40EC-4CC1-B786-8BED09428FC5): 3
LogDevObjectVersion:   Dev-AnimPhys (29E575DD-E0A3-4627-9D10-D276232CDCEA): 17
LogDevObjectVersion:   Dev-Anim (AF43A65D-7FD3-4947-9873-3E8ED9C1BB05): 15
LogDevObjectVersion:   Dev-ReflectionCapture (6B266CEC-1EC7-4B8F-A30B-E4D90942FC07): 1
LogDevObjectVersion:   Dev-Automation (0DF73D61-A23F-47EA-B727-89E90C41499A): 1
LogDevObjectVersion:   FortniteMain (601D1886-AC64-4F84-AA16-D3DE0DEAC7D6): 47
LogDevObjectVersion:   FortniteRelease (E7086368-6B23-4C58-8439-1B7016265E91): 1
LogDevObjectVersion:   Dev-Enterprise (9DFFBCD6-494F-0158-E221-12823C92A888): 10
LogDevObjectVersion:   Dev-Niagara (F2AED0AC-9AFE-416F-8664-AA7FFA26D6FC): 1
LogDevObjectVersion:   Dev-Destruction (174F1F0B-B4C6-45A5-B13F-2EE8D0FB917D): 10
LogDevObjectVersion:   Dev-Physics-Ext (35F94A83-E258-406C-A318-09F59610247C): 41
LogDevObjectVersion:   Dev-PhysicsMaterial-Chaos (B68FC16E-8B1B-42E2-B453-215C058844FE): 1
LogDevObjectVersion:   Dev-CineCamera (B2E18506-4273-CFC2-A54E-F4BB758BBA07): 1
LogDevObjectVersion:   Dev-VirtualProduction (64F58936-FD1B-42BA-BA96-7289D5D0FA4E): 1
LogDevObjectVersion:   Dev-MediaFramework (6F0ED827-A609-4895-9C91-998D90180EA4): 2
LogInit: Presizing for max 25165824 objects, including 0 objects not considered by GC, pre-allocating 0 bytes for permanent pool.
LogConfig: Applying CVar settings from Section [/Script/Engine.StreamingSettings] File [C:/study/ProjectRun/Saved/Config/Windows/Engine.ini]
LogConfig: Setting CVar [[s.MinBulkDataSizeForAsyncLoading:131072]]
LogConfig: Setting CVar [[s.AsyncLoadingThreadEnabled:0]]
LogConfig: Setting CVar [[s.EventDrivenLoaderEnabled:1]]
LogConfig: Setting CVar [[s.WarnIfTimeLimitExceeded:0]]
LogConfig: Setting CVar [[s.TimeLimitExceededMultiplier:1.5]]
LogConfig: Setting CVar [[s.TimeLimitExceededMinTime:0.005]]
LogConfig: Setting CVar [[s.UseBackgroundLevelStreaming:1]]
LogConfig: Setting CVar [[s.PriorityAsyncLoadingExtraTime:15.0]]
LogConfig: Setting CVar [[s.LevelStreamingActorsUpdateTimeLimit:5.0]]
LogConfig: Setting CVar [[s.PriorityLevelStreamingActorsUpdateExtraTime:5.0]]
LogConfig: Setting CVar [[s.LevelStreamingComponentsRegistrationGranularity:10]]
LogConfig: Setting CVar [[s.UnregisterComponentsTimeLimit:1.0]]
LogConfig: Setting CVar [[s.LevelStreamingComponentsUnregistrationGranularity:5]]
LogConfig: Setting CVar [[s.FlushStreamingOnExit:1]]
LogInit: Object subsystem initialized
LogConfig: Setting CVar [[con.DebugEarlyDefault:1]]
LogConfig: Setting CVar [[r.setres:1280x720]]
[2022.07.18-04.35.52:558][  0]LogConfig: Setting CVar [[con.DebugEarlyDefault:1]]
[2022.07.18-04.35.52:558][  0]LogConfig: Setting CVar [[r.setres:1280x720]]
[2022.07.18-04.35.52:558][  0]LogConfig: Applying CVar settings from Section [/Script/Engine.RendererSettings] File [C:/study/ProjectRun/Saved/Config/Windows/Engine.ini]
[2022.07.18-04.35.52:558][  0]LogConfig: Setting CVar [[r.GPUCrashDebugging:0]]
[2022.07.18-04.35.52:558][  0]LogConfig: Applying CVar settings from Section [/Script/Engine.RendererOverrideSettings] File [C:/study/ProjectRun/Saved/Config/Windows/Engine.ini]
[2022.07.18-04.35.52:558][  0]LogConfig: Applying CVar settings from Section [/Script/Engine.StreamingSettings] File [C:/study/ProjectRun/Saved/Config/Windows/Engine.ini]
[2022.07.18-04.35.52:558][  0]LogConfig: Setting CVar [[s.MinBulkDataSizeForAsyncLoading:131072]]
[2022.07.18-04.35.52:558][  0]LogConfig: Setting CVar [[s.AsyncLoadingThreadEnabled:0]]
[2022.07.18-04.35.52:558][  0]LogConfig: Setting CVar [[s.EventDrivenLoaderEnabled:1]]
[2022.07.18-04.35.52:558][  0]LogConfig: Setting CVar [[s.WarnIfTimeLimitExceeded:0]]
[2022.07.18-04.35.52:558][  0]LogConfig: Setting CVar [[s.TimeLimitExceededMultiplier:1.5]]
[2022.07.18-04.35.52:558][  0]LogConfig: Setting CVar [[s.TimeLimitExceededMinTime:0.005]]
[2022.07.18-04.35.52:558][  0]LogConfig: Setting CVar [[s.UseBackgroundLevelStreaming:1]]
[2022.07.18-04.35.52:558][  0]LogConfig: Setting CVar [[s.PriorityAsyncLoadingExtraTime:15.0]]
[2022.07.18-04.35.52:558][  0]LogConfig: Setting CVar [[s.LevelStreamingActorsUpdateTimeLimit:5.0]]
[2022.07.18-04.35.52:558][  0]LogConfig: Setting CVar [[s.PriorityLevelStreamingActorsUpdateExtraTime:5.0]]
[2022.07.18-04.35.52:558][  0]LogConfig: Setting CVar [[s.LevelStreamingComponentsRegistrationGranularity:10]]
[2022.07.18-04.35.52:558][  0]LogConfig: Setting CVar [[s.UnregisterComponentsTimeLimit:1.0]]
[2022.07.18-04.35.52:558][  0]LogConfig: Setting CVar [[s.LevelStreamingComponentsUnregistrationGranularity:5]]
[2022.07.18-04.35.52:558][  0]LogConfig: Setting CVar [[s.FlushStreamingOnExit:1]]
[2022.07.18-04.35.52:558][  0]LogConfig: Applying CVar settings from Section [/Script/Engine.GarbageCollectionSettings] File [C:/study/ProjectRun/Saved/Config/Windows/Engine.ini]
[2022.07.18-04.35.52:558][  0]LogConfig: Setting CVar [[gc.MaxObjectsNotConsideredByGC:1]]
[2022.07.18-04.35.52:558][  0]LogConfig: Setting CVar [[gc.SizeOfPermanentObjectPool:0]]
[2022.07.18-04.35.52:558][  0]LogConfig: Setting CVar [[gc.FlushStreamingOnGC:0]]
[2022.07.18-04.35.52:558][  0]LogConfig: Setting CVar [[gc.NumRetriesBeforeForcingGC:10]]
[2022.07.18-04.35.52:558][  0]LogConfig: Setting CVar [[gc.AllowParallelGC:1]]
[2022.07.18-04.35.52:558][  0]LogConfig: Setting CVar [[gc.TimeBetweenPurgingPendingKillObjects:61.1]]
[2022.07.18-04.35.52:558][  0]LogConfig: Setting CVar [[gc.MaxObjectsInEditor:25165824]]
[2022.07.18-04.35.52:558][  0]LogConfig: Setting CVar [[gc.IncrementalBeginDestroyEnabled:1]]
[2022.07.18-04.35.52:558][  0]LogConfig: Setting CVar [[gc.CreateGCClusters:1]]
[2022.07.18-04.35.52:558][  0]LogConfig: Setting CVar [[gc.MinGCClusterSize:5]]
[2022.07.18-04.35.52:558][  0]LogConfig: Setting CVar [[gc.ActorClusteringEnabled:0]]
[2022.07.18-04.35.52:558][  0]LogConfig: Setting CVar [[gc.BlueprintClusteringEnabled:0]]
[2022.07.18-04.35.52:558][  0]LogConfig: Setting CVar [[gc.UseDisregardForGCOnDedicatedServers:0]]
[2022.07.18-04.35.52:558][  0]LogConfig: Setting CVar [[gc.MultithreadedDestructionEnabled:1]]
[2022.07.18-04.35.52:558][  0]LogConfig: Applying CVar settings from Section [/Script/Engine.NetworkSettings] File [C:/study/ProjectRun/Saved/Config/Windows/Engine.ini]
[2022.07.18-04.35.52:558][  0]LogConfig: Applying CVar settings from Section [/Script/UnrealEd.CookerSettings] File [C:/study/ProjectRun/Saved/Config/Windows/Engine.ini]
[2022.07.18-04.35.52:564][  0]LogConfig: Applying CVar settings from Section [ViewDistanceQuality@3] File [C:/study/ProjectRun/Saved/Config/Windows/Scalability.ini]
[2022.07.18-04.35.52:564][  0]LogConfig: Setting CVar [[r.SkeletalMeshLODBias:0]]
[2022.07.18-04.35.52:564][  0]LogConfig: Setting CVar [[r.ViewDistanceScale:1.0]]
[2022.07.18-04.35.52:564][  0]LogConfig: Applying CVar settings from Section [AntiAliasingQuality@3] File [C:/study/ProjectRun/Saved/Config/Windows/Scalability.ini]
[2022.07.18-04.35.52:564][  0]LogConfig: Setting CVar [[r.PostProcessAAQuality:4]]
[2022.07.18-04.35.52:564][  0]LogConfig: Applying CVar settings from Section [ShadowQuality@3] File [C:/study/ProjectRun/Saved/Config/Windows/Scalability.ini]
[2022.07.18-04.35.52:564][  0]LogConfig: Setting CVar [[r.LightFunctionQuality:1]]
[2022.07.18-04.35.52:564][  0]LogConfig: Setting CVar [[r.ShadowQuality:5]]
[2022.07.18-04.35.52:564][  0]LogConfig: Setting CVar [[r.Shadow.CSM.MaxCascades:10]]
[2022.07.18-04.35.52:564][  0]LogConfig: Setting CVar [[r.Shadow.MaxResolution:2048]]
[2022.07.18-04.35.52:564][  0]LogConfig: Setting CVar [[r.Shadow.MaxCSMResolution:2048]]
[2022.07.18-04.35.52:564][  0]LogConfig: Setting CVar [[r.Shadow.RadiusThreshold:0.01]]
[2022.07.18-04.35.52:564][  0]LogConfig: Setting CVar [[r.Shadow.DistanceScale:1.0]]
[2022.07.18-04.35.52:564][  0]LogConfig: Setting CVar [[r.Shadow.CSM.TransitionScale:1.0]]
[2022.07.18-04.35.52:564][  0]LogConfig: Setting CVar [[r.Shadow.PreShadowResolutionFactor:1.0]]
[2022.07.18-04.35.52:564][  0]LogConfig: Setting CVar [[r.DistanceFieldShadowing:1]]
[2022.07.18-04.35.52:564][  0]LogConfig: Setting CVar [[r.DistanceFieldAO:1]]
[2022.07.18-04.35.52:564][  0]LogConfig: Setting CVar [[r.AOQuality:2]]
[2022.07.18-04.35.52:564][  0]LogConfig: Setting CVar [[r.VolumetricFog:1]]
[2022.07.18-04.35.52:564][  0]LogConfig: Setting CVar [[r.VolumetricFog.GridPixelSize:8]]
[2022.07.18-04.35.52:564][  0]LogConfig: Setting CVar [[r.VolumetricFog.GridSizeZ:128]]
[2022.07.18-04.35.52:564][  0]LogConfig: Setting CVar [[r.VolumetricFog.HistoryMissSupersampleCount:4]]
[2022.07.18-04.35.52:564][  0]LogConfig: Setting CVar [[r.LightMaxDrawDistanceScale:1]]
[2022.07.18-04.35.52:564][  0]LogConfig: Setting CVar [[r.CapsuleShadows:1]]
[2022.07.18-04.35.52:564][  0]LogConfig: Applying CVar settings from Section [PostProcessQuality@3] File [C:/study/ProjectRun/Saved/Config/Windows/Scalability.ini]
[2022.07.18-04.35.52:564][  0]LogConfig: Setting CVar [[r.MotionBlurQuality:4]]
[2022.07.18-04.35.52:564][  0]LogConfig: Setting CVar [[r.AmbientOcclusionMipLevelFactor:0.4]]
[2022.07.18-04.35.52:564][  0]LogConfig: Setting CVar [[r.AmbientOcclusionMaxQuality:100]]
[2022.07.18-04.35.52:564][  0]LogConfig: Setting CVar [[r.AmbientOcclusionLevels:-1]]
[2022.07.18-04.35.52:564][  0]LogConfig: Setting CVar [[r.AmbientOcclusionRadiusScale:1.0]]
[2022.07.18-04.35.52:564][  0]LogConfig: Setting CVar [[r.DepthOfFieldQuality:2]]
[2022.07.18-04.35.52:564][  0]LogConfig: Setting CVar [[r.RenderTargetPoolMin:400]]
[2022.07.18-04.35.52:564][  0]LogConfig: Setting CVar [[r.LensFlareQuality:2]]
[2022.07.18-04.35.52:564][  0]LogConfig: Setting CVar [[r.SceneColorFringeQuality:1]]
[2022.07.18-04.35.52:564][  0]LogConfig: Setting CVar [[r.EyeAdaptationQuality:2]]
[2022.07.18-04.35.52:564][  0]LogConfig: Setting CVar [[r.BloomQuality:5]]
[2022.07.18-04.35.52:564][  0]LogConfig: Setting CVar [[r.FastBlurThreshold:100]]
[2022.07.18-04.35.52:564][  0]LogConfig: Setting CVar [[r.Upscale.Quality:3]]
[2022.07.18-04.35.52:564][  0]LogConfig: Setting CVar [[r.Tonemapper.GrainQuantization:1]]
[2022.07.18-04.35.52:564][  0]LogConfig: Setting CVar [[r.LightShaftQuality:1]]
[2022.07.18-04.35.52:564][  0]LogConfig: Setting CVar [[r.Filter.SizeScale:1]]
[2022.07.18-04.35.52:564][  0]LogConfig: Setting CVar [[r.Tonemapper.Quality:5]]
[2022.07.18-04.35.52:564][  0]LogConfig: Setting CVar [[r.DOF.Gather.AccumulatorQuality:1        ; higher gathering accumulator quality]]
[2022.07.18-04.35.52:564][  0]LogConfig: Setting CVar [[r.DOF.Gather.PostfilterMethod:1          ; Median3x3 postfilering method]]
[2022.07.18-04.35.52:564][  0]LogConfig: Setting CVar [[r.DOF.Gather.EnableBokehSettings:0       ; no bokeh simulation when gathering]]
[2022.07.18-04.35.52:564][  0]LogConfig: Setting CVar [[r.DOF.Gather.RingCount:4                 ; medium number of samples when gathering]]
[2022.07.18-04.35.52:564][  0]LogConfig: Setting CVar [[r.DOF.Scatter.ForegroundCompositing:1    ; additive foreground scattering]]
[2022.07.18-04.35.52:564][  0]LogConfig: Setting CVar [[r.DOF.Scatter.BackgroundCompositing:2    ; additive background scattering]]
[2022.07.18-04.35.52:564][  0]LogConfig: Setting CVar [[r.DOF.Scatter.EnableBokehSettings:1      ; bokeh simulation when scattering]]
[2022.07.18-04.35.52:564][  0]LogConfig: Setting CVar [[r.DOF.Scatter.MaxSpriteRatio:0.1         ; only a maximum of 10% of scattered bokeh]]
[2022.07.18-04.35.52:564][  0]LogConfig: Setting CVar [[r.DOF.Recombine.Quality:1                ; cheap slight out of focus]]
[2022.07.18-04.35.52:564][  0]LogConfig: Setting CVar [[r.DOF.Recombine.EnableBokehSettings:0    ; no bokeh simulation on slight out of focus]]
[2022.07.18-04.35.52:564][  0]LogConfig: Setting CVar [[r.DOF.TemporalAAQuality:1                ; more stable temporal accumulation]]
[2022.07.18-04.35.52:564][  0]LogConfig: Setting CVar [[r.DOF.Kernel.MaxForegroundRadius:0.025]]
[2022.07.18-04.35.52:564][  0]LogConfig: Setting CVar [[r.DOF.Kernel.MaxBackgroundRadius:0.025]]
[2022.07.18-04.35.52:564][  0]LogConfig: Applying CVar settings from Section [TextureQuality@3] File [C:/study/ProjectRun/Saved/Config/Windows/Scalability.ini]
[2022.07.18-04.35.52:564][  0]LogConfig: Setting CVar [[r.Streaming.MipBias:0]]
[2022.07.18-04.35.52:564][  0]LogConfig: Setting CVar [[r.Streaming.AmortizeCPUToGPUCopy:0]]
[2022.07.18-04.35.52:564][  0]LogConfig: Setting CVar [[r.Streaming.MaxNumTexturesToStreamPerFrame:0]]
[2022.07.18-04.35.52:564][  0]LogConfig: Setting CVar [[r.Streaming.Boost:1]]
[2022.07.18-04.35.52:564][  0]LogConfig: Setting CVar [[r.MaxAnisotropy:8]]
[2022.07.18-04.35.52:564][  0]LogConfig: Setting CVar [[r.VT.MaxAnisotropy:8]]
[2022.07.18-04.35.52:564][  0]LogConfig: Setting CVar [[r.Streaming.LimitPoolSizeToVRAM:0]]
[2022.07.18-04.35.52:564][  0]LogConfig: Setting CVar [[r.Streaming.PoolSize:1000]]
[2022.07.18-04.35.52:564][  0]LogConfig: Setting CVar [[r.Streaming.MaxEffectiveScreenSize:0]]
[2022.07.18-04.35.52:564][  0]LogConfig: Applying CVar settings from Section [EffectsQuality@3] File [C:/study/ProjectRun/Saved/Config/Windows/Scalability.ini]
[2022.07.18-04.35.52:564][  0]LogConfig: Setting CVar [[r.TranslucencyLightingVolumeDim:64]]
[2022.07.18-04.35.52:564][  0]LogConfig: Setting CVar [[r.RefractionQuality:2]]
[2022.07.18-04.35.52:564][  0]LogConfig: Setting CVar [[r.SSR.Quality:3]]
[2022.07.18-04.35.52:564][  0]LogConfig: Setting CVar [[r.SSR.HalfResSceneColor:0]]
[2022.07.18-04.35.52:564][  0]LogConfig: Setting CVar [[r.SceneColorFormat:4]]
[2022.07.18-04.35.52:564][  0]LogConfig: Setting CVar [[r.DetailMode:2]]
[2022.07.18-04.35.52:564][  0]LogConfig: Setting CVar [[r.TranslucencyVolumeBlur:1]]
[2022.07.18-04.35.52:564][  0]LogConfig: Setting CVar [[r.MaterialQualityLevel:1 ; High quality]]
[2022.07.18-04.35.52:564][  0]LogConfig: Setting CVar [[r.AnisotropicMaterials:1]]
[2022.07.18-04.35.52:564][  0]LogConfig: Setting CVar [[r.SSS.Scale:1]]
[2022.07.18-04.35.52:564][  0]LogConfig: Setting CVar [[r.SSS.SampleSet:2]]
[2022.07.18-04.35.52:564][  0]LogConfig: Setting CVar [[r.SSS.Quality:1]]
[2022.07.18-04.35.52:564][  0]LogConfig: Setting CVar [[r.SSS.HalfRes:0]]
[2022.07.18-04.35.52:564][  0]LogConfig: Setting CVar [[r.SSGI.Quality:3]]
[2022.07.18-04.35.52:564][  0]LogConfig: Setting CVar [[r.EmitterSpawnRateScale:1.0]]
[2022.07.18-04.35.52:564][  0]LogConfig: Setting CVar [[r.ParticleLightQuality:2]]
[2022.07.18-04.35.52:564][  0]LogConfig: Setting CVar [[r.SkyAtmosphere.AerialPerspectiveLUT.FastApplyOnOpaque:1 ; Always have FastSkyLUT 1 in this case to avoid wrong sky]]
[2022.07.18-04.35.52:564][  0]LogConfig: Setting CVar [[r.SkyAtmosphere.AerialPerspectiveLUT.SampleCountMaxPerSlice:4]]
[2022.07.18-04.35.52:564][  0]LogConfig: Setting CVar [[r.SkyAtmosphere.AerialPerspectiveLUT.DepthResolution:16.0]]
[2022.07.18-04.35.52:564][  0]LogConfig: Setting CVar [[r.SkyAtmosphere.FastSkyLUT:1]]
[2022.07.18-04.35.52:564][  0]LogConfig: Setting CVar [[r.SkyAtmosphere.FastSkyLUT.SampleCountMin:4.0]]
[2022.07.18-04.35.52:564][  0]LogConfig: Setting CVar [[r.SkyAtmosphere.FastSkyLUT.SampleCountMax:128.0]]
[2022.07.18-04.35.52:564][  0]LogConfig: Setting CVar [[r.SkyAtmosphere.SampleCountMin:4.0]]
[2022.07.18-04.35.52:564][  0]LogConfig: Setting CVar [[r.SkyAtmosphere.SampleCountMax:128.0]]
[2022.07.18-04.35.52:564][  0]LogConfig: Setting CVar [[r.SkyAtmosphere.TransmittanceLUT.UseSmallFormat:0]]
[2022.07.18-04.35.52:564][  0]LogConfig: Setting CVar [[r.SkyAtmosphere.TransmittanceLUT.SampleCount:10.0]]
[2022.07.18-04.35.52:564][  0]LogConfig: Setting CVar [[r.SkyAtmosphere.MultiScatteringLUT.SampleCount:15.0]]
[2022.07.18-04.35.52:564][  0]LogConfig: Setting CVar [[r.SkyLight.RealTimeReflectionCapture:1]]
[2022.07.18-04.35.52:564][  0]LogConfig: Applying CVar settings from Section [FoliageQuality@3] File [C:/study/ProjectRun/Saved/Config/Windows/Scalability.ini]
[2022.07.18-04.35.52:564][  0]LogConfig: Setting CVar [[foliage.DensityScale:1.0]]
[2022.07.18-04.35.52:564][  0]LogConfig: Setting CVar [[grass.DensityScale:1.0]]
[2022.07.18-04.35.52:564][  0]LogConfig: Applying CVar settings from Section [ShadingQuality@3] File [C:/study/ProjectRun/Saved/Config/Windows/Scalability.ini]
[2022.07.18-04.35.52:564][  0]LogConfig: Setting CVar [[r.HairStrands.SkyLighting.IntegrationType:2]]
[2022.07.18-04.35.52:564][  0]LogConfig: Setting CVar [[r.HairStrands.SkyAO.SampleCount:4]]
[2022.07.18-04.35.52:564][  0]LogConfig: Setting CVar [[r.HairStrands.Visibility.MSAA.SamplePerPixel:4]]
[2022.07.18-04.35.52:564][  0]LogInit: Selected Device Profile: [Windows]
[2022.07.18-04.35.52:564][  0]LogInit: Applying CVar settings loaded from the selected device profile: [Windows]
[2022.07.18-04.35.52:564][  0]LogHAL: Display: Platform has ~ 16 GB [16831680512 / 17179869184 / 16], which maps to Larger [LargestMinGB=32, LargerMinGB=12, DefaultMinGB=8, SmallerMinGB=6, SmallestMinGB=0)
[2022.07.18-04.35.52:564][  0]LogInit: Going up to parent DeviceProfile []
[2022.07.18-04.35.52:564][  0]LogConfig: Applying CVar settings from Section [ViewDistanceQuality@3] File [C:/study/ProjectRun/Saved/Config/Windows/Scalability.ini]
[2022.07.18-04.35.52:564][  0]LogConfig: Setting CVar [[r.SkeletalMeshLODBias:0]]
[2022.07.18-04.35.52:564][  0]LogConfig: Setting CVar [[r.ViewDistanceScale:1.0]]
[2022.07.18-04.35.52:564][  0]LogConfig: Applying CVar settings from Section [AntiAliasingQuality@3] File [C:/study/ProjectRun/Saved/Config/Windows/Scalability.ini]
[2022.07.18-04.35.52:564][  0]LogConfig: Setting CVar [[r.PostProcessAAQuality:4]]
[2022.07.18-04.35.52:564][  0]LogConfig: Applying CVar settings from Section [ShadowQuality@3] File [C:/study/ProjectRun/Saved/Config/Windows/Scalability.ini]
[2022.07.18-04.35.52:564][  0]LogConfig: Setting CVar [[r.LightFunctionQuality:1]]
[2022.07.18-04.35.52:564][  0]LogConfig: Setting CVar [[r.ShadowQuality:5]]
[2022.07.18-04.35.52:564][  0]LogConfig: Setting CVar [[r.Shadow.CSM.MaxCascades:10]]
[2022.07.18-04.35.52:564][  0]LogConfig: Setting CVar [[r.Shadow.MaxResolution:2048]]
[2022.07.18-04.35.52:564][  0]LogConfig: Setting CVar [[r.Shadow.MaxCSMResolution:2048]]
[2022.07.18-04.35.52:564][  0]LogConfig: Setting CVar [[r.Shadow.RadiusThreshold:0.01]]
[2022.07.18-04.35.52:564][  0]LogConfig: Setting CVar [[r.Shadow.DistanceScale:1.0]]
[2022.07.18-04.35.52:564][  0]LogConfig: Setting CVar [[r.Shadow.CSM.TransitionScale:1.0]]
[2022.07.18-04.35.52:564][  0]LogConfig: Setting CVar [[r.Shadow.PreShadowResolutionFactor:1.0]]
[2022.07.18-04.35.52:564][  0]LogConfig: Setting CVar [[r.DistanceFieldShadowing:1]]
[2022.07.18-04.35.52:564][  0]LogConfig: Setting CVar [[r.DistanceFieldAO:1]]
[2022.07.18-04.35.52:564][  0]LogConfig: Setting CVar [[r.AOQuality:2]]
[2022.07.18-04.35.52:564][  0]LogConfig: Setting CVar [[r.VolumetricFog:1]]
[2022.07.18-04.35.52:564][  0]LogConfig: Setting CVar [[r.VolumetricFog.GridPixelSize:8]]
[2022.07.18-04.35.52:564][  0]LogConfig: Setting CVar [[r.VolumetricFog.GridSizeZ:128]]
[2022.07.18-04.35.52:565][  0]LogConfig: Setting CVar [[r.VolumetricFog.HistoryMissSupersampleCount:4]]
[2022.07.18-04.35.52:565][  0]LogConfig: Setting CVar [[r.LightMaxDrawDistanceScale:1]]
[2022.07.18-04.35.52:565][  0]LogConfig: Setting CVar [[r.CapsuleShadows:1]]
[2022.07.18-04.35.52:565][  0]LogConfig: Applying CVar settings from Section [PostProcessQuality@3] File [C:/study/ProjectRun/Saved/Config/Windows/Scalability.ini]
[2022.07.18-04.35.52:565][  0]LogConfig: Setting CVar [[r.MotionBlurQuality:4]]
[2022.07.18-04.35.52:565][  0]LogConfig: Setting CVar [[r.AmbientOcclusionMipLevelFactor:0.4]]
[2022.07.18-04.35.52:565][  0]LogConfig: Setting CVar [[r.AmbientOcclusionMaxQuality:100]]
[2022.07.18-04.35.52:565][  0]LogConfig: Setting CVar [[r.AmbientOcclusionLevels:-1]]
[2022.07.18-04.35.52:565][  0]LogConfig: Setting CVar [[r.AmbientOcclusionRadiusScale:1.0]]
[2022.07.18-04.35.52:565][  0]LogConfig: Setting CVar [[r.DepthOfFieldQuality:2]]
[2022.07.18-04.35.52:565][  0]LogConfig: Setting CVar [[r.RenderTargetPoolMin:400]]
[2022.07.18-04.35.52:565][  0]LogConfig: Setting CVar [[r.LensFlareQuality:2]]
[2022.07.18-04.35.52:565][  0]LogConfig: Setting CVar [[r.SceneColorFringeQuality:1]]
[2022.07.18-04.35.52:565][  0]LogConfig: Setting CVar [[r.EyeAdaptationQuality:2]]
[2022.07.18-04.35.52:565][  0]LogConfig: Setting CVar [[r.BloomQuality:5]]
[2022.07.18-04.35.52:565][  0]LogConfig: Setting CVar [[r.FastBlurThreshold:100]]
[2022.07.18-04.35.52:565][  0]LogConfig: Setting CVar [[r.Upscale.Quality:3]]
[2022.07.18-04.35.52:565][  0]LogConfig: Setting CVar [[r.Tonemapper.GrainQuantization:1]]
[2022.07.18-04.35.52:565][  0]LogConfig: Setting CVar [[r.LightShaftQuality:1]]
[2022.07.18-04.35.52:565][  0]LogConfig: Setting CVar [[r.Filter.SizeScale:1]]
[2022.07.18-04.35.52:565][  0]LogConfig: Setting CVar [[r.Tonemapper.Quality:5]]
[2022.07.18-04.35.52:565][  0]LogConfig: Setting CVar [[r.DOF.Gather.AccumulatorQuality:1        ; higher gathering accumulator quality]]
[2022.07.18-04.35.52:565][  0]LogConfig: Setting CVar [[r.DOF.Gather.PostfilterMethod:1          ; Median3x3 postfilering method]]
[2022.07.18-04.35.52:565][  0]LogConfig: Setting CVar [[r.DOF.Gather.EnableBokehSettings:0       ; no bokeh simulation when gathering]]
[2022.07.18-04.35.52:565][  0]LogConfig: Setting CVar [[r.DOF.Gather.RingCount:4                 ; medium number of samples when gathering]]
[2022.07.18-04.35.52:565][  0]LogConfig: Setting CVar [[r.DOF.Scatter.ForegroundCompositing:1    ; additive foreground scattering]]
[2022.07.18-04.35.52:565][  0]LogConfig: Setting CVar [[r.DOF.Scatter.BackgroundCompositing:2    ; additive background scattering]]
[2022.07.18-04.35.52:565][  0]LogConfig: Setting CVar [[r.DOF.Scatter.EnableBokehSettings:1      ; bokeh simulation when scattering]]
[2022.07.18-04.35.52:565][  0]LogConfig: Setting CVar [[r.DOF.Scatter.MaxSpriteRatio:0.1         ; only a maximum of 10% of scattered bokeh]]
[2022.07.18-04.35.52:565][  0]LogConfig: Setting CVar [[r.DOF.Recombine.Quality:1                ; cheap slight out of focus]]
[2022.07.18-04.35.52:565][  0]LogConfig: Setting CVar [[r.DOF.Recombine.EnableBokehSettings:0    ; no bokeh simulation on slight out of focus]]
[2022.07.18-04.35.52:565][  0]LogConfig: Setting CVar [[r.DOF.TemporalAAQuality:1                ; more stable temporal accumulation]]
[2022.07.18-04.35.52:565][  0]LogConfig: Setting CVar [[r.DOF.Kernel.MaxForegroundRadius:0.025]]
[2022.07.18-04.35.52:565][  0]LogConfig: Setting CVar [[r.DOF.Kernel.MaxBackgroundRadius:0.025]]
[2022.07.18-04.35.52:565][  0]LogConfig: Applying CVar settings from Section [TextureQuality@3] File [C:/study/ProjectRun/Saved/Config/Windows/Scalability.ini]
[2022.07.18-04.35.52:565][  0]LogConfig: Setting CVar [[r.Streaming.MipBias:0]]
[2022.07.18-04.35.52:565][  0]LogConfig: Setting CVar [[r.Streaming.AmortizeCPUToGPUCopy:0]]
[2022.07.18-04.35.52:565][  0]LogConfig: Setting CVar [[r.Streaming.MaxNumTexturesToStreamPerFrame:0]]
[2022.07.18-04.35.52:565][  0]LogConfig: Setting CVar [[r.Streaming.Boost:1]]
[2022.07.18-04.35.52:565][  0]LogConfig: Setting CVar [[r.MaxAnisotropy:8]]
[2022.07.18-04.35.52:565][  0]LogConfig: Setting CVar [[r.VT.MaxAnisotropy:8]]
[2022.07.18-04.35.52:565][  0]LogConfig: Setting CVar [[r.Streaming.LimitPoolSizeToVRAM:0]]
[2022.07.18-04.35.52:565][  0]LogConfig: Setting CVar [[r.Streaming.PoolSize:1000]]
[2022.07.18-04.35.52:565][  0]LogConfig: Setting CVar [[r.Streaming.MaxEffectiveScreenSize:0]]
[2022.07.18-04.35.52:565][  0]LogConfig: Applying CVar settings from Section [EffectsQuality@3] File [C:/study/ProjectRun/Saved/Config/Windows/Scalability.ini]
[2022.07.18-04.35.52:565][  0]LogConfig: Setting CVar [[r.TranslucencyLightingVolumeDim:64]]
[2022.07.18-04.35.52:565][  0]LogConfig: Setting CVar [[r.RefractionQuality:2]]
[2022.07.18-04.35.52:565][  0]LogConfig: Setting CVar [[r.SSR.Quality:3]]
[2022.07.18-04.35.52:565][  0]LogConfig: Setting CVar [[r.SSR.HalfResSceneColor:0]]
[2022.07.18-04.35.52:565][  0]LogConfig: Setting CVar [[r.SceneColorFormat:4]]
[2022.07.18-04.35.52:565][  0]LogConfig: Setting CVar [[r.DetailMode:2]]
[2022.07.18-04.35.52:565][  0]LogConfig: Setting CVar [[r.TranslucencyVolumeBlur:1]]
[2022.07.18-04.35.52:565][  0]LogConfig: Setting CVar [[r.MaterialQualityLevel:1 ; High quality]]
[2022.07.18-04.35.52:565][  0]LogConfig: Setting CVar [[r.AnisotropicMaterials:1]]
[2022.07.18-04.35.52:565][  0]LogConfig: Setting CVar [[r.SSS.Scale:1]]
[2022.07.18-04.35.52:565][  0]LogConfig: Setting CVar [[r.SSS.SampleSet:2]]
[2022.07.18-04.35.52:565][  0]LogConfig: Setting CVar [[r.SSS.Quality:1]]
[2022.07.18-04.35.52:565][  0]LogConfig: Setting CVar [[r.SSS.HalfRes:0]]
[2022.07.18-04.35.52:565][  0]LogConfig: Setting CVar [[r.SSGI.Quality:3]]
[2022.07.18-04.35.52:565][  0]LogConfig: Setting CVar [[r.EmitterSpawnRateScale:1.0]]
[2022.07.18-04.35.52:565][  0]LogConfig: Setting CVar [[r.ParticleLightQuality:2]]
[2022.07.18-04.35.52:565][  0]LogConfig: Setting CVar [[r.SkyAtmosphere.AerialPerspectiveLUT.FastApplyOnOpaque:1 ; Always have FastSkyLUT 1 in this case to avoid wrong sky]]
[2022.07.18-04.35.52:565][  0]LogConfig: Setting CVar [[r.SkyAtmosphere.AerialPerspectiveLUT.SampleCountMaxPerSlice:4]]
[2022.07.18-04.35.52:565][  0]LogConfig: Setting CVar [[r.SkyAtmosphere.AerialPerspectiveLUT.DepthResolution:16.0]]
[2022.07.18-04.35.52:565][  0]LogConfig: Setting CVar [[r.SkyAtmosphere.FastSkyLUT:1]]
[2022.07.18-04.35.52:565][  0]LogConfig: Setting CVar [[r.SkyAtmosphere.FastSkyLUT.SampleCountMin:4.0]]
[2022.07.18-04.35.52:565][  0]LogConfig: Setting CVar [[r.SkyAtmosphere.FastSkyLUT.SampleCountMax:128.0]]
[2022.07.18-04.35.52:565][  0]LogConfig: Setting CVar [[r.SkyAtmosphere.SampleCountMin:4.0]]
[2022.07.18-04.35.52:565][  0]LogConfig: Setting CVar [[r.SkyAtmosphere.SampleCountMax:128.0]]
[2022.07.18-04.35.52:565][  0]LogConfig: Setting CVar [[r.SkyAtmosphere.TransmittanceLUT.UseSmallFormat:0]]
[2022.07.18-04.35.52:565][  0]LogConfig: Setting CVar [[r.SkyAtmosphere.TransmittanceLUT.SampleCount:10.0]]
[2022.07.18-04.35.52:565][  0]LogConfig: Setting CVar [[r.SkyAtmosphere.MultiScatteringLUT.SampleCount:15.0]]
[2022.07.18-04.35.52:565][  0]LogConfig: Setting CVar [[r.SkyLight.RealTimeReflectionCapture:1]]
[2022.07.18-04.35.52:565][  0]LogConfig: Applying CVar settings from Section [FoliageQuality@3] File [C:/study/ProjectRun/Saved/Config/Windows/Scalability.ini]
[2022.07.18-04.35.52:565][  0]LogConfig: Setting CVar [[foliage.DensityScale:1.0]]
[2022.07.18-04.35.52:565][  0]LogConfig: Setting CVar [[grass.DensityScale:1.0]]
[2022.07.18-04.35.52:565][  0]LogConfig: Applying CVar settings from Section [ShadingQuality@3] File [C:/study/ProjectRun/Saved/Config/Windows/Scalability.ini]
[2022.07.18-04.35.52:565][  0]LogConfig: Setting CVar [[r.HairStrands.SkyLighting.IntegrationType:2]]
[2022.07.18-04.35.52:565][  0]LogConfig: Setting CVar [[r.HairStrands.SkyAO.SampleCount:4]]
[2022.07.18-04.35.52:565][  0]LogConfig: Setting CVar [[r.HairStrands.Visibility.MSAA.SamplePerPixel:4]]
[2022.07.18-04.35.52:565][  0]LogConfig: Applying CVar settings from Section [Startup] File [../../../Engine/Config/ConsoleVariables.ini]
[2022.07.18-04.35.52:565][  0]LogConfig: Setting CVar [[net.UseAdaptiveNetUpdateFrequency:0]]
[2022.07.18-04.35.52:565][  0]LogConfig: Setting CVar [[p.chaos.AllowCreatePhysxBodies:1]]
[2022.07.18-04.35.52:565][  0]LogConfig: Setting CVar [[fx.SkipVectorVMBackendOptimizations:1]]
[2022.07.18-04.35.52:565][  0]LogConfig: Applying CVar settings from Section [ConsoleVariables] File [C:/study/ProjectRun/Saved/Config/Windows/Engine.ini]
[2022.07.18-04.35.52:565][  0]LogConfig: Applying CVar settings from Section [ConsoleVariables] File [C:/study/ProjectRun/Saved/Config/Windows/Editor.ini]
[2022.07.18-04.35.52:565][  0]LogInit: Computer: LEEMINSEOK
[2022.07.18-04.35.52:565][  0]LogInit: User: sycym
[2022.07.18-04.35.52:565][  0]LogInit: CPU Page size=4096, Cores=14
[2022.07.18-04.35.52:565][  0]LogInit: High frequency timer resolution =10.000000 MHz
[2022.07.18-04.35.52:565][  0]LogMemory: Memory total: Physical=15.7GB (16GB approx)
[2022.07.18-04.35.52:565][  0]LogMemory: Platform Memory Stats for Windows
[2022.07.18-04.35.52:565][  0]LogMemory: Process Physical Memory: 147.65 MB used, 147.65 MB peak
[2022.07.18-04.35.52:565][  0]LogMemory: Process Virtual Memory: 132.81 MB used, 132.81 MB peak
[2022.07.18-04.35.52:565][  0]LogMemory: Physical Memory: 8502.75 MB used,  7549.19 MB free, 16051.94 MB total
[2022.07.18-04.35.52:565][  0]LogMemory: Virtual Memory: 134209216.00 MB used,  8513.16 MB free, 134217728.00 MB total
[2022.07.18-04.35.52:570][  0]LogWindows: WindowsPlatformFeatures enabled
[2022.07.18-04.35.52:608][  0]LogInit: Physics initialised using underlying interface: PhysX
[2022.07.18-04.35.52:608][  0]LogInit: Using OS detected language (ko-KR).
[2022.07.18-04.35.52:608][  0]LogInit: Using OS detected locale (ko-KR).
[2022.07.18-04.35.52:610][  0]LogTextLocalizationManager: No specific localization for 'ko-KR' exists, so the 'ko' localization will be used.
[2022.07.18-04.35.52:702][  0]LogWindowsTextInputMethodSystem: Display: IME system deactivated.
[2022.07.18-04.35.52:719][  0]LogSlate: New Slate User Created.  User Index 0, Is Virtual User: 0
[2022.07.18-04.35.52:719][  0]LogSlate: Slate User Registered.  User Index 0, Is Virtual User: 0
[2022.07.18-04.35.52:731][  0]LogD3D11RHI: Loaded GFSDK_Aftermath_Lib.x64.dll
[2022.07.18-04.35.52:735][  0]LogHMD: Failed to initialize OpenVR with code 110
[2022.07.18-04.35.52:735][  0]LogD3D11RHI: D3D11 min allowed feature level: 11_0
[2022.07.18-04.35.52:735][  0]LogD3D11RHI: D3D11 max allowed feature level: 11_0
[2022.07.18-04.35.52:735][  0]LogD3D11RHI: D3D11 adapters:
[2022.07.18-04.35.52:799][  0]LogD3D11RHI:    0. 'NVIDIA GeForce RTX 3070 Ti Laptop GPU' (Feature Level 11_0)
[2022.07.18-04.35.52:799][  0]LogD3D11RHI:       8043/0/8025 MB DedicatedVideo/DedicatedSystem/SharedSystem, Outputs:1, VendorId:0x10de
[2022.07.18-04.35.52:823][  0]LogD3D11RHI:    1. 'Intel(R) Iris(R) Xe Graphics' (Feature Level 11_0)
[2022.07.18-04.35.52:823][  0]LogD3D11RHI:       128/0/8025 MB DedicatedVideo/DedicatedSystem/SharedSystem, Outputs:0, VendorId:0x8086
[2022.07.18-04.35.52:826][  0]LogD3D11RHI:    2. 'Microsoft Basic Render Driver' (Feature Level 11_0)
[2022.07.18-04.35.52:826][  0]LogD3D11RHI:       0/0/8025 MB DedicatedVideo/DedicatedSystem/SharedSystem, Outputs:0, VendorId:0x1414
[2022.07.18-04.35.52:826][  0]LogD3D11RHI: Chosen D3D11 Adapter:
[2022.07.18-04.35.52:826][  0]LogD3D11RHI:     Description : NVIDIA GeForce RTX 3070 Ti Laptop GPU
[2022.07.18-04.35.52:826][  0]LogD3D11RHI:     VendorId    : 10de
[2022.07.18-04.35.52:826][  0]LogD3D11RHI:     DeviceId    : 24e0
[2022.07.18-04.35.52:826][  0]LogD3D11RHI:     SubSysId    : 8a14103c
[2022.07.18-04.35.52:826][  0]LogD3D11RHI:     Revision    : 00a1
[2022.07.18-04.35.52:826][  0]LogD3D11RHI:     DedicatedVideoMemory : 8433696768 bytes
[2022.07.18-04.35.52:826][  0]LogD3D11RHI:     DedicatedSystemMemory : 0 bytes
[2022.07.18-04.35.52:826][  0]LogD3D11RHI:     SharedSystemMemory : 8415840256 bytes
[2022.07.18-04.35.52:826][  0]LogD3D11RHI:     AdapterLuid : 0 75886
[2022.07.18-04.35.52:830][  0]LogD3D11RHI: Creating new Direct3DDevice
[2022.07.18-04.35.52:830][  0]LogD3D11RHI:     GPU DeviceId: 0x24e0 (for the marketing name, search the web for "GPU Device Id")
[2022.07.18-04.35.52:830][  0]LogWindows: EnumDisplayDevices:
[2022.07.18-04.35.52:830][  0]LogWindows:    0. 'Intel(R) Iris(R) Xe Graphics' (P:0 D:0)
[2022.07.18-04.35.52:831][  0]LogWindows:    1. 'Intel(R) Iris(R) Xe Graphics' (P:0 D:0)
[2022.07.18-04.35.52:831][  0]LogWindows:    2. 'Intel(R) Iris(R) Xe Graphics' (P:0 D:0)
[2022.07.18-04.35.52:831][  0]LogWindows:    3. 'Intel(R) Iris(R) Xe Graphics' (P:0 D:0)
[2022.07.18-04.35.52:831][  0]LogWindows:    4. 'NVIDIA GeForce RTX 3070 Ti Laptop GPU' (P:1 D:1)
[2022.07.18-04.35.52:831][  0]LogWindows:    5. 'NVIDIA GeForce RTX 3070 Ti Laptop GPU' (P:0 D:0)
[2022.07.18-04.35.52:831][  0]LogWindows:    6. 'NVIDIA GeForce RTX 3070 Ti Laptop GPU' (P:0 D:0)
[2022.07.18-04.35.52:831][  0]LogWindows:    7. 'NVIDIA GeForce RTX 3070 Ti Laptop GPU' (P:0 D:0)
[2022.07.18-04.35.52:831][  0]LogWindows: DebugString: PrimaryIsNotTheChoosenAdapter PrimaryIsNotTheChoosenAdapter PrimaryIsNotTheChoosenAdapter PrimaryIsNotTheChoosenAdapter FoundDriverCount:4 
[2022.07.18-04.35.52:831][  0]LogD3D11RHI:     Adapter Name: NVIDIA GeForce RTX 3070 Ti Laptop GPU
[2022.07.18-04.35.52:831][  0]LogD3D11RHI:   Driver Version: 512.78 (internal:30.0.15.1278, unified:512.78)
[2022.07.18-04.35.52:831][  0]LogD3D11RHI:      Driver Date: 5-5-2022
[2022.07.18-04.35.52:831][  0]LogRHI: Texture pool is 5630 MB (70% of 8043 MB)
[2022.07.18-04.35.52:831][  0]LogD3D11RHI: Creating D3DDevice using adapter:
[2022.07.18-04.35.52:831][  0]LogD3D11RHI:     Description : NVIDIA GeForce RTX 3070 Ti Laptop GPU
[2022.07.18-04.35.52:831][  0]LogD3D11RHI:     VendorId    : 10de
[2022.07.18-04.35.52:831][  0]LogD3D11RHI:     DeviceId    : 24e0
[2022.07.18-04.35.52:831][  0]LogD3D11RHI:     SubSysId    : 8a14103c
[2022.07.18-04.35.52:831][  0]LogD3D11RHI:     Revision    : 00a1
[2022.07.18-04.35.52:831][  0]LogD3D11RHI:     DedicatedVideoMemory : 8433696768 bytes
[2022.07.18-04.35.52:831][  0]LogD3D11RHI:     DedicatedSystemMemory : 0 bytes
[2022.07.18-04.35.52:831][  0]LogD3D11RHI:     SharedSystemMemory : 8415840256 bytes
[2022.07.18-04.35.52:831][  0]LogD3D11RHI:     AdapterLuid : 0 75886
[2022.07.18-04.35.52:871][  0]LogD3D11RHI: RHI has support for 64 bit atomics
[2022.07.18-04.35.52:871][  0]LogD3D11RHI: Async texture creation enabled
[2022.07.18-04.35.52:871][  0]LogD3D11RHI: Array index from any shader is supported
[2022.07.18-04.35.52:892][  0]LogD3D11RHI: GPU Timing Frequency: 1000.000000 (Debug: 2 2)
[2022.07.18-04.35.52:912][  0]LogRHI: GeForceNow SDK initialized: 1
[2022.07.18-04.35.53:135][  0]LogTargetPlatformManager: Display: Loaded TargetPlatform 'WindowsNoEditor'
[2022.07.18-04.35.53:138][  0]LogTargetPlatformManager: Display: Loaded TargetPlatform 'Windows'
[2022.07.18-04.35.53:142][  0]LogTargetPlatformManager: Display: Loaded TargetPlatform 'WindowsClient'
[2022.07.18-04.35.53:146][  0]LogTargetPlatformManager: Display: Loaded TargetPlatform 'WindowsServer'
[2022.07.18-04.35.53:146][  0]LogTargetPlatformManager: Display: Building Assets For Windows
[2022.07.18-04.35.53:155][  0]LogAudioDebug: Display: Lib vorbis DLL was dynamically loaded.
[2022.07.18-04.35.53:187][  0]LogTextureFormatOodle: Display: Oodle Texture 2.9.0 init RDO Off
[2022.07.18-04.35.53:220][  0]LogRendererCore: Ray tracing is disabled. Reason: r.RayTracing=0.
[2022.07.18-04.35.53:220][  0]LogShaderCompilers: Guid format shader working directory is 11 characters bigger than the processId version (../../../../../../study/ProjectRun/Intermediate/Shaders/WorkingDirectory/19648/).
[2022.07.18-04.35.53:220][  0]LogShaderCompilers: Cleaned the shader compiler working directory 'C:/Users/sycym/AppData/Local/Temp/UnrealShaderWorkingDir/C67A7C6543E45A690D0C5E9667C3A8A3/'.
[2022.07.18-04.35.53:221][  0]LogShaderCompilers: Display: Using XGE Controller for Shader Compilation.
[2022.07.18-04.35.53:733][  0]LogDerivedDataCache: Display: Max Cache Size: 512 MB
[2022.07.18-04.35.53:776][  0]LogDerivedDataCache: Loaded boot cache 0.04s 94MB C:/Users/sycym/AppData/Local/UnrealEngine/4.27/DerivedDataCache/Boot.ddc.
[2022.07.18-04.35.53:776][  0]LogDerivedDataCache: Display: Loaded Boot cache: C:/Users/sycym/AppData/Local/UnrealEngine/4.27/DerivedDataCache/Boot.ddc
[2022.07.18-04.35.53:776][  0]LogDerivedDataCache: FDerivedDataBackendGraph:  Pak pak cache file ../../../../../../study/ProjectRun/DerivedDataCache/DDC.ddp not found, will not use a pak cache.
[2022.07.18-04.35.53:776][  0]LogDerivedDataCache: Unable to find inner node Pak for hierarchical cache Hierarchy.
[2022.07.18-04.35.53:776][  0]LogDerivedDataCache: FDerivedDataBackendGraph:  CompressedPak pak cache file ../../../../../../study/ProjectRun/DerivedDataCache/Compressed.ddp not found, will not use a pak cache.
[2022.07.18-04.35.53:776][  0]LogDerivedDataCache: Unable to find inner node CompressedPak for hierarchical cache Hierarchy.
[2022.07.18-04.35.53:788][  0]LogDerivedDataCache: Display: Pak cache opened for reading ../../../Engine/DerivedDataCache/Compressed.ddp.
[2022.07.18-04.35.53:788][  0]LogDerivedDataCache: FDerivedDataBackendGraph:  EnterprisePak pak cache file ../../../Enterprise/DerivedDataCache/Compressed.ddp not found, will not use a pak cache.
[2022.07.18-04.35.53:788][  0]LogDerivedDataCache: Unable to find inner node EnterprisePak for hierarchical cache Hierarchy.
[2022.07.18-04.35.53:805][  0]LogDerivedDataCache: Speed tests for C:/Users/sycym/AppData/Local/UnrealEngine/Common/DerivedDataCache took 0.02 seconds
[2022.07.18-04.35.53:805][  0]LogDerivedDataCache: Display: Performance to C:/Users/sycym/AppData/Local/UnrealEngine/Common/DerivedDataCache: Latency=0.02ms. RandomReadSpeed=1938.87MBs, RandomWriteSpeed=58.05MBs. Assigned SpeedClass 'Local'
[2022.07.18-04.35.53:805][  0]LogDerivedDataCache: Using Local data cache path C:/Users/sycym/AppData/Local/UnrealEngine/Common/DerivedDataCache: Writable
[2022.07.18-04.35.53:805][  0]LogDerivedDataCache: Shared data cache path not found in *engine.ini, will not use an Shared cache.
[2022.07.18-04.35.53:805][  0]LogDerivedDataCache: Unable to find inner node Shared for hierarchical cache Hierarchy.
[2022.07.18-04.35.53:826][  0]LogSlate: Using FreeType 2.10.0
[2022.07.18-04.35.53:827][  0]LogSlate: SlateFontServices - WITH_FREETYPE: 1, WITH_HARFBUZZ: 1
[2022.07.18-04.35.53:883][  0]LogInit: Using OS detected language (ko-KR).
[2022.07.18-04.35.53:883][  0]LogInit: Using OS detected locale (ko-KR).
[2022.07.18-04.35.53:883][  0]LogTextLocalizationManager: No localization for 'ko-KR' exists, so 'en' will be used for the language.
[2022.07.18-04.35.53:883][  0]LogTextLocalizationManager: No localization for 'ko-KR' exists, so 'en' will be used for the locale.
[2022.07.18-04.35.53:883][  0]LogSlate: FontCache flush requested. Reason: Culture for localization was changed
[2022.07.18-04.35.53:883][  0]LogSlate: FontCache flush requested. Reason: Culture for localization was changed
[2022.07.18-04.35.53:885][  0]LogAssetRegistry: FAssetRegistry took 0.0011 seconds to start up
[2022.07.18-04.35.53:984][  0]LogTextLocalizationManager: Compacting localization data took   0.00ms
[2022.07.18-04.35.53:984][  0]LogPackageLocalizationCache: Processed 27 localized package path(s) for 1 prioritized culture(s) in 0.000680 seconds
[2022.07.18-04.35.54:024][  0]LogInit: Selected Device Profile: [Windows]
[2022.07.18-04.35.54:024][  0]LogInit: Active device profile: [00000220707CFF00][000002206A083700 49] Windows
[2022.07.18-04.35.54:024][  0]LogInit: Profiles: [00000220707CFF00][000002206A083700 49] Windows, [00000220707E7F00][000002206A08B880 49] WindowsNoEditor, [00000220707CC200][000002206A08FA00 49] WindowsServer, [00000220707E5F00][0000022069B5FB80 49] WindowsClient, [00000220707CE000][0000022069B62180 49] IOS, [00000220707E7700][0000022069B66300 49] iPadAir, [00000220707CC800][0000022069B6A480 49] iPadAir2, [0000022070794900][0000022069B72740 49] IPadPro, [0000022070794A00][0000022069B6E780 49] iPadAir3, [00000220707CC600][0000022069B76900 49] iPadAir4, [0000022070794700][0000022069B7AA80 49] iPadMini2, [00000220707CCB00][0000022069B7EC00 49] iPadMini3, [0000022070795600][0000022069B82D80 49] iPadMini4, [00000220707CEB00][0000022069B86F00 49] iPadMini5, [00000220707E6000][0000022069B8F1C0 49] iPhone6, [00000220707E6100][0000022069B8B200 49] iPodTouch6, [000002207077FF00][0000022069B974C0 49] iPhone7, [000002207077FE00][0000022069B93500 49] iPodTouch7, [00000220707E4C00][000002206A087640 49] iPhone5S, [000002207077C700][0000022069B9B780 49] iPhone6Plus, [00000220707E4D00][0000022069B9F8C0 49] iPhone6S, [000002207077F200][0000022069BA7A40 49] iPhone6SPlus, [00000220707E7100][000002207013FBC0 49] iPhone7Plus, [000002207077CF00][00000220701421C0 49] iPhoneSE, [00000220707E5D00][0000022070146340 49] iPhone8, [000002207077EB00][000002207014A4C0 49] iPhone8Plus, [00000220707E6700][000002207014E640 49] iPhoneX, [000002207077D600][00000220701527C0 49] iPhoneXS, [00000220707E7400][0000022070156940 49] iPhoneXSMax, [000002207077E400][000002207015AAC0 49] iPhoneXR, [00000220707E6400][000002207015EC40 49] iPhone11, [000002207077DD00][0000022070162DC0 49] iPhone11Pro, [00000220707E5500][0000022070166F40 49] iPhone11ProMax, [000002207077F600][000002207016B0C0 49] iPhoneSE2, [00000220707E5A00][000002207016F240 49] iPhone12Mini, [000002207077CD00][00000220701733C0 49] iPhone12, [00000220707E4A00][0000022070177540 49] iPhone12Pro, [000002207077ED00][000002207017B6C0 49] iPhone12ProMax, [00000220707E5E00][0000022069BA3800 49] iPadPro105, [000002207077E900][000002207017F940 49] iPadPro129, [00000220707E6800][0000022070183A80 49] iPadPro97, [000002207077D700][000002207018BC00 49] iPadPro2_129, [00000220707E5800][000002207018E200 49] iPad5, [000002207077F500][0000022070192380 49] iPad6, [00000220707E5600][0000022070196500 49] iPad7, [000002207077EA00][000002207019A680 49] iPad8, [00000220707E4F00][000002207019E800 49] iPadPro11, [000002207077FC00][00000220701A2980 49] iPadPro2_11, [00000220707E7000][00000220701A6B00 49] iPadPro3_129, [000002207077FB00][00000220701AAC80 49] iPadPro4_129, [00000220707E6E00][00000220701AEE00 49] AppleTV, [000002207077F300][00000220701B2F80 49] AppleTV4K, [00000220707E6D00][00000220701B7100 49] TVOS, [000002207077FD00][00000220701BB280 49] Mac, [00000220707E4B00][00000220701BF400 49] MacClient, [000002207077EE00][00000220701C3580 49] MacNoEditor, [00000220707E4900][00000220701C7700 49] MacServer, [000002207077D500][00000220701CB880 49] Linux, [00000220707E7300][00000220701879C0 49] LinuxAArch64, [000002207077F000][00000220701CFB00 49] LinuxNoEditor, [00000220707E5C00][00000220701D20C0 49] LinuxAArch64NoEditor, [000002207077DC00][00000220701DA240 49] LinuxClient, [00000220707E6B00][00000220701DE3C0 49] LinuxAArch64Client, [000002207077C800][00000220701E2540 49] LinuxServer, [00000220707E4600][00000220701E66C0 49] LinuxAArch64Server, [000002207077E800][00000220701EA840 49] Android, [00000220707E4400][00000220701EE9C0 49] Android_Low, [000002207077E500][00000220701F2B40 49] Android_Mid, [00000220707E5000][00000220701F6CC0 49] Android_High, [000002207077D300][00000220701FAE40 49] Android_Default, [00000220707E7500][00000220701FEFC0 49] Android_Adreno4xx, [0000022070794B00][0000022070203140 49] Android_Adreno5xx_Low, [0000022070859300][00000220702072C0 49] Android_Adreno5xx, [0000022070797300][000002207020B440 49] Android_Adreno6xx, [0000022070859D00][000002207020F5C0 49] Android_Adreno6xx_Vulkan, [0000022070797400][0000022070213740 49] Android_Mali_T6xx, [0000022070859100][00000220702178C0 49] Android_Mali_T7xx, [0000022070796400][000002207021BA40 49] Android_Mali_T8xx, [000002207085A300][00000220701D7B80 49] Android_Mali_G71, [0000022070795C00][0000022064560140 49] Android_Mali_G72, [0000022070858600][0000022064564280 49] Android_Mali_G72_Vulkan, [0000022070795300][00000220645683C0 49] Android_Mali_G76, [0000022070858C00][0000022064570540 49] Android_Mali_G76_Vulkan, [0000022070794200][00000220645746C0 49] Android_Mali_G77, [0000022070858900][0000022064578840 49] Android_Mali_G77_Vulkan, [0000022070795100][000002206457C9C0 49] Android_Mali_G78, [000002207085A800][0000022064580B40 49] Android_Mali_G78_Vulkan, [0000022070796600][0000022064584CC0 49] Android_Mali_G710, [0000022070858300][0000022064588E40 49] Android_Mali_G710_Vulkan, [0000022070796500][0000022069E78FC0 49] Android_Vulkan_SM5, [0000022070858E00][0000022069E7D140 49] Android_PowerVR_G6xxx, [0000022070795700][0000022069E812C0 49] Android_PowerVR_GT7xxx, [0000022070859500][0000022069E85440 49] Android_PowerVR_GE8xxx, [0000022070796D00][0000022069E895C0 49] Android_PowerVR_GM9xxx, [0000022070859B00][0000022069E8D740 49] Android_PowerVR_GM9xxx_Vulkan, [0000022070794E00][0000022069E918C0 49] Android_TegraK1, [0000022070858400][0000022069E95A40 49] Android_Unknown_Vulkan, [0000022070795800][0000022069E99BC0 49] Lumin, [0000022070859600][000002206456C180 49] Lumin_Desktop, [00000220707E4500][0000022069E9C2C0 49] HoloLens, 
[2022.07.18-04.35.54:057][  0]LogMeshReduction: Using QuadricMeshReduction for automatic static mesh reduction
[2022.07.18-04.35.54:057][  0]LogMeshReduction: Using SimplygonMeshReduction for automatic skeletal mesh reduction
[2022.07.18-04.35.54:057][  0]LogMeshReduction: Using ProxyLODMeshReduction for automatic mesh merging
[2022.07.18-04.35.54:057][  0]LogMeshReduction: No distributed automatic mesh merging module available
[2022.07.18-04.35.54:057][  0]LogMeshMerging: No distributed automatic mesh merging module available
[2022.07.18-04.35.54:130][  0]LogNetVersion: ProjectRun 1.0.0, NetCL: 17155196, EngineNetVer: 17, GameNetVer: 0 (Checksum: 340476433)
[2022.07.18-04.35.54:283][  0]LogTexture: Default maximum texture size for cubemaps generated from long-lat sources has been changed from 512 to unlimited. In order to preserve old behaiour for '/Engine/MapTemplates/Sky/DaylightAmbientCubemap.DaylightAmbientCubemap', its maximum texture size has been explicitly set to 512.
[2022.07.18-04.35.54:321][  0]LogHMD: PokeAHoleMaterial loaded successfully
[2022.07.18-04.35.54:412][  0]LogMoviePlayer: Initializing movie player
[2022.07.18-04.35.54:510][  0]LogPython: Using Python 3.7.7
[2022.07.18-04.35.54:829][  0]LogNiagaraDebuggerClient: Niagara Debugger Client Initialized | Session: 99ECF0054EB37847B5DC5CB4B43DBC66 | Instance: EEEA870F43F5D7682141E280AE6977C8 (LEEMINSEOK-19648).
[2022.07.18-04.35.54:844][  0]LogCollectionManager: Loaded 0 collections in 0.001110 seconds
[2022.07.18-04.35.54:846][  0]LogFileCache: Scanning file cache for directory 'C:/study/ProjectRun/Saved/Collections/' took 0.00s
[2022.07.18-04.35.54:846][  0]LogFileCache: Scanning file cache for directory 'C:/study/ProjectRun/Content/Developers/sycym/Collections/' took 0.00s
[2022.07.18-04.35.54:846][  0]LogFileCache: Scanning file cache for directory 'C:/study/ProjectRun/Content/Collections/' took 0.00s
[2022.07.18-04.35.54:846][  0]LogCollectionManager: Fixed up redirectors for 0 collections in 0.000001 seconds (updated 0 objects)
[2022.07.18-04.35.54:885][  0]LogUdpMessaging: Initializing bridge on interface 0.0.0.0:0 to multicast group 230.0.0.1:6666.
[2022.07.18-04.35.54:891][  0]LogTcpMessaging: Initializing TcpMessaging bridge
[2022.07.18-04.35.54:913][  0]LogSteamShared: Display: Loading Steam SDK 1.51
[2022.07.18-04.35.54:914][  0]LogSteamShared: Steam SDK Loaded!
[2022.07.18-04.35.54:962][  0]SourceControl: Source control is disabled
[2022.07.18-04.35.54:962][  0]SourceControl: Source control is disabled
[2022.07.18-04.35.54:970][  0]LogUProjectInfo: Found projects:
[2022.07.18-04.35.54:975][  0]SourceControl: Source control is disabled
[2022.07.18-04.35.55:034][  0]LogOpenImageDenoise: OIDN starting up
[2022.07.18-04.35.55:074][  0]LogAndroidPermission: UAndroidPermissionCallbackProxy::GetInstance
[2022.07.18-04.35.55:079][  0]LogAudioCaptureCore: Display: No Audio Capture implementations found. Audio input will be silent.
[2022.07.18-04.35.55:079][  0]LogAudioCaptureCore: Display: No Audio Capture implementations found. Audio input will be silent.
[2022.07.18-04.35.55:133][  0]LogOcInput: OculusInput pre-init called
[2022.07.18-04.35.55:137][  0]LogUObjectArray: 22352 objects as part of root set at end of initial load.
[2022.07.18-04.35.55:138][  0]LogUObjectAllocator: 6048224 out of 0 bytes used by permanent object pool.
[2022.07.18-04.35.55:138][  0]LogUObjectArray: CloseDisregardForGC: 0/0 objects in disregard for GC pool
[2022.07.18-04.35.55:172][  0]LogClass: Display: BoolProperty FBPSteamGroupOfficer::bIsOwner is not initialized properly. Module:AdvancedSteamSessions File:Classes/SteamRequestGroupOfficersCallbackProxy.h
[2022.07.18-04.35.55:172][  0]LogClass: Display: IntProperty FBPSteamGroupInfo::numOnline is not initialized properly. Module:AdvancedSteamSessions File:Classes/AdvancedSteamFriendsLibrary.h
[2022.07.18-04.35.55:172][  0]LogClass: Display: IntProperty FBPSteamGroupInfo::numInGame is not initialized properly. Module:AdvancedSteamSessions File:Classes/AdvancedSteamFriendsLibrary.h
[2022.07.18-04.35.55:172][  0]LogClass: Display: IntProperty FBPSteamGroupInfo::numChatting is not initialized properly. Module:AdvancedSteamSessions File:Classes/AdvancedSteamFriendsLibrary.h
[2022.07.18-04.35.55:172][  0]LogClass: Display: 4 Uninitialized script struct members found including 0 object properties
[2022.07.18-04.35.55:173][  0]LogEngine: Initializing Engine...
[2022.07.18-04.35.55:175][  0]LogHMD: Failed to enumerate extensions. Please check that you have a valid OpenXR runtime installed.
[2022.07.18-04.35.55:175][  0]LogHMD: Failed to initialize OpenVR with code 110
[2022.07.18-04.35.55:175][  0]LogMagicLeap: Warning: VR disabled because ZI is not enabled.  To enable, in the editor, Edit -> Project Settings -> Plugins -> Magic Leap Plugin -> Enable Zero Iteration
[2022.07.18-04.35.55:176][  0]LogStats: UGameplayTagsManager::InitializeManager -  0.000 s
[2022.07.18-04.35.55:234][  0]LogInit: Initializing FReadOnlyCVARCache
[2022.07.18-04.35.55:234][  0]LogAudio: Display: Initializing Audio Device Manager...
[2022.07.18-04.35.55:237][  0]LogAudio: Display: Loading Default Audio Settings Objects...
[2022.07.18-04.35.55:238][  0]LogAudio: Display: No default SoundConcurrencyObject specified (or failed to load).
[2022.07.18-04.35.55:238][  0]LogAudio: Display: Audio Device Manager Initialized
[2022.07.18-04.35.55:238][  0]LogAudio: Display: Creating Audio Device:                 Id: 1, Scope: Shared, Realtime: True
[2022.07.18-04.35.55:238][  0]LogAudioMixer: Display: Audio Mixer Platform Settings:
[2022.07.18-04.35.55:238][  0]LogAudioMixer: Display: 	Sample Rate:						  48000
[2022.07.18-04.35.55:238][  0]LogAudioMixer: Display: 	Callback Buffer Frame Size Requested: 1024
[2022.07.18-04.35.55:238][  0]LogAudioMixer: Display: 	Callback Buffer Frame Size To Use:	  1024
[2022.07.18-04.35.55:238][  0]LogAudioMixer: Display: 	Number of buffers to queue:			  2
[2022.07.18-04.35.55:238][  0]LogAudioMixer: Display: 	Max Channels (voices):				  32
[2022.07.18-04.35.55:238][  0]LogAudioMixer: Display: 	Number of Async Source Workers:		  0
[2022.07.18-04.35.55:238][  0]LogAudio: Display: AudioDevice MaxSources: 32
[2022.07.18-04.35.55:238][  0]LogAudio: Display: Audio Spatialization Plugin: None (built-in).
[2022.07.18-04.35.55:238][  0]LogAudio: Display: Audio Reverb Plugin: None (built-in).
[2022.07.18-04.35.55:238][  0]LogAudio: Display: Audio Occlusion Plugin: None (built-in).
[2022.07.18-04.35.55:238][  0]LogAudioMixer: Display: Initializing audio mixer.
[2022.07.18-04.35.55:248][  0]LogAudioMixer: Display: 0: FrontLeft
[2022.07.18-04.35.55:248][  0]LogAudioMixer: Display: 1: FrontRight
[2022.07.18-04.35.55:355][  0]LogAudioMixer: Display: Using Audio Device Speaker(Realtek(R) Audio)
[2022.07.18-04.35.55:358][  0]LogAudioMixer: Display: Initializing Sound Submixes...
[2022.07.18-04.35.55:359][  0]LogAudioMixer: Display: Creating Master Submix 'MasterSubmixDefault'
[2022.07.18-04.35.55:359][  0]LogAudioMixer: Display: Creating Master Submix 'MasterReverbSubmixDefault'
[2022.07.18-04.35.55:360][  0]LogAudioMixer: Display: Creating Master Submix 'MasterEQSubmixDefault'
[2022.07.18-04.35.55:360][  0]LogAudioMixer: FMixerPlatformXAudio2::StartAudioStream() called
[2022.07.18-04.35.55:360][  0]LogAudioMixer: Display: Output buffers initialized: Frames=1024, Channels=2, Samples=2048
[2022.07.18-04.35.55:361][  0]LogAudioMixer: Display: Starting AudioMixerPlatformInterface::RunInternal()
[2022.07.18-04.35.55:361][  0]LogAudioMixer: Display: FMixerPlatformXAudio2::SubmitBuffer() called for the first time
[2022.07.18-04.35.55:361][  0]LogInit: FAudioDevice initialized.
[2022.07.18-04.35.55:362][  0]LogNetVersion: Set ProjectVersion to 1.0.0.0. Version Checksum will be recalculated on next use.
[2022.07.18-04.35.55:362][  0]LogInit: Texture streaming: Enabled
[2022.07.18-04.35.55:410][  0]LogAudio: Display: Audio Device (ID: 1) registered with world 'Untitled'.
[2022.07.18-04.35.55:410][  0]LogSlate: Updating window title bar state: overlay mode, drag disabled, window buttons hidden, title bar hidden
[2022.07.18-04.35.55:412][  0]LogInit: Display: Game Engine Initialized.
[2022.07.18-04.35.55:412][  0]LogNiagaraEditor: GEditor isn't valid! Particle reset commands will not work for Niagara components!
[2022.07.18-04.35.55:505][  0]LogInit: Display: Starting Game.
[2022.07.18-04.35.55:505][  0]LogNet: Browse: 127.0.0.1:17777/Game/ProjectRun/Level/Entry?Name=Player
[2022.07.18-04.35.55:505][  0]LogInit: WinSock: Socket queue. Rx: 32768 (config 32768) Tx: 32768 (config 32768)
[2022.07.18-04.35.55:505][  0]LogNet: Created socket for bind address: 0.0.0.0 on port 0
[2022.07.18-04.35.55:506][  0]PacketHandlerLog: Loaded PacketHandler component: Engine.EngineHandlerComponentFactory (StatelessConnectHandlerComponent)
[2022.07.18-04.35.55:506][  0]LogNet: Game client on port 17777, rate 100000
[2022.07.18-04.35.55:566][  0]LogInit: Display: Engine is initialized. Leaving FEngineLoop::Init()
[2022.07.18-04.35.55:566][  0]LogLoad: (Engine Initialization) Total time: 3.82 seconds
[2022.07.18-04.35.55:566][  0]LogLoad: (Engine Initialization) Total Blueprint compile time: 0.00 seconds
[2022.07.18-04.35.55:569][  0]LogContentStreaming: Texture pool size now 1000 MB
[2022.07.18-04.35.55:571][  0]LogSlate: InvalidateAllWidgets triggered.  All widgets were invalidated
[2022.07.18-04.35.56:723][154]LogSlate: Window 'ProjectRun (64-bit Development PCD3D_SM5) ' being destroyed
[2022.07.18-04.35.56:724][154]LogWindowsTextInputMethodSystem: Display: IME system activated using TSF (Microsoft 입력기).
[2022.07.18-04.35.56:730][154]LogSlate: Updating window title bar state: overlay mode, drag disabled, window buttons hidden, title bar hidden
[2022.07.18-04.35.56:730][154]LogEngine: All Windows Closed
[2022.07.18-04.35.56:730][154]LogWindows: FPlatformMisc::RequestExit(0)
[2022.07.18-04.35.56:730][154]LogWindows: FPlatformMisc::RequestExitWithStatus(0, 0)
[2022.07.18-04.35.56:730][154]LogCore: Engine exit requested (reason: Win RequestExit)
[2022.07.18-04.35.56:730][155]LogCore: Engine exit requested (reason: EngineExit() was called; note: exit was already requested)
[2022.07.18-04.35.56:730][155]LogInit: Display: PreExit Game.
[2022.07.18-04.35.56:736][155]LogNet: UNetConnection::Close: [UNetConnection] RemoteAddr: 127.0.0.1:17777, Name: IpConnection_0, Driver: PendingNetDriver IpNetDriver_0, IsServer: NO, PC: NULL, Owner: NULL, UniqueId: INVALID, Channels: 2, Time: 2022.07.18-04.35.56
[2022.07.18-04.35.56:736][155]LogNet: UChannel::Close: Sending CloseBunch. ChIndex == 0. Name: [UChannel] ChIndex: 0, Closing: 0 [UNetConnection] RemoteAddr: 127.0.0.1:17777, Name: IpConnection_0, Driver: PendingNetDriver IpNetDriver_0, IsServer: NO, PC: NULL, Owner: NULL, UniqueId: INVALID
[2022.07.18-04.35.56:736][155]LogNet: DestroyNamedNetDriver IpNetDriver_0 [PendingNetDriver]
[2022.07.18-04.35.56:736][155]LogExit: PendingNetDriver IpNetDriver_0 shut down
[2022.07.18-04.35.56:736][155]LogWorld: BeginTearingDown for /Temp/Untitled_0
[2022.07.18-04.35.56:736][155]LogWorld: UWorld::CleanupWorld for Untitled, bSessionEnded=true, bCleanupResources=true
[2022.07.18-04.35.56:736][155]LogSlate: InvalidateAllWidgets triggered.  All widgets were invalidated
