Log file open, 07/15/22 14:53:45
LogWindows: Failed to load 'aqProf.dll' (GetLastError=126)
LogWindows: File 'aqProf.dll' does not exist
LogWindows: Failed to load 'VtuneApi.dll' (GetLastError=126)
LogWindows: File 'VtuneApi.dll' does not exist
LogWindows: Failed to load 'VtuneApi32e.dll' (GetLastError=126)
LogWindows: File 'VtuneApi32e.dll' does not exist
LogConsoleResponse: Display: Failed to find resolution value strings in scalability ini. Falling back to default.
LogConsoleResponse: Display: Failed to find resolution value strings in scalability ini. Falling back to default.
LogInit: Display: Running engine for game: ProjectRun
LogPlatformFile: Not using cached read wrapper
LogTaskGraph: Started task graph with 5 named threads and 59 total threads with 3 sets of task threads.
LogStats: Stats thread started at 0.186547
LogICUInternationalization: ICU TimeZone Detection - Raw Offset: +9:00, Platform Override: ''
LogInit: Display: Loading text-based GConfig....
LogPluginManager: Mounting plugin MeshPainting
LogPluginManager: Mounting plugin XGEController
LogPluginManager: Mounting plugin Paper2D
LogPluginManager: Mounting plugin AISupport
LogPluginManager: Mounting plugin EnvironmentQueryEditor
LogPluginManager: Mounting plugin CameraShakePreviewer
LogPluginManager: Mounting plugin LiveLink
LogPluginManager: Mounting plugin LightPropagationVolume
LogPluginManager: Mounting plugin AnimationSharing
LogPluginManager: Mounting plugin CodeLiteSourceCodeAccess
LogPluginManager: Mounting plugin PerforceSourceControl
LogPluginManager: Mounting plugin GameplayCameras
LogPluginManager: Mounting plugin PlasticSourceControl
LogPluginManager: Mounting plugin NullSourceCodeAccess
LogPluginManager: Mounting plugin GitSourceControl
LogPluginManager: Mounting plugin KDevelopSourceCodeAccess
LogPluginManager: Mounting plugin PixWinPlugin
LogPluginManager: Mounting plugin PluginUtils
LogPluginManager: Mounting plugin VisualStudioCodeSourceCodeAccess
LogPluginManager: Mounting plugin CLionSourceCodeAccess
LogPluginManager: Mounting plugin SubversionSourceControl
LogPluginManager: Mounting plugin PropertyAccessNode
LogPluginManager: Mounting plugin XCodeSourceCodeAccess
LogPluginManager: Mounting plugin VisualStudioSourceCodeAccess
LogPluginManager: Mounting plugin UObjectPlugin
LogPluginManager: Mounting plugin AssetManagerEditor
LogPluginManager: Mounting plugin RiderSourceCodeAccess
LogPluginManager: Mounting plugin CurveEditorTools
LogPluginManager: Mounting plugin TextureFormatOodle
LogPluginManager: Mounting plugin MaterialAnalyzer
LogPluginManager: Mounting plugin CryptoKeys
LogPluginManager: Mounting plugin PluginBrowser
LogPluginManager: Mounting plugin GeometryMode
LogPluginManager: Mounting plugin GameplayTagsEditor
LogPluginManager: Mounting plugin MacGraphicsSwitching
LogPluginManager: Mounting plugin MobileLauncherProfileWizard
LogPluginManager: Mounting plugin DataValidation
LogPluginManager: Mounting plugin SpeedTreeImporter
LogPluginManager: Mounting plugin DatasmithContent
LogPluginManager: Mounting plugin VariantManagerContent
LogPluginManager: Mounting plugin OodleData
LogPluginManager: Mounting plugin FacialAnimation
LogPluginManager: Mounting plugin AlembicImporter
LogPluginManager: Mounting plugin OodleNetwork
LogPluginManager: Mounting plugin AutomationUtils
LogPluginManager: Mounting plugin ChaosCloth
LogPluginManager: Mounting plugin ChaosNiagara
LogPluginManager: Mounting plugin BackChannel
LogPluginManager: Mounting plugin CharacterAI
LogPluginManager: Mounting plugin ChaosSolverPlugin
LogPluginManager: Mounting plugin ChaosClothEditor
LogPluginManager: Mounting plugin GeometryProcessing
LogPluginManager: Mounting plugin GeometryCache
LogPluginManager: Mounting plugin ChaosEditor
LogPluginManager: Mounting plugin GeometryCollectionPlugin
LogPluginManager: Mounting plugin OpenImageDenoise
LogPluginManager: Mounting plugin PythonScriptPlugin
LogPluginManager: Mounting plugin MotoSynth
LogPluginManager: Mounting plugin PlanarCut
LogPluginManager: Mounting plugin PlatformCrypto
LogPluginManager: Mounting plugin ProxyLODPlugin
LogPluginManager: Mounting plugin SkeletalReduction
LogPluginManager: Mounting plugin Niagara
LogPluginManager: Mounting plugin MagicLeap
LogPluginManager: Mounting plugin MagicLeapLightEstimation
LogPluginManager: Mounting plugin LuminPlatformFeatures
LogPluginManager: Mounting plugin MagicLeapPassableWorld
LogPluginManager: Mounting plugin MLSDK
LogPluginManager: Mounting plugin MagicLeapMedia
LogPluginManager: Mounting plugin AvfMedia
LogPluginManager: Mounting plugin AndroidMedia
LogPluginManager: Mounting plugin ImgMedia
LogPluginManager: Mounting plugin MediaPlayerEditor
LogPluginManager: Mounting plugin WmfMedia
LogPluginManager: Mounting plugin ActorSequence
LogPluginManager: Mounting plugin LevelSequenceEditor
LogPluginManager: Mounting plugin MediaCompositing
LogPluginManager: Mounting plugin TemplateSequence
LogPluginManager: Mounting plugin OnlineSubsystemNull
LogPluginManager: Mounting plugin OnlineSubsystem
LogPluginManager: Mounting plugin MatineeToLevelSequence
LogPluginManager: Mounting plugin UdpMessaging
LogPluginManager: Mounting plugin OnlineSubsystemUtils
LogPluginManager: Mounting plugin WebMMedia
LogPluginManager: Mounting plugin TcpMessaging
LogPluginManager: Mounting plugin ActorLayerUtilities
LogPluginManager: Mounting plugin AndroidDeviceProfileSelector
LogPluginManager: Mounting plugin AndroidPermission
LogPluginManager: Mounting plugin AndroidMoviePlayer
LogPluginManager: Mounting plugin AppleMoviePlayer
LogPluginManager: Mounting plugin ArchVisCharacter
LogPluginManager: Mounting plugin AppleImageUtils
LogPluginManager: Mounting plugin AudioCapture
LogPluginManager: Mounting plugin ScreenshotTools
LogPluginManager: Mounting plugin AssetTags
LogPluginManager: Mounting plugin CustomMeshComponent
LogPluginManager: Mounting plugin AudioSynesthesia
LogPluginManager: Mounting plugin ChunkDownloader
LogPluginManager: Mounting plugin EditableMesh
LogPluginManager: Mounting plugin CableComponent
LogPluginManager: Mounting plugin LauncherChunkInstaller
LogPluginManager: Mounting plugin ExampleDeviceProfileSelector
LogPluginManager: Mounting plugin Takes
LogPluginManager: Mounting plugin GoogleCloudMessaging
LogPluginManager: Mounting plugin IOSDeviceProfileSelector
LogPluginManager: Mounting plugin LinuxDeviceProfileSelector
LogPluginManager: Mounting plugin GooglePAD
LogPluginManager: Mounting plugin LocationServicesBPLibrary
LogPluginManager: Mounting plugin OpenXREyeTracker
LogPluginManager: Mounting plugin OpenXRHandTracking
LogPluginManager: Mounting plugin OpenXR
LogPluginManager: Mounting plugin PhysXVehicles
LogPluginManager: Mounting plugin PostSplashScreen
LogPluginManager: Mounting plugin SignificanceManager
LogPluginManager: Mounting plugin MobilePatchingUtils
LogPluginManager: Mounting plugin SoundFields
LogPluginManager: Mounting plugin PropertyAccessEditor
LogPluginManager: Mounting plugin ProceduralMeshComponent
LogPluginManager: Mounting plugin RuntimePhysXCooking
LogPluginManager: Mounting plugin WindowsMoviePlayer
LogPluginManager: Mounting plugin Synthesis
LogPluginManager: Mounting plugin WebMMoviePlayer
LogPluginManager: Mounting plugin ContentBrowserAssetDataSource
LogPluginManager: Mounting plugin ContentBrowserClassDataSource
LogPluginManager: Mounting plugin ContentBrowserFileDataSource
LogPluginManager: Mounting plugin OnlineSubsystemGooglePlay
LogPluginManager: Mounting plugin OnlineSubsystemIOS
LogPluginManager: Mounting plugin OculusVR
LogPluginManager: Mounting plugin SteamVR
PixWinPlugin: PIX capture plugin failed to initialize! Check that the process is launched from PIX.
LogInit: Using libcurl 7.55.1-DEV
LogInit:  - built for x86_64-pc-win32
LogInit:  - supports SSL with OpenSSL/1.1.1
LogInit:  - supports HTTP deflate (compression) using libz 1.2.8
LogInit:  - other features:
LogInit:      CURL_VERSION_SSL
LogInit:      CURL_VERSION_LIBZ
LogInit:      CURL_VERSION_IPV6
LogInit:      CURL_VERSION_ASYNCHDNS
LogInit:      CURL_VERSION_LARGEFILE
LogInit:      CURL_VERSION_IDN
LogInit:  CurlRequestOptions (configurable via config and command line):
LogInit:  - bVerifyPeer = true  - Libcurl will verify peer certificate
LogInit:  - bUseHttpProxy = false  - Libcurl will NOT use HTTP proxy
LogInit:  - bDontReuseConnections = false  - Libcurl will reuse connections
LogInit:  - MaxHostConnections = 16  - Libcurl will limit the number of connections to a host
LogInit:  - LocalHostAddr = Default
LogInit:  - BufferSize = 65536
LogOnline: OSS: Creating online subsystem instance for: NULL
LogInit: WinSock: version 1.1 (2.2), MaxSocks=32767, MaxUdp=65467
LogOnline: OSS: TryLoadSubsystemAndSetDefault: Loaded subsystem for module [NULL]
LogOculusPluginWrapper: OculusPlugin initialized successfully
LogHMD: Failed initializing OVRPlugin 1.59.0
LogInit: Build: ++UE4+Release-4.27-CL-18319896
LogInit: Engine Version: 4.27.2-18319896+++UE4+Release-4.27
LogInit: Compatible Engine Version: 4.27.0-17155196+++UE4+Release-4.27
LogInit: Net CL: 17155196
LogInit: OS: Windows 10 (Release 2009) (), CPU: 12th Gen Intel(R) Core(TM) i7-12700H, GPU: NVIDIA GeForce RTX 3070 Ti Laptop GPU
LogInit: Compiled (64-bit): Nov 30 2021 07:12:08
LogInit: Compiled with Visual C++: 19.24.28315.00
LogInit: Build Configuration: Development
LogInit: Branch Name: ++UE4+Release-4.27
LogInit: Command Line:  127.0.0.1:17777 -game -PIEVIACONSOLE -Multiprocess GameUserSettingsINI=C:/study/ProjectRun/Saved/Config/Windows/PIEGameUserSettings1.ini -MultiprocessSaveConfig -forcepassthrough -messaging -SessionName="Play in Standalone Game" -windowed -WinX=1214 -WinY=228 SAVEWINPOS=1 -ResX=640 -ResY=480
LogInit: Base Directory: C:/Program Files/Epic Games/UE_4.27/Engine/Binaries/Win64/
LogInit: Allocator: TBB
LogInit: Installed Engine Build: 1
LogDevObjectVersion: Number of dev versions registered: 29
LogDevObjectVersion:   Dev-Blueprints (B0D832E4-1F89-4F0D-ACCF-7EB736FD4AA2): 10
LogDevObjectVersion:   Dev-Build (E1C64328-A22C-4D53-A36C-8E866417BD8C): 0
LogDevObjectVersion:   Dev-Core (375EC13C-06E4-48FB-B500-84F0262A717E): 4
LogDevObjectVersion:   Dev-Editor (E4B068ED-F494-42E9-A231-DA0B2E46BB41): 40
LogDevObjectVersion:   Dev-Framework (CFFC743F-43B0-4480-9391-14DF171D2073): 37
LogDevObjectVersion:   Dev-Mobile (B02B49B5-BB20-44E9-A304-32B752E40360): 3
LogDevObjectVersion:   Dev-Networking (A4E4105C-59A1-49B5-A7C5-40C4547EDFEE): 0
LogDevObjectVersion:   Dev-Online (39C831C9-5AE6-47DC-9A44-9C173E1C8E7C): 0
LogDevObjectVersion:   Dev-Physics (78F01B33-EBEA-4F98-B9B4-84EACCB95AA2): 14
LogDevObjectVersion:   Dev-Platform (6631380F-2D4D-43E0-8009-CF276956A95A): 0
LogDevObjectVersion:   Dev-Rendering (12F88B9F-8875-4AFC-A67C-D90C383ABD29): 45
LogDevObjectVersion:   Dev-Sequencer (7B5AE74C-D270-4C10-A958-57980B212A5A): 13
LogDevObjectVersion:   Dev-VR (D7296918-1DD6-4BDD-9DE2-64A83CC13884): 3
LogDevObjectVersion:   Dev-LoadTimes (C2A15278-BFE7-4AFE-6C17-90FF531DF755): 1
LogDevObjectVersion:   Private-Geometry (6EACA3D4-40EC-4CC1-B786-8BED09428FC5): 3
LogDevObjectVersion:   Dev-AnimPhys (29E575DD-E0A3-4627-9D10-D276232CDCEA): 17
LogDevObjectVersion:   Dev-Anim (AF43A65D-7FD3-4947-9873-3E8ED9C1BB05): 15
LogDevObjectVersion:   Dev-ReflectionCapture (6B266CEC-1EC7-4B8F-A30B-E4D90942FC07): 1
LogDevObjectVersion:   Dev-Automation (0DF73D61-A23F-47EA-B727-89E90C41499A): 1
LogDevObjectVersion:   FortniteMain (601D1886-AC64-4F84-AA16-D3DE0DEAC7D6): 47
LogDevObjectVersion:   FortniteRelease (E7086368-6B23-4C58-8439-1B7016265E91): 1
LogDevObjectVersion:   Dev-Enterprise (9DFFBCD6-494F-0158-E221-12823C92A888): 10
LogDevObjectVersion:   Dev-Niagara (F2AED0AC-9AFE-416F-8664-AA7FFA26D6FC): 1
LogDevObjectVersion:   Dev-Destruction (174F1F0B-B4C6-45A5-B13F-2EE8D0FB917D): 10
LogDevObjectVersion:   Dev-Physics-Ext (35F94A83-E258-406C-A318-09F59610247C): 41
LogDevObjectVersion:   Dev-PhysicsMaterial-Chaos (B68FC16E-8B1B-42E2-B453-215C058844FE): 1
LogDevObjectVersion:   Dev-CineCamera (B2E18506-4273-CFC2-A54E-F4BB758BBA07): 1
LogDevObjectVersion:   Dev-VirtualProduction (64F58936-FD1B-42BA-BA96-7289D5D0FA4E): 1
LogDevObjectVersion:   Dev-MediaFramework (6F0ED827-A609-4895-9C91-998D90180EA4): 2
LogInit: Presizing for max 25165824 objects, including 0 objects not considered by GC, pre-allocating 0 bytes for permanent pool.
LogConfig: Applying CVar settings from Section [/Script/Engine.StreamingSettings] File [C:/study/ProjectRun/Saved/Config/Windows/Engine.ini]
LogConfig: Setting CVar [[s.MinBulkDataSizeForAsyncLoading:131072]]
LogConfig: Setting CVar [[s.AsyncLoadingThreadEnabled:0]]
LogConfig: Setting CVar [[s.EventDrivenLoaderEnabled:1]]
LogConfig: Setting CVar [[s.WarnIfTimeLimitExceeded:0]]
LogConfig: Setting CVar [[s.TimeLimitExceededMultiplier:1.5]]
LogConfig: Setting CVar [[s.TimeLimitExceededMinTime:0.005]]
LogConfig: Setting CVar [[s.UseBackgroundLevelStreaming:1]]
LogConfig: Setting CVar [[s.PriorityAsyncLoadingExtraTime:15.0]]
LogConfig: Setting CVar [[s.LevelStreamingActorsUpdateTimeLimit:5.0]]
LogConfig: Setting CVar [[s.PriorityLevelStreamingActorsUpdateExtraTime:5.0]]
LogConfig: Setting CVar [[s.LevelStreamingComponentsRegistrationGranularity:10]]
LogConfig: Setting CVar [[s.UnregisterComponentsTimeLimit:1.0]]
LogConfig: Setting CVar [[s.LevelStreamingComponentsUnregistrationGranularity:5]]
LogConfig: Setting CVar [[s.FlushStreamingOnExit:1]]
LogInit: Object subsystem initialized
LogConfig: Setting CVar [[con.DebugEarlyDefault:1]]
LogConfig: Setting CVar [[r.setres:1280x720]]
[2022.07.15-05.53.45:688][  0]LogConfig: Setting CVar [[con.DebugEarlyDefault:1]]
[2022.07.15-05.53.45:688][  0]LogConfig: Setting CVar [[r.setres:1280x720]]
[2022.07.15-05.53.45:688][  0]LogConfig: Applying CVar settings from Section [/Script/Engine.RendererSettings] File [C:/study/ProjectRun/Saved/Config/Windows/Engine.ini]
[2022.07.15-05.53.45:688][  0]LogConfig: Setting CVar [[r.GPUCrashDebugging:0]]
[2022.07.15-05.53.45:688][  0]LogConfig: Applying CVar settings from Section [/Script/Engine.RendererOverrideSettings] File [C:/study/ProjectRun/Saved/Config/Windows/Engine.ini]
[2022.07.15-05.53.45:688][  0]LogConfig: Applying CVar settings from Section [/Script/Engine.StreamingSettings] File [C:/study/ProjectRun/Saved/Config/Windows/Engine.ini]
[2022.07.15-05.53.45:688][  0]LogConfig: Setting CVar [[s.MinBulkDataSizeForAsyncLoading:131072]]
[2022.07.15-05.53.45:688][  0]LogConfig: Setting CVar [[s.AsyncLoadingThreadEnabled:0]]
[2022.07.15-05.53.45:688][  0]LogConfig: Setting CVar [[s.EventDrivenLoaderEnabled:1]]
[2022.07.15-05.53.45:688][  0]LogConfig: Setting CVar [[s.WarnIfTimeLimitExceeded:0]]
[2022.07.15-05.53.45:688][  0]LogConfig: Setting CVar [[s.TimeLimitExceededMultiplier:1.5]]
[2022.07.15-05.53.45:688][  0]LogConfig: Setting CVar [[s.TimeLimitExceededMinTime:0.005]]
[2022.07.15-05.53.45:688][  0]LogConfig: Setting CVar [[s.UseBackgroundLevelStreaming:1]]
[2022.07.15-05.53.45:688][  0]LogConfig: Setting CVar [[s.PriorityAsyncLoadingExtraTime:15.0]]
[2022.07.15-05.53.45:688][  0]LogConfig: Setting CVar [[s.LevelStreamingActorsUpdateTimeLimit:5.0]]
[2022.07.15-05.53.45:688][  0]LogConfig: Setting CVar [[s.PriorityLevelStreamingActorsUpdateExtraTime:5.0]]
[2022.07.15-05.53.45:688][  0]LogConfig: Setting CVar [[s.LevelStreamingComponentsRegistrationGranularity:10]]
[2022.07.15-05.53.45:688][  0]LogConfig: Setting CVar [[s.UnregisterComponentsTimeLimit:1.0]]
[2022.07.15-05.53.45:688][  0]LogConfig: Setting CVar [[s.LevelStreamingComponentsUnregistrationGranularity:5]]
[2022.07.15-05.53.45:688][  0]LogConfig: Setting CVar [[s.FlushStreamingOnExit:1]]
[2022.07.15-05.53.45:688][  0]LogConfig: Applying CVar settings from Section [/Script/Engine.GarbageCollectionSettings] File [C:/study/ProjectRun/Saved/Config/Windows/Engine.ini]
[2022.07.15-05.53.45:688][  0]LogConfig: Setting CVar [[gc.MaxObjectsNotConsideredByGC:1]]
[2022.07.15-05.53.45:688][  0]LogConfig: Setting CVar [[gc.SizeOfPermanentObjectPool:0]]
[2022.07.15-05.53.45:688][  0]LogConfig: Setting CVar [[gc.FlushStreamingOnGC:0]]
[2022.07.15-05.53.45:688][  0]LogConfig: Setting CVar [[gc.NumRetriesBeforeForcingGC:10]]
[2022.07.15-05.53.45:688][  0]LogConfig: Setting CVar [[gc.AllowParallelGC:1]]
[2022.07.15-05.53.45:688][  0]LogConfig: Setting CVar [[gc.TimeBetweenPurgingPendingKillObjects:61.1]]
[2022.07.15-05.53.45:688][  0]LogConfig: Setting CVar [[gc.MaxObjectsInEditor:25165824]]
[2022.07.15-05.53.45:688][  0]LogConfig: Setting CVar [[gc.IncrementalBeginDestroyEnabled:1]]
[2022.07.15-05.53.45:688][  0]LogConfig: Setting CVar [[gc.CreateGCClusters:1]]
[2022.07.15-05.53.45:688][  0]LogConfig: Setting CVar [[gc.MinGCClusterSize:5]]
[2022.07.15-05.53.45:688][  0]LogConfig: Setting CVar [[gc.ActorClusteringEnabled:0]]
[2022.07.15-05.53.45:688][  0]LogConfig: Setting CVar [[gc.BlueprintClusteringEnabled:0]]
[2022.07.15-05.53.45:688][  0]LogConfig: Setting CVar [[gc.UseDisregardForGCOnDedicatedServers:0]]
[2022.07.15-05.53.45:688][  0]LogConfig: Setting CVar [[gc.MultithreadedDestructionEnabled:1]]
[2022.07.15-05.53.45:688][  0]LogConfig: Applying CVar settings from Section [/Script/Engine.NetworkSettings] File [C:/study/ProjectRun/Saved/Config/Windows/Engine.ini]
[2022.07.15-05.53.45:688][  0]LogConfig: Applying CVar settings from Section [/Script/UnrealEd.CookerSettings] File [C:/study/ProjectRun/Saved/Config/Windows/Engine.ini]
[2022.07.15-05.53.45:747][  0]LogConfig: Applying CVar settings from Section [ViewDistanceQuality@3] File [C:/study/ProjectRun/Saved/Config/Windows/Scalability.ini]
[2022.07.15-05.53.45:747][  0]LogConfig: Setting CVar [[r.SkeletalMeshLODBias:0]]
[2022.07.15-05.53.45:747][  0]LogConfig: Setting CVar [[r.ViewDistanceScale:1.0]]
[2022.07.15-05.53.45:747][  0]LogConfig: Applying CVar settings from Section [AntiAliasingQuality@3] File [C:/study/ProjectRun/Saved/Config/Windows/Scalability.ini]
[2022.07.15-05.53.45:747][  0]LogConfig: Setting CVar [[r.PostProcessAAQuality:4]]
[2022.07.15-05.53.45:747][  0]LogConfig: Applying CVar settings from Section [ShadowQuality@3] File [C:/study/ProjectRun/Saved/Config/Windows/Scalability.ini]
[2022.07.15-05.53.45:747][  0]LogConfig: Setting CVar [[r.LightFunctionQuality:1]]
[2022.07.15-05.53.45:747][  0]LogConfig: Setting CVar [[r.ShadowQuality:5]]
[2022.07.15-05.53.45:747][  0]LogConfig: Setting CVar [[r.Shadow.CSM.MaxCascades:10]]
[2022.07.15-05.53.45:747][  0]LogConfig: Setting CVar [[r.Shadow.MaxResolution:2048]]
[2022.07.15-05.53.45:747][  0]LogConfig: Setting CVar [[r.Shadow.MaxCSMResolution:2048]]
[2022.07.15-05.53.45:747][  0]LogConfig: Setting CVar [[r.Shadow.RadiusThreshold:0.01]]
[2022.07.15-05.53.45:747][  0]LogConfig: Setting CVar [[r.Shadow.DistanceScale:1.0]]
[2022.07.15-05.53.45:747][  0]LogConfig: Setting CVar [[r.Shadow.CSM.TransitionScale:1.0]]
[2022.07.15-05.53.45:747][  0]LogConfig: Setting CVar [[r.Shadow.PreShadowResolutionFactor:1.0]]
[2022.07.15-05.53.45:748][  0]LogConfig: Setting CVar [[r.DistanceFieldShadowing:1]]
[2022.07.15-05.53.45:748][  0]LogConfig: Setting CVar [[r.DistanceFieldAO:1]]
[2022.07.15-05.53.45:748][  0]LogConfig: Setting CVar [[r.AOQuality:2]]
[2022.07.15-05.53.45:748][  0]LogConfig: Setting CVar [[r.VolumetricFog:1]]
[2022.07.15-05.53.45:748][  0]LogConfig: Setting CVar [[r.VolumetricFog.GridPixelSize:8]]
[2022.07.15-05.53.45:748][  0]LogConfig: Setting CVar [[r.VolumetricFog.GridSizeZ:128]]
[2022.07.15-05.53.45:748][  0]LogConfig: Setting CVar [[r.VolumetricFog.HistoryMissSupersampleCount:4]]
[2022.07.15-05.53.45:748][  0]LogConfig: Setting CVar [[r.LightMaxDrawDistanceScale:1]]
[2022.07.15-05.53.45:748][  0]LogConfig: Setting CVar [[r.CapsuleShadows:1]]
[2022.07.15-05.53.45:748][  0]LogConfig: Applying CVar settings from Section [PostProcessQuality@3] File [C:/study/ProjectRun/Saved/Config/Windows/Scalability.ini]
[2022.07.15-05.53.45:748][  0]LogConfig: Setting CVar [[r.MotionBlurQuality:4]]
[2022.07.15-05.53.45:748][  0]LogConfig: Setting CVar [[r.AmbientOcclusionMipLevelFactor:0.4]]
[2022.07.15-05.53.45:748][  0]LogConfig: Setting CVar [[r.AmbientOcclusionMaxQuality:100]]
[2022.07.15-05.53.45:748][  0]LogConfig: Setting CVar [[r.AmbientOcclusionLevels:-1]]
[2022.07.15-05.53.45:748][  0]LogConfig: Setting CVar [[r.AmbientOcclusionRadiusScale:1.0]]
[2022.07.15-05.53.45:748][  0]LogConfig: Setting CVar [[r.DepthOfFieldQuality:2]]
[2022.07.15-05.53.45:748][  0]LogConfig: Setting CVar [[r.RenderTargetPoolMin:400]]
[2022.07.15-05.53.45:748][  0]LogConfig: Setting CVar [[r.LensFlareQuality:2]]
[2022.07.15-05.53.45:748][  0]LogConfig: Setting CVar [[r.SceneColorFringeQuality:1]]
[2022.07.15-05.53.45:748][  0]LogConfig: Setting CVar [[r.EyeAdaptationQuality:2]]
[2022.07.15-05.53.45:748][  0]LogConfig: Setting CVar [[r.BloomQuality:5]]
[2022.07.15-05.53.45:748][  0]LogConfig: Setting CVar [[r.FastBlurThreshold:100]]
[2022.07.15-05.53.45:748][  0]LogConfig: Setting CVar [[r.Upscale.Quality:3]]
[2022.07.15-05.53.45:748][  0]LogConfig: Setting CVar [[r.Tonemapper.GrainQuantization:1]]
[2022.07.15-05.53.45:748][  0]LogConfig: Setting CVar [[r.LightShaftQuality:1]]
[2022.07.15-05.53.45:748][  0]LogConfig: Setting CVar [[r.Filter.SizeScale:1]]
[2022.07.15-05.53.45:748][  0]LogConfig: Setting CVar [[r.Tonemapper.Quality:5]]
[2022.07.15-05.53.45:748][  0]LogConfig: Setting CVar [[r.DOF.Gather.AccumulatorQuality:1        ; higher gathering accumulator quality]]
[2022.07.15-05.53.45:748][  0]LogConfig: Setting CVar [[r.DOF.Gather.PostfilterMethod:1          ; Median3x3 postfilering method]]
[2022.07.15-05.53.45:748][  0]LogConfig: Setting CVar [[r.DOF.Gather.EnableBokehSettings:0       ; no bokeh simulation when gathering]]
[2022.07.15-05.53.45:748][  0]LogConfig: Setting CVar [[r.DOF.Gather.RingCount:4                 ; medium number of samples when gathering]]
[2022.07.15-05.53.45:748][  0]LogConfig: Setting CVar [[r.DOF.Scatter.ForegroundCompositing:1    ; additive foreground scattering]]
[2022.07.15-05.53.45:748][  0]LogConfig: Setting CVar [[r.DOF.Scatter.BackgroundCompositing:2    ; additive background scattering]]
[2022.07.15-05.53.45:748][  0]LogConfig: Setting CVar [[r.DOF.Scatter.EnableBokehSettings:1      ; bokeh simulation when scattering]]
[2022.07.15-05.53.45:748][  0]LogConfig: Setting CVar [[r.DOF.Scatter.MaxSpriteRatio:0.1         ; only a maximum of 10% of scattered bokeh]]
[2022.07.15-05.53.45:748][  0]LogConfig: Setting CVar [[r.DOF.Recombine.Quality:1                ; cheap slight out of focus]]
[2022.07.15-05.53.45:748][  0]LogConfig: Setting CVar [[r.DOF.Recombine.EnableBokehSettings:0    ; no bokeh simulation on slight out of focus]]
[2022.07.15-05.53.45:748][  0]LogConfig: Setting CVar [[r.DOF.TemporalAAQuality:1                ; more stable temporal accumulation]]
[2022.07.15-05.53.45:748][  0]LogConfig: Setting CVar [[r.DOF.Kernel.MaxForegroundRadius:0.025]]
[2022.07.15-05.53.45:748][  0]LogConfig: Setting CVar [[r.DOF.Kernel.MaxBackgroundRadius:0.025]]
[2022.07.15-05.53.45:748][  0]LogConfig: Applying CVar settings from Section [TextureQuality@3] File [C:/study/ProjectRun/Saved/Config/Windows/Scalability.ini]
[2022.07.15-05.53.45:748][  0]LogConfig: Setting CVar [[r.Streaming.MipBias:0]]
[2022.07.15-05.53.45:748][  0]LogConfig: Setting CVar [[r.Streaming.AmortizeCPUToGPUCopy:0]]
[2022.07.15-05.53.45:748][  0]LogConfig: Setting CVar [[r.Streaming.MaxNumTexturesToStreamPerFrame:0]]
[2022.07.15-05.53.45:748][  0]LogConfig: Setting CVar [[r.Streaming.Boost:1]]
[2022.07.15-05.53.45:748][  0]LogConfig: Setting CVar [[r.MaxAnisotropy:8]]
[2022.07.15-05.53.45:748][  0]LogConfig: Setting CVar [[r.VT.MaxAnisotropy:8]]
[2022.07.15-05.53.45:748][  0]LogConfig: Setting CVar [[r.Streaming.LimitPoolSizeToVRAM:0]]
[2022.07.15-05.53.45:748][  0]LogConfig: Setting CVar [[r.Streaming.PoolSize:1000]]
[2022.07.15-05.53.45:748][  0]LogConfig: Setting CVar [[r.Streaming.MaxEffectiveScreenSize:0]]
[2022.07.15-05.53.45:748][  0]LogConfig: Applying CVar settings from Section [EffectsQuality@3] File [C:/study/ProjectRun/Saved/Config/Windows/Scalability.ini]
[2022.07.15-05.53.45:748][  0]LogConfig: Setting CVar [[r.TranslucencyLightingVolumeDim:64]]
[2022.07.15-05.53.45:748][  0]LogConfig: Setting CVar [[r.RefractionQuality:2]]
[2022.07.15-05.53.45:748][  0]LogConfig: Setting CVar [[r.SSR.Quality:3]]
[2022.07.15-05.53.45:748][  0]LogConfig: Setting CVar [[r.SSR.HalfResSceneColor:0]]
[2022.07.15-05.53.45:748][  0]LogConfig: Setting CVar [[r.SceneColorFormat:4]]
[2022.07.15-05.53.45:748][  0]LogConfig: Setting CVar [[r.DetailMode:2]]
[2022.07.15-05.53.45:748][  0]LogConfig: Setting CVar [[r.TranslucencyVolumeBlur:1]]
[2022.07.15-05.53.45:748][  0]LogConfig: Setting CVar [[r.MaterialQualityLevel:1 ; High quality]]
[2022.07.15-05.53.45:748][  0]LogConfig: Setting CVar [[r.AnisotropicMaterials:1]]
[2022.07.15-05.53.45:748][  0]LogConfig: Setting CVar [[r.SSS.Scale:1]]
[2022.07.15-05.53.45:748][  0]LogConfig: Setting CVar [[r.SSS.SampleSet:2]]
[2022.07.15-05.53.45:748][  0]LogConfig: Setting CVar [[r.SSS.Quality:1]]
[2022.07.15-05.53.45:748][  0]LogConfig: Setting CVar [[r.SSS.HalfRes:0]]
[2022.07.15-05.53.45:748][  0]LogConfig: Setting CVar [[r.SSGI.Quality:3]]
[2022.07.15-05.53.45:748][  0]LogConfig: Setting CVar [[r.EmitterSpawnRateScale:1.0]]
[2022.07.15-05.53.45:748][  0]LogConfig: Setting CVar [[r.ParticleLightQuality:2]]
[2022.07.15-05.53.45:748][  0]LogConfig: Setting CVar [[r.SkyAtmosphere.AerialPerspectiveLUT.FastApplyOnOpaque:1 ; Always have FastSkyLUT 1 in this case to avoid wrong sky]]
[2022.07.15-05.53.45:748][  0]LogConfig: Setting CVar [[r.SkyAtmosphere.AerialPerspectiveLUT.SampleCountMaxPerSlice:4]]
[2022.07.15-05.53.45:748][  0]LogConfig: Setting CVar [[r.SkyAtmosphere.AerialPerspectiveLUT.DepthResolution:16.0]]
[2022.07.15-05.53.45:748][  0]LogConfig: Setting CVar [[r.SkyAtmosphere.FastSkyLUT:1]]
[2022.07.15-05.53.45:748][  0]LogConfig: Setting CVar [[r.SkyAtmosphere.FastSkyLUT.SampleCountMin:4.0]]
[2022.07.15-05.53.45:748][  0]LogConfig: Setting CVar [[r.SkyAtmosphere.FastSkyLUT.SampleCountMax:128.0]]
[2022.07.15-05.53.45:748][  0]LogConfig: Setting CVar [[r.SkyAtmosphere.SampleCountMin:4.0]]
[2022.07.15-05.53.45:748][  0]LogConfig: Setting CVar [[r.SkyAtmosphere.SampleCountMax:128.0]]
[2022.07.15-05.53.45:748][  0]LogConfig: Setting CVar [[r.SkyAtmosphere.TransmittanceLUT.UseSmallFormat:0]]
[2022.07.15-05.53.45:748][  0]LogConfig: Setting CVar [[r.SkyAtmosphere.TransmittanceLUT.SampleCount:10.0]]
[2022.07.15-05.53.45:748][  0]LogConfig: Setting CVar [[r.SkyAtmosphere.MultiScatteringLUT.SampleCount:15.0]]
[2022.07.15-05.53.45:748][  0]LogConfig: Setting CVar [[r.SkyLight.RealTimeReflectionCapture:1]]
[2022.07.15-05.53.45:748][  0]LogConfig: Applying CVar settings from Section [FoliageQuality@3] File [C:/study/ProjectRun/Saved/Config/Windows/Scalability.ini]
[2022.07.15-05.53.45:748][  0]LogConfig: Setting CVar [[foliage.DensityScale:1.0]]
[2022.07.15-05.53.45:748][  0]LogConfig: Setting CVar [[grass.DensityScale:1.0]]
[2022.07.15-05.53.45:748][  0]LogConfig: Applying CVar settings from Section [ShadingQuality@3] File [C:/study/ProjectRun/Saved/Config/Windows/Scalability.ini]
[2022.07.15-05.53.45:748][  0]LogConfig: Setting CVar [[r.HairStrands.SkyLighting.IntegrationType:2]]
[2022.07.15-05.53.45:748][  0]LogConfig: Setting CVar [[r.HairStrands.SkyAO.SampleCount:4]]
[2022.07.15-05.53.45:748][  0]LogConfig: Setting CVar [[r.HairStrands.Visibility.MSAA.SamplePerPixel:4]]
[2022.07.15-05.53.45:748][  0]LogInit: Selected Device Profile: [Windows]
[2022.07.15-05.53.45:748][  0]LogInit: Applying CVar settings loaded from the selected device profile: [Windows]
[2022.07.15-05.53.45:748][  0]LogHAL: Display: Platform has ~ 16 GB [16831680512 / 17179869184 / 16], which maps to Larger [LargestMinGB=32, LargerMinGB=12, DefaultMinGB=8, SmallerMinGB=6, SmallestMinGB=0)
[2022.07.15-05.53.45:748][  0]LogInit: Going up to parent DeviceProfile []
[2022.07.15-05.53.45:748][  0]LogConfig: Applying CVar settings from Section [ViewDistanceQuality@3] File [C:/study/ProjectRun/Saved/Config/Windows/Scalability.ini]
[2022.07.15-05.53.45:748][  0]LogConfig: Setting CVar [[r.SkeletalMeshLODBias:0]]
[2022.07.15-05.53.45:748][  0]LogConfig: Setting CVar [[r.ViewDistanceScale:1.0]]
[2022.07.15-05.53.45:748][  0]LogConfig: Applying CVar settings from Section [AntiAliasingQuality@3] File [C:/study/ProjectRun/Saved/Config/Windows/Scalability.ini]
[2022.07.15-05.53.45:748][  0]LogConfig: Setting CVar [[r.PostProcessAAQuality:4]]
[2022.07.15-05.53.45:748][  0]LogConfig: Applying CVar settings from Section [ShadowQuality@3] File [C:/study/ProjectRun/Saved/Config/Windows/Scalability.ini]
[2022.07.15-05.53.45:748][  0]LogConfig: Setting CVar [[r.LightFunctionQuality:1]]
[2022.07.15-05.53.45:748][  0]LogConfig: Setting CVar [[r.ShadowQuality:5]]
[2022.07.15-05.53.45:748][  0]LogConfig: Setting CVar [[r.Shadow.CSM.MaxCascades:10]]
[2022.07.15-05.53.45:748][  0]LogConfig: Setting CVar [[r.Shadow.MaxResolution:2048]]
[2022.07.15-05.53.45:748][  0]LogConfig: Setting CVar [[r.Shadow.MaxCSMResolution:2048]]
[2022.07.15-05.53.45:748][  0]LogConfig: Setting CVar [[r.Shadow.RadiusThreshold:0.01]]
[2022.07.15-05.53.45:748][  0]LogConfig: Setting CVar [[r.Shadow.DistanceScale:1.0]]
[2022.07.15-05.53.45:748][  0]LogConfig: Setting CVar [[r.Shadow.CSM.TransitionScale:1.0]]
[2022.07.15-05.53.45:748][  0]LogConfig: Setting CVar [[r.Shadow.PreShadowResolutionFactor:1.0]]
[2022.07.15-05.53.45:748][  0]LogConfig: Setting CVar [[r.DistanceFieldShadowing:1]]
[2022.07.15-05.53.45:748][  0]LogConfig: Setting CVar [[r.DistanceFieldAO:1]]
[2022.07.15-05.53.45:748][  0]LogConfig: Setting CVar [[r.AOQuality:2]]
[2022.07.15-05.53.45:748][  0]LogConfig: Setting CVar [[r.VolumetricFog:1]]
[2022.07.15-05.53.45:748][  0]LogConfig: Setting CVar [[r.VolumetricFog.GridPixelSize:8]]
[2022.07.15-05.53.45:748][  0]LogConfig: Setting CVar [[r.VolumetricFog.GridSizeZ:128]]
[2022.07.15-05.53.45:748][  0]LogConfig: Setting CVar [[r.VolumetricFog.HistoryMissSupersampleCount:4]]
[2022.07.15-05.53.45:749][  0]LogConfig: Setting CVar [[r.LightMaxDrawDistanceScale:1]]
[2022.07.15-05.53.45:749][  0]LogConfig: Setting CVar [[r.CapsuleShadows:1]]
[2022.07.15-05.53.45:749][  0]LogConfig: Applying CVar settings from Section [PostProcessQuality@3] File [C:/study/ProjectRun/Saved/Config/Windows/Scalability.ini]
[2022.07.15-05.53.45:749][  0]LogConfig: Setting CVar [[r.MotionBlurQuality:4]]
[2022.07.15-05.53.45:749][  0]LogConfig: Setting CVar [[r.AmbientOcclusionMipLevelFactor:0.4]]
[2022.07.15-05.53.45:749][  0]LogConfig: Setting CVar [[r.AmbientOcclusionMaxQuality:100]]
[2022.07.15-05.53.45:749][  0]LogConfig: Setting CVar [[r.AmbientOcclusionLevels:-1]]
[2022.07.15-05.53.45:749][  0]LogConfig: Setting CVar [[r.AmbientOcclusionRadiusScale:1.0]]
[2022.07.15-05.53.45:749][  0]LogConfig: Setting CVar [[r.DepthOfFieldQuality:2]]
[2022.07.15-05.53.45:749][  0]LogConfig: Setting CVar [[r.RenderTargetPoolMin:400]]
[2022.07.15-05.53.45:749][  0]LogConfig: Setting CVar [[r.LensFlareQuality:2]]
[2022.07.15-05.53.45:749][  0]LogConfig: Setting CVar [[r.SceneColorFringeQuality:1]]
[2022.07.15-05.53.45:749][  0]LogConfig: Setting CVar [[r.EyeAdaptationQuality:2]]
[2022.07.15-05.53.45:749][  0]LogConfig: Setting CVar [[r.BloomQuality:5]]
[2022.07.15-05.53.45:749][  0]LogConfig: Setting CVar [[r.FastBlurThreshold:100]]
[2022.07.15-05.53.45:749][  0]LogConfig: Setting CVar [[r.Upscale.Quality:3]]
[2022.07.15-05.53.45:749][  0]LogConfig: Setting CVar [[r.Tonemapper.GrainQuantization:1]]
[2022.07.15-05.53.45:749][  0]LogConfig: Setting CVar [[r.LightShaftQuality:1]]
[2022.07.15-05.53.45:749][  0]LogConfig: Setting CVar [[r.Filter.SizeScale:1]]
[2022.07.15-05.53.45:749][  0]LogConfig: Setting CVar [[r.Tonemapper.Quality:5]]
[2022.07.15-05.53.45:749][  0]LogConfig: Setting CVar [[r.DOF.Gather.AccumulatorQuality:1        ; higher gathering accumulator quality]]
[2022.07.15-05.53.45:749][  0]LogConfig: Setting CVar [[r.DOF.Gather.PostfilterMethod:1          ; Median3x3 postfilering method]]
[2022.07.15-05.53.45:749][  0]LogConfig: Setting CVar [[r.DOF.Gather.EnableBokehSettings:0       ; no bokeh simulation when gathering]]
[2022.07.15-05.53.45:749][  0]LogConfig: Setting CVar [[r.DOF.Gather.RingCount:4                 ; medium number of samples when gathering]]
[2022.07.15-05.53.45:749][  0]LogConfig: Setting CVar [[r.DOF.Scatter.ForegroundCompositing:1    ; additive foreground scattering]]
[2022.07.15-05.53.45:749][  0]LogConfig: Setting CVar [[r.DOF.Scatter.BackgroundCompositing:2    ; additive background scattering]]
[2022.07.15-05.53.45:749][  0]LogConfig: Setting CVar [[r.DOF.Scatter.EnableBokehSettings:1      ; bokeh simulation when scattering]]
[2022.07.15-05.53.45:749][  0]LogConfig: Setting CVar [[r.DOF.Scatter.MaxSpriteRatio:0.1         ; only a maximum of 10% of scattered bokeh]]
[2022.07.15-05.53.45:749][  0]LogConfig: Setting CVar [[r.DOF.Recombine.Quality:1                ; cheap slight out of focus]]
[2022.07.15-05.53.45:749][  0]LogConfig: Setting CVar [[r.DOF.Recombine.EnableBokehSettings:0    ; no bokeh simulation on slight out of focus]]
[2022.07.15-05.53.45:749][  0]LogConfig: Setting CVar [[r.DOF.TemporalAAQuality:1                ; more stable temporal accumulation]]
[2022.07.15-05.53.45:749][  0]LogConfig: Setting CVar [[r.DOF.Kernel.MaxForegroundRadius:0.025]]
[2022.07.15-05.53.45:749][  0]LogConfig: Setting CVar [[r.DOF.Kernel.MaxBackgroundRadius:0.025]]
[2022.07.15-05.53.45:749][  0]LogConfig: Applying CVar settings from Section [TextureQuality@3] File [C:/study/ProjectRun/Saved/Config/Windows/Scalability.ini]
[2022.07.15-05.53.45:749][  0]LogConfig: Setting CVar [[r.Streaming.MipBias:0]]
[2022.07.15-05.53.45:749][  0]LogConfig: Setting CVar [[r.Streaming.AmortizeCPUToGPUCopy:0]]
[2022.07.15-05.53.45:749][  0]LogConfig: Setting CVar [[r.Streaming.MaxNumTexturesToStreamPerFrame:0]]
[2022.07.15-05.53.45:749][  0]LogConfig: Setting CVar [[r.Streaming.Boost:1]]
[2022.07.15-05.53.45:749][  0]LogConfig: Setting CVar [[r.MaxAnisotropy:8]]
[2022.07.15-05.53.45:749][  0]LogConfig: Setting CVar [[r.VT.MaxAnisotropy:8]]
[2022.07.15-05.53.45:749][  0]LogConfig: Setting CVar [[r.Streaming.LimitPoolSizeToVRAM:0]]
[2022.07.15-05.53.45:749][  0]LogConfig: Setting CVar [[r.Streaming.PoolSize:1000]]
[2022.07.15-05.53.45:749][  0]LogConfig: Setting CVar [[r.Streaming.MaxEffectiveScreenSize:0]]
[2022.07.15-05.53.45:749][  0]LogConfig: Applying CVar settings from Section [EffectsQuality@3] File [C:/study/ProjectRun/Saved/Config/Windows/Scalability.ini]
[2022.07.15-05.53.45:749][  0]LogConfig: Setting CVar [[r.TranslucencyLightingVolumeDim:64]]
[2022.07.15-05.53.45:749][  0]LogConfig: Setting CVar [[r.RefractionQuality:2]]
[2022.07.15-05.53.45:749][  0]LogConfig: Setting CVar [[r.SSR.Quality:3]]
[2022.07.15-05.53.45:749][  0]LogConfig: Setting CVar [[r.SSR.HalfResSceneColor:0]]
[2022.07.15-05.53.45:749][  0]LogConfig: Setting CVar [[r.SceneColorFormat:4]]
[2022.07.15-05.53.45:749][  0]LogConfig: Setting CVar [[r.DetailMode:2]]
[2022.07.15-05.53.45:749][  0]LogConfig: Setting CVar [[r.TranslucencyVolumeBlur:1]]
[2022.07.15-05.53.45:749][  0]LogConfig: Setting CVar [[r.MaterialQualityLevel:1 ; High quality]]
[2022.07.15-05.53.45:749][  0]LogConfig: Setting CVar [[r.AnisotropicMaterials:1]]
[2022.07.15-05.53.45:749][  0]LogConfig: Setting CVar [[r.SSS.Scale:1]]
[2022.07.15-05.53.45:749][  0]LogConfig: Setting CVar [[r.SSS.SampleSet:2]]
[2022.07.15-05.53.45:749][  0]LogConfig: Setting CVar [[r.SSS.Quality:1]]
[2022.07.15-05.53.45:749][  0]LogConfig: Setting CVar [[r.SSS.HalfRes:0]]
[2022.07.15-05.53.45:749][  0]LogConfig: Setting CVar [[r.SSGI.Quality:3]]
[2022.07.15-05.53.45:749][  0]LogConfig: Setting CVar [[r.EmitterSpawnRateScale:1.0]]
[2022.07.15-05.53.45:749][  0]LogConfig: Setting CVar [[r.ParticleLightQuality:2]]
[2022.07.15-05.53.45:749][  0]LogConfig: Setting CVar [[r.SkyAtmosphere.AerialPerspectiveLUT.FastApplyOnOpaque:1 ; Always have FastSkyLUT 1 in this case to avoid wrong sky]]
[2022.07.15-05.53.45:749][  0]LogConfig: Setting CVar [[r.SkyAtmosphere.AerialPerspectiveLUT.SampleCountMaxPerSlice:4]]
[2022.07.15-05.53.45:749][  0]LogConfig: Setting CVar [[r.SkyAtmosphere.AerialPerspectiveLUT.DepthResolution:16.0]]
[2022.07.15-05.53.45:749][  0]LogConfig: Setting CVar [[r.SkyAtmosphere.FastSkyLUT:1]]
[2022.07.15-05.53.45:749][  0]LogConfig: Setting CVar [[r.SkyAtmosphere.FastSkyLUT.SampleCountMin:4.0]]
[2022.07.15-05.53.45:749][  0]LogConfig: Setting CVar [[r.SkyAtmosphere.FastSkyLUT.SampleCountMax:128.0]]
[2022.07.15-05.53.45:749][  0]LogConfig: Setting CVar [[r.SkyAtmosphere.SampleCountMin:4.0]]
[2022.07.15-05.53.45:749][  0]LogConfig: Setting CVar [[r.SkyAtmosphere.SampleCountMax:128.0]]
[2022.07.15-05.53.45:749][  0]LogConfig: Setting CVar [[r.SkyAtmosphere.TransmittanceLUT.UseSmallFormat:0]]
[2022.07.15-05.53.45:749][  0]LogConfig: Setting CVar [[r.SkyAtmosphere.TransmittanceLUT.SampleCount:10.0]]
[2022.07.15-05.53.45:749][  0]LogConfig: Setting CVar [[r.SkyAtmosphere.MultiScatteringLUT.SampleCount:15.0]]
[2022.07.15-05.53.45:749][  0]LogConfig: Setting CVar [[r.SkyLight.RealTimeReflectionCapture:1]]
[2022.07.15-05.53.45:749][  0]LogConfig: Applying CVar settings from Section [FoliageQuality@3] File [C:/study/ProjectRun/Saved/Config/Windows/Scalability.ini]
[2022.07.15-05.53.45:749][  0]LogConfig: Setting CVar [[foliage.DensityScale:1.0]]
[2022.07.15-05.53.45:749][  0]LogConfig: Setting CVar [[grass.DensityScale:1.0]]
[2022.07.15-05.53.45:749][  0]LogConfig: Applying CVar settings from Section [ShadingQuality@3] File [C:/study/ProjectRun/Saved/Config/Windows/Scalability.ini]
[2022.07.15-05.53.45:749][  0]LogConfig: Setting CVar [[r.HairStrands.SkyLighting.IntegrationType:2]]
[2022.07.15-05.53.45:749][  0]LogConfig: Setting CVar [[r.HairStrands.SkyAO.SampleCount:4]]
[2022.07.15-05.53.45:749][  0]LogConfig: Setting CVar [[r.HairStrands.Visibility.MSAA.SamplePerPixel:4]]
[2022.07.15-05.53.45:749][  0]LogConfig: Applying CVar settings from Section [Startup] File [../../../Engine/Config/ConsoleVariables.ini]
[2022.07.15-05.53.45:749][  0]LogConfig: Setting CVar [[net.UseAdaptiveNetUpdateFrequency:0]]
[2022.07.15-05.53.45:749][  0]LogConfig: Setting CVar [[p.chaos.AllowCreatePhysxBodies:1]]
[2022.07.15-05.53.45:749][  0]LogConfig: Setting CVar [[fx.SkipVectorVMBackendOptimizations:1]]
[2022.07.15-05.53.45:749][  0]LogConfig: Applying CVar settings from Section [ConsoleVariables] File [C:/study/ProjectRun/Saved/Config/Windows/Engine.ini]
[2022.07.15-05.53.45:749][  0]LogConfig: Applying CVar settings from Section [ConsoleVariables] File [C:/study/ProjectRun/Saved/Config/Windows/Editor.ini]
[2022.07.15-05.53.45:749][  0]LogInit: Computer: LEEMINSEOK
[2022.07.15-05.53.45:749][  0]LogInit: User: sycym
[2022.07.15-05.53.45:749][  0]LogInit: CPU Page size=4096, Cores=14
[2022.07.15-05.53.45:749][  0]LogInit: High frequency timer resolution =10.000000 MHz
[2022.07.15-05.53.45:749][  0]LogMemory: Memory total: Physical=15.7GB (16GB approx)
[2022.07.15-05.53.45:749][  0]LogMemory: Platform Memory Stats for Windows
[2022.07.15-05.53.45:749][  0]LogMemory: Process Physical Memory: 147.43 MB used, 147.43 MB peak
[2022.07.15-05.53.45:749][  0]LogMemory: Process Virtual Memory: 133.06 MB used, 133.06 MB peak
[2022.07.15-05.53.45:749][  0]LogMemory: Physical Memory: 10050.39 MB used,  6001.55 MB free, 16051.94 MB total
[2022.07.15-05.53.45:749][  0]LogMemory: Virtual Memory: 134211288.00 MB used,  6439.57 MB free, 134217728.00 MB total
[2022.07.15-05.53.45:754][  0]LogWindows: WindowsPlatformFeatures enabled
[2022.07.15-05.53.45:796][  0]LogInit: Physics initialised using underlying interface: PhysX
[2022.07.15-05.53.45:796][  0]LogInit: Using OS detected language (ko-KR).
[2022.07.15-05.53.45:796][  0]LogInit: Using OS detected locale (ko-KR).
[2022.07.15-05.53.45:798][  0]LogTextLocalizationManager: No specific localization for 'ko-KR' exists, so the 'ko' localization will be used.
[2022.07.15-05.53.45:938][  0]LogWindowsTextInputMethodSystem: Display: IME system deactivated.
[2022.07.15-05.53.45:959][  0]LogSlate: New Slate User Created.  User Index 0, Is Virtual User: 0
[2022.07.15-05.53.45:959][  0]LogSlate: Slate User Registered.  User Index 0, Is Virtual User: 0
[2022.07.15-05.53.45:973][  0]LogD3D11RHI: Loaded GFSDK_Aftermath_Lib.x64.dll
[2022.07.15-05.53.45:977][  0]LogHMD: Failed to initialize OpenVR with code 110
[2022.07.15-05.53.45:977][  0]LogD3D11RHI: D3D11 min allowed feature level: 11_0
[2022.07.15-05.53.45:977][  0]LogD3D11RHI: D3D11 max allowed feature level: 11_0
[2022.07.15-05.53.45:977][  0]LogD3D11RHI: D3D11 adapters:
[2022.07.15-05.53.46:100][  0]LogD3D11RHI:    0. 'NVIDIA GeForce RTX 3070 Ti Laptop GPU' (Feature Level 11_0)
[2022.07.15-05.53.46:100][  0]LogD3D11RHI:       8043/0/8025 MB DedicatedVideo/DedicatedSystem/SharedSystem, Outputs:1, VendorId:0x10de
[2022.07.15-05.53.46:134][  0]LogD3D11RHI:    1. 'Intel(R) Iris(R) Xe Graphics' (Feature Level 11_0)
[2022.07.15-05.53.46:134][  0]LogD3D11RHI:       128/0/8025 MB DedicatedVideo/DedicatedSystem/SharedSystem, Outputs:0, VendorId:0x8086
[2022.07.15-05.53.46:137][  0]LogD3D11RHI:    2. 'Microsoft Basic Render Driver' (Feature Level 11_0)
[2022.07.15-05.53.46:137][  0]LogD3D11RHI:       0/0/8025 MB DedicatedVideo/DedicatedSystem/SharedSystem, Outputs:0, VendorId:0x1414
[2022.07.15-05.53.46:137][  0]LogD3D11RHI: Chosen D3D11 Adapter:
[2022.07.15-05.53.46:137][  0]LogD3D11RHI:     Description : NVIDIA GeForce RTX 3070 Ti Laptop GPU
[2022.07.15-05.53.46:137][  0]LogD3D11RHI:     VendorId    : 10de
[2022.07.15-05.53.46:137][  0]LogD3D11RHI:     DeviceId    : 24e0
[2022.07.15-05.53.46:137][  0]LogD3D11RHI:     SubSysId    : 8a14103c
[2022.07.15-05.53.46:137][  0]LogD3D11RHI:     Revision    : 00a1
[2022.07.15-05.53.46:137][  0]LogD3D11RHI:     DedicatedVideoMemory : 8433696768 bytes
[2022.07.15-05.53.46:137][  0]LogD3D11RHI:     DedicatedSystemMemory : 0 bytes
[2022.07.15-05.53.46:137][  0]LogD3D11RHI:     SharedSystemMemory : 8415840256 bytes
[2022.07.15-05.53.46:137][  0]LogD3D11RHI:     AdapterLuid : 0 69016
[2022.07.15-05.53.46:143][  0]LogD3D11RHI: Creating new Direct3DDevice
[2022.07.15-05.53.46:143][  0]LogD3D11RHI:     GPU DeviceId: 0x24e0 (for the marketing name, search the web for "GPU Device Id")
[2022.07.15-05.53.46:143][  0]LogWindows: EnumDisplayDevices:
[2022.07.15-05.53.46:143][  0]LogWindows:    0. 'Intel(R) Iris(R) Xe Graphics' (P:0 D:0)
[2022.07.15-05.53.46:143][  0]LogWindows:    1. 'Intel(R) Iris(R) Xe Graphics' (P:0 D:0)
[2022.07.15-05.53.46:144][  0]LogWindows:    2. 'Intel(R) Iris(R) Xe Graphics' (P:0 D:0)
[2022.07.15-05.53.46:144][  0]LogWindows:    3. 'Intel(R) Iris(R) Xe Graphics' (P:0 D:0)
[2022.07.15-05.53.46:144][  0]LogWindows:    4. 'NVIDIA GeForce RTX 3070 Ti Laptop GPU' (P:1 D:1)
[2022.07.15-05.53.46:144][  0]LogWindows:    5. 'NVIDIA GeForce RTX 3070 Ti Laptop GPU' (P:0 D:0)
[2022.07.15-05.53.46:144][  0]LogWindows:    6. 'NVIDIA GeForce RTX 3070 Ti Laptop GPU' (P:0 D:0)
[2022.07.15-05.53.46:145][  0]LogWindows:    7. 'NVIDIA GeForce RTX 3070 Ti Laptop GPU' (P:0 D:0)
[2022.07.15-05.53.46:145][  0]LogWindows: DebugString: PrimaryIsNotTheChoosenAdapter PrimaryIsNotTheChoosenAdapter PrimaryIsNotTheChoosenAdapter PrimaryIsNotTheChoosenAdapter FoundDriverCount:4 
[2022.07.15-05.53.46:145][  0]LogD3D11RHI:     Adapter Name: NVIDIA GeForce RTX 3070 Ti Laptop GPU
[2022.07.15-05.53.46:145][  0]LogD3D11RHI:   Driver Version: 512.78 (internal:30.0.15.1278, unified:512.78)
[2022.07.15-05.53.46:145][  0]LogD3D11RHI:      Driver Date: 5-5-2022
[2022.07.15-05.53.46:145][  0]LogRHI: Texture pool is 5630 MB (70% of 8043 MB)
[2022.07.15-05.53.46:145][  0]LogD3D11RHI: Creating D3DDevice using adapter:
[2022.07.15-05.53.46:145][  0]LogD3D11RHI:     Description : NVIDIA GeForce RTX 3070 Ti Laptop GPU
[2022.07.15-05.53.46:145][  0]LogD3D11RHI:     VendorId    : 10de
[2022.07.15-05.53.46:145][  0]LogD3D11RHI:     DeviceId    : 24e0
[2022.07.15-05.53.46:145][  0]LogD3D11RHI:     SubSysId    : 8a14103c
[2022.07.15-05.53.46:145][  0]LogD3D11RHI:     Revision    : 00a1
[2022.07.15-05.53.46:145][  0]LogD3D11RHI:     DedicatedVideoMemory : 8433696768 bytes
[2022.07.15-05.53.46:145][  0]LogD3D11RHI:     DedicatedSystemMemory : 0 bytes
[2022.07.15-05.53.46:145][  0]LogD3D11RHI:     SharedSystemMemory : 8415840256 bytes
[2022.07.15-05.53.46:145][  0]LogD3D11RHI:     AdapterLuid : 0 69016
[2022.07.15-05.53.46:197][  0]LogD3D11RHI: RHI has support for 64 bit atomics
[2022.07.15-05.53.46:197][  0]LogD3D11RHI: Async texture creation enabled
[2022.07.15-05.53.46:197][  0]LogD3D11RHI: Array index from any shader is supported
[2022.07.15-05.53.46:219][  0]LogD3D11RHI: GPU Timing Frequency: 1000.000000 (Debug: 2 2)
[2022.07.15-05.53.46:241][  0]LogRHI: GeForceNow SDK initialized: 1
[2022.07.15-05.53.46:487][  0]LogTargetPlatformManager: Display: Loaded TargetPlatform 'WindowsNoEditor'
[2022.07.15-05.53.46:490][  0]LogTargetPlatformManager: Display: Loaded TargetPlatform 'Windows'
[2022.07.15-05.53.46:493][  0]LogTargetPlatformManager: Display: Loaded TargetPlatform 'WindowsClient'
[2022.07.15-05.53.46:497][  0]LogTargetPlatformManager: Display: Loaded TargetPlatform 'WindowsServer'
[2022.07.15-05.53.46:497][  0]LogTargetPlatformManager: Display: Building Assets For Windows
[2022.07.15-05.53.46:504][  0]LogAudioDebug: Display: Lib vorbis DLL was dynamically loaded.
[2022.07.15-05.53.46:530][  0]LogTextureFormatOodle: Display: Oodle Texture 2.9.0 init RDO Off
[2022.07.15-05.53.46:561][  0]LogRendererCore: Ray tracing is disabled. Reason: r.RayTracing=0.
[2022.07.15-05.53.46:561][  0]LogShaderCompilers: Guid format shader working directory is 12 characters bigger than the processId version (../../../../../../study/ProjectRun/Intermediate/Shaders/WorkingDirectory/4304/).
[2022.07.15-05.53.46:561][  0]LogShaderCompilers: Cleaned the shader compiler working directory 'C:/Users/sycym/AppData/Local/Temp/UnrealShaderWorkingDir/E713F76F47F7C3327920D1AB499036CA/'.
[2022.07.15-05.53.46:562][  0]LogShaderCompilers: Display: Using XGE Controller for Shader Compilation.
[2022.07.15-05.53.47:112][  0]LogDerivedDataCache: Display: Max Cache Size: 512 MB
[2022.07.15-05.53.47:169][  0]LogDerivedDataCache: Loaded boot cache 0.06s 94MB C:/Users/sycym/AppData/Local/UnrealEngine/4.27/DerivedDataCache/Boot.ddc.
[2022.07.15-05.53.47:174][  0]LogDerivedDataCache: Display: Loaded Boot cache: C:/Users/sycym/AppData/Local/UnrealEngine/4.27/DerivedDataCache/Boot.ddc
[2022.07.15-05.53.47:174][  0]LogDerivedDataCache: FDerivedDataBackendGraph:  Pak pak cache file ../../../../../../study/ProjectRun/DerivedDataCache/DDC.ddp not found, will not use a pak cache.
[2022.07.15-05.53.47:174][  0]LogDerivedDataCache: Unable to find inner node Pak for hierarchical cache Hierarchy.
[2022.07.15-05.53.47:174][  0]LogDerivedDataCache: FDerivedDataBackendGraph:  CompressedPak pak cache file ../../../../../../study/ProjectRun/DerivedDataCache/Compressed.ddp not found, will not use a pak cache.
[2022.07.15-05.53.47:174][  0]LogDerivedDataCache: Unable to find inner node CompressedPak for hierarchical cache Hierarchy.
[2022.07.15-05.53.47:187][  0]LogDerivedDataCache: Display: Pak cache opened for reading ../../../Engine/DerivedDataCache/Compressed.ddp.
[2022.07.15-05.53.47:187][  0]LogDerivedDataCache: FDerivedDataBackendGraph:  EnterprisePak pak cache file ../../../Enterprise/DerivedDataCache/Compressed.ddp not found, will not use a pak cache.
[2022.07.15-05.53.47:187][  0]LogDerivedDataCache: Unable to find inner node EnterprisePak for hierarchical cache Hierarchy.
[2022.07.15-05.53.47:192][  0]LogDerivedDataCache: Speed tests for C:/Users/sycym/AppData/Local/UnrealEngine/Common/DerivedDataCache took 0.00 seconds
[2022.07.15-05.53.47:192][  0]LogDerivedDataCache: Display: Performance to C:/Users/sycym/AppData/Local/UnrealEngine/Common/DerivedDataCache: Latency=0.02ms. RandomReadSpeed=1364.58MBs, RandomWriteSpeed=229.08MBs. Assigned SpeedClass 'Local'
[2022.07.15-05.53.47:193][  0]LogDerivedDataCache: Using Local data cache path C:/Users/sycym/AppData/Local/UnrealEngine/Common/DerivedDataCache: Writable
[2022.07.15-05.53.47:193][  0]LogDerivedDataCache: Shared data cache path not found in *engine.ini, will not use an Shared cache.
[2022.07.15-05.53.47:193][  0]LogDerivedDataCache: Unable to find inner node Shared for hierarchical cache Hierarchy.
[2022.07.15-05.53.47:217][  0]LogSlate: Using FreeType 2.10.0
[2022.07.15-05.53.47:218][  0]LogSlate: SlateFontServices - WITH_FREETYPE: 1, WITH_HARFBUZZ: 1
[2022.07.15-05.53.47:277][  0]LogInit: Using OS detected language (ko-KR).
[2022.07.15-05.53.47:277][  0]LogInit: Using OS detected locale (ko-KR).
[2022.07.15-05.53.47:277][  0]LogTextLocalizationManager: No localization for 'ko-KR' exists, so 'en' will be used for the language.
[2022.07.15-05.53.47:277][  0]LogTextLocalizationManager: No localization for 'ko-KR' exists, so 'en' will be used for the locale.
[2022.07.15-05.53.47:277][  0]LogSlate: FontCache flush requested. Reason: Culture for localization was changed
[2022.07.15-05.53.47:277][  0]LogSlate: FontCache flush requested. Reason: Culture for localization was changed
[2022.07.15-05.53.47:280][  0]LogAssetRegistry: FAssetRegistry took 0.0013 seconds to start up
[2022.07.15-05.53.47:395][  0]LogTextLocalizationManager: Compacting localization data took   0.00ms
[2022.07.15-05.53.47:395][  0]LogPackageLocalizationCache: Processed 27 localized package path(s) for 1 prioritized culture(s) in 0.000705 seconds
[2022.07.15-05.53.47:437][  0]LogInit: Selected Device Profile: [Windows]
[2022.07.15-05.53.47:437][  0]LogInit: Active device profile: [000001E9BF3DF900][000001E9BD770E40 49] Windows
[2022.07.15-05.53.47:437][  0]LogInit: Profiles: [000001E9BF3DF900][000001E9BD770E40 49] Windows, [000001E9BF3A0800][000001E9BD778FC0 49] WindowsNoEditor, [000001E9BF3DC800][000001E9BD77D140 49] WindowsServer, [000001E9BF3A3200][000001E9BE9F12C0 49] WindowsClient, [000001E9BF3DF100][000001E9BD775400 49] IOS, [000001E9BF3A1100][000001E9BE9F5540 49] iPadAir, [000001E9BF3DD000][000001E9BE9F9680 49] iPadAir2, [000001E9BF354300][000001E9BEA05940 49] IPadPro, [000001E9BF354400][000001E9BEA01980 49] iPadAir3, [000001E9BF3DEC00][000001E9BEA09B00 49] iPadAir4, [000001E9BF357400][000001E9BEA0C100 49] iPadMini2, [000001E9BF3DD400][000001E9BEA10280 49] iPadMini3, [000001E9BF355600][000001E9BEA14400 49] iPadMini4, [000001E9BF3DE500][000001E9BEA18580 49] iPadMini5, [000001E9BF34BB00][000001E9BEA20840 49] iPhone6, [000001E9BF34BC00][000001E9BEA1C880 49] iPodTouch6, [000001E9BF357000][000001E9BEA28B40 49] iPhone7, [000001E9BF356C00][000001E9BEA24B80 49] iPodTouch7, [000001E9BF348D00][000001E9BEA2CD00 49] iPhone5S, [000001E9BF354F00][000001E9BEA30E80 49] iPhone6Plus, [000001E9BF34AD00][000001E9BEA35000 49] iPhone6S, [000001E9BF357800][000001E9BEA39180 49] iPhone6SPlus, [000001E9BF349400][000001E9BED9D300 49] iPhone7Plus, [000001E9BF355400][000001E9BEDA1480 49] iPhoneSE, [000001E9BF34A600][000001E9BE9FD5C0 49] iPhone8, [000001E9BF356100][000001E9BEDA5700 49] iPhone8Plus, [000001E9BF349B00][000001E9BEDA9840 49] iPhoneX, [000001E9BF355F00][000001E9BEDB19C0 49] iPhoneXS, [000001E9BF348900][000001E9BEDB5B40 49] iPhoneXSMax, [000001E9BF355B00][000001E9BEDB8140 49] iPhoneXR, [000001E9BF348600][000001E9BEDBC2C0 49] iPhone11, [000001E9BF357700][000001E9BEDC0440 49] iPhone11Pro, [000001E9BF34A900][000001E9BEDC45C0 49] iPhone11ProMax, [000001E9BF355100][000001E9BEDC8740 49] iPhoneSE2, [000001E9BF34A300][000001E9BEDCC8C0 49] iPhone12Mini, [000001E9BF357A00][000001E9BEDD0A40 49] iPhone12, [000001E9BF349D00][000001E9BEDD4BC0 49] iPhone12Pro, [000001E9BF356E00][000001E9BEDD8D40 49] iPhone12ProMax, [000001E9BF349700][000001E9BEDDCEC0 49] iPadPro105, [000001E9BF355200][000001E9BEDE1040 49] iPadPro129, [000001E9BF34BE00][000001E9BEDE51C0 49] iPadPro97, [000001E9BF357C00][000001E9BEDE9340 49] iPadPro2_129, [000001E9BF34A500][000001E9BEDED4C0 49] iPad5, [000001E9BF356000][000001E9B6BF9640 49] iPad6, [000001E9BF34AF00][000001E9BEDAD780 49] iPad7, [000001E9BF357E00][000001E9B6BFD8C0 49] iPad8, [000001E9BF34AA00][000001E9B6C01A00 49] iPadPro11, [000001E9BF355800][000001E9B6C05B40 49] iPadPro2_11, [000001E9BF34B300][000001E9B6C0C140 49] iPadPro3_129, [000001E9BF355C00][000001E9B6C102C0 49] iPadPro4_129, [000001E9BF348700][000001E9B6C14440 49] AppleTV, [000001E9BF354900][000001E9B6C185C0 49] AppleTV4K, [000001E9BF348500][000001E9B6C1C740 49] TVOS, [000001E9BF355D00][000001E9B6C208C0 49] Mac, [000001E9BF349000][000001E9BCDB2A40 49] MacClient, [000001E9BF356200][000001E9BCDB6BC0 49] MacNoEditor, [000001E9BF34B400][000001E9BCDBAD40 49] MacServer, [000001E9BF357500][000001E9BCDBEEC0 49] Linux, [000001E9BF34B800][000001E9BCDC3040 49] LinuxAArch64, [000001E9BF355500][000001E9BCDC71C0 49] LinuxNoEditor, [000001E9BF34B700][000001E9BCDCB340 49] LinuxAArch64NoEditor, [000001E9BF354E00][000001E9BCDCF4C0 49] LinuxClient, [000001E9BF34A800][000001E9BCDD3640 49] LinuxAArch64Client, [000001E9BF356F00][000001E9BCDD77C0 49] LinuxServer, [000001E9BF34AE00][000001E9B6C09900 49] LinuxAArch64Server, [000001E9BF354C00][000001E9BCDDBA40 49] Android, [000001E9BF3A2200][000001E9BCDDFB80 49] Android_Low, [000001E9BF420800][000001E9BCDE2140 49] Android_Mid, [000001E9BF3A2D00][000001E9BCDEA2C0 49] Android_High, [000001E9BF422100][000001E9BCDEE440 49] Android_Default, [000001E9BF3A3900][000001E9BCDF25C0 49] Android_Adreno4xx, [000001E9BF420300][000001E9BCDF6740 49] Android_Adreno5xx_Low, [000001E9BF3A2000][000001E9BCDFA8C0 49] Android_Adreno5xx, [000001E9BF421800][000001E9BCDFEA40 49] Android_Adreno6xx, [000001E9BF3A0900][000001E9BCE02BC0 49] Android_Adreno6xx_Vulkan, [000001E9BF421F00][000001E9BCE06D40 49] Android_Mali_T6xx, [000001E9BF3A1200][000001E9BCE0AEC0 49] Android_Mali_T7xx, [000001E9BF420D00][000001E9BCE0F040 49] Android_Mali_T8xx, [000001E9BF3A2F00][000001E9BCE131C0 49] Android_Mali_G71, [000001E9BF420F00][000001E9BCE17340 49] Android_Mali_G72, [000001E9BF3A1A00][000001E9BCE1B4C0 49] Android_Mali_G72_Vulkan, [000001E9BF422400][000001E9BCE1F640 49] Android_Mali_G76, [000001E9BF3A1E00][000001E9BCE237C0 49] Android_Mali_G76_Vulkan, [000001E9BF421900][000001E9BCE27940 49] Android_Mali_G77, [000001E9BF3A0C00][000001E9BCE2BAC0 49] Android_Mali_G77_Vulkan, [000001E9BF421B00][000001E9BCDE7C00 49] Android_Mali_G78, [000001E9BF3A1300][000001E9BCE2E1C0 49] Android_Mali_G78_Vulkan, [000001E9BF420A00][000001E9BCE32300 49] Android_Mali_G710, [000001E9BF3A3400][000001E9BCE3A480 49] Android_Mali_G710_Vulkan, [000001E9BF422200][000001E9BCE3E600 49] Android_Vulkan_SM5, [000001E9BF356600][000001E9BCE42780 49] Android_PowerVR_G6xxx, [000001E9BF34A100][000001E9BCE46900 49] Android_PowerVR_GT7xxx, [000001E9BF354A00][000001E9BCE4AA80 49] Android_PowerVR_GE8xxx, [000001E9BF349600][000001E9BCE4EC00 49] Android_PowerVR_GM9xxx, [000001E9BF354D00][000001E9BCE52D80 49] Android_PowerVR_GM9xxx_Vulkan, [000001E9BF421200][000001E9BCE56F00 49] Android_TegraK1, [000001E9BF357600][000001E9BCE5B080 49] Android_Unknown_Vulkan, [000001E9BF420900][000001E9BCE5F200 49] Lumin, [000001E9BF357D00][000001E9BCE63380 49] Lumin_Desktop, [000001E9BF421700][000001E9BCE67500 49] HoloLens, 
[2022.07.15-05.53.47:473][  0]LogMeshReduction: Using QuadricMeshReduction for automatic static mesh reduction
[2022.07.15-05.53.47:473][  0]LogMeshReduction: Using SimplygonMeshReduction for automatic skeletal mesh reduction
[2022.07.15-05.53.47:473][  0]LogMeshReduction: Using ProxyLODMeshReduction for automatic mesh merging
[2022.07.15-05.53.47:473][  0]LogMeshReduction: No distributed automatic mesh merging module available
[2022.07.15-05.53.47:473][  0]LogMeshMerging: No distributed automatic mesh merging module available
[2022.07.15-05.53.47:544][  0]LogNetVersion: ProjectRun 1.0.0, NetCL: 17155196, EngineNetVer: 17, GameNetVer: 0 (Checksum: 340476433)
[2022.07.15-05.53.47:714][  0]LogTexture: Default maximum texture size for cubemaps generated from long-lat sources has been changed from 512 to unlimited. In order to preserve old behaiour for '/Engine/MapTemplates/Sky/DaylightAmbientCubemap.DaylightAmbientCubemap', its maximum texture size has been explicitly set to 512.
[2022.07.15-05.53.47:754][  0]LogHMD: PokeAHoleMaterial loaded successfully
[2022.07.15-05.53.47:835][  0]LogMoviePlayer: Initializing movie player
[2022.07.15-05.53.47:937][  0]LogPython: Using Python 3.7.7
[2022.07.15-05.53.48:221][  0]LogNiagaraDebuggerClient: Niagara Debugger Client Initialized | Session: 5B5729AD499DCA7E4758AA88B4152DCA | Instance: 8D4AB1A441D033233A4F6AA80BDAE945 (LEEMINSEOK-4304).
[2022.07.15-05.53.48:235][  0]LogCollectionManager: Loaded 0 collections in 0.001677 seconds
[2022.07.15-05.53.48:238][  0]LogFileCache: Scanning file cache for directory 'C:/study/ProjectRun/Saved/Collections/' took 0.00s
[2022.07.15-05.53.48:238][  0]LogFileCache: Scanning file cache for directory 'C:/study/ProjectRun/Content/Developers/sycym/Collections/' took 0.00s
[2022.07.15-05.53.48:238][  0]LogCollectionManager: Fixed up redirectors for 0 collections in 0.000001 seconds (updated 0 objects)
[2022.07.15-05.53.48:337][  0]LogFileCache: Scanning file cache for directory 'C:/study/ProjectRun/Content/Collections/' took 0.00s
[2022.07.15-05.53.48:337][  0]LogUdpMessaging: Initializing bridge on interface 0.0.0.0:0 to multicast group 230.0.0.1:6666.
[2022.07.15-05.53.48:340][  0]LogTcpMessaging: Initializing TcpMessaging bridge
[2022.07.15-05.53.48:397][  0]SourceControl: Source control is disabled
[2022.07.15-05.53.48:397][  0]SourceControl: Source control is disabled
[2022.07.15-05.53.48:399][  0]LogUProjectInfo: Found projects:
[2022.07.15-05.53.48:401][  0]SourceControl: Source control is disabled
[2022.07.15-05.53.48:470][  0]LogOpenImageDenoise: OIDN starting up
[2022.07.15-05.53.48:492][  0]LogAndroidPermission: UAndroidPermissionCallbackProxy::GetInstance
[2022.07.15-05.53.48:501][  0]LogAudioCaptureCore: Display: No Audio Capture implementations found. Audio input will be silent.
[2022.07.15-05.53.48:501][  0]LogAudioCaptureCore: Display: No Audio Capture implementations found. Audio input will be silent.
[2022.07.15-05.53.48:547][  0]LogOcInput: OculusInput pre-init called
[2022.07.15-05.53.48:554][  0]LogUObjectArray: 22121 objects as part of root set at end of initial load.
[2022.07.15-05.53.48:555][  0]LogUObjectAllocator: 5975632 out of 0 bytes used by permanent object pool.
[2022.07.15-05.53.48:555][  0]LogUObjectArray: CloseDisregardForGC: 0/0 objects in disregard for GC pool
[2022.07.15-05.53.48:596][  0]LogEngine: Initializing Engine...
[2022.07.15-05.53.48:598][  0]LogHMD: Failed to enumerate extensions. Please check that you have a valid OpenXR runtime installed.
[2022.07.15-05.53.48:598][  0]LogHMD: Failed to initialize OpenVR with code 110
[2022.07.15-05.53.48:598][  0]LogMagicLeap: Warning: VR disabled because ZI is not enabled.  To enable, in the editor, Edit -> Project Settings -> Plugins -> Magic Leap Plugin -> Enable Zero Iteration
[2022.07.15-05.53.48:599][  0]LogStats: UGameplayTagsManager::InitializeManager -  0.000 s
[2022.07.15-05.53.48:686][  0]LogInit: Initializing FReadOnlyCVARCache
[2022.07.15-05.53.48:686][  0]LogAudio: Display: Initializing Audio Device Manager...
[2022.07.15-05.53.48:687][  0]LogAudio: Display: Loading Default Audio Settings Objects...
[2022.07.15-05.53.48:687][  0]LogAudio: Display: No default SoundConcurrencyObject specified (or failed to load).
[2022.07.15-05.53.48:688][  0]LogAudio: Display: Audio Device Manager Initialized
[2022.07.15-05.53.48:688][  0]LogAudio: Display: Creating Audio Device:                 Id: 1, Scope: Shared, Realtime: True
[2022.07.15-05.53.48:688][  0]LogAudioMixer: Display: Audio Mixer Platform Settings:
[2022.07.15-05.53.48:688][  0]LogAudioMixer: Display: 	Sample Rate:						  48000
[2022.07.15-05.53.48:688][  0]LogAudioMixer: Display: 	Callback Buffer Frame Size Requested: 1024
[2022.07.15-05.53.48:688][  0]LogAudioMixer: Display: 	Callback Buffer Frame Size To Use:	  1024
[2022.07.15-05.53.48:688][  0]LogAudioMixer: Display: 	Number of buffers to queue:			  2
[2022.07.15-05.53.48:688][  0]LogAudioMixer: Display: 	Max Channels (voices):				  32
[2022.07.15-05.53.48:688][  0]LogAudioMixer: Display: 	Number of Async Source Workers:		  0
[2022.07.15-05.53.48:688][  0]LogAudio: Display: AudioDevice MaxSources: 32
[2022.07.15-05.53.48:688][  0]LogAudio: Display: Audio Spatialization Plugin: None (built-in).
[2022.07.15-05.53.48:688][  0]LogAudio: Display: Audio Reverb Plugin: None (built-in).
[2022.07.15-05.53.48:688][  0]LogAudio: Display: Audio Occlusion Plugin: None (built-in).
[2022.07.15-05.53.48:688][  0]LogAudioMixer: Display: Initializing audio mixer.
[2022.07.15-05.53.48:700][  0]LogAudioMixer: Display: 0: FrontLeft
[2022.07.15-05.53.48:700][  0]LogAudioMixer: Display: 1: FrontRight
[2022.07.15-05.53.48:870][  0]LogAudioMixer: Display: Using Audio Device Speaker(Realtek(R) Audio)
[2022.07.15-05.53.48:877][  0]LogAudioMixer: Display: Initializing Sound Submixes...
[2022.07.15-05.53.48:879][  0]LogAudioMixer: Display: Creating Master Submix 'MasterSubmixDefault'
[2022.07.15-05.53.48:879][  0]LogAudioMixer: Display: Creating Master Submix 'MasterReverbSubmixDefault'
[2022.07.15-05.53.48:880][  0]LogAudioMixer: Display: Creating Master Submix 'MasterEQSubmixDefault'
[2022.07.15-05.53.48:880][  0]LogAudioMixer: FMixerPlatformXAudio2::StartAudioStream() called
[2022.07.15-05.53.48:880][  0]LogAudioMixer: Display: Output buffers initialized: Frames=1024, Channels=2, Samples=2048
[2022.07.15-05.53.48:881][  0]LogAudioMixer: Display: Starting AudioMixerPlatformInterface::RunInternal()
[2022.07.15-05.53.48:881][  0]LogAudioMixer: Display: FMixerPlatformXAudio2::SubmitBuffer() called for the first time
[2022.07.15-05.53.48:881][  0]LogInit: FAudioDevice initialized.
[2022.07.15-05.53.48:882][  0]LogNetVersion: Set ProjectVersion to 1.0.0.0. Version Checksum will be recalculated on next use.
[2022.07.15-05.53.48:882][  0]LogInit: Texture streaming: Enabled
[2022.07.15-05.53.48:919][  0]LogAudio: Display: Audio Device (ID: 1) registered with world 'Untitled'.
[2022.07.15-05.53.48:919][  0]LogSlate: Updating window title bar state: overlay mode, drag disabled, window buttons hidden, title bar hidden
[2022.07.15-05.53.48:922][  0]LogInit: Display: Game Engine Initialized.
[2022.07.15-05.53.48:922][  0]LogNiagaraEditor: GEditor isn't valid! Particle reset commands will not work for Niagara components!
[2022.07.15-05.53.48:997][  0]LogInit: Display: Starting Game.
[2022.07.15-05.53.48:997][  0]LogNet: Browse: 127.0.0.1:17777/Game/ThirdPersonBP/Maps/ThirdPersonExampleMap?Name=Player
[2022.07.15-05.53.48:997][  0]LogInit: WinSock: Socket queue. Rx: 32768 (config 32768) Tx: 32768 (config 32768)
[2022.07.15-05.53.48:997][  0]LogNet: Created socket for bind address: 0.0.0.0 on port 0
[2022.07.15-05.53.48:997][  0]PacketHandlerLog: Loaded PacketHandler component: Engine.EngineHandlerComponentFactory (StatelessConnectHandlerComponent)
[2022.07.15-05.53.48:997][  0]LogNet: Game client on port 17777, rate 100000
[2022.07.15-05.53.49:073][  0]LogInit: Display: Engine is initialized. Leaving FEngineLoop::Init()
[2022.07.15-05.53.49:073][  0]LogLoad: (Engine Initialization) Total time: 4.35 seconds
[2022.07.15-05.53.49:073][  0]LogLoad: (Engine Initialization) Total Blueprint compile time: 0.00 seconds
[2022.07.15-05.53.49:077][  0]LogContentStreaming: Texture pool size now 1000 MB
[2022.07.15-05.53.49:079][  0]LogSlate: InvalidateAllWidgets triggered.  All widgets were invalidated
[2022.07.15-05.53.50:271][955]LogHandshake: SendChallengeResponse. Timestamp: 5.898719, Cookie: 060045089060221208219014049016238216183076128139087017048137
[2022.07.15-05.53.50:607][720]LogNetVersion: ProjectRun 1.0.0.0, NetCL: 17155196, EngineNetVer: 17, GameNetVer: 0 (Checksum: 3029291048)
[2022.07.15-05.53.50:607][720]LogNet: UPendingNetGame::SendInitialJoin: Sending hello. [UNetConnection] RemoteAddr: 127.0.0.1:17777, Name: IpConnection_0, Driver: PendingNetDriver IpNetDriver_0, IsServer: NO, PC: NULL, Owner: NULL, UniqueId: INVALID
[2022.07.15-05.53.50:942][635]LogNet: Welcomed by server (Level: /Game/ThirdPersonBP/Maps/UEDPIE_0_ThirdPersonExampleMap, Game: /Game/ProjectRun/GameMode/Run/BP_RunGameMode.BP_RunGameMode_C)
[2022.07.15-05.53.50:942][635]LogLoad: LoadMap: 127.0.0.1:17777/Game/ThirdPersonBP/Maps/ThirdPersonExampleMap?Name=Player?game=/Game/ProjectRun/GameMode/Run/BP_RunGameMode.BP_RunGameMode_C
[2022.07.15-05.53.50:942][635]LogWorld: BeginTearingDown for /Temp/Untitled_0
[2022.07.15-05.53.50:942][635]LogWorld: UWorld::CleanupWorld for Untitled, bSessionEnded=true, bCleanupResources=true
[2022.07.15-05.53.50:942][635]LogSlate: InvalidateAllWidgets triggered.  All widgets were invalidated
[2022.07.15-05.53.50:946][635]LogAudio: Display: Audio Device unregistered from world 'None'.
[2022.07.15-05.53.50:948][635]LogUObjectHash: Compacting FUObjectHashTables data took   0.56ms
[2022.07.15-05.53.51:013][635]LogBlueprint: Warning: [AssetLog] C:\study\ProjectRun\Content\ThirdPersonBP\Blueprints\ThirdPersonCharacter.uasset: [Compiler] InputAction Event 가  ResetVR 입력 액션  에 대해 알려지지 않은 'ResetVR' 액션을 참조합니다.
[2022.07.15-05.53.51:013][635]LogBlueprint: Warning: [AssetLog] C:\study\ProjectRun\Content\ThirdPersonBP\Blueprints\ThirdPersonCharacter.uasset: [Compiler] Input Axis Event 가  LookUpRate 입력 축  에 대해 알려지지 않은 'LookUpRate' 축을 참조합니다.
[2022.07.15-05.53.51:013][635]LogBlueprint: Warning: [AssetLog] C:\study\ProjectRun\Content\ThirdPersonBP\Blueprints\ThirdPersonCharacter.uasset: [Compiler] Input Axis Event 가  TurnRate 입력 축  에 대해 알려지지 않은 'TurnRate' 축을 참조합니다.
[2022.07.15-05.53.51:167][635]LogAudio: Display: Audio Device (ID: 1) registered with world 'ThirdPersonExampleMap'.
[2022.07.15-05.53.51:177][635]LogWorld: Bringing World /Game/ThirdPersonBP/Maps/ThirdPersonExampleMap.ThirdPersonExampleMap up for play (max tick rate 0) at 2022.07.15-14.53.51
[2022.07.15-05.53.51:177][635]LogWorld: Bringing up level for play took: 0.007625
[2022.07.15-05.53.51:177][635]LogSlate: Took 0.000230 seconds to synchronously load lazily loaded font '../../../Engine/Content/Slate/Fonts/Roboto-Regular.ttf' (155K)
[2022.07.15-05.53.51:178][635]LogLoad: Took 0.235329 seconds to LoadMap(/Game/ThirdPersonBP/Maps/ThirdPersonExampleMap)
[2022.07.15-05.53.51:178][635]LogNavigation: Warning: NavData RegistrationFailed_DataPendingKill.
[2022.07.15-05.53.51:181][637]LogRenderer: Reallocating scene render targets to support 640x480 Format 10 NumSamples 1 (Frame:1).
[2022.07.15-05.53.51:619][866]LogOnlineSession: Warning: OSS: No game present to join for session (GameSession)
[2022.07.15-05.53.51:619][866]LogOnlineSession: Warning: OSS: No game present to join for session (GameSession)
[2022.07.15-05.53.51:619][866]LogOnlineSession: Warning: OSS: No game present to join for session (GameSession)
[2022.07.15-05.53.56:300][336]LogBlueprintUserMessages: [BP_RunPlayerState_C_1] 10
[2022.07.15-05.54.00:987][460]LogBlueprintUserMessages: [BP_RunPlayerState_C_2] 20
[2022.07.15-05.54.22:892][883]LogWindowsDesktop: Alt-F4 pressed!
[2022.07.15-05.54.22:897][883]LogSlate: Window 'ProjectRun (64-bit Development PCD3D_SM5) ' being destroyed
[2022.07.15-05.54.22:899][883]LogWindowsTextInputMethodSystem: Display: IME system activated using TSF (Microsoft 입력기).
[2022.07.15-05.54.22:905][883]LogSlate: Updating window title bar state: overlay mode, drag disabled, window buttons hidden, title bar hidden
[2022.07.15-05.54.22:905][883]LogEngine: All Windows Closed
[2022.07.15-05.54.22:905][883]LogWindows: FPlatformMisc::RequestExit(0)
[2022.07.15-05.54.22:905][883]LogWindows: FPlatformMisc::RequestExitWithStatus(0, 0)
[2022.07.15-05.54.22:905][883]LogCore: Engine exit requested (reason: Win RequestExit)
[2022.07.15-05.54.22:905][884]LogCore: Engine exit requested (reason: EngineExit() was called; note: exit was already requested)
[2022.07.15-05.54.22:905][884]LogInit: Display: PreExit Game.
[2022.07.15-05.54.22:920][884]LogWorld: BeginTearingDown for /Game/ThirdPersonBP/Maps/ThirdPersonExampleMap
[2022.07.15-05.54.22:920][884]LogNet: World NetDriver shutdown IpNetDriver_0 [GameNetDriver]
[2022.07.15-05.54.22:920][884]LogNet: DestroyNamedNetDriver IpNetDriver_0 [GameNetDriver]
[2022.07.15-05.54.22:920][884]LogNet: UNetConnection::Close: [UNetConnection] RemoteAddr: 127.0.0.1:17777, Name: IpConnection_0, Driver: GameNetDriver IpNetDriver_0, IsServer: NO, PC: BP_RunPlayerController_C_0, Owner: BP_RunPlayerController_C_0, UniqueId: NULL:LeeMinSeok-5E481A704D4EA420E7CD06B692B835D2, Channels: 16, Time: 2022.07.15-05.54.22
[2022.07.15-05.54.22:920][884]LogNet: UChannel::Close: Sending CloseBunch. ChIndex == 0. Name: [UChannel] ChIndex: 0, Closing: 0 [UNetConnection] RemoteAddr: 127.0.0.1:17777, Name: IpConnection_0, Driver: GameNetDriver IpNetDriver_0, IsServer: NO, PC: BP_RunPlayerController_C_0, Owner: BP_RunPlayerController_C_0, UniqueId: NULL:LeeMinSeok-5E481A704D4EA420E7CD06B692B835D2
[2022.07.15-05.54.22:920][884]LogExit: GameNetDriver IpNetDriver_0 shut down
[2022.07.15-05.54.22:921][884]LogWorld: UWorld::CleanupWorld for ThirdPersonExampleMap, bSessionEnded=true, bCleanupResources=true
[2022.07.15-05.54.22:921][884]LogSlate: InvalidateAllWidgets triggered.  All widgets were invalidated
[2022.07.15-05.54.23:618][884]LogAudio: Display: Beginning Audio Device Manager Shutdown (Module: AudioMixerXAudio2)...
[2022.07.15-05.54.23:618][884]LogAudio: Display: Destroying 1 Remaining Audio Device(s)...
[2022.07.15-05.54.23:618][884]LogAudio: Display: Audio Device unregistered from world 'ThirdPersonExampleMap'.
[2022.07.15-05.54.23:653][884]LogAudioMixer: FMixerPlatformXAudio2::StopAudioStream() called
[2022.07.15-05.54.23:654][884]LogAudioMixer: FMixerPlatformXAudio2::StopAudioStream() called
[2022.07.15-05.54.23:672][884]LogAudio: Display: Audio Device Manager Shutdown
[2022.07.15-05.54.23:675][884]LogExit: Preparing to exit.
[2022.07.15-05.54.24:370][884]LogSlate: Updating window title bar state: overlay mode, drag disabled, window buttons hidden, title bar hidden
[2022.07.15-05.54.24:373][884]LogUObjectHash: Compacting FUObjectHashTables data took   0.93ms
