Log file open, 07/15/22 14:56:29
LogWindows: Failed to load 'aqProf.dll' (GetLastError=126)
LogWindows: File 'aqProf.dll' does not exist
LogWindows: Failed to load 'VtuneApi.dll' (GetLastError=126)
LogWindows: File 'VtuneApi.dll' does not exist
LogWindows: Failed to load 'VtuneApi32e.dll' (GetLastError=126)
LogWindows: File 'VtuneApi32e.dll' does not exist
LogConsoleResponse: Display: Failed to find resolution value strings in scalability ini. Falling back to default.
LogConsoleResponse: Display: Failed to find resolution value strings in scalability ini. Falling back to default.
LogInit: Display: Running engine for game: ProjectRun
LogPlatformFile: Not using cached read wrapper
LogTaskGraph: Started task graph with 5 named threads and 59 total threads with 3 sets of task threads.
LogStats: Stats thread started at 0.187902
LogICUInternationalization: ICU TimeZone Detection - Raw Offset: +9:00, Platform Override: ''
LogInit: Display: Loading text-based GConfig....
LogPluginManager: Mounting plugin MeshPainting
LogPluginManager: Mounting plugin XGEController
LogPluginManager: Mounting plugin Paper2D
LogPluginManager: Mounting plugin AISupport
LogPluginManager: Mounting plugin EnvironmentQueryEditor
LogPluginManager: Mounting plugin CameraShakePreviewer
LogPluginManager: Mounting plugin LiveLink
LogPluginManager: Mounting plugin GameplayCameras
LogPluginManager: Mounting plugin LightPropagationVolume
LogPluginManager: Mounting plugin OodleNetwork
LogPluginManager: Mounting plugin DatasmithContent
LogPluginManager: Mounting plugin OodleData
LogPluginManager: Mounting plugin AlembicImporter
LogPluginManager: Mounting plugin VariantManagerContent
LogPluginManager: Mounting plugin ChaosClothEditor
LogPluginManager: Mounting plugin BackChannel
LogPluginManager: Mounting plugin AutomationUtils
LogPluginManager: Mounting plugin ChaosCloth
LogPluginManager: Mounting plugin ChaosEditor
LogPluginManager: Mounting plugin ChaosNiagara
LogPluginManager: Mounting plugin ChaosSolverPlugin
LogPluginManager: Mounting plugin CharacterAI
LogPluginManager: Mounting plugin GeometryCache
LogPluginManager: Mounting plugin Niagara
LogPluginManager: Mounting plugin GeometryProcessing
LogPluginManager: Mounting plugin GeometryCollectionPlugin
LogPluginManager: Mounting plugin PlanarCut
LogPluginManager: Mounting plugin PlatformCrypto
LogPluginManager: Mounting plugin MotoSynth
LogPluginManager: Mounting plugin OpenImageDenoise
LogPluginManager: Mounting plugin PythonScriptPlugin
LogPluginManager: Mounting plugin SkeletalReduction
LogPluginManager: Mounting plugin MagicLeap
LogPluginManager: Mounting plugin AssetManagerEditor
LogPluginManager: Mounting plugin LuminPlatformFeatures
LogPluginManager: Mounting plugin MagicLeapPassableWorld
LogPluginManager: Mounting plugin ProxyLODPlugin
LogPluginManager: Mounting plugin MLSDK
LogPluginManager: Mounting plugin ActorSequence
LogPluginManager: Mounting plugin MagicLeapMedia
LogPluginManager: Mounting plugin LevelSequenceEditor
LogPluginManager: Mounting plugin MagicLeapLightEstimation
LogPluginManager: Mounting plugin MatineeToLevelSequence
LogPluginManager: Mounting plugin AvfMedia
LogPluginManager: Mounting plugin AndroidMedia
LogPluginManager: Mounting plugin TemplateSequence
LogPluginManager: Mounting plugin MediaCompositing
LogPluginManager: Mounting plugin MediaPlayerEditor
LogPluginManager: Mounting plugin WebMMedia
LogPluginManager: Mounting plugin ImgMedia
LogPluginManager: Mounting plugin WmfMedia
LogPluginManager: Mounting plugin OnlineSubsystem
LogPluginManager: Mounting plugin OnlineSubsystemUtils
LogPluginManager: Mounting plugin OnlineSubsystemNull
LogPluginManager: Mounting plugin KDevelopSourceCodeAccess
LogPluginManager: Mounting plugin CodeLiteSourceCodeAccess
LogPluginManager: Mounting plugin AnimationSharing
LogPluginManager: Mounting plugin GitSourceControl
LogPluginManager: Mounting plugin LauncherChunkInstaller
LogPluginManager: Mounting plugin CLionSourceCodeAccess
LogPluginManager: Mounting plugin PerforceSourceControl
LogPluginManager: Mounting plugin PixWinPlugin
LogPluginManager: Mounting plugin PlasticSourceControl
LogPluginManager: Mounting plugin TextureFormatOodle
LogPluginManager: Mounting plugin PluginUtils
LogPluginManager: Mounting plugin PropertyAccessNode
LogPluginManager: Mounting plugin SubversionSourceControl
LogPluginManager: Mounting plugin NullSourceCodeAccess
LogPluginManager: Mounting plugin VisualStudioSourceCodeAccess
LogPluginManager: Mounting plugin AndroidDeviceProfileSelector
LogPluginManager: Mounting plugin AndroidMoviePlayer
LogPluginManager: Mounting plugin RiderSourceCodeAccess
LogPluginManager: Mounting plugin UObjectPlugin
LogPluginManager: Mounting plugin AndroidPermission
LogPluginManager: Mounting plugin ActorLayerUtilities
LogPluginManager: Mounting plugin AppleImageUtils
LogPluginManager: Mounting plugin AppleMoviePlayer
LogPluginManager: Mounting plugin XCodeSourceCodeAccess
LogPluginManager: Mounting plugin ArchVisCharacter
LogPluginManager: Mounting plugin AudioSynesthesia
LogPluginManager: Mounting plugin CableComponent
LogPluginManager: Mounting plugin AudioCapture
LogPluginManager: Mounting plugin ChunkDownloader
LogPluginManager: Mounting plugin VisualStudioCodeSourceCodeAccess
LogPluginManager: Mounting plugin CustomMeshComponent
LogPluginManager: Mounting plugin ExampleDeviceProfileSelector
LogPluginManager: Mounting plugin AssetTags
LogPluginManager: Mounting plugin GoogleCloudMessaging
LogPluginManager: Mounting plugin EditableMesh
LogPluginManager: Mounting plugin GooglePAD
LogPluginManager: Mounting plugin LinuxDeviceProfileSelector
LogPluginManager: Mounting plugin LocationServicesBPLibrary
LogPluginManager: Mounting plugin IOSDeviceProfileSelector
LogPluginManager: Mounting plugin MobilePatchingUtils
LogPluginManager: Mounting plugin OpenXR
LogPluginManager: Mounting plugin ScreenshotTools
LogPluginManager: Mounting plugin OpenXREyeTracker
LogPluginManager: Mounting plugin OpenXRHandTracking
LogPluginManager: Mounting plugin PhysXVehicles
LogPluginManager: Mounting plugin PropertyAccessEditor
LogPluginManager: Mounting plugin SignificanceManager
LogPluginManager: Mounting plugin Synthesis
LogPluginManager: Mounting plugin RuntimePhysXCooking
LogPluginManager: Mounting plugin ProceduralMeshComponent
LogPluginManager: Mounting plugin PostSplashScreen
LogPluginManager: Mounting plugin UdpMessaging
LogPluginManager: Mounting plugin TcpMessaging
LogPluginManager: Mounting plugin WebMMoviePlayer
LogPluginManager: Mounting plugin SoundFields
LogPluginManager: Mounting plugin WindowsMoviePlayer
LogPluginManager: Mounting plugin CurveEditorTools
LogPluginManager: Mounting plugin FacialAnimation
LogPluginManager: Mounting plugin CryptoKeys
LogPluginManager: Mounting plugin GameplayTagsEditor
LogPluginManager: Mounting plugin DataValidation
LogPluginManager: Mounting plugin GeometryMode
LogPluginManager: Mounting plugin MacGraphicsSwitching
LogPluginManager: Mounting plugin MobileLauncherProfileWizard
LogPluginManager: Mounting plugin PluginBrowser
LogPluginManager: Mounting plugin SpeedTreeImporter
LogPluginManager: Mounting plugin MaterialAnalyzer
LogPluginManager: Mounting plugin Takes
LogPluginManager: Mounting plugin OnlineSubsystemGooglePlay
LogPluginManager: Mounting plugin OnlineSubsystemIOS
LogPluginManager: Mounting plugin OculusVR
LogPluginManager: Mounting plugin SteamVR
LogPluginManager: Mounting plugin ContentBrowserAssetDataSource
LogPluginManager: Mounting plugin ContentBrowserFileDataSource
LogPluginManager: Mounting plugin ContentBrowserClassDataSource
LogInit: Using libcurl 7.55.1-DEV
LogInit:  - built for x86_64-pc-win32
LogInit:  - supports SSL with OpenSSL/1.1.1
LogInit:  - supports HTTP deflate (compression) using libz 1.2.8
LogInit:  - other features:
LogInit:      CURL_VERSION_SSL
LogInit:      CURL_VERSION_LIBZ
LogInit:      CURL_VERSION_IPV6
LogInit:      CURL_VERSION_ASYNCHDNS
LogInit:      CURL_VERSION_LARGEFILE
LogInit:      CURL_VERSION_IDN
LogInit:  CurlRequestOptions (configurable via config and command line):
LogInit:  - bVerifyPeer = true  - Libcurl will verify peer certificate
LogInit:  - bUseHttpProxy = false  - Libcurl will NOT use HTTP proxy
LogInit:  - bDontReuseConnections = false  - Libcurl will reuse connections
LogInit:  - MaxHostConnections = 16  - Libcurl will limit the number of connections to a host
LogInit:  - LocalHostAddr = Default
LogInit:  - BufferSize = 65536
LogOnline: OSS: Creating online subsystem instance for: NULL
LogInit: WinSock: version 1.1 (2.2), MaxSocks=32767, MaxUdp=65467
LogOnline: OSS: TryLoadSubsystemAndSetDefault: Loaded subsystem for module [NULL]
PixWinPlugin: PIX capture plugin failed to initialize! Check that the process is launched from PIX.
LogOculusPluginWrapper: OculusPlugin initialized successfully
LogHMD: Failed initializing OVRPlugin 1.59.0
LogInit: Build: ++UE4+Release-4.27-CL-18319896
LogInit: Engine Version: 4.27.2-18319896+++UE4+Release-4.27
LogInit: Compatible Engine Version: 4.27.0-17155196+++UE4+Release-4.27
LogInit: Net CL: 17155196
LogInit: OS: Windows 10 (Release 2009) (), CPU: 12th Gen Intel(R) Core(TM) i7-12700H, GPU: NVIDIA GeForce RTX 3070 Ti Laptop GPU
LogInit: Compiled (64-bit): Nov 30 2021 07:12:08
LogInit: Compiled with Visual C++: 19.24.28315.00
LogInit: Build Configuration: Development
LogInit: Branch Name: ++UE4+Release-4.27
LogInit: Command Line:  127.0.0.1:17777 -game -PIEVIACONSOLE -Multiprocess GameUserSettingsINI=C:/study/ProjectRun/Saved/Config/Windows/PIEGameUserSettings2.ini -MultiprocessSaveConfig -forcepassthrough -messaging -SessionName="Play in Standalone Game" -windowed -WinX=1854 -WinY=228 SAVEWINPOS=1 -ResX=640 -ResY=480
LogInit: Base Directory: C:/Program Files/Epic Games/UE_4.27/Engine/Binaries/Win64/
LogInit: Allocator: TBB
LogInit: Installed Engine Build: 1
LogDevObjectVersion: Number of dev versions registered: 29
LogDevObjectVersion:   Dev-Blueprints (B0D832E4-1F89-4F0D-ACCF-7EB736FD4AA2): 10
LogDevObjectVersion:   Dev-Build (E1C64328-A22C-4D53-A36C-8E866417BD8C): 0
LogDevObjectVersion:   Dev-Core (375EC13C-06E4-48FB-B500-84F0262A717E): 4
LogDevObjectVersion:   Dev-Editor (E4B068ED-F494-42E9-A231-DA0B2E46BB41): 40
LogDevObjectVersion:   Dev-Framework (CFFC743F-43B0-4480-9391-14DF171D2073): 37
LogDevObjectVersion:   Dev-Mobile (B02B49B5-BB20-44E9-A304-32B752E40360): 3
LogDevObjectVersion:   Dev-Networking (A4E4105C-59A1-49B5-A7C5-40C4547EDFEE): 0
LogDevObjectVersion:   Dev-Online (39C831C9-5AE6-47DC-9A44-9C173E1C8E7C): 0
LogDevObjectVersion:   Dev-Physics (78F01B33-EBEA-4F98-B9B4-84EACCB95AA2): 14
LogDevObjectVersion:   Dev-Platform (6631380F-2D4D-43E0-8009-CF276956A95A): 0
LogDevObjectVersion:   Dev-Rendering (12F88B9F-8875-4AFC-A67C-D90C383ABD29): 45
LogDevObjectVersion:   Dev-Sequencer (7B5AE74C-D270-4C10-A958-57980B212A5A): 13
LogDevObjectVersion:   Dev-VR (D7296918-1DD6-4BDD-9DE2-64A83CC13884): 3
LogDevObjectVersion:   Dev-LoadTimes (C2A15278-BFE7-4AFE-6C17-90FF531DF755): 1
LogDevObjectVersion:   Private-Geometry (6EACA3D4-40EC-4CC1-B786-8BED09428FC5): 3
LogDevObjectVersion:   Dev-AnimPhys (29E575DD-E0A3-4627-9D10-D276232CDCEA): 17
LogDevObjectVersion:   Dev-Anim (AF43A65D-7FD3-4947-9873-3E8ED9C1BB05): 15
LogDevObjectVersion:   Dev-ReflectionCapture (6B266CEC-1EC7-4B8F-A30B-E4D90942FC07): 1
LogDevObjectVersion:   Dev-Automation (0DF73D61-A23F-47EA-B727-89E90C41499A): 1
LogDevObjectVersion:   FortniteMain (601D1886-AC64-4F84-AA16-D3DE0DEAC7D6): 47
LogDevObjectVersion:   FortniteRelease (E7086368-6B23-4C58-8439-1B7016265E91): 1
LogDevObjectVersion:   Dev-Enterprise (9DFFBCD6-494F-0158-E221-12823C92A888): 10
LogDevObjectVersion:   Dev-Niagara (F2AED0AC-9AFE-416F-8664-AA7FFA26D6FC): 1
LogDevObjectVersion:   Dev-Destruction (174F1F0B-B4C6-45A5-B13F-2EE8D0FB917D): 10
LogDevObjectVersion:   Dev-Physics-Ext (35F94A83-E258-406C-A318-09F59610247C): 41
LogDevObjectVersion:   Dev-PhysicsMaterial-Chaos (B68FC16E-8B1B-42E2-B453-215C058844FE): 1
LogDevObjectVersion:   Dev-CineCamera (B2E18506-4273-CFC2-A54E-F4BB758BBA07): 1
LogDevObjectVersion:   Dev-VirtualProduction (64F58936-FD1B-42BA-BA96-7289D5D0FA4E): 1
LogDevObjectVersion:   Dev-MediaFramework (6F0ED827-A609-4895-9C91-998D90180EA4): 2
LogInit: Presizing for max 25165824 objects, including 0 objects not considered by GC, pre-allocating 0 bytes for permanent pool.
LogConfig: Applying CVar settings from Section [/Script/Engine.StreamingSettings] File [C:/study/ProjectRun/Saved/Config/Windows/Engine.ini]
LogConfig: Setting CVar [[s.MinBulkDataSizeForAsyncLoading:131072]]
LogConfig: Setting CVar [[s.AsyncLoadingThreadEnabled:0]]
LogConfig: Setting CVar [[s.EventDrivenLoaderEnabled:1]]
LogConfig: Setting CVar [[s.WarnIfTimeLimitExceeded:0]]
LogConfig: Setting CVar [[s.TimeLimitExceededMultiplier:1.5]]
LogConfig: Setting CVar [[s.TimeLimitExceededMinTime:0.005]]
LogConfig: Setting CVar [[s.UseBackgroundLevelStreaming:1]]
LogConfig: Setting CVar [[s.PriorityAsyncLoadingExtraTime:15.0]]
LogConfig: Setting CVar [[s.LevelStreamingActorsUpdateTimeLimit:5.0]]
LogConfig: Setting CVar [[s.PriorityLevelStreamingActorsUpdateExtraTime:5.0]]
LogConfig: Setting CVar [[s.LevelStreamingComponentsRegistrationGranularity:10]]
LogConfig: Setting CVar [[s.UnregisterComponentsTimeLimit:1.0]]
LogConfig: Setting CVar [[s.LevelStreamingComponentsUnregistrationGranularity:5]]
LogConfig: Setting CVar [[s.FlushStreamingOnExit:1]]
LogInit: Object subsystem initialized
LogConfig: Setting CVar [[con.DebugEarlyDefault:1]]
LogConfig: Setting CVar [[r.setres:1280x720]]
[2022.07.15-05.56.29:845][  0]LogConfig: Setting CVar [[con.DebugEarlyDefault:1]]
[2022.07.15-05.56.29:845][  0]LogConfig: Setting CVar [[r.setres:1280x720]]
[2022.07.15-05.56.29:845][  0]LogConfig: Applying CVar settings from Section [/Script/Engine.RendererSettings] File [C:/study/ProjectRun/Saved/Config/Windows/Engine.ini]
[2022.07.15-05.56.29:845][  0]LogConfig: Setting CVar [[r.GPUCrashDebugging:0]]
[2022.07.15-05.56.29:845][  0]LogConfig: Applying CVar settings from Section [/Script/Engine.RendererOverrideSettings] File [C:/study/ProjectRun/Saved/Config/Windows/Engine.ini]
[2022.07.15-05.56.29:845][  0]LogConfig: Applying CVar settings from Section [/Script/Engine.StreamingSettings] File [C:/study/ProjectRun/Saved/Config/Windows/Engine.ini]
[2022.07.15-05.56.29:845][  0]LogConfig: Setting CVar [[s.MinBulkDataSizeForAsyncLoading:131072]]
[2022.07.15-05.56.29:845][  0]LogConfig: Setting CVar [[s.AsyncLoadingThreadEnabled:0]]
[2022.07.15-05.56.29:845][  0]LogConfig: Setting CVar [[s.EventDrivenLoaderEnabled:1]]
[2022.07.15-05.56.29:845][  0]LogConfig: Setting CVar [[s.WarnIfTimeLimitExceeded:0]]
[2022.07.15-05.56.29:845][  0]LogConfig: Setting CVar [[s.TimeLimitExceededMultiplier:1.5]]
[2022.07.15-05.56.29:845][  0]LogConfig: Setting CVar [[s.TimeLimitExceededMinTime:0.005]]
[2022.07.15-05.56.29:845][  0]LogConfig: Setting CVar [[s.UseBackgroundLevelStreaming:1]]
[2022.07.15-05.56.29:845][  0]LogConfig: Setting CVar [[s.PriorityAsyncLoadingExtraTime:15.0]]
[2022.07.15-05.56.29:845][  0]LogConfig: Setting CVar [[s.LevelStreamingActorsUpdateTimeLimit:5.0]]
[2022.07.15-05.56.29:845][  0]LogConfig: Setting CVar [[s.PriorityLevelStreamingActorsUpdateExtraTime:5.0]]
[2022.07.15-05.56.29:845][  0]LogConfig: Setting CVar [[s.LevelStreamingComponentsRegistrationGranularity:10]]
[2022.07.15-05.56.29:845][  0]LogConfig: Setting CVar [[s.UnregisterComponentsTimeLimit:1.0]]
[2022.07.15-05.56.29:845][  0]LogConfig: Setting CVar [[s.LevelStreamingComponentsUnregistrationGranularity:5]]
[2022.07.15-05.56.29:845][  0]LogConfig: Setting CVar [[s.FlushStreamingOnExit:1]]
[2022.07.15-05.56.29:845][  0]LogConfig: Applying CVar settings from Section [/Script/Engine.GarbageCollectionSettings] File [C:/study/ProjectRun/Saved/Config/Windows/Engine.ini]
[2022.07.15-05.56.29:845][  0]LogConfig: Setting CVar [[gc.MaxObjectsNotConsideredByGC:1]]
[2022.07.15-05.56.29:845][  0]LogConfig: Setting CVar [[gc.SizeOfPermanentObjectPool:0]]
[2022.07.15-05.56.29:845][  0]LogConfig: Setting CVar [[gc.FlushStreamingOnGC:0]]
[2022.07.15-05.56.29:845][  0]LogConfig: Setting CVar [[gc.NumRetriesBeforeForcingGC:10]]
[2022.07.15-05.56.29:845][  0]LogConfig: Setting CVar [[gc.AllowParallelGC:1]]
[2022.07.15-05.56.29:845][  0]LogConfig: Setting CVar [[gc.TimeBetweenPurgingPendingKillObjects:61.1]]
[2022.07.15-05.56.29:845][  0]LogConfig: Setting CVar [[gc.MaxObjectsInEditor:25165824]]
[2022.07.15-05.56.29:845][  0]LogConfig: Setting CVar [[gc.IncrementalBeginDestroyEnabled:1]]
[2022.07.15-05.56.29:845][  0]LogConfig: Setting CVar [[gc.CreateGCClusters:1]]
[2022.07.15-05.56.29:845][  0]LogConfig: Setting CVar [[gc.MinGCClusterSize:5]]
[2022.07.15-05.56.29:845][  0]LogConfig: Setting CVar [[gc.ActorClusteringEnabled:0]]
[2022.07.15-05.56.29:845][  0]LogConfig: Setting CVar [[gc.BlueprintClusteringEnabled:0]]
[2022.07.15-05.56.29:845][  0]LogConfig: Setting CVar [[gc.UseDisregardForGCOnDedicatedServers:0]]
[2022.07.15-05.56.29:845][  0]LogConfig: Setting CVar [[gc.MultithreadedDestructionEnabled:1]]
[2022.07.15-05.56.29:845][  0]LogConfig: Applying CVar settings from Section [/Script/Engine.NetworkSettings] File [C:/study/ProjectRun/Saved/Config/Windows/Engine.ini]
[2022.07.15-05.56.29:845][  0]LogConfig: Applying CVar settings from Section [/Script/UnrealEd.CookerSettings] File [C:/study/ProjectRun/Saved/Config/Windows/Engine.ini]
[2022.07.15-05.56.29:858][  0]LogConfig: Applying CVar settings from Section [ViewDistanceQuality@3] File [C:/study/ProjectRun/Saved/Config/Windows/Scalability.ini]
[2022.07.15-05.56.29:858][  0]LogConfig: Setting CVar [[r.SkeletalMeshLODBias:0]]
[2022.07.15-05.56.29:858][  0]LogConfig: Setting CVar [[r.ViewDistanceScale:1.0]]
[2022.07.15-05.56.29:858][  0]LogConfig: Applying CVar settings from Section [AntiAliasingQuality@3] File [C:/study/ProjectRun/Saved/Config/Windows/Scalability.ini]
[2022.07.15-05.56.29:858][  0]LogConfig: Setting CVar [[r.PostProcessAAQuality:4]]
[2022.07.15-05.56.29:858][  0]LogConfig: Applying CVar settings from Section [ShadowQuality@3] File [C:/study/ProjectRun/Saved/Config/Windows/Scalability.ini]
[2022.07.15-05.56.29:858][  0]LogConfig: Setting CVar [[r.LightFunctionQuality:1]]
[2022.07.15-05.56.29:858][  0]LogConfig: Setting CVar [[r.ShadowQuality:5]]
[2022.07.15-05.56.29:858][  0]LogConfig: Setting CVar [[r.Shadow.CSM.MaxCascades:10]]
[2022.07.15-05.56.29:858][  0]LogConfig: Setting CVar [[r.Shadow.MaxResolution:2048]]
[2022.07.15-05.56.29:858][  0]LogConfig: Setting CVar [[r.Shadow.MaxCSMResolution:2048]]
[2022.07.15-05.56.29:858][  0]LogConfig: Setting CVar [[r.Shadow.RadiusThreshold:0.01]]
[2022.07.15-05.56.29:858][  0]LogConfig: Setting CVar [[r.Shadow.DistanceScale:1.0]]
[2022.07.15-05.56.29:858][  0]LogConfig: Setting CVar [[r.Shadow.CSM.TransitionScale:1.0]]
[2022.07.15-05.56.29:858][  0]LogConfig: Setting CVar [[r.Shadow.PreShadowResolutionFactor:1.0]]
[2022.07.15-05.56.29:858][  0]LogConfig: Setting CVar [[r.DistanceFieldShadowing:1]]
[2022.07.15-05.56.29:858][  0]LogConfig: Setting CVar [[r.DistanceFieldAO:1]]
[2022.07.15-05.56.29:858][  0]LogConfig: Setting CVar [[r.AOQuality:2]]
[2022.07.15-05.56.29:858][  0]LogConfig: Setting CVar [[r.VolumetricFog:1]]
[2022.07.15-05.56.29:858][  0]LogConfig: Setting CVar [[r.VolumetricFog.GridPixelSize:8]]
[2022.07.15-05.56.29:858][  0]LogConfig: Setting CVar [[r.VolumetricFog.GridSizeZ:128]]
[2022.07.15-05.56.29:858][  0]LogConfig: Setting CVar [[r.VolumetricFog.HistoryMissSupersampleCount:4]]
[2022.07.15-05.56.29:858][  0]LogConfig: Setting CVar [[r.LightMaxDrawDistanceScale:1]]
[2022.07.15-05.56.29:858][  0]LogConfig: Setting CVar [[r.CapsuleShadows:1]]
[2022.07.15-05.56.29:858][  0]LogConfig: Applying CVar settings from Section [PostProcessQuality@3] File [C:/study/ProjectRun/Saved/Config/Windows/Scalability.ini]
[2022.07.15-05.56.29:858][  0]LogConfig: Setting CVar [[r.MotionBlurQuality:4]]
[2022.07.15-05.56.29:858][  0]LogConfig: Setting CVar [[r.AmbientOcclusionMipLevelFactor:0.4]]
[2022.07.15-05.56.29:858][  0]LogConfig: Setting CVar [[r.AmbientOcclusionMaxQuality:100]]
[2022.07.15-05.56.29:858][  0]LogConfig: Setting CVar [[r.AmbientOcclusionLevels:-1]]
[2022.07.15-05.56.29:858][  0]LogConfig: Setting CVar [[r.AmbientOcclusionRadiusScale:1.0]]
[2022.07.15-05.56.29:858][  0]LogConfig: Setting CVar [[r.DepthOfFieldQuality:2]]
[2022.07.15-05.56.29:858][  0]LogConfig: Setting CVar [[r.RenderTargetPoolMin:400]]
[2022.07.15-05.56.29:858][  0]LogConfig: Setting CVar [[r.LensFlareQuality:2]]
[2022.07.15-05.56.29:858][  0]LogConfig: Setting CVar [[r.SceneColorFringeQuality:1]]
[2022.07.15-05.56.29:858][  0]LogConfig: Setting CVar [[r.EyeAdaptationQuality:2]]
[2022.07.15-05.56.29:858][  0]LogConfig: Setting CVar [[r.BloomQuality:5]]
[2022.07.15-05.56.29:858][  0]LogConfig: Setting CVar [[r.FastBlurThreshold:100]]
[2022.07.15-05.56.29:858][  0]LogConfig: Setting CVar [[r.Upscale.Quality:3]]
[2022.07.15-05.56.29:858][  0]LogConfig: Setting CVar [[r.Tonemapper.GrainQuantization:1]]
[2022.07.15-05.56.29:858][  0]LogConfig: Setting CVar [[r.LightShaftQuality:1]]
[2022.07.15-05.56.29:858][  0]LogConfig: Setting CVar [[r.Filter.SizeScale:1]]
[2022.07.15-05.56.29:858][  0]LogConfig: Setting CVar [[r.Tonemapper.Quality:5]]
[2022.07.15-05.56.29:858][  0]LogConfig: Setting CVar [[r.DOF.Gather.AccumulatorQuality:1        ; higher gathering accumulator quality]]
[2022.07.15-05.56.29:858][  0]LogConfig: Setting CVar [[r.DOF.Gather.PostfilterMethod:1          ; Median3x3 postfilering method]]
[2022.07.15-05.56.29:858][  0]LogConfig: Setting CVar [[r.DOF.Gather.EnableBokehSettings:0       ; no bokeh simulation when gathering]]
[2022.07.15-05.56.29:858][  0]LogConfig: Setting CVar [[r.DOF.Gather.RingCount:4                 ; medium number of samples when gathering]]
[2022.07.15-05.56.29:858][  0]LogConfig: Setting CVar [[r.DOF.Scatter.ForegroundCompositing:1    ; additive foreground scattering]]
[2022.07.15-05.56.29:858][  0]LogConfig: Setting CVar [[r.DOF.Scatter.BackgroundCompositing:2    ; additive background scattering]]
[2022.07.15-05.56.29:858][  0]LogConfig: Setting CVar [[r.DOF.Scatter.EnableBokehSettings:1      ; bokeh simulation when scattering]]
[2022.07.15-05.56.29:858][  0]LogConfig: Setting CVar [[r.DOF.Scatter.MaxSpriteRatio:0.1         ; only a maximum of 10% of scattered bokeh]]
[2022.07.15-05.56.29:858][  0]LogConfig: Setting CVar [[r.DOF.Recombine.Quality:1                ; cheap slight out of focus]]
[2022.07.15-05.56.29:858][  0]LogConfig: Setting CVar [[r.DOF.Recombine.EnableBokehSettings:0    ; no bokeh simulation on slight out of focus]]
[2022.07.15-05.56.29:858][  0]LogConfig: Setting CVar [[r.DOF.TemporalAAQuality:1                ; more stable temporal accumulation]]
[2022.07.15-05.56.29:858][  0]LogConfig: Setting CVar [[r.DOF.Kernel.MaxForegroundRadius:0.025]]
[2022.07.15-05.56.29:858][  0]LogConfig: Setting CVar [[r.DOF.Kernel.MaxBackgroundRadius:0.025]]
[2022.07.15-05.56.29:858][  0]LogConfig: Applying CVar settings from Section [TextureQuality@3] File [C:/study/ProjectRun/Saved/Config/Windows/Scalability.ini]
[2022.07.15-05.56.29:858][  0]LogConfig: Setting CVar [[r.Streaming.MipBias:0]]
[2022.07.15-05.56.29:858][  0]LogConfig: Setting CVar [[r.Streaming.AmortizeCPUToGPUCopy:0]]
[2022.07.15-05.56.29:858][  0]LogConfig: Setting CVar [[r.Streaming.MaxNumTexturesToStreamPerFrame:0]]
[2022.07.15-05.56.29:858][  0]LogConfig: Setting CVar [[r.Streaming.Boost:1]]
[2022.07.15-05.56.29:858][  0]LogConfig: Setting CVar [[r.MaxAnisotropy:8]]
[2022.07.15-05.56.29:858][  0]LogConfig: Setting CVar [[r.VT.MaxAnisotropy:8]]
[2022.07.15-05.56.29:858][  0]LogConfig: Setting CVar [[r.Streaming.LimitPoolSizeToVRAM:0]]
[2022.07.15-05.56.29:858][  0]LogConfig: Setting CVar [[r.Streaming.PoolSize:1000]]
[2022.07.15-05.56.29:858][  0]LogConfig: Setting CVar [[r.Streaming.MaxEffectiveScreenSize:0]]
[2022.07.15-05.56.29:858][  0]LogConfig: Applying CVar settings from Section [EffectsQuality@3] File [C:/study/ProjectRun/Saved/Config/Windows/Scalability.ini]
[2022.07.15-05.56.29:858][  0]LogConfig: Setting CVar [[r.TranslucencyLightingVolumeDim:64]]
[2022.07.15-05.56.29:858][  0]LogConfig: Setting CVar [[r.RefractionQuality:2]]
[2022.07.15-05.56.29:858][  0]LogConfig: Setting CVar [[r.SSR.Quality:3]]
[2022.07.15-05.56.29:858][  0]LogConfig: Setting CVar [[r.SSR.HalfResSceneColor:0]]
[2022.07.15-05.56.29:858][  0]LogConfig: Setting CVar [[r.SceneColorFormat:4]]
[2022.07.15-05.56.29:858][  0]LogConfig: Setting CVar [[r.DetailMode:2]]
[2022.07.15-05.56.29:858][  0]LogConfig: Setting CVar [[r.TranslucencyVolumeBlur:1]]
[2022.07.15-05.56.29:858][  0]LogConfig: Setting CVar [[r.MaterialQualityLevel:1 ; High quality]]
[2022.07.15-05.56.29:858][  0]LogConfig: Setting CVar [[r.AnisotropicMaterials:1]]
[2022.07.15-05.56.29:859][  0]LogConfig: Setting CVar [[r.SSS.Scale:1]]
[2022.07.15-05.56.29:859][  0]LogConfig: Setting CVar [[r.SSS.SampleSet:2]]
[2022.07.15-05.56.29:859][  0]LogConfig: Setting CVar [[r.SSS.Quality:1]]
[2022.07.15-05.56.29:859][  0]LogConfig: Setting CVar [[r.SSS.HalfRes:0]]
[2022.07.15-05.56.29:859][  0]LogConfig: Setting CVar [[r.SSGI.Quality:3]]
[2022.07.15-05.56.29:859][  0]LogConfig: Setting CVar [[r.EmitterSpawnRateScale:1.0]]
[2022.07.15-05.56.29:859][  0]LogConfig: Setting CVar [[r.ParticleLightQuality:2]]
[2022.07.15-05.56.29:859][  0]LogConfig: Setting CVar [[r.SkyAtmosphere.AerialPerspectiveLUT.FastApplyOnOpaque:1 ; Always have FastSkyLUT 1 in this case to avoid wrong sky]]
[2022.07.15-05.56.29:859][  0]LogConfig: Setting CVar [[r.SkyAtmosphere.AerialPerspectiveLUT.SampleCountMaxPerSlice:4]]
[2022.07.15-05.56.29:859][  0]LogConfig: Setting CVar [[r.SkyAtmosphere.AerialPerspectiveLUT.DepthResolution:16.0]]
[2022.07.15-05.56.29:859][  0]LogConfig: Setting CVar [[r.SkyAtmosphere.FastSkyLUT:1]]
[2022.07.15-05.56.29:859][  0]LogConfig: Setting CVar [[r.SkyAtmosphere.FastSkyLUT.SampleCountMin:4.0]]
[2022.07.15-05.56.29:859][  0]LogConfig: Setting CVar [[r.SkyAtmosphere.FastSkyLUT.SampleCountMax:128.0]]
[2022.07.15-05.56.29:859][  0]LogConfig: Setting CVar [[r.SkyAtmosphere.SampleCountMin:4.0]]
[2022.07.15-05.56.29:859][  0]LogConfig: Setting CVar [[r.SkyAtmosphere.SampleCountMax:128.0]]
[2022.07.15-05.56.29:859][  0]LogConfig: Setting CVar [[r.SkyAtmosphere.TransmittanceLUT.UseSmallFormat:0]]
[2022.07.15-05.56.29:859][  0]LogConfig: Setting CVar [[r.SkyAtmosphere.TransmittanceLUT.SampleCount:10.0]]
[2022.07.15-05.56.29:859][  0]LogConfig: Setting CVar [[r.SkyAtmosphere.MultiScatteringLUT.SampleCount:15.0]]
[2022.07.15-05.56.29:859][  0]LogConfig: Setting CVar [[r.SkyLight.RealTimeReflectionCapture:1]]
[2022.07.15-05.56.29:859][  0]LogConfig: Applying CVar settings from Section [FoliageQuality@3] File [C:/study/ProjectRun/Saved/Config/Windows/Scalability.ini]
[2022.07.15-05.56.29:859][  0]LogConfig: Setting CVar [[foliage.DensityScale:1.0]]
[2022.07.15-05.56.29:859][  0]LogConfig: Setting CVar [[grass.DensityScale:1.0]]
[2022.07.15-05.56.29:859][  0]LogConfig: Applying CVar settings from Section [ShadingQuality@3] File [C:/study/ProjectRun/Saved/Config/Windows/Scalability.ini]
[2022.07.15-05.56.29:859][  0]LogConfig: Setting CVar [[r.HairStrands.SkyLighting.IntegrationType:2]]
[2022.07.15-05.56.29:859][  0]LogConfig: Setting CVar [[r.HairStrands.SkyAO.SampleCount:4]]
[2022.07.15-05.56.29:859][  0]LogConfig: Setting CVar [[r.HairStrands.Visibility.MSAA.SamplePerPixel:4]]
[2022.07.15-05.56.29:859][  0]LogInit: Selected Device Profile: [Windows]
[2022.07.15-05.56.29:859][  0]LogInit: Applying CVar settings loaded from the selected device profile: [Windows]
[2022.07.15-05.56.29:859][  0]LogHAL: Display: Platform has ~ 16 GB [16831680512 / 17179869184 / 16], which maps to Larger [LargestMinGB=32, LargerMinGB=12, DefaultMinGB=8, SmallerMinGB=6, SmallestMinGB=0)
[2022.07.15-05.56.29:859][  0]LogInit: Going up to parent DeviceProfile []
[2022.07.15-05.56.29:859][  0]LogConfig: Applying CVar settings from Section [ViewDistanceQuality@3] File [C:/study/ProjectRun/Saved/Config/Windows/Scalability.ini]
[2022.07.15-05.56.29:859][  0]LogConfig: Setting CVar [[r.SkeletalMeshLODBias:0]]
[2022.07.15-05.56.29:859][  0]LogConfig: Setting CVar [[r.ViewDistanceScale:1.0]]
[2022.07.15-05.56.29:859][  0]LogConfig: Applying CVar settings from Section [AntiAliasingQuality@3] File [C:/study/ProjectRun/Saved/Config/Windows/Scalability.ini]
[2022.07.15-05.56.29:859][  0]LogConfig: Setting CVar [[r.PostProcessAAQuality:4]]
[2022.07.15-05.56.29:859][  0]LogConfig: Applying CVar settings from Section [ShadowQuality@3] File [C:/study/ProjectRun/Saved/Config/Windows/Scalability.ini]
[2022.07.15-05.56.29:859][  0]LogConfig: Setting CVar [[r.LightFunctionQuality:1]]
[2022.07.15-05.56.29:859][  0]LogConfig: Setting CVar [[r.ShadowQuality:5]]
[2022.07.15-05.56.29:859][  0]LogConfig: Setting CVar [[r.Shadow.CSM.MaxCascades:10]]
[2022.07.15-05.56.29:859][  0]LogConfig: Setting CVar [[r.Shadow.MaxResolution:2048]]
[2022.07.15-05.56.29:859][  0]LogConfig: Setting CVar [[r.Shadow.MaxCSMResolution:2048]]
[2022.07.15-05.56.29:859][  0]LogConfig: Setting CVar [[r.Shadow.RadiusThreshold:0.01]]
[2022.07.15-05.56.29:859][  0]LogConfig: Setting CVar [[r.Shadow.DistanceScale:1.0]]
[2022.07.15-05.56.29:859][  0]LogConfig: Setting CVar [[r.Shadow.CSM.TransitionScale:1.0]]
[2022.07.15-05.56.29:859][  0]LogConfig: Setting CVar [[r.Shadow.PreShadowResolutionFactor:1.0]]
[2022.07.15-05.56.29:859][  0]LogConfig: Setting CVar [[r.DistanceFieldShadowing:1]]
[2022.07.15-05.56.29:859][  0]LogConfig: Setting CVar [[r.DistanceFieldAO:1]]
[2022.07.15-05.56.29:859][  0]LogConfig: Setting CVar [[r.AOQuality:2]]
[2022.07.15-05.56.29:859][  0]LogConfig: Setting CVar [[r.VolumetricFog:1]]
[2022.07.15-05.56.29:859][  0]LogConfig: Setting CVar [[r.VolumetricFog.GridPixelSize:8]]
[2022.07.15-05.56.29:859][  0]LogConfig: Setting CVar [[r.VolumetricFog.GridSizeZ:128]]
[2022.07.15-05.56.29:859][  0]LogConfig: Setting CVar [[r.VolumetricFog.HistoryMissSupersampleCount:4]]
[2022.07.15-05.56.29:859][  0]LogConfig: Setting CVar [[r.LightMaxDrawDistanceScale:1]]
[2022.07.15-05.56.29:859][  0]LogConfig: Setting CVar [[r.CapsuleShadows:1]]
[2022.07.15-05.56.29:859][  0]LogConfig: Applying CVar settings from Section [PostProcessQuality@3] File [C:/study/ProjectRun/Saved/Config/Windows/Scalability.ini]
[2022.07.15-05.56.29:859][  0]LogConfig: Setting CVar [[r.MotionBlurQuality:4]]
[2022.07.15-05.56.29:859][  0]LogConfig: Setting CVar [[r.AmbientOcclusionMipLevelFactor:0.4]]
[2022.07.15-05.56.29:859][  0]LogConfig: Setting CVar [[r.AmbientOcclusionMaxQuality:100]]
[2022.07.15-05.56.29:859][  0]LogConfig: Setting CVar [[r.AmbientOcclusionLevels:-1]]
[2022.07.15-05.56.29:859][  0]LogConfig: Setting CVar [[r.AmbientOcclusionRadiusScale:1.0]]
[2022.07.15-05.56.29:859][  0]LogConfig: Setting CVar [[r.DepthOfFieldQuality:2]]
[2022.07.15-05.56.29:859][  0]LogConfig: Setting CVar [[r.RenderTargetPoolMin:400]]
[2022.07.15-05.56.29:859][  0]LogConfig: Setting CVar [[r.LensFlareQuality:2]]
[2022.07.15-05.56.29:859][  0]LogConfig: Setting CVar [[r.SceneColorFringeQuality:1]]
[2022.07.15-05.56.29:859][  0]LogConfig: Setting CVar [[r.EyeAdaptationQuality:2]]
[2022.07.15-05.56.29:859][  0]LogConfig: Setting CVar [[r.BloomQuality:5]]
[2022.07.15-05.56.29:859][  0]LogConfig: Setting CVar [[r.FastBlurThreshold:100]]
[2022.07.15-05.56.29:859][  0]LogConfig: Setting CVar [[r.Upscale.Quality:3]]
[2022.07.15-05.56.29:859][  0]LogConfig: Setting CVar [[r.Tonemapper.GrainQuantization:1]]
[2022.07.15-05.56.29:859][  0]LogConfig: Setting CVar [[r.LightShaftQuality:1]]
[2022.07.15-05.56.29:859][  0]LogConfig: Setting CVar [[r.Filter.SizeScale:1]]
[2022.07.15-05.56.29:859][  0]LogConfig: Setting CVar [[r.Tonemapper.Quality:5]]
[2022.07.15-05.56.29:859][  0]LogConfig: Setting CVar [[r.DOF.Gather.AccumulatorQuality:1        ; higher gathering accumulator quality]]
[2022.07.15-05.56.29:859][  0]LogConfig: Setting CVar [[r.DOF.Gather.PostfilterMethod:1          ; Median3x3 postfilering method]]
[2022.07.15-05.56.29:859][  0]LogConfig: Setting CVar [[r.DOF.Gather.EnableBokehSettings:0       ; no bokeh simulation when gathering]]
[2022.07.15-05.56.29:859][  0]LogConfig: Setting CVar [[r.DOF.Gather.RingCount:4                 ; medium number of samples when gathering]]
[2022.07.15-05.56.29:859][  0]LogConfig: Setting CVar [[r.DOF.Scatter.ForegroundCompositing:1    ; additive foreground scattering]]
[2022.07.15-05.56.29:859][  0]LogConfig: Setting CVar [[r.DOF.Scatter.BackgroundCompositing:2    ; additive background scattering]]
[2022.07.15-05.56.29:859][  0]LogConfig: Setting CVar [[r.DOF.Scatter.EnableBokehSettings:1      ; bokeh simulation when scattering]]
[2022.07.15-05.56.29:859][  0]LogConfig: Setting CVar [[r.DOF.Scatter.MaxSpriteRatio:0.1         ; only a maximum of 10% of scattered bokeh]]
[2022.07.15-05.56.29:859][  0]LogConfig: Setting CVar [[r.DOF.Recombine.Quality:1                ; cheap slight out of focus]]
[2022.07.15-05.56.29:859][  0]LogConfig: Setting CVar [[r.DOF.Recombine.EnableBokehSettings:0    ; no bokeh simulation on slight out of focus]]
[2022.07.15-05.56.29:859][  0]LogConfig: Setting CVar [[r.DOF.TemporalAAQuality:1                ; more stable temporal accumulation]]
[2022.07.15-05.56.29:859][  0]LogConfig: Setting CVar [[r.DOF.Kernel.MaxForegroundRadius:0.025]]
[2022.07.15-05.56.29:859][  0]LogConfig: Setting CVar [[r.DOF.Kernel.MaxBackgroundRadius:0.025]]
[2022.07.15-05.56.29:859][  0]LogConfig: Applying CVar settings from Section [TextureQuality@3] File [C:/study/ProjectRun/Saved/Config/Windows/Scalability.ini]
[2022.07.15-05.56.29:859][  0]LogConfig: Setting CVar [[r.Streaming.MipBias:0]]
[2022.07.15-05.56.29:859][  0]LogConfig: Setting CVar [[r.Streaming.AmortizeCPUToGPUCopy:0]]
[2022.07.15-05.56.29:859][  0]LogConfig: Setting CVar [[r.Streaming.MaxNumTexturesToStreamPerFrame:0]]
[2022.07.15-05.56.29:859][  0]LogConfig: Setting CVar [[r.Streaming.Boost:1]]
[2022.07.15-05.56.29:859][  0]LogConfig: Setting CVar [[r.MaxAnisotropy:8]]
[2022.07.15-05.56.29:859][  0]LogConfig: Setting CVar [[r.VT.MaxAnisotropy:8]]
[2022.07.15-05.56.29:859][  0]LogConfig: Setting CVar [[r.Streaming.LimitPoolSizeToVRAM:0]]
[2022.07.15-05.56.29:859][  0]LogConfig: Setting CVar [[r.Streaming.PoolSize:1000]]
[2022.07.15-05.56.29:859][  0]LogConfig: Setting CVar [[r.Streaming.MaxEffectiveScreenSize:0]]
[2022.07.15-05.56.29:859][  0]LogConfig: Applying CVar settings from Section [EffectsQuality@3] File [C:/study/ProjectRun/Saved/Config/Windows/Scalability.ini]
[2022.07.15-05.56.29:859][  0]LogConfig: Setting CVar [[r.TranslucencyLightingVolumeDim:64]]
[2022.07.15-05.56.29:859][  0]LogConfig: Setting CVar [[r.RefractionQuality:2]]
[2022.07.15-05.56.29:859][  0]LogConfig: Setting CVar [[r.SSR.Quality:3]]
[2022.07.15-05.56.29:859][  0]LogConfig: Setting CVar [[r.SSR.HalfResSceneColor:0]]
[2022.07.15-05.56.29:859][  0]LogConfig: Setting CVar [[r.SceneColorFormat:4]]
[2022.07.15-05.56.29:859][  0]LogConfig: Setting CVar [[r.DetailMode:2]]
[2022.07.15-05.56.29:859][  0]LogConfig: Setting CVar [[r.TranslucencyVolumeBlur:1]]
[2022.07.15-05.56.29:859][  0]LogConfig: Setting CVar [[r.MaterialQualityLevel:1 ; High quality]]
[2022.07.15-05.56.29:859][  0]LogConfig: Setting CVar [[r.AnisotropicMaterials:1]]
[2022.07.15-05.56.29:859][  0]LogConfig: Setting CVar [[r.SSS.Scale:1]]
[2022.07.15-05.56.29:859][  0]LogConfig: Setting CVar [[r.SSS.SampleSet:2]]
[2022.07.15-05.56.29:859][  0]LogConfig: Setting CVar [[r.SSS.Quality:1]]
[2022.07.15-05.56.29:859][  0]LogConfig: Setting CVar [[r.SSS.HalfRes:0]]
[2022.07.15-05.56.29:859][  0]LogConfig: Setting CVar [[r.SSGI.Quality:3]]
[2022.07.15-05.56.29:859][  0]LogConfig: Setting CVar [[r.EmitterSpawnRateScale:1.0]]
[2022.07.15-05.56.29:859][  0]LogConfig: Setting CVar [[r.ParticleLightQuality:2]]
[2022.07.15-05.56.29:859][  0]LogConfig: Setting CVar [[r.SkyAtmosphere.AerialPerspectiveLUT.FastApplyOnOpaque:1 ; Always have FastSkyLUT 1 in this case to avoid wrong sky]]
[2022.07.15-05.56.29:859][  0]LogConfig: Setting CVar [[r.SkyAtmosphere.AerialPerspectiveLUT.SampleCountMaxPerSlice:4]]
[2022.07.15-05.56.29:859][  0]LogConfig: Setting CVar [[r.SkyAtmosphere.AerialPerspectiveLUT.DepthResolution:16.0]]
[2022.07.15-05.56.29:859][  0]LogConfig: Setting CVar [[r.SkyAtmosphere.FastSkyLUT:1]]
[2022.07.15-05.56.29:859][  0]LogConfig: Setting CVar [[r.SkyAtmosphere.FastSkyLUT.SampleCountMin:4.0]]
[2022.07.15-05.56.29:859][  0]LogConfig: Setting CVar [[r.SkyAtmosphere.FastSkyLUT.SampleCountMax:128.0]]
[2022.07.15-05.56.29:859][  0]LogConfig: Setting CVar [[r.SkyAtmosphere.SampleCountMin:4.0]]
[2022.07.15-05.56.29:859][  0]LogConfig: Setting CVar [[r.SkyAtmosphere.SampleCountMax:128.0]]
[2022.07.15-05.56.29:859][  0]LogConfig: Setting CVar [[r.SkyAtmosphere.TransmittanceLUT.UseSmallFormat:0]]
[2022.07.15-05.56.29:859][  0]LogConfig: Setting CVar [[r.SkyAtmosphere.TransmittanceLUT.SampleCount:10.0]]
[2022.07.15-05.56.29:859][  0]LogConfig: Setting CVar [[r.SkyAtmosphere.MultiScatteringLUT.SampleCount:15.0]]
[2022.07.15-05.56.29:859][  0]LogConfig: Setting CVar [[r.SkyLight.RealTimeReflectionCapture:1]]
[2022.07.15-05.56.29:859][  0]LogConfig: Applying CVar settings from Section [FoliageQuality@3] File [C:/study/ProjectRun/Saved/Config/Windows/Scalability.ini]
[2022.07.15-05.56.29:859][  0]LogConfig: Setting CVar [[foliage.DensityScale:1.0]]
[2022.07.15-05.56.29:859][  0]LogConfig: Setting CVar [[grass.DensityScale:1.0]]
[2022.07.15-05.56.29:859][  0]LogConfig: Applying CVar settings from Section [ShadingQuality@3] File [C:/study/ProjectRun/Saved/Config/Windows/Scalability.ini]
[2022.07.15-05.56.29:859][  0]LogConfig: Setting CVar [[r.HairStrands.SkyLighting.IntegrationType:2]]
[2022.07.15-05.56.29:859][  0]LogConfig: Setting CVar [[r.HairStrands.SkyAO.SampleCount:4]]
[2022.07.15-05.56.29:859][  0]LogConfig: Setting CVar [[r.HairStrands.Visibility.MSAA.SamplePerPixel:4]]
[2022.07.15-05.56.29:860][  0]LogConfig: Applying CVar settings from Section [Startup] File [../../../Engine/Config/ConsoleVariables.ini]
[2022.07.15-05.56.29:861][  0]LogConfig: Setting CVar [[net.UseAdaptiveNetUpdateFrequency:0]]
[2022.07.15-05.56.29:861][  0]LogConfig: Setting CVar [[p.chaos.AllowCreatePhysxBodies:1]]
[2022.07.15-05.56.29:861][  0]LogConfig: Setting CVar [[fx.SkipVectorVMBackendOptimizations:1]]
[2022.07.15-05.56.29:861][  0]LogConfig: Applying CVar settings from Section [ConsoleVariables] File [C:/study/ProjectRun/Saved/Config/Windows/Engine.ini]
[2022.07.15-05.56.29:861][  0]LogConfig: Applying CVar settings from Section [ConsoleVariables] File [C:/study/ProjectRun/Saved/Config/Windows/Editor.ini]
[2022.07.15-05.56.29:861][  0]LogInit: Computer: LEEMINSEOK
[2022.07.15-05.56.29:861][  0]LogInit: User: sycym
[2022.07.15-05.56.29:861][  0]LogInit: CPU Page size=4096, Cores=14
[2022.07.15-05.56.29:861][  0]LogInit: High frequency timer resolution =10.000000 MHz
[2022.07.15-05.56.29:861][  0]LogMemory: Memory total: Physical=15.7GB (16GB approx)
[2022.07.15-05.56.29:861][  0]LogMemory: Platform Memory Stats for Windows
[2022.07.15-05.56.29:861][  0]LogMemory: Process Physical Memory: 147.33 MB used, 147.33 MB peak
[2022.07.15-05.56.29:861][  0]LogMemory: Process Virtual Memory: 132.87 MB used, 132.87 MB peak
[2022.07.15-05.56.29:861][  0]LogMemory: Physical Memory: 9871.45 MB used,  6180.50 MB free, 16051.94 MB total
[2022.07.15-05.56.29:861][  0]LogMemory: Virtual Memory: 134211136.00 MB used,  6594.94 MB free, 134217728.00 MB total
[2022.07.15-05.56.29:866][  0]LogWindows: WindowsPlatformFeatures enabled
[2022.07.15-05.56.29:919][  0]LogInit: Physics initialised using underlying interface: PhysX
[2022.07.15-05.56.29:919][  0]LogInit: Using OS detected language (ko-KR).
[2022.07.15-05.56.29:919][  0]LogInit: Using OS detected locale (ko-KR).
[2022.07.15-05.56.29:921][  0]LogTextLocalizationManager: No specific localization for 'ko-KR' exists, so the 'ko' localization will be used.
[2022.07.15-05.56.30:038][  0]LogWindowsTextInputMethodSystem: Display: IME system deactivated.
[2022.07.15-05.56.30:052][  0]LogSlate: New Slate User Created.  User Index 0, Is Virtual User: 0
[2022.07.15-05.56.30:052][  0]LogSlate: Slate User Registered.  User Index 0, Is Virtual User: 0
[2022.07.15-05.56.30:063][  0]LogD3D11RHI: Loaded GFSDK_Aftermath_Lib.x64.dll
[2022.07.15-05.56.30:068][  0]LogHMD: Failed to initialize OpenVR with code 110
[2022.07.15-05.56.30:068][  0]LogD3D11RHI: D3D11 min allowed feature level: 11_0
[2022.07.15-05.56.30:068][  0]LogD3D11RHI: D3D11 max allowed feature level: 11_0
[2022.07.15-05.56.30:068][  0]LogD3D11RHI: D3D11 adapters:
[2022.07.15-05.56.30:168][  0]LogD3D11RHI:    0. 'NVIDIA GeForce RTX 3070 Ti Laptop GPU' (Feature Level 11_0)
[2022.07.15-05.56.30:168][  0]LogD3D11RHI:       8043/0/8025 MB DedicatedVideo/DedicatedSystem/SharedSystem, Outputs:1, VendorId:0x10de
[2022.07.15-05.56.30:198][  0]LogD3D11RHI:    1. 'Intel(R) Iris(R) Xe Graphics' (Feature Level 11_0)
[2022.07.15-05.56.30:199][  0]LogD3D11RHI:       128/0/8025 MB DedicatedVideo/DedicatedSystem/SharedSystem, Outputs:0, VendorId:0x8086
[2022.07.15-05.56.30:202][  0]LogD3D11RHI:    2. 'Microsoft Basic Render Driver' (Feature Level 11_0)
[2022.07.15-05.56.30:202][  0]LogD3D11RHI:       0/0/8025 MB DedicatedVideo/DedicatedSystem/SharedSystem, Outputs:0, VendorId:0x1414
[2022.07.15-05.56.30:202][  0]LogD3D11RHI: Chosen D3D11 Adapter:
[2022.07.15-05.56.30:202][  0]LogD3D11RHI:     Description : NVIDIA GeForce RTX 3070 Ti Laptop GPU
[2022.07.15-05.56.30:202][  0]LogD3D11RHI:     VendorId    : 10de
[2022.07.15-05.56.30:202][  0]LogD3D11RHI:     DeviceId    : 24e0
[2022.07.15-05.56.30:202][  0]LogD3D11RHI:     SubSysId    : 8a14103c
[2022.07.15-05.56.30:202][  0]LogD3D11RHI:     Revision    : 00a1
[2022.07.15-05.56.30:202][  0]LogD3D11RHI:     DedicatedVideoMemory : 8433696768 bytes
[2022.07.15-05.56.30:202][  0]LogD3D11RHI:     DedicatedSystemMemory : 0 bytes
[2022.07.15-05.56.30:202][  0]LogD3D11RHI:     SharedSystemMemory : 8415840256 bytes
[2022.07.15-05.56.30:202][  0]LogD3D11RHI:     AdapterLuid : 0 69016
[2022.07.15-05.56.30:208][  0]LogD3D11RHI: Creating new Direct3DDevice
[2022.07.15-05.56.30:208][  0]LogD3D11RHI:     GPU DeviceId: 0x24e0 (for the marketing name, search the web for "GPU Device Id")
[2022.07.15-05.56.30:208][  0]LogWindows: EnumDisplayDevices:
[2022.07.15-05.56.30:208][  0]LogWindows:    0. 'Intel(R) Iris(R) Xe Graphics' (P:0 D:0)
[2022.07.15-05.56.30:208][  0]LogWindows:    1. 'Intel(R) Iris(R) Xe Graphics' (P:0 D:0)
[2022.07.15-05.56.30:209][  0]LogWindows:    2. 'Intel(R) Iris(R) Xe Graphics' (P:0 D:0)
[2022.07.15-05.56.30:209][  0]LogWindows:    3. 'Intel(R) Iris(R) Xe Graphics' (P:0 D:0)
[2022.07.15-05.56.30:209][  0]LogWindows:    4. 'NVIDIA GeForce RTX 3070 Ti Laptop GPU' (P:1 D:1)
[2022.07.15-05.56.30:209][  0]LogWindows:    5. 'NVIDIA GeForce RTX 3070 Ti Laptop GPU' (P:0 D:0)
[2022.07.15-05.56.30:209][  0]LogWindows:    6. 'NVIDIA GeForce RTX 3070 Ti Laptop GPU' (P:0 D:0)
[2022.07.15-05.56.30:209][  0]LogWindows:    7. 'NVIDIA GeForce RTX 3070 Ti Laptop GPU' (P:0 D:0)
[2022.07.15-05.56.30:209][  0]LogWindows: DebugString: PrimaryIsNotTheChoosenAdapter PrimaryIsNotTheChoosenAdapter PrimaryIsNotTheChoosenAdapter PrimaryIsNotTheChoosenAdapter FoundDriverCount:4 
[2022.07.15-05.56.30:209][  0]LogD3D11RHI:     Adapter Name: NVIDIA GeForce RTX 3070 Ti Laptop GPU
[2022.07.15-05.56.30:209][  0]LogD3D11RHI:   Driver Version: 512.78 (internal:30.0.15.1278, unified:512.78)
[2022.07.15-05.56.30:209][  0]LogD3D11RHI:      Driver Date: 5-5-2022
[2022.07.15-05.56.30:209][  0]LogRHI: Texture pool is 5630 MB (70% of 8043 MB)
[2022.07.15-05.56.30:209][  0]LogD3D11RHI: Creating D3DDevice using adapter:
[2022.07.15-05.56.30:209][  0]LogD3D11RHI:     Description : NVIDIA GeForce RTX 3070 Ti Laptop GPU
[2022.07.15-05.56.30:209][  0]LogD3D11RHI:     VendorId    : 10de
[2022.07.15-05.56.30:209][  0]LogD3D11RHI:     DeviceId    : 24e0
[2022.07.15-05.56.30:209][  0]LogD3D11RHI:     SubSysId    : 8a14103c
[2022.07.15-05.56.30:209][  0]LogD3D11RHI:     Revision    : 00a1
[2022.07.15-05.56.30:209][  0]LogD3D11RHI:     DedicatedVideoMemory : 8433696768 bytes
[2022.07.15-05.56.30:210][  0]LogD3D11RHI:     DedicatedSystemMemory : 0 bytes
[2022.07.15-05.56.30:210][  0]LogD3D11RHI:     SharedSystemMemory : 8415840256 bytes
[2022.07.15-05.56.30:210][  0]LogD3D11RHI:     AdapterLuid : 0 69016
[2022.07.15-05.56.30:273][  0]LogD3D11RHI: RHI has support for 64 bit atomics
[2022.07.15-05.56.30:273][  0]LogD3D11RHI: Async texture creation enabled
[2022.07.15-05.56.30:273][  0]LogD3D11RHI: Array index from any shader is supported
[2022.07.15-05.56.30:300][  0]LogD3D11RHI: GPU Timing Frequency: 1000.000000 (Debug: 2 2)
[2022.07.15-05.56.30:325][  0]LogRHI: GeForceNow SDK initialized: 1
[2022.07.15-05.56.30:688][  0]LogTargetPlatformManager: Display: Loaded TargetPlatform 'WindowsNoEditor'
[2022.07.15-05.56.30:690][  0]LogTargetPlatformManager: Display: Loaded TargetPlatform 'Windows'
[2022.07.15-05.56.30:691][  0]LogTargetPlatformManager: Display: Loaded TargetPlatform 'WindowsClient'
[2022.07.15-05.56.30:693][  0]LogTargetPlatformManager: Display: Loaded TargetPlatform 'WindowsServer'
[2022.07.15-05.56.30:693][  0]LogTargetPlatformManager: Display: Building Assets For Windows
[2022.07.15-05.56.30:695][  0]LogAudioDebug: Display: Lib vorbis DLL was dynamically loaded.
[2022.07.15-05.56.30:704][  0]LogTextureFormatOodle: Display: Oodle Texture 2.9.0 init RDO Off
[2022.07.15-05.56.30:717][  0]LogRendererCore: Ray tracing is disabled. Reason: r.RayTracing=0.
[2022.07.15-05.56.30:718][  0]LogShaderCompilers: Guid format shader working directory is 12 characters bigger than the processId version (../../../../../../study/ProjectRun/Intermediate/Shaders/WorkingDirectory/1532/).
[2022.07.15-05.56.30:718][  0]LogShaderCompilers: Cleaned the shader compiler working directory 'C:/Users/sycym/AppData/Local/Temp/UnrealShaderWorkingDir/AEA9E094448C9D29B77C44BB0068A3D4/'.
[2022.07.15-05.56.30:718][  0]LogShaderCompilers: Display: Using XGE Controller for Shader Compilation.
[2022.07.15-05.56.31:303][  0]LogDerivedDataCache: Display: Max Cache Size: 512 MB
[2022.07.15-05.56.31:357][  0]LogDerivedDataCache: Loaded boot cache 0.05s 94MB C:/Users/sycym/AppData/Local/UnrealEngine/4.27/DerivedDataCache/Boot.ddc.
[2022.07.15-05.56.31:357][  0]LogDerivedDataCache: Display: Loaded Boot cache: C:/Users/sycym/AppData/Local/UnrealEngine/4.27/DerivedDataCache/Boot.ddc
[2022.07.15-05.56.31:357][  0]LogDerivedDataCache: FDerivedDataBackendGraph:  Pak pak cache file ../../../../../../study/ProjectRun/DerivedDataCache/DDC.ddp not found, will not use a pak cache.
[2022.07.15-05.56.31:357][  0]LogDerivedDataCache: Unable to find inner node Pak for hierarchical cache Hierarchy.
[2022.07.15-05.56.31:357][  0]LogDerivedDataCache: FDerivedDataBackendGraph:  CompressedPak pak cache file ../../../../../../study/ProjectRun/DerivedDataCache/Compressed.ddp not found, will not use a pak cache.
[2022.07.15-05.56.31:357][  0]LogDerivedDataCache: Unable to find inner node CompressedPak for hierarchical cache Hierarchy.
[2022.07.15-05.56.31:370][  0]LogDerivedDataCache: Display: Pak cache opened for reading ../../../Engine/DerivedDataCache/Compressed.ddp.
[2022.07.15-05.56.31:370][  0]LogDerivedDataCache: FDerivedDataBackendGraph:  EnterprisePak pak cache file ../../../Enterprise/DerivedDataCache/Compressed.ddp not found, will not use a pak cache.
[2022.07.15-05.56.31:370][  0]LogDerivedDataCache: Unable to find inner node EnterprisePak for hierarchical cache Hierarchy.
[2022.07.15-05.56.31:376][  0]LogDerivedDataCache: Speed tests for C:/Users/sycym/AppData/Local/UnrealEngine/Common/DerivedDataCache took 0.01 seconds
[2022.07.15-05.56.31:376][  0]LogDerivedDataCache: Display: Performance to C:/Users/sycym/AppData/Local/UnrealEngine/Common/DerivedDataCache: Latency=0.02ms. RandomReadSpeed=1432.05MBs, RandomWriteSpeed=225.00MBs. Assigned SpeedClass 'Local'
[2022.07.15-05.56.31:376][  0]LogDerivedDataCache: Using Local data cache path C:/Users/sycym/AppData/Local/UnrealEngine/Common/DerivedDataCache: Writable
[2022.07.15-05.56.31:376][  0]LogDerivedDataCache: Shared data cache path not found in *engine.ini, will not use an Shared cache.
[2022.07.15-05.56.31:376][  0]LogDerivedDataCache: Unable to find inner node Shared for hierarchical cache Hierarchy.
[2022.07.15-05.56.31:401][  0]LogSlate: Using FreeType 2.10.0
[2022.07.15-05.56.31:401][  0]LogSlate: SlateFontServices - WITH_FREETYPE: 1, WITH_HARFBUZZ: 1
[2022.07.15-05.56.31:460][  0]LogInit: Using OS detected language (ko-KR).
[2022.07.15-05.56.31:460][  0]LogInit: Using OS detected locale (ko-KR).
[2022.07.15-05.56.31:460][  0]LogTextLocalizationManager: No localization for 'ko-KR' exists, so 'en' will be used for the language.
[2022.07.15-05.56.31:461][  0]LogTextLocalizationManager: No localization for 'ko-KR' exists, so 'en' will be used for the locale.
[2022.07.15-05.56.31:461][  0]LogSlate: FontCache flush requested. Reason: Culture for localization was changed
[2022.07.15-05.56.31:461][  0]LogSlate: FontCache flush requested. Reason: Culture for localization was changed
[2022.07.15-05.56.31:463][  0]LogAssetRegistry: FAssetRegistry took 0.0015 seconds to start up
[2022.07.15-05.56.31:576][  0]LogTextLocalizationManager: Compacting localization data took   0.00ms
[2022.07.15-05.56.31:576][  0]LogPackageLocalizationCache: Processed 27 localized package path(s) for 1 prioritized culture(s) in 0.000696 seconds
[2022.07.15-05.56.31:621][  0]LogInit: Selected Device Profile: [Windows]
[2022.07.15-05.56.31:621][  0]LogInit: Active device profile: [0000023E0CD63C00][0000023E05D2EC00 49] Windows
[2022.07.15-05.56.31:621][  0]LogInit: Profiles: [0000023E0CD63C00][0000023E05D2EC00 49] Windows, [0000023E0CD20500][0000023E05D36D80 49] WindowsNoEditor, [0000023E0CD60500][0000023E05D3AF00 49] WindowsServer, [0000023E0CD23600][0000023E06BD9080 49] WindowsClient, [0000023E0CD63500][0000023E06BDD200 49] IOS, [0000023E0CD20E00][0000023E05D33340 49] iPadAir, [0000023E0CD60D00][0000023E06BE1480 49] iPadAir2, [0000023E0CCCC600][0000023E06BE96C0 49] IPadPro, [0000023E0CCCC700][0000023E06BE5700 49] iPadAir3, [0000023E0CD62F00][0000023E06BF1880 49] iPadAir4, [0000023E0CCCFA00][0000023E06BF5A00 49] iPadMini2, [0000023E0CD61100][0000023E06BF9B80 49] iPadMini3, [0000023E0CCCD600][0000023E06BFC180 49] iPadMini4, [0000023E0CD62800][0000023E06C00300 49] iPadMini5, [0000023E0CCBFE00][0000023E06C085C0 49] iPhone6, [0000023E0CCBFF00][0000023E06C04600 49] iPodTouch6, [0000023E0CD23400][0000023E06C108C0 49] iPhone7, [0000023E0CD22E00][0000023E06C0C900 49] iPodTouch7, [0000023E0CCBCA00][0000023E06C14A80 49] iPhone5S, [0000023E0CD22400][0000023E06C18C00 49] iPhone6Plus, [0000023E0CCBF000][0000023E06C1CD80 49] iPhone6S, [0000023E0CD20F00][0000023E06C20F00 49] iPhone6SPlus, [0000023E0CCBD100][0000023E0C6F7080 49] iPhone7Plus, [0000023E0CD23800][0000023E0C6FB200 49] iPhoneSE, [0000023E0CCBE900][0000023E0C6FF380 49] iPhone8, [0000023E0CD21300][0000023E06BED4C0 49] iPhone8Plus, [0000023E0CCBD800][0000023E0C703600 49] iPhoneX, [0000023E0CD23000][0000023E0C707740 49] iPhoneXS, [0000023E0CCBFB00][0000023E0C70B880 49] iPhoneXSMax, [0000023E0CD21C00][0000023E0C713A00 49] iPhoneXR, [0000023E0CCBC700][0000023E0C717B80 49] iPhone11, [0000023E0CD22D00][0000023E0C71A180 49] iPhone11Pro, [0000023E0CCBF100][0000023E0C71E300 49] iPhone11ProMax, [0000023E0CD20700][0000023E0C722480 49] iPhoneSE2, [0000023E0CCBED00][0000023E0C726600 49] iPhone12Mini, [0000023E0CD22A00][0000023E0C72A780 49] iPhone12, [0000023E0CCBD300][0000023E0C72E900 49] iPhone12Pro, [0000023E0CD21F00][0000023E0C732A80 49] iPhone12ProMax, [0000023E0CCBC900][0000023E0C736C00 49] iPadPro105, [0000023E0CD20200][0000023E0C73AD80 49] iPadPro129, [0000023E0CCBF300][0000023E0C73EF00 49] iPadPro97, [0000023E0CD21100][0000023E0C743080 49] iPadPro2_129, [0000023E0CCBD200][0000023E0C747200 49] iPad5, [0000023E0CD21A00][0000023E0C74B380 49] iPad6, [0000023E0CCBDB00][0000023E0C74F500 49] iPad7, [0000023E0CD20B00][0000023E0C753680 49] iPad8, [0000023E0CCBFC00][0000023E0C70F7C0 49] iPadPro11, [0000023E0CD20C00][0000023E0C757900 49] iPadPro2_11, [0000023E0CCBCE00][0000023E0C75BA40 49] iPadPro3_129, [0000023E0CD20900][0000023E0C763BC0 49] iPadPro4_129, [0000023E0CCBDD00][0000023E0C7661C0 49] AppleTV, [0000023E0CD23B00][0000023E0C76A340 49] AppleTV4K, [0000023E0CCBE500][0000023E0C76E4C0 49] TVOS, [0000023E0CD22900][0000023E0C772640 49] Mac, [0000023E0CCBCB00][0000023E0C7767C0 49] MacClient, [0000023E0CD23200][0000023E0C77A940 49] MacNoEditor, [0000023E0CCBDF00][0000023E01052AC0 49] MacServer, [0000023E0CD22800][0000023E01056C40 49] Linux, [0000023E0CCBEA00][0000023E0105ADC0 49] LinuxAArch64, [0000023E0CD21D00][0000023E0105EF40 49] LinuxNoEditor, [0000023E0CCBC200][0000023E010630C0 49] LinuxAArch64NoEditor, [0000023E0CD22500][0000023E01067240 49] LinuxClient, [0000023E0CCBD000][0000023E0106B3C0 49] LinuxAArch64Client, [0000023E0CD23300][0000023E0106F540 49] LinuxServer, [0000023E0CCBD700][0000023E010736C0 49] LinuxAArch64Server, [0000023E0CD21500][0000023E01077840 49] Android, [0000023E0CCBF600][0000023E0C75F980 49] Android_Low, [0000023E0CD23F00][0000023E0107BAC0 49] Android_Mid, [0000023E0CCBEB00][0000023E06315C00 49] Android_High, [0000023E0CD61400][0000023E063181C0 49] Android_Default, [0000023E0CD96700][0000023E06320340 49] Android_Adreno4xx, [0000023E0CD63A00][0000023E063244C0 49] Android_Adreno5xx_Low, [0000023E0CD94300][0000023E06328640 49] Android_Adreno5xx, [0000023E0CD63000][0000023E0632C7C0 49] Android_Adreno6xx, [0000023E0CD95200][0000023E06330940 49] Android_Adreno6xx_Vulkan, [0000023E0CD61B00][0000023E06334AC0 49] Android_Mali_T6xx, [0000023E0CD95700][0000023E06338C40 49] Android_Mali_T7xx, [0000023E0CD60A00][0000023E0633CDC0 49] Android_Mali_T8xx, [0000023E0CD94D00][0000023E06340F40 49] Android_Mali_G71, [0000023E0CD62900][0000023E063450C0 49] Android_Mali_G72, [0000023E0CD95900][0000023E06349240 49] Android_Mali_G72_Vulkan, [0000023E0CD63700][0000023E0634D3C0 49] Android_Mali_G76, [0000023E0CD95400][0000023E06351540 49] Android_Mali_G76_Vulkan, [0000023E0CD62E00][0000023E063556C0 49] Android_Mali_G77, [0000023E0CD96A00][0000023E06359840 49] Android_Mali_G77_Vulkan, [0000023E0CD63D00][0000023E0635D9C0 49] Android_Mali_G78, [0000023E0CD95C00][0000023E0631DB00 49] Android_Mali_G78_Vulkan, [0000023E0CD62600][0000023E063600C0 49] Android_Mali_G710, [0000023E0CD94400][0000023E06364200 49] Android_Mali_G710_Vulkan, [0000023E0CCBF200][0000023E06368340 49] Android_Vulkan_SM5, [0000023E0CD96200][0000023E063704C0 49] Android_PowerVR_G6xxx, [0000023E0CCBFA00][0000023E06374640 49] Android_PowerVR_GT7xxx, [0000023E0CD96300][0000023E063787C0 49] Android_PowerVR_GE8xxx, [0000023E0CCBDE00][0000023E0637C940 49] Android_PowerVR_GM9xxx, [0000023E0CD95F00][0000023E06380AC0 49] Android_PowerVR_GM9xxx_Vulkan, [0000023E0CCBC100][0000023E06C24C40 49] Android_TegraK1, [0000023E0CD96B00][0000023E06C28DC0 49] Android_Unknown_Vulkan, [0000023E0CCBFD00][0000023E06C2CF40 49] Lumin, [0000023E0CD94C00][0000023E06C310C0 49] Lumin_Desktop, [0000023E0CCBD400][0000023E06C35240 49] HoloLens, 
[2022.07.15-05.56.31:641][  0]LogMeshReduction: Using QuadricMeshReduction for automatic static mesh reduction
[2022.07.15-05.56.31:641][  0]LogMeshReduction: Using SimplygonMeshReduction for automatic skeletal mesh reduction
[2022.07.15-05.56.31:641][  0]LogMeshReduction: Using ProxyLODMeshReduction for automatic mesh merging
[2022.07.15-05.56.31:641][  0]LogMeshReduction: No distributed automatic mesh merging module available
[2022.07.15-05.56.31:641][  0]LogMeshMerging: No distributed automatic mesh merging module available
[2022.07.15-05.56.31:727][  0]LogNetVersion: ProjectRun 1.0.0, NetCL: 17155196, EngineNetVer: 17, GameNetVer: 0 (Checksum: 340476433)
[2022.07.15-05.56.31:907][  0]LogTexture: Default maximum texture size for cubemaps generated from long-lat sources has been changed from 512 to unlimited. In order to preserve old behaiour for '/Engine/MapTemplates/Sky/DaylightAmbientCubemap.DaylightAmbientCubemap', its maximum texture size has been explicitly set to 512.
[2022.07.15-05.56.31:949][  0]LogHMD: PokeAHoleMaterial loaded successfully
[2022.07.15-05.56.32:040][  0]LogMoviePlayer: Initializing movie player
[2022.07.15-05.56.32:115][  0]LogNiagaraDebuggerClient: Niagara Debugger Client Initialized | Session: 032A66BC490B2EA5C96F3499826A5FAC | Instance: DB3A7D624FA0B45AE307FB9E72851B00 (LEEMINSEOK-1532).
[2022.07.15-05.56.32:132][  0]LogCollectionManager: Loaded 0 collections in 0.001525 seconds
[2022.07.15-05.56.32:135][  0]LogFileCache: Scanning file cache for directory 'C:/study/ProjectRun/Saved/Collections/' took 0.00s
[2022.07.15-05.56.32:135][  0]LogFileCache: Scanning file cache for directory 'C:/study/ProjectRun/Content/Developers/sycym/Collections/' took 0.00s
[2022.07.15-05.56.32:135][  0]LogCollectionManager: Fixed up redirectors for 0 collections in 0.000001 seconds (updated 0 objects)
[2022.07.15-05.56.32:151][  0]LogFileCache: Scanning file cache for directory 'C:/study/ProjectRun/Content/Collections/' took 0.00s
[2022.07.15-05.56.32:151][  0]LogPython: Using Python 3.7.7
[2022.07.15-05.56.32:531][  0]LogUdpMessaging: Initializing bridge on interface 0.0.0.0:0 to multicast group 230.0.0.1:6666.
[2022.07.15-05.56.32:538][  0]LogTcpMessaging: Initializing TcpMessaging bridge
[2022.07.15-05.56.32:633][  0]LogOpenImageDenoise: OIDN starting up
[2022.07.15-05.56.32:660][  0]SourceControl: Source control is disabled
[2022.07.15-05.56.32:660][  0]SourceControl: Source control is disabled
[2022.07.15-05.56.32:661][  0]SourceControl: Source control is disabled
[2022.07.15-05.56.32:663][  0]LogUProjectInfo: Found projects:
[2022.07.15-05.56.32:666][  0]LogAndroidPermission: UAndroidPermissionCallbackProxy::GetInstance
[2022.07.15-05.56.32:681][  0]LogAudioCaptureCore: Display: No Audio Capture implementations found. Audio input will be silent.
[2022.07.15-05.56.32:681][  0]LogAudioCaptureCore: Display: No Audio Capture implementations found. Audio input will be silent.
[2022.07.15-05.56.32:733][  0]LogOcInput: OculusInput pre-init called
[2022.07.15-05.56.32:739][  0]LogUObjectArray: 22121 objects as part of root set at end of initial load.
[2022.07.15-05.56.32:739][  0]LogUObjectAllocator: 5975632 out of 0 bytes used by permanent object pool.
[2022.07.15-05.56.32:739][  0]LogUObjectArray: CloseDisregardForGC: 0/0 objects in disregard for GC pool
[2022.07.15-05.56.32:778][  0]LogEngine: Initializing Engine...
[2022.07.15-05.56.32:781][  0]LogHMD: Failed to enumerate extensions. Please check that you have a valid OpenXR runtime installed.
[2022.07.15-05.56.32:781][  0]LogHMD: Failed to initialize OpenVR with code 110
[2022.07.15-05.56.32:781][  0]LogMagicLeap: Warning: VR disabled because ZI is not enabled.  To enable, in the editor, Edit -> Project Settings -> Plugins -> Magic Leap Plugin -> Enable Zero Iteration
[2022.07.15-05.56.32:783][  0]LogStats: UGameplayTagsManager::InitializeManager -  0.000 s
[2022.07.15-05.56.32:853][  0]LogInit: Initializing FReadOnlyCVARCache
[2022.07.15-05.56.32:853][  0]LogAudio: Display: Initializing Audio Device Manager...
[2022.07.15-05.56.32:856][  0]LogAudio: Display: Loading Default Audio Settings Objects...
[2022.07.15-05.56.32:857][  0]LogAudio: Display: No default SoundConcurrencyObject specified (or failed to load).
[2022.07.15-05.56.32:857][  0]LogAudio: Display: Audio Device Manager Initialized
[2022.07.15-05.56.32:857][  0]LogAudio: Display: Creating Audio Device:                 Id: 1, Scope: Shared, Realtime: True
[2022.07.15-05.56.32:857][  0]LogAudioMixer: Display: Audio Mixer Platform Settings:
[2022.07.15-05.56.32:857][  0]LogAudioMixer: Display: 	Sample Rate:						  48000
[2022.07.15-05.56.32:857][  0]LogAudioMixer: Display: 	Callback Buffer Frame Size Requested: 1024
[2022.07.15-05.56.32:857][  0]LogAudioMixer: Display: 	Callback Buffer Frame Size To Use:	  1024
[2022.07.15-05.56.32:857][  0]LogAudioMixer: Display: 	Number of buffers to queue:			  2
[2022.07.15-05.56.32:857][  0]LogAudioMixer: Display: 	Max Channels (voices):				  32
[2022.07.15-05.56.32:857][  0]LogAudioMixer: Display: 	Number of Async Source Workers:		  0
[2022.07.15-05.56.32:857][  0]LogAudio: Display: AudioDevice MaxSources: 32
[2022.07.15-05.56.32:857][  0]LogAudio: Display: Audio Spatialization Plugin: None (built-in).
[2022.07.15-05.56.32:857][  0]LogAudio: Display: Audio Reverb Plugin: None (built-in).
[2022.07.15-05.56.32:857][  0]LogAudio: Display: Audio Occlusion Plugin: None (built-in).
[2022.07.15-05.56.32:857][  0]LogAudioMixer: Display: Initializing audio mixer.
[2022.07.15-05.56.32:869][  0]LogAudioMixer: Display: 0: FrontLeft
[2022.07.15-05.56.32:869][  0]LogAudioMixer: Display: 1: FrontRight
[2022.07.15-05.56.33:051][  0]LogAudioMixer: Display: Using Audio Device Speaker(Realtek(R) Audio)
[2022.07.15-05.56.33:056][  0]LogAudioMixer: Display: Initializing Sound Submixes...
[2022.07.15-05.56.33:058][  0]LogAudioMixer: Display: Creating Master Submix 'MasterSubmixDefault'
[2022.07.15-05.56.33:058][  0]LogAudioMixer: Display: Creating Master Submix 'MasterReverbSubmixDefault'
[2022.07.15-05.56.33:059][  0]LogAudioMixer: Display: Creating Master Submix 'MasterEQSubmixDefault'
[2022.07.15-05.56.33:059][  0]LogAudioMixer: FMixerPlatformXAudio2::StartAudioStream() called
[2022.07.15-05.56.33:059][  0]LogAudioMixer: Display: Output buffers initialized: Frames=1024, Channels=2, Samples=2048
[2022.07.15-05.56.33:060][  0]LogAudioMixer: Display: Starting AudioMixerPlatformInterface::RunInternal()
[2022.07.15-05.56.33:060][  0]LogAudioMixer: Display: FMixerPlatformXAudio2::SubmitBuffer() called for the first time
[2022.07.15-05.56.33:060][  0]LogInit: FAudioDevice initialized.
[2022.07.15-05.56.33:061][  0]LogNetVersion: Set ProjectVersion to 1.0.0.0. Version Checksum will be recalculated on next use.
[2022.07.15-05.56.33:061][  0]LogInit: Texture streaming: Enabled
[2022.07.15-05.56.33:102][  0]LogAudio: Display: Audio Device (ID: 1) registered with world 'Untitled'.
[2022.07.15-05.56.33:102][  0]LogSlate: Updating window title bar state: overlay mode, drag disabled, window buttons hidden, title bar hidden
[2022.07.15-05.56.33:103][  0]LogInit: Display: Game Engine Initialized.
[2022.07.15-05.56.33:103][  0]LogNiagaraEditor: GEditor isn't valid! Particle reset commands will not work for Niagara components!
[2022.07.15-05.56.33:174][  0]LogInit: Display: Starting Game.
[2022.07.15-05.56.33:174][  0]LogNet: Browse: 127.0.0.1:17777/Game/ThirdPersonBP/Maps/ThirdPersonExampleMap?Name=Player
[2022.07.15-05.56.33:175][  0]LogInit: WinSock: Socket queue. Rx: 32768 (config 32768) Tx: 32768 (config 32768)
[2022.07.15-05.56.33:175][  0]LogNet: Created socket for bind address: 0.0.0.0 on port 0
[2022.07.15-05.56.33:175][  0]PacketHandlerLog: Loaded PacketHandler component: Engine.EngineHandlerComponentFactory (StatelessConnectHandlerComponent)
[2022.07.15-05.56.33:175][  0]LogNet: Game client on port 17777, rate 100000
[2022.07.15-05.56.33:256][  0]LogInit: Display: Engine is initialized. Leaving FEngineLoop::Init()
[2022.07.15-05.56.33:256][  0]LogLoad: (Engine Initialization) Total time: 4.38 seconds
[2022.07.15-05.56.33:256][  0]LogLoad: (Engine Initialization) Total Blueprint compile time: 0.00 seconds
[2022.07.15-05.56.33:259][  0]LogContentStreaming: Texture pool size now 1000 MB
[2022.07.15-05.56.33:260][  0]LogSlate: InvalidateAllWidgets triggered.  All widgets were invalidated
[2022.07.15-05.56.34:197][229]LogHandshake: SendChallengeResponse. Timestamp: 5.703064, Cookie: 048025251096081059184123156145115175053190074181116147022089
[2022.07.15-05.56.34:213][259]LogNetVersion: ProjectRun 1.0.0.0, NetCL: 17155196, EngineNetVer: 17, GameNetVer: 0 (Checksum: 3029291048)
[2022.07.15-05.56.34:213][259]LogNet: UPendingNetGame::SendInitialJoin: Sending hello. [UNetConnection] RemoteAddr: 127.0.0.1:17777, Name: IpConnection_0, Driver: PendingNetDriver IpNetDriver_0, IsServer: NO, PC: NULL, Owner: NULL, UniqueId: INVALID
[2022.07.15-05.56.34:249][354]LogNet: Welcomed by server (Level: /Game/ThirdPersonBP/Maps/UEDPIE_0_ThirdPersonExampleMap, Game: /Game/ProjectRun/GameMode/Run/BP_RunGameMode.BP_RunGameMode_C)
[2022.07.15-05.56.34:250][354]LogLoad: LoadMap: 127.0.0.1:17777/Game/ThirdPersonBP/Maps/ThirdPersonExampleMap?Name=Player?game=/Game/ProjectRun/GameMode/Run/BP_RunGameMode.BP_RunGameMode_C
[2022.07.15-05.56.34:250][354]LogWorld: BeginTearingDown for /Temp/Untitled_0
[2022.07.15-05.56.34:250][354]LogWorld: UWorld::CleanupWorld for Untitled, bSessionEnded=true, bCleanupResources=true
[2022.07.15-05.56.34:250][354]LogSlate: InvalidateAllWidgets triggered.  All widgets were invalidated
[2022.07.15-05.56.34:253][354]LogAudio: Display: Audio Device unregistered from world 'None'.
[2022.07.15-05.56.34:254][354]LogUObjectHash: Compacting FUObjectHashTables data took   0.49ms
[2022.07.15-05.56.34:318][354]LogBlueprint: Warning: [AssetLog] C:\study\ProjectRun\Content\ThirdPersonBP\Blueprints\ThirdPersonCharacter.uasset: [Compiler] InputAction Event 가  ResetVR 입력 액션  에 대해 알려지지 않은 'ResetVR' 액션을 참조합니다.
[2022.07.15-05.56.34:318][354]LogBlueprint: Warning: [AssetLog] C:\study\ProjectRun\Content\ThirdPersonBP\Blueprints\ThirdPersonCharacter.uasset: [Compiler] Input Axis Event 가  LookUpRate 입력 축  에 대해 알려지지 않은 'LookUpRate' 축을 참조합니다.
[2022.07.15-05.56.34:318][354]LogBlueprint: Warning: [AssetLog] C:\study\ProjectRun\Content\ThirdPersonBP\Blueprints\ThirdPersonCharacter.uasset: [Compiler] Input Axis Event 가  TurnRate 입력 축  에 대해 알려지지 않은 'TurnRate' 축을 참조합니다.
[2022.07.15-05.56.34:459][354]LogAudio: Display: Audio Device (ID: 1) registered with world 'ThirdPersonExampleMap'.
[2022.07.15-05.56.34:465][354]LogWorld: Bringing World /Game/ThirdPersonBP/Maps/ThirdPersonExampleMap.ThirdPersonExampleMap up for play (max tick rate 0) at 2022.07.15-14.56.34
[2022.07.15-05.56.34:465][354]LogWorld: Bringing up level for play took: 0.004392
[2022.07.15-05.56.34:466][354]LogSlate: Took 0.000241 seconds to synchronously load lazily loaded font '../../../Engine/Content/Slate/Fonts/Roboto-Regular.ttf' (155K)
[2022.07.15-05.56.34:466][354]LogLoad: Took 0.216304 seconds to LoadMap(/Game/ThirdPersonBP/Maps/ThirdPersonExampleMap)
[2022.07.15-05.56.34:466][354]LogRenderer: Reallocating scene render targets to support 640x480 Format 10 NumSamples 1 (Frame:1).
[2022.07.15-05.56.34:466][354]LogNavigation: Warning: NavData RegistrationFailed_DataPendingKill.
[2022.07.15-05.56.34:510][356]LogOnlineSession: Warning: OSS: No game present to join for session (GameSession)
[2022.07.15-05.56.35:507][734]LogOnlineSession: Warning: OSS: No game present to join for session (GameSession)
[2022.07.15-05.56.35:507][734]LogOnlineSession: Warning: OSS: No game present to join for session (GameSession)
[2022.07.15-05.56.40:872][577]LogBlueprintUserMessages: [BP_RunPlayerState_C_0] 10
[2022.07.15-05.56.42:210][266]LogBlueprintUserMessages: [BP_RunPlayerState_C_0] 20
[2022.07.15-05.56.47:563][752]LogBlueprintUserMessages: [BP_RunPlayerState_C_2] 10
[2022.07.15-05.56.49:230][524]LogOnlineSession: Warning: OSS: No game present to leave for session (GameSession)
[2022.07.15-05.56.49:646][805]LogWindowsDesktop: Alt-F4 pressed!
[2022.07.15-05.56.49:653][805]LogSlate: Window 'ProjectRun (64-bit Development PCD3D_SM5) ' being destroyed
[2022.07.15-05.56.49:655][805]LogWindowsTextInputMethodSystem: Display: IME system activated using TSF (Microsoft 입력기).
[2022.07.15-05.56.49:658][805]LogSlate: Updating window title bar state: overlay mode, drag disabled, window buttons hidden, title bar hidden
[2022.07.15-05.56.49:658][805]LogEngine: All Windows Closed
[2022.07.15-05.56.49:658][805]LogWindows: FPlatformMisc::RequestExit(0)
[2022.07.15-05.56.49:658][805]LogWindows: FPlatformMisc::RequestExitWithStatus(0, 0)
[2022.07.15-05.56.49:658][805]LogCore: Engine exit requested (reason: Win RequestExit)
[2022.07.15-05.56.49:659][806]LogCore: Engine exit requested (reason: EngineExit() was called; note: exit was already requested)
[2022.07.15-05.56.49:659][806]LogInit: Display: PreExit Game.
[2022.07.15-05.56.49:667][806]LogWorld: BeginTearingDown for /Game/ThirdPersonBP/Maps/ThirdPersonExampleMap
[2022.07.15-05.56.49:667][806]LogNet: World NetDriver shutdown IpNetDriver_0 [GameNetDriver]
[2022.07.15-05.56.49:667][806]LogNet: DestroyNamedNetDriver IpNetDriver_0 [GameNetDriver]
[2022.07.15-05.56.49:667][806]LogNet: UNetConnection::Close: [UNetConnection] RemoteAddr: 127.0.0.1:17777, Name: IpConnection_0, Driver: GameNetDriver IpNetDriver_0, IsServer: NO, PC: BP_RunPlayerController_C_0, Owner: BP_RunPlayerController_C_0, UniqueId: NULL:LeeMinSeok-1CCA8C0B4C2760C56E1DC4879BB3B310, Channels: 11, Time: 2022.07.15-05.56.49
[2022.07.15-05.56.49:667][806]LogNet: UChannel::Close: Sending CloseBunch. ChIndex == 0. Name: [UChannel] ChIndex: 0, Closing: 0 [UNetConnection] RemoteAddr: 127.0.0.1:17777, Name: IpConnection_0, Driver: GameNetDriver IpNetDriver_0, IsServer: NO, PC: BP_RunPlayerController_C_0, Owner: BP_RunPlayerController_C_0, UniqueId: NULL:LeeMinSeok-1CCA8C0B4C2760C56E1DC4879BB3B310
[2022.07.15-05.56.49:668][806]LogExit: GameNetDriver IpNetDriver_0 shut down
[2022.07.15-05.56.49:668][806]LogWorld: UWorld::CleanupWorld for ThirdPersonExampleMap, bSessionEnded=true, bCleanupResources=true
[2022.07.15-05.56.49:669][806]LogSlate: InvalidateAllWidgets triggered.  All widgets were invalidated
[2022.07.15-05.56.49:791][806]LogAudio: Display: Beginning Audio Device Manager Shutdown (Module: AudioMixerXAudio2)...
[2022.07.15-05.56.49:791][806]LogAudio: Display: Destroying 1 Remaining Audio Device(s)...
[2022.07.15-05.56.49:791][806]LogAudio: Display: Audio Device unregistered from world 'ThirdPersonExampleMap'.
[2022.07.15-05.56.49:823][806]LogAudioMixer: FMixerPlatformXAudio2::StopAudioStream() called
[2022.07.15-05.56.49:824][806]LogAudioMixer: FMixerPlatformXAudio2::StopAudioStream() called
[2022.07.15-05.56.49:843][806]LogAudio: Display: Audio Device Manager Shutdown
[2022.07.15-05.56.49:849][806]LogExit: Preparing to exit.
[2022.07.15-05.56.50:551][806]LogSlate: Updating window title bar state: overlay mode, drag disabled, window buttons hidden, title bar hidden
[2022.07.15-05.56.50:552][806]LogUObjectHash: Compacting FUObjectHashTables data took   0.64ms
[2022.07.15-05.56.50:582][806]LogMoviePlayer: Shutting down movie player
[2022.07.15-05.56.50:662][806]LogDemo: Cleaned up 0 splitscreen connections with owner deletion
[2022.07.15-05.56.50:664][806]LogExit: Game engine shut down
[2022.07.15-05.56.50:690][806]LogExit: Object subsystem successfully closed.
[2022.07.15-05.56.50:705][806]LogShaderCompilers: Display: === FShaderJobCache stats ===
[2022.07.15-05.56.50:705][806]LogShaderCompilers: Display: Total job queries 0, among them cache hits 0 (0.00%)
[2022.07.15-05.56.50:705][806]LogShaderCompilers: Display: Tracking 0 distinct input hashes that result in 0 distinct outputs (0.00%)
[2022.07.15-05.56.50:705][806]LogShaderCompilers: Display: RAM used: 0.00 MB (0.00 GB) of 819.20 MB (0.80 GB) budget. Usage: 0.00%
[2022.07.15-05.56.50:705][806]LogShaderCompilers: Display: ================================================
[2022.07.15-05.56.50:718][806]LogShaderCompilers: Display: Shaders left to compile 0
[2022.07.15-05.56.50:718][806]LogShaderCompilers: Display: Shaders left to compile 0
[2022.07.15-05.56.50:728][806]LogModuleManager: Shutting down and abandoning module GameplayDebugger (556)
[2022.07.15-05.56.50:729][806]LogModuleManager: Shutting down and abandoning module Voice (554)
[2022.07.15-05.56.50:729][806]LogModuleManager: Shutting down and abandoning module AnimGraph (550)
[2022.07.15-05.56.50:729][806]LogModuleManager: Shutting down and abandoning module SequenceRecorderSections (548)
[2022.07.15-05.56.50:729][806]LogModuleManager: Shutting down and abandoning module SequenceRecorder (546)
[2022.07.15-05.56.50:729][806]LogModuleManager: Shutting down and abandoning module AutomationController (544)
[2022.07.15-05.56.50:729][806]LogModuleManager: Shutting down and abandoning module AutomationWorker (542)
[2022.07.15-05.56.50:729][806]LogModuleManager: Shutting down and abandoning module SteamVREditor (540)
[2022.07.15-05.56.50:729][806]LogModuleManager: Shutting down and abandoning module ToolMenus (539)
[2022.07.15-05.56.50:729][806]LogModuleManager: Shutting down and abandoning module OculusMR (536)
[2022.07.15-05.56.50:729][806]LogModuleManager: Shutting down and abandoning module TakeRecorderSources (534)
[2022.07.15-05.56.50:729][806]LogModuleManager: Shutting down and abandoning module TakeRecorder (533)
[2022.07.15-05.56.50:729][806]LogModuleManager: Shutting down and abandoning module TakeTrackRecorders (530)
[2022.07.15-05.56.50:729][806]LogModuleManager: Shutting down and abandoning module TakesCore (528)
[2022.07.15-05.56.50:729][806]LogModuleManager: Shutting down and abandoning module OpenXRInput (526)
[2022.07.15-05.56.50:729][806]LogModuleManager: Shutting down and abandoning module WmfMediaFactory (524)
[2022.07.15-05.56.50:729][806]LogModuleManager: Shutting down and abandoning module OpenExrWrapper (522)
[2022.07.15-05.56.50:729][806]LogModuleManager: Shutting down and abandoning module ImgMediaFactory (520)
[2022.07.15-05.56.50:729][806]LogModuleManager: Shutting down and abandoning module WebMMediaFactory (518)
[2022.07.15-05.56.50:729][806]LogModuleManager: Shutting down and abandoning module WebMMedia (516)
[2022.07.15-05.56.50:729][806]LogModuleManager: Shutting down and abandoning module AvfMediaFactory (514)
[2022.07.15-05.56.50:729][806]LogModuleManager: Shutting down and abandoning module MagicLeapMediaCodecFactory (512)
[2022.07.15-05.56.50:729][806]LogModuleManager: Shutting down and abandoning module MagicLeapMediaFactory (510)
[2022.07.15-05.56.50:729][806]LogModuleManager: Shutting down and abandoning module PlanarCut (508)
[2022.07.15-05.56.50:729][806]LogModuleManager: Shutting down and abandoning module CharacterAI (506)
[2022.07.15-05.56.50:729][806]LogModuleManager: Shutting down and abandoning module SessionServices (504)
[2022.07.15-05.56.50:729][806]LogModuleManager: Shutting down and abandoning module MovieSceneCapture (502)
[2022.07.15-05.56.50:729][806]LogModuleManager: Shutting down and abandoning module LiveCoding (500)
[2022.07.15-05.56.50:729][806]LogModuleManager: Shutting down and abandoning module LevelSequence (498)
[2022.07.15-05.56.50:729][806]LogModuleManager: Shutting down and abandoning module MovieSceneTracks (496)
[2022.07.15-05.56.50:729][806]LogModuleManager: Shutting down and abandoning module MovieScene (494)
[2022.07.15-05.56.50:729][806]LogModuleManager: Shutting down and abandoning module StreamingPauseRendering (492)
[2022.07.15-05.56.50:729][806]LogModuleManager: Shutting down and abandoning module PortalServices (490)
[2022.07.15-05.56.50:729][806]LogModuleManager: Shutting down and abandoning module PortalRpc (488)
[2022.07.15-05.56.50:729][806]LogModuleManager: Shutting down and abandoning module MessagingRpc (486)
[2022.07.15-05.56.50:729][806]LogModuleManager: Shutting down and abandoning module AudioMixerXAudio2 (484)
[2022.07.15-05.56.50:729][806]LogModuleManager: Shutting down and abandoning module AudioMixerCore (483)
[2022.07.15-05.56.50:729][806]LogModuleManager: Shutting down and abandoning module ImageWriteQueue (480)
[2022.07.15-05.56.50:735][806]LogModuleManager: Shutting down and abandoning module ProfilerService (478)
[2022.07.15-05.56.50:788][806]LogModuleManager: Shutting down and abandoning module TaskGraph (476)
[2022.07.15-05.56.50:788][806]LogModuleManager: Shutting down and abandoning module OculusInput (474)
[2022.07.15-05.56.50:788][806]LogModuleManager: Shutting down and abandoning module TakeMovieScene (472)
[2022.07.15-05.56.50:788][806]LogModuleManager: Shutting down and abandoning module ProceduralMeshComponent (470)
[2022.07.15-05.56.50:788][806]LogModuleManager: Shutting down and abandoning module Synthesis (468)
[2022.07.15-05.56.50:788][806]LogModuleManager: Shutting down and abandoning module MobilePatchingUtils (466)
[2022.07.15-05.56.50:788][806]LogModuleManager: Shutting down and abandoning module GooglePAD (464)
[2022.07.15-05.56.50:788][806]LogModuleManager: Shutting down and abandoning module EditableMesh (462)
[2022.07.15-05.56.50:788][806]LogModuleManager: Shutting down and abandoning module AssetTags (460)
[2022.07.15-05.56.50:788][806]LogModuleManager: Shutting down and abandoning module CustomMeshComponent (458)
[2022.07.15-05.56.50:788][806]LogModuleManager: Shutting down and abandoning module VisualStudioCodeSourceCodeAccess (456)
[2022.07.15-05.56.50:788][806]LogModuleManager: Shutting down and abandoning module AudioCapture (454)
[2022.07.15-05.56.50:788][806]LogModuleManager: Shutting down and abandoning module AudioCaptureRtAudio (453)
[2022.07.15-05.56.50:789][806]LogModuleManager: Shutting down and abandoning module CableComponent (450)
[2022.07.15-05.56.50:789][806]LogModuleManager: Shutting down and abandoning module ArchVisCharacter (448)
[2022.07.15-05.56.50:789][806]LogModuleManager: Shutting down and abandoning module AppleImageUtilsBlueprintSupport (446)
[2022.07.15-05.56.50:789][806]LogModuleManager: Shutting down and abandoning module AppleImageUtils (444)
[2022.07.15-05.56.50:789][806]LogModuleManager: Shutting down and abandoning module ActorLayerUtilities (442)
[2022.07.15-05.56.50:789][806]LogModuleManager: Shutting down and abandoning module AndroidPermission (440)
[2022.07.15-05.56.50:789][806]LogModuleManager: Shutting down and abandoning module UObjectPlugin (438)
[2022.07.15-05.56.50:789][806]LogModuleManager: Shutting down and abandoning module VisualStudioSourceCodeAccess (436)
[2022.07.15-05.56.50:789][806]LogModuleManager: Shutting down and abandoning module HotReload (435)
[2022.07.15-05.56.50:789][806]LogModuleManager: Shutting down and abandoning module SubversionSourceControl (432)
[2022.07.15-05.56.50:789][806]LogModuleManager: Shutting down and abandoning module PerforceSourceControl (430)
[2022.07.15-05.56.50:789][806]LogModuleManager: Shutting down and abandoning module SourceControl (429)
[2022.07.15-05.56.50:789][806]LogModuleManager: Shutting down and abandoning module CLionSourceCodeAccess (426)
[2022.07.15-05.56.50:789][806]LogModuleManager: Shutting down and abandoning module ImgMedia (424)
[2022.07.15-05.56.50:789][806]LogModuleManager: Shutting down and abandoning module MediaCompositing (422)
[2022.07.15-05.56.50:789][806]LogModuleManager: Shutting down and abandoning module TemplateSequence (420)
[2022.07.15-05.56.50:789][806]LogModuleManager: Shutting down and abandoning module MagicLeapLightEstimation (418)
[2022.07.15-05.56.50:789][806]LogModuleManager: Shutting down and abandoning module MagicLeapSharedWorld (416)
[2022.07.15-05.56.50:789][806]LogModuleManager: Shutting down and abandoning module MagicLeapHelperVulkan (414)
[2022.07.15-05.56.50:789][806]LogModuleManager: Shutting down and abandoning module MagicLeapHelperOpenGL (412)
[2022.07.15-05.56.50:789][806]LogModuleManager: Shutting down and abandoning module MagicLeapAudio (410)
[2022.07.15-05.56.50:789][806]LogModuleManager: Shutting down and abandoning module OpenImageDenoise (408)
[2022.07.15-05.56.50:789][806]LogOpenImageDenoise: OIDN shutting down
[2022.07.15-05.56.50:789][806]LogModuleManager: Shutting down and abandoning module MotoSynth (406)
[2022.07.15-05.56.50:789][806]LogModuleManager: Shutting down and abandoning module GeometryCollectionTracks (404)
[2022.07.15-05.56.50:789][806]LogModuleManager: Shutting down and abandoning module GeometryCollectionSequencer (403)
[2022.07.15-05.56.50:789][806]LogModuleManager: Shutting down and abandoning module MeshConversion (400)
[2022.07.15-05.56.50:789][806]LogModuleManager: Shutting down and abandoning module DynamicMesh (398)
[2022.07.15-05.56.50:789][806]LogModuleManager: Shutting down and abandoning module GeometryAlgorithms (396)
[2022.07.15-05.56.50:789][806]LogModuleManager: Shutting down and abandoning module GeometricObjects (394)
[2022.07.15-05.56.50:789][806]LogModuleManager: Shutting down and abandoning module GeometryCacheTracks (392)
[2022.07.15-05.56.50:789][806]LogModuleManager: Shutting down and abandoning module GeometryCacheSequencer (391)
[2022.07.15-05.56.50:789][806]LogModuleManager: Shutting down and abandoning module GeometryCache (388)
[2022.07.15-05.56.50:789][806]LogModuleManager: Shutting down and abandoning module GeometryCacheEd (387)
[2022.07.15-05.56.50:789][806]LogModuleManager: Shutting down and abandoning module ChaosNiagara (384)
[2022.07.15-05.56.50:789][806]LogModuleManager: Shutting down and abandoning module FieldSystemEngine (383)
[2022.07.15-05.56.50:789][806]LogModuleManager: Shutting down and abandoning module AutomationUtils (380)
[2022.07.15-05.56.50:789][806]LogModuleManager: Shutting down and abandoning module BackChannel (378)
[2022.07.15-05.56.50:789][806]LogModuleManager: Shutting down and abandoning module OodleNetworkHandlerComponent (376)
[2022.07.15-05.56.50:789][806]LogModuleManager: Shutting down and abandoning module LiveLinkSequencer (374)
[2022.07.15-05.56.50:789][806]LogModuleManager: Shutting down and abandoning module LiveLinkMovieScene (372)
[2022.07.15-05.56.50:789][806]LogModuleManager: Shutting down and abandoning module LiveLinkGraphNode (370)
[2022.07.15-05.56.50:789][806]LogModuleManager: Shutting down and abandoning module LiveLinkComponents (368)
[2022.07.15-05.56.50:789][806]LogModuleManager: Shutting down and abandoning module LiveLink (366)
