Log file open, 07/15/22 14:56:56
LogWindows: Failed to load 'aqProf.dll' (GetLastError=126)
LogWindows: File 'aqProf.dll' does not exist
LogWindows: Failed to load 'VtuneApi.dll' (GetLastError=126)
LogWindows: File 'VtuneApi.dll' does not exist
LogWindows: Failed to load 'VtuneApi32e.dll' (GetLastError=126)
LogWindows: File 'VtuneApi32e.dll' does not exist
LogConsoleResponse: Display: Failed to find resolution value strings in scalability ini. Falling back to default.
LogConsoleResponse: Display: Failed to find resolution value strings in scalability ini. Falling back to default.
LogInit: Display: Running engine for game: ProjectRun
LogPlatformFile: Not using cached read wrapper
LogTaskGraph: Started task graph with 5 named threads and 59 total threads with 3 sets of task threads.
LogStats: Stats thread started at 0.190569
LogICUInternationalization: ICU TimeZone Detection - Raw Offset: +9:00, Platform Override: ''
LogInit: Display: Loading text-based GConfig....
LogPluginManager: Mounting plugin MeshPainting
LogPluginManager: Mounting plugin XGEController
LogPluginManager: Mounting plugin Paper2D
LogPluginManager: Mounting plugin AISupport
LogPluginManager: Mounting plugin EnvironmentQueryEditor
LogPluginManager: Mounting plugin LiveLink
LogPluginManager: Mounting plugin LightPropagationVolume
LogPluginManager: Mounting plugin AnimationSharing
LogPluginManager: Mounting plugin OodleNetwork
LogPluginManager: Mounting plugin GameplayCameras
LogPluginManager: Mounting plugin CameraShakePreviewer
LogPluginManager: Mounting plugin OodleData
LogPluginManager: Mounting plugin KDevelopSourceCodeAccess
LogPluginManager: Mounting plugin PixWinPlugin
LogPluginManager: Mounting plugin PerforceSourceControl
LogPluginManager: Mounting plugin NullSourceCodeAccess
LogPluginManager: Mounting plugin CodeLiteSourceCodeAccess
LogPluginManager: Mounting plugin GitSourceControl
LogPluginManager: Mounting plugin PlasticSourceControl
LogPluginManager: Mounting plugin SubversionSourceControl
LogPluginManager: Mounting plugin PropertyAccessNode
LogPluginManager: Mounting plugin TextureFormatOodle
LogPluginManager: Mounting plugin UObjectPlugin
LogPluginManager: Mounting plugin VisualStudioCodeSourceCodeAccess
LogPluginManager: Mounting plugin PluginUtils
LogPluginManager: Mounting plugin RiderSourceCodeAccess
LogPluginManager: Mounting plugin CLionSourceCodeAccess
LogPluginManager: Mounting plugin XCodeSourceCodeAccess
LogPluginManager: Mounting plugin VisualStudioSourceCodeAccess
LogPluginManager: Mounting plugin DatasmithContent
LogPluginManager: Mounting plugin AutomationUtils
LogPluginManager: Mounting plugin BackChannel
LogPluginManager: Mounting plugin ChaosEditor
LogPluginManager: Mounting plugin ChaosClothEditor
LogPluginManager: Mounting plugin ChaosCloth
LogPluginManager: Mounting plugin VariantManagerContent
LogPluginManager: Mounting plugin ChaosSolverPlugin
LogPluginManager: Mounting plugin ChaosNiagara
LogPluginManager: Mounting plugin GeometryCollectionPlugin
LogPluginManager: Mounting plugin AlembicImporter
LogPluginManager: Mounting plugin GeometryCache
LogPluginManager: Mounting plugin GeometryProcessing
LogPluginManager: Mounting plugin OpenImageDenoise
LogPluginManager: Mounting plugin PlatformCrypto
LogPluginManager: Mounting plugin PythonScriptPlugin
LogPluginManager: Mounting plugin PlanarCut
LogPluginManager: Mounting plugin MotoSynth
LogPluginManager: Mounting plugin AssetManagerEditor
LogPluginManager: Mounting plugin CharacterAI
LogPluginManager: Mounting plugin CryptoKeys
LogPluginManager: Mounting plugin CurveEditorTools
LogPluginManager: Mounting plugin GeometryMode
LogPluginManager: Mounting plugin DataValidation
LogPluginManager: Mounting plugin MaterialAnalyzer
LogPluginManager: Mounting plugin ProxyLODPlugin
LogPluginManager: Mounting plugin MobileLauncherProfileWizard
LogPluginManager: Mounting plugin PluginBrowser
LogPluginManager: Mounting plugin MacGraphicsSwitching
LogPluginManager: Mounting plugin SpeedTreeImporter
LogPluginManager: Mounting plugin FacialAnimation
LogPluginManager: Mounting plugin GameplayTagsEditor
LogPluginManager: Mounting plugin LuminPlatformFeatures
LogPluginManager: Mounting plugin MagicLeapLightEstimation
LogPluginManager: Mounting plugin SkeletalReduction
LogPluginManager: Mounting plugin MagicLeap
LogPluginManager: Mounting plugin MagicLeapMedia
LogPluginManager: Mounting plugin MLSDK
LogPluginManager: Mounting plugin Niagara
LogPluginManager: Mounting plugin AndroidMedia
LogPluginManager: Mounting plugin TcpMessaging
LogPluginManager: Mounting plugin MagicLeapPassableWorld
LogPluginManager: Mounting plugin AvfMedia
LogPluginManager: Mounting plugin UdpMessaging
LogPluginManager: Mounting plugin ImgMedia
LogPluginManager: Mounting plugin MediaCompositing
LogPluginManager: Mounting plugin ActorSequence
LogPluginManager: Mounting plugin MediaPlayerEditor
LogPluginManager: Mounting plugin MatineeToLevelSequence
LogPluginManager: Mounting plugin WebMMedia
LogPluginManager: Mounting plugin LauncherChunkInstaller
LogPluginManager: Mounting plugin LevelSequenceEditor
LogPluginManager: Mounting plugin WmfMedia
LogPluginManager: Mounting plugin TemplateSequence
LogPluginManager: Mounting plugin ScreenshotTools
LogPluginManager: Mounting plugin OnlineSubsystemNull
LogPluginManager: Mounting plugin OnlineSubsystem
LogPluginManager: Mounting plugin OnlineSubsystemUtils
LogPluginManager: Mounting plugin ActorLayerUtilities
LogPluginManager: Mounting plugin AndroidMoviePlayer
LogPluginManager: Mounting plugin AppleMoviePlayer
LogPluginManager: Mounting plugin AndroidDeviceProfileSelector
LogPluginManager: Mounting plugin ArchVisCharacter
LogPluginManager: Mounting plugin AndroidPermission
LogPluginManager: Mounting plugin AudioCapture
LogPluginManager: Mounting plugin AssetTags
LogPluginManager: Mounting plugin AppleImageUtils
LogPluginManager: Mounting plugin CableComponent
LogPluginManager: Mounting plugin EditableMesh
LogPluginManager: Mounting plugin CustomMeshComponent
LogPluginManager: Mounting plugin ChunkDownloader
LogPluginManager: Mounting plugin ExampleDeviceProfileSelector
LogPluginManager: Mounting plugin AudioSynesthesia
LogPluginManager: Mounting plugin Takes
LogPluginManager: Mounting plugin GoogleCloudMessaging
LogPluginManager: Mounting plugin IOSDeviceProfileSelector
LogPluginManager: Mounting plugin LinuxDeviceProfileSelector
LogPluginManager: Mounting plugin LocationServicesBPLibrary
LogPluginManager: Mounting plugin MobilePatchingUtils
LogPluginManager: Mounting plugin OpenXRHandTracking
LogPluginManager: Mounting plugin PostSplashScreen
LogPluginManager: Mounting plugin RuntimePhysXCooking
LogPluginManager: Mounting plugin OpenXREyeTracker
LogPluginManager: Mounting plugin ProceduralMeshComponent
LogPluginManager: Mounting plugin SignificanceManager
LogPluginManager: Mounting plugin Synthesis
LogPluginManager: Mounting plugin OpenXR
LogPluginManager: Mounting plugin PropertyAccessEditor
LogPluginManager: Mounting plugin GooglePAD
LogPluginManager: Mounting plugin SoundFields
LogPluginManager: Mounting plugin PhysXVehicles
LogPluginManager: Mounting plugin WebMMoviePlayer
LogPluginManager: Mounting plugin WindowsMoviePlayer
LogPluginManager: Mounting plugin ContentBrowserClassDataSource
LogPluginManager: Mounting plugin ContentBrowserFileDataSource
LogPluginManager: Mounting plugin ContentBrowserAssetDataSource
LogPluginManager: Mounting plugin OnlineSubsystemGooglePlay
LogPluginManager: Mounting plugin OnlineSubsystemIOS
LogPluginManager: Mounting plugin OculusVR
LogPluginManager: Mounting plugin SteamVR
PixWinPlugin: PIX capture plugin failed to initialize! Check that the process is launched from PIX.
LogInit: Using libcurl 7.55.1-DEV
LogInit:  - built for x86_64-pc-win32
LogInit:  - supports SSL with OpenSSL/1.1.1
LogInit:  - supports HTTP deflate (compression) using libz 1.2.8
LogInit:  - other features:
LogInit:      CURL_VERSION_SSL
LogInit:      CURL_VERSION_LIBZ
LogInit:      CURL_VERSION_IPV6
LogInit:      CURL_VERSION_ASYNCHDNS
LogInit:      CURL_VERSION_LARGEFILE
LogInit:      CURL_VERSION_IDN
LogInit:  CurlRequestOptions (configurable via config and command line):
LogInit:  - bVerifyPeer = true  - Libcurl will verify peer certificate
LogInit:  - bUseHttpProxy = false  - Libcurl will NOT use HTTP proxy
LogInit:  - bDontReuseConnections = false  - Libcurl will reuse connections
LogInit:  - MaxHostConnections = 16  - Libcurl will limit the number of connections to a host
LogInit:  - LocalHostAddr = Default
LogInit:  - BufferSize = 65536
LogOnline: OSS: Creating online subsystem instance for: NULL
LogInit: WinSock: version 1.1 (2.2), MaxSocks=32767, MaxUdp=65467
LogOnline: OSS: TryLoadSubsystemAndSetDefault: Loaded subsystem for module [NULL]
LogOculusPluginWrapper: OculusPlugin initialized successfully
LogHMD: Failed initializing OVRPlugin 1.59.0
LogInit: Build: ++UE4+Release-4.27-CL-18319896
LogInit: Engine Version: 4.27.2-18319896+++UE4+Release-4.27
LogInit: Compatible Engine Version: 4.27.0-17155196+++UE4+Release-4.27
LogInit: Net CL: 17155196
LogInit: OS: Windows 10 (Release 2009) (), CPU: 12th Gen Intel(R) Core(TM) i7-12700H, GPU: NVIDIA GeForce RTX 3070 Ti Laptop GPU
LogInit: Compiled (64-bit): Nov 30 2021 07:12:08
LogInit: Compiled with Visual C++: 19.24.28315.00
LogInit: Build Configuration: Development
LogInit: Branch Name: ++UE4+Release-4.27
LogInit: Command Line:  127.0.0.1:17777 -game -PIEVIACONSOLE -Multiprocess GameUserSettingsINI=C:/study/ProjectRun/Saved/Config/Windows/PIEGameUserSettings1.ini -MultiprocessSaveConfig -forcepassthrough -messaging -SessionName="Play in Standalone Game" -windowed -WinX=1214 -WinY=228 SAVEWINPOS=1 -ResX=640 -ResY=480
LogInit: Base Directory: C:/Program Files/Epic Games/UE_4.27/Engine/Binaries/Win64/
LogInit: Allocator: TBB
LogInit: Installed Engine Build: 1
LogDevObjectVersion: Number of dev versions registered: 29
LogDevObjectVersion:   Dev-Blueprints (B0D832E4-1F89-4F0D-ACCF-7EB736FD4AA2): 10
LogDevObjectVersion:   Dev-Build (E1C64328-A22C-4D53-A36C-8E866417BD8C): 0
LogDevObjectVersion:   Dev-Core (375EC13C-06E4-48FB-B500-84F0262A717E): 4
LogDevObjectVersion:   Dev-Editor (E4B068ED-F494-42E9-A231-DA0B2E46BB41): 40
LogDevObjectVersion:   Dev-Framework (CFFC743F-43B0-4480-9391-14DF171D2073): 37
LogDevObjectVersion:   Dev-Mobile (B02B49B5-BB20-44E9-A304-32B752E40360): 3
LogDevObjectVersion:   Dev-Networking (A4E4105C-59A1-49B5-A7C5-40C4547EDFEE): 0
LogDevObjectVersion:   Dev-Online (39C831C9-5AE6-47DC-9A44-9C173E1C8E7C): 0
LogDevObjectVersion:   Dev-Physics (78F01B33-EBEA-4F98-B9B4-84EACCB95AA2): 14
LogDevObjectVersion:   Dev-Platform (6631380F-2D4D-43E0-8009-CF276956A95A): 0
LogDevObjectVersion:   Dev-Rendering (12F88B9F-8875-4AFC-A67C-D90C383ABD29): 45
LogDevObjectVersion:   Dev-Sequencer (7B5AE74C-D270-4C10-A958-57980B212A5A): 13
LogDevObjectVersion:   Dev-VR (D7296918-1DD6-4BDD-9DE2-64A83CC13884): 3
LogDevObjectVersion:   Dev-LoadTimes (C2A15278-BFE7-4AFE-6C17-90FF531DF755): 1
LogDevObjectVersion:   Private-Geometry (6EACA3D4-40EC-4CC1-B786-8BED09428FC5): 3
LogDevObjectVersion:   Dev-AnimPhys (29E575DD-E0A3-4627-9D10-D276232CDCEA): 17
LogDevObjectVersion:   Dev-Anim (AF43A65D-7FD3-4947-9873-3E8ED9C1BB05): 15
LogDevObjectVersion:   Dev-ReflectionCapture (6B266CEC-1EC7-4B8F-A30B-E4D90942FC07): 1
LogDevObjectVersion:   Dev-Automation (0DF73D61-A23F-47EA-B727-89E90C41499A): 1
LogDevObjectVersion:   FortniteMain (601D1886-AC64-4F84-AA16-D3DE0DEAC7D6): 47
LogDevObjectVersion:   FortniteRelease (E7086368-6B23-4C58-8439-1B7016265E91): 1
LogDevObjectVersion:   Dev-Enterprise (9DFFBCD6-494F-0158-E221-12823C92A888): 10
LogDevObjectVersion:   Dev-Niagara (F2AED0AC-9AFE-416F-8664-AA7FFA26D6FC): 1
LogDevObjectVersion:   Dev-Destruction (174F1F0B-B4C6-45A5-B13F-2EE8D0FB917D): 10
LogDevObjectVersion:   Dev-Physics-Ext (35F94A83-E258-406C-A318-09F59610247C): 41
LogDevObjectVersion:   Dev-PhysicsMaterial-Chaos (B68FC16E-8B1B-42E2-B453-215C058844FE): 1
LogDevObjectVersion:   Dev-CineCamera (B2E18506-4273-CFC2-A54E-F4BB758BBA07): 1
LogDevObjectVersion:   Dev-VirtualProduction (64F58936-FD1B-42BA-BA96-7289D5D0FA4E): 1
LogDevObjectVersion:   Dev-MediaFramework (6F0ED827-A609-4895-9C91-998D90180EA4): 2
LogInit: Presizing for max 25165824 objects, including 0 objects not considered by GC, pre-allocating 0 bytes for permanent pool.
LogConfig: Applying CVar settings from Section [/Script/Engine.StreamingSettings] File [C:/study/ProjectRun/Saved/Config/Windows/Engine.ini]
LogConfig: Setting CVar [[s.MinBulkDataSizeForAsyncLoading:131072]]
LogConfig: Setting CVar [[s.AsyncLoadingThreadEnabled:0]]
LogConfig: Setting CVar [[s.EventDrivenLoaderEnabled:1]]
LogConfig: Setting CVar [[s.WarnIfTimeLimitExceeded:0]]
LogConfig: Setting CVar [[s.TimeLimitExceededMultiplier:1.5]]
LogConfig: Setting CVar [[s.TimeLimitExceededMinTime:0.005]]
LogConfig: Setting CVar [[s.UseBackgroundLevelStreaming:1]]
LogConfig: Setting CVar [[s.PriorityAsyncLoadingExtraTime:15.0]]
LogConfig: Setting CVar [[s.LevelStreamingActorsUpdateTimeLimit:5.0]]
LogConfig: Setting CVar [[s.PriorityLevelStreamingActorsUpdateExtraTime:5.0]]
LogConfig: Setting CVar [[s.LevelStreamingComponentsRegistrationGranularity:10]]
LogConfig: Setting CVar [[s.UnregisterComponentsTimeLimit:1.0]]
LogConfig: Setting CVar [[s.LevelStreamingComponentsUnregistrationGranularity:5]]
LogConfig: Setting CVar [[s.FlushStreamingOnExit:1]]
LogInit: Object subsystem initialized
LogConfig: Setting CVar [[con.DebugEarlyDefault:1]]
LogConfig: Setting CVar [[r.setres:1280x720]]
[2022.07.15-05.56.57:158][  0]LogConfig: Setting CVar [[con.DebugEarlyDefault:1]]
[2022.07.15-05.56.57:158][  0]LogConfig: Setting CVar [[r.setres:1280x720]]
[2022.07.15-05.56.57:158][  0]LogConfig: Applying CVar settings from Section [/Script/Engine.RendererSettings] File [C:/study/ProjectRun/Saved/Config/Windows/Engine.ini]
[2022.07.15-05.56.57:158][  0]LogConfig: Setting CVar [[r.GPUCrashDebugging:0]]
[2022.07.15-05.56.57:158][  0]LogConfig: Applying CVar settings from Section [/Script/Engine.RendererOverrideSettings] File [C:/study/ProjectRun/Saved/Config/Windows/Engine.ini]
[2022.07.15-05.56.57:158][  0]LogConfig: Applying CVar settings from Section [/Script/Engine.StreamingSettings] File [C:/study/ProjectRun/Saved/Config/Windows/Engine.ini]
[2022.07.15-05.56.57:158][  0]LogConfig: Setting CVar [[s.MinBulkDataSizeForAsyncLoading:131072]]
[2022.07.15-05.56.57:158][  0]LogConfig: Setting CVar [[s.AsyncLoadingThreadEnabled:0]]
[2022.07.15-05.56.57:158][  0]LogConfig: Setting CVar [[s.EventDrivenLoaderEnabled:1]]
[2022.07.15-05.56.57:158][  0]LogConfig: Setting CVar [[s.WarnIfTimeLimitExceeded:0]]
[2022.07.15-05.56.57:158][  0]LogConfig: Setting CVar [[s.TimeLimitExceededMultiplier:1.5]]
[2022.07.15-05.56.57:158][  0]LogConfig: Setting CVar [[s.TimeLimitExceededMinTime:0.005]]
[2022.07.15-05.56.57:158][  0]LogConfig: Setting CVar [[s.UseBackgroundLevelStreaming:1]]
[2022.07.15-05.56.57:158][  0]LogConfig: Setting CVar [[s.PriorityAsyncLoadingExtraTime:15.0]]
[2022.07.15-05.56.57:158][  0]LogConfig: Setting CVar [[s.LevelStreamingActorsUpdateTimeLimit:5.0]]
[2022.07.15-05.56.57:158][  0]LogConfig: Setting CVar [[s.PriorityLevelStreamingActorsUpdateExtraTime:5.0]]
[2022.07.15-05.56.57:158][  0]LogConfig: Setting CVar [[s.LevelStreamingComponentsRegistrationGranularity:10]]
[2022.07.15-05.56.57:158][  0]LogConfig: Setting CVar [[s.UnregisterComponentsTimeLimit:1.0]]
[2022.07.15-05.56.57:158][  0]LogConfig: Setting CVar [[s.LevelStreamingComponentsUnregistrationGranularity:5]]
[2022.07.15-05.56.57:158][  0]LogConfig: Setting CVar [[s.FlushStreamingOnExit:1]]
[2022.07.15-05.56.57:158][  0]LogConfig: Applying CVar settings from Section [/Script/Engine.GarbageCollectionSettings] File [C:/study/ProjectRun/Saved/Config/Windows/Engine.ini]
[2022.07.15-05.56.57:158][  0]LogConfig: Setting CVar [[gc.MaxObjectsNotConsideredByGC:1]]
[2022.07.15-05.56.57:158][  0]LogConfig: Setting CVar [[gc.SizeOfPermanentObjectPool:0]]
[2022.07.15-05.56.57:158][  0]LogConfig: Setting CVar [[gc.FlushStreamingOnGC:0]]
[2022.07.15-05.56.57:158][  0]LogConfig: Setting CVar [[gc.NumRetriesBeforeForcingGC:10]]
[2022.07.15-05.56.57:158][  0]LogConfig: Setting CVar [[gc.AllowParallelGC:1]]
[2022.07.15-05.56.57:158][  0]LogConfig: Setting CVar [[gc.TimeBetweenPurgingPendingKillObjects:61.1]]
[2022.07.15-05.56.57:158][  0]LogConfig: Setting CVar [[gc.MaxObjectsInEditor:25165824]]
[2022.07.15-05.56.57:158][  0]LogConfig: Setting CVar [[gc.IncrementalBeginDestroyEnabled:1]]
[2022.07.15-05.56.57:158][  0]LogConfig: Setting CVar [[gc.CreateGCClusters:1]]
[2022.07.15-05.56.57:158][  0]LogConfig: Setting CVar [[gc.MinGCClusterSize:5]]
[2022.07.15-05.56.57:158][  0]LogConfig: Setting CVar [[gc.ActorClusteringEnabled:0]]
[2022.07.15-05.56.57:158][  0]LogConfig: Setting CVar [[gc.BlueprintClusteringEnabled:0]]
[2022.07.15-05.56.57:158][  0]LogConfig: Setting CVar [[gc.UseDisregardForGCOnDedicatedServers:0]]
[2022.07.15-05.56.57:158][  0]LogConfig: Setting CVar [[gc.MultithreadedDestructionEnabled:1]]
[2022.07.15-05.56.57:158][  0]LogConfig: Applying CVar settings from Section [/Script/Engine.NetworkSettings] File [C:/study/ProjectRun/Saved/Config/Windows/Engine.ini]
[2022.07.15-05.56.57:158][  0]LogConfig: Applying CVar settings from Section [/Script/UnrealEd.CookerSettings] File [C:/study/ProjectRun/Saved/Config/Windows/Engine.ini]
[2022.07.15-05.56.57:175][  0]LogConfig: Applying CVar settings from Section [ViewDistanceQuality@3] File [C:/study/ProjectRun/Saved/Config/Windows/Scalability.ini]
[2022.07.15-05.56.57:175][  0]LogConfig: Setting CVar [[r.SkeletalMeshLODBias:0]]
[2022.07.15-05.56.57:175][  0]LogConfig: Setting CVar [[r.ViewDistanceScale:1.0]]
[2022.07.15-05.56.57:175][  0]LogConfig: Applying CVar settings from Section [AntiAliasingQuality@3] File [C:/study/ProjectRun/Saved/Config/Windows/Scalability.ini]
[2022.07.15-05.56.57:175][  0]LogConfig: Setting CVar [[r.PostProcessAAQuality:4]]
[2022.07.15-05.56.57:176][  0]LogConfig: Applying CVar settings from Section [ShadowQuality@3] File [C:/study/ProjectRun/Saved/Config/Windows/Scalability.ini]
[2022.07.15-05.56.57:176][  0]LogConfig: Setting CVar [[r.LightFunctionQuality:1]]
[2022.07.15-05.56.57:176][  0]LogConfig: Setting CVar [[r.ShadowQuality:5]]
[2022.07.15-05.56.57:176][  0]LogConfig: Setting CVar [[r.Shadow.CSM.MaxCascades:10]]
[2022.07.15-05.56.57:176][  0]LogConfig: Setting CVar [[r.Shadow.MaxResolution:2048]]
[2022.07.15-05.56.57:176][  0]LogConfig: Setting CVar [[r.Shadow.MaxCSMResolution:2048]]
[2022.07.15-05.56.57:176][  0]LogConfig: Setting CVar [[r.Shadow.RadiusThreshold:0.01]]
[2022.07.15-05.56.57:176][  0]LogConfig: Setting CVar [[r.Shadow.DistanceScale:1.0]]
[2022.07.15-05.56.57:176][  0]LogConfig: Setting CVar [[r.Shadow.CSM.TransitionScale:1.0]]
[2022.07.15-05.56.57:176][  0]LogConfig: Setting CVar [[r.Shadow.PreShadowResolutionFactor:1.0]]
[2022.07.15-05.56.57:176][  0]LogConfig: Setting CVar [[r.DistanceFieldShadowing:1]]
[2022.07.15-05.56.57:176][  0]LogConfig: Setting CVar [[r.DistanceFieldAO:1]]
[2022.07.15-05.56.57:176][  0]LogConfig: Setting CVar [[r.AOQuality:2]]
[2022.07.15-05.56.57:176][  0]LogConfig: Setting CVar [[r.VolumetricFog:1]]
[2022.07.15-05.56.57:176][  0]LogConfig: Setting CVar [[r.VolumetricFog.GridPixelSize:8]]
[2022.07.15-05.56.57:176][  0]LogConfig: Setting CVar [[r.VolumetricFog.GridSizeZ:128]]
[2022.07.15-05.56.57:176][  0]LogConfig: Setting CVar [[r.VolumetricFog.HistoryMissSupersampleCount:4]]
[2022.07.15-05.56.57:176][  0]LogConfig: Setting CVar [[r.LightMaxDrawDistanceScale:1]]
[2022.07.15-05.56.57:176][  0]LogConfig: Setting CVar [[r.CapsuleShadows:1]]
[2022.07.15-05.56.57:176][  0]LogConfig: Applying CVar settings from Section [PostProcessQuality@3] File [C:/study/ProjectRun/Saved/Config/Windows/Scalability.ini]
[2022.07.15-05.56.57:176][  0]LogConfig: Setting CVar [[r.MotionBlurQuality:4]]
[2022.07.15-05.56.57:176][  0]LogConfig: Setting CVar [[r.AmbientOcclusionMipLevelFactor:0.4]]
[2022.07.15-05.56.57:176][  0]LogConfig: Setting CVar [[r.AmbientOcclusionMaxQuality:100]]
[2022.07.15-05.56.57:176][  0]LogConfig: Setting CVar [[r.AmbientOcclusionLevels:-1]]
[2022.07.15-05.56.57:176][  0]LogConfig: Setting CVar [[r.AmbientOcclusionRadiusScale:1.0]]
[2022.07.15-05.56.57:176][  0]LogConfig: Setting CVar [[r.DepthOfFieldQuality:2]]
[2022.07.15-05.56.57:176][  0]LogConfig: Setting CVar [[r.RenderTargetPoolMin:400]]
[2022.07.15-05.56.57:176][  0]LogConfig: Setting CVar [[r.LensFlareQuality:2]]
[2022.07.15-05.56.57:176][  0]LogConfig: Setting CVar [[r.SceneColorFringeQuality:1]]
[2022.07.15-05.56.57:176][  0]LogConfig: Setting CVar [[r.EyeAdaptationQuality:2]]
[2022.07.15-05.56.57:176][  0]LogConfig: Setting CVar [[r.BloomQuality:5]]
[2022.07.15-05.56.57:176][  0]LogConfig: Setting CVar [[r.FastBlurThreshold:100]]
[2022.07.15-05.56.57:176][  0]LogConfig: Setting CVar [[r.Upscale.Quality:3]]
[2022.07.15-05.56.57:176][  0]LogConfig: Setting CVar [[r.Tonemapper.GrainQuantization:1]]
[2022.07.15-05.56.57:176][  0]LogConfig: Setting CVar [[r.LightShaftQuality:1]]
[2022.07.15-05.56.57:176][  0]LogConfig: Setting CVar [[r.Filter.SizeScale:1]]
[2022.07.15-05.56.57:176][  0]LogConfig: Setting CVar [[r.Tonemapper.Quality:5]]
[2022.07.15-05.56.57:176][  0]LogConfig: Setting CVar [[r.DOF.Gather.AccumulatorQuality:1        ; higher gathering accumulator quality]]
[2022.07.15-05.56.57:176][  0]LogConfig: Setting CVar [[r.DOF.Gather.PostfilterMethod:1          ; Median3x3 postfilering method]]
[2022.07.15-05.56.57:176][  0]LogConfig: Setting CVar [[r.DOF.Gather.EnableBokehSettings:0       ; no bokeh simulation when gathering]]
[2022.07.15-05.56.57:176][  0]LogConfig: Setting CVar [[r.DOF.Gather.RingCount:4                 ; medium number of samples when gathering]]
[2022.07.15-05.56.57:176][  0]LogConfig: Setting CVar [[r.DOF.Scatter.ForegroundCompositing:1    ; additive foreground scattering]]
[2022.07.15-05.56.57:176][  0]LogConfig: Setting CVar [[r.DOF.Scatter.BackgroundCompositing:2    ; additive background scattering]]
[2022.07.15-05.56.57:176][  0]LogConfig: Setting CVar [[r.DOF.Scatter.EnableBokehSettings:1      ; bokeh simulation when scattering]]
[2022.07.15-05.56.57:176][  0]LogConfig: Setting CVar [[r.DOF.Scatter.MaxSpriteRatio:0.1         ; only a maximum of 10% of scattered bokeh]]
[2022.07.15-05.56.57:176][  0]LogConfig: Setting CVar [[r.DOF.Recombine.Quality:1                ; cheap slight out of focus]]
[2022.07.15-05.56.57:176][  0]LogConfig: Setting CVar [[r.DOF.Recombine.EnableBokehSettings:0    ; no bokeh simulation on slight out of focus]]
[2022.07.15-05.56.57:176][  0]LogConfig: Setting CVar [[r.DOF.TemporalAAQuality:1                ; more stable temporal accumulation]]
[2022.07.15-05.56.57:176][  0]LogConfig: Setting CVar [[r.DOF.Kernel.MaxForegroundRadius:0.025]]
[2022.07.15-05.56.57:176][  0]LogConfig: Setting CVar [[r.DOF.Kernel.MaxBackgroundRadius:0.025]]
[2022.07.15-05.56.57:176][  0]LogConfig: Applying CVar settings from Section [TextureQuality@3] File [C:/study/ProjectRun/Saved/Config/Windows/Scalability.ini]
[2022.07.15-05.56.57:176][  0]LogConfig: Setting CVar [[r.Streaming.MipBias:0]]
[2022.07.15-05.56.57:176][  0]LogConfig: Setting CVar [[r.Streaming.AmortizeCPUToGPUCopy:0]]
[2022.07.15-05.56.57:176][  0]LogConfig: Setting CVar [[r.Streaming.MaxNumTexturesToStreamPerFrame:0]]
[2022.07.15-05.56.57:176][  0]LogConfig: Setting CVar [[r.Streaming.Boost:1]]
[2022.07.15-05.56.57:176][  0]LogConfig: Setting CVar [[r.MaxAnisotropy:8]]
[2022.07.15-05.56.57:176][  0]LogConfig: Setting CVar [[r.VT.MaxAnisotropy:8]]
[2022.07.15-05.56.57:176][  0]LogConfig: Setting CVar [[r.Streaming.LimitPoolSizeToVRAM:0]]
[2022.07.15-05.56.57:176][  0]LogConfig: Setting CVar [[r.Streaming.PoolSize:1000]]
[2022.07.15-05.56.57:176][  0]LogConfig: Setting CVar [[r.Streaming.MaxEffectiveScreenSize:0]]
[2022.07.15-05.56.57:176][  0]LogConfig: Applying CVar settings from Section [EffectsQuality@3] File [C:/study/ProjectRun/Saved/Config/Windows/Scalability.ini]
[2022.07.15-05.56.57:176][  0]LogConfig: Setting CVar [[r.TranslucencyLightingVolumeDim:64]]
[2022.07.15-05.56.57:176][  0]LogConfig: Setting CVar [[r.RefractionQuality:2]]
[2022.07.15-05.56.57:176][  0]LogConfig: Setting CVar [[r.SSR.Quality:3]]
[2022.07.15-05.56.57:176][  0]LogConfig: Setting CVar [[r.SSR.HalfResSceneColor:0]]
[2022.07.15-05.56.57:176][  0]LogConfig: Setting CVar [[r.SceneColorFormat:4]]
[2022.07.15-05.56.57:176][  0]LogConfig: Setting CVar [[r.DetailMode:2]]
[2022.07.15-05.56.57:176][  0]LogConfig: Setting CVar [[r.TranslucencyVolumeBlur:1]]
[2022.07.15-05.56.57:176][  0]LogConfig: Setting CVar [[r.MaterialQualityLevel:1 ; High quality]]
[2022.07.15-05.56.57:176][  0]LogConfig: Setting CVar [[r.AnisotropicMaterials:1]]
[2022.07.15-05.56.57:176][  0]LogConfig: Setting CVar [[r.SSS.Scale:1]]
[2022.07.15-05.56.57:176][  0]LogConfig: Setting CVar [[r.SSS.SampleSet:2]]
[2022.07.15-05.56.57:176][  0]LogConfig: Setting CVar [[r.SSS.Quality:1]]
[2022.07.15-05.56.57:176][  0]LogConfig: Setting CVar [[r.SSS.HalfRes:0]]
[2022.07.15-05.56.57:176][  0]LogConfig: Setting CVar [[r.SSGI.Quality:3]]
[2022.07.15-05.56.57:176][  0]LogConfig: Setting CVar [[r.EmitterSpawnRateScale:1.0]]
[2022.07.15-05.56.57:176][  0]LogConfig: Setting CVar [[r.ParticleLightQuality:2]]
[2022.07.15-05.56.57:176][  0]LogConfig: Setting CVar [[r.SkyAtmosphere.AerialPerspectiveLUT.FastApplyOnOpaque:1 ; Always have FastSkyLUT 1 in this case to avoid wrong sky]]
[2022.07.15-05.56.57:176][  0]LogConfig: Setting CVar [[r.SkyAtmosphere.AerialPerspectiveLUT.SampleCountMaxPerSlice:4]]
[2022.07.15-05.56.57:176][  0]LogConfig: Setting CVar [[r.SkyAtmosphere.AerialPerspectiveLUT.DepthResolution:16.0]]
[2022.07.15-05.56.57:176][  0]LogConfig: Setting CVar [[r.SkyAtmosphere.FastSkyLUT:1]]
[2022.07.15-05.56.57:176][  0]LogConfig: Setting CVar [[r.SkyAtmosphere.FastSkyLUT.SampleCountMin:4.0]]
[2022.07.15-05.56.57:176][  0]LogConfig: Setting CVar [[r.SkyAtmosphere.FastSkyLUT.SampleCountMax:128.0]]
[2022.07.15-05.56.57:176][  0]LogConfig: Setting CVar [[r.SkyAtmosphere.SampleCountMin:4.0]]
[2022.07.15-05.56.57:176][  0]LogConfig: Setting CVar [[r.SkyAtmosphere.SampleCountMax:128.0]]
[2022.07.15-05.56.57:176][  0]LogConfig: Setting CVar [[r.SkyAtmosphere.TransmittanceLUT.UseSmallFormat:0]]
[2022.07.15-05.56.57:176][  0]LogConfig: Setting CVar [[r.SkyAtmosphere.TransmittanceLUT.SampleCount:10.0]]
[2022.07.15-05.56.57:176][  0]LogConfig: Setting CVar [[r.SkyAtmosphere.MultiScatteringLUT.SampleCount:15.0]]
[2022.07.15-05.56.57:176][  0]LogConfig: Setting CVar [[r.SkyLight.RealTimeReflectionCapture:1]]
[2022.07.15-05.56.57:176][  0]LogConfig: Applying CVar settings from Section [FoliageQuality@3] File [C:/study/ProjectRun/Saved/Config/Windows/Scalability.ini]
[2022.07.15-05.56.57:176][  0]LogConfig: Setting CVar [[foliage.DensityScale:1.0]]
[2022.07.15-05.56.57:177][  0]LogConfig: Setting CVar [[grass.DensityScale:1.0]]
[2022.07.15-05.56.57:177][  0]LogConfig: Applying CVar settings from Section [ShadingQuality@3] File [C:/study/ProjectRun/Saved/Config/Windows/Scalability.ini]
[2022.07.15-05.56.57:177][  0]LogConfig: Setting CVar [[r.HairStrands.SkyLighting.IntegrationType:2]]
[2022.07.15-05.56.57:177][  0]LogConfig: Setting CVar [[r.HairStrands.SkyAO.SampleCount:4]]
[2022.07.15-05.56.57:177][  0]LogConfig: Setting CVar [[r.HairStrands.Visibility.MSAA.SamplePerPixel:4]]
[2022.07.15-05.56.57:177][  0]LogInit: Selected Device Profile: [Windows]
[2022.07.15-05.56.57:177][  0]LogInit: Applying CVar settings loaded from the selected device profile: [Windows]
[2022.07.15-05.56.57:177][  0]LogHAL: Display: Platform has ~ 16 GB [16831680512 / 17179869184 / 16], which maps to Larger [LargestMinGB=32, LargerMinGB=12, DefaultMinGB=8, SmallerMinGB=6, SmallestMinGB=0)
[2022.07.15-05.56.57:177][  0]LogInit: Going up to parent DeviceProfile []
[2022.07.15-05.56.57:177][  0]LogConfig: Applying CVar settings from Section [ViewDistanceQuality@3] File [C:/study/ProjectRun/Saved/Config/Windows/Scalability.ini]
[2022.07.15-05.56.57:177][  0]LogConfig: Setting CVar [[r.SkeletalMeshLODBias:0]]
[2022.07.15-05.56.57:177][  0]LogConfig: Setting CVar [[r.ViewDistanceScale:1.0]]
[2022.07.15-05.56.57:177][  0]LogConfig: Applying CVar settings from Section [AntiAliasingQuality@3] File [C:/study/ProjectRun/Saved/Config/Windows/Scalability.ini]
[2022.07.15-05.56.57:177][  0]LogConfig: Setting CVar [[r.PostProcessAAQuality:4]]
[2022.07.15-05.56.57:177][  0]LogConfig: Applying CVar settings from Section [ShadowQuality@3] File [C:/study/ProjectRun/Saved/Config/Windows/Scalability.ini]
[2022.07.15-05.56.57:177][  0]LogConfig: Setting CVar [[r.LightFunctionQuality:1]]
[2022.07.15-05.56.57:177][  0]LogConfig: Setting CVar [[r.ShadowQuality:5]]
[2022.07.15-05.56.57:177][  0]LogConfig: Setting CVar [[r.Shadow.CSM.MaxCascades:10]]
[2022.07.15-05.56.57:177][  0]LogConfig: Setting CVar [[r.Shadow.MaxResolution:2048]]
[2022.07.15-05.56.57:177][  0]LogConfig: Setting CVar [[r.Shadow.MaxCSMResolution:2048]]
[2022.07.15-05.56.57:177][  0]LogConfig: Setting CVar [[r.Shadow.RadiusThreshold:0.01]]
[2022.07.15-05.56.57:177][  0]LogConfig: Setting CVar [[r.Shadow.DistanceScale:1.0]]
[2022.07.15-05.56.57:177][  0]LogConfig: Setting CVar [[r.Shadow.CSM.TransitionScale:1.0]]
[2022.07.15-05.56.57:177][  0]LogConfig: Setting CVar [[r.Shadow.PreShadowResolutionFactor:1.0]]
[2022.07.15-05.56.57:177][  0]LogConfig: Setting CVar [[r.DistanceFieldShadowing:1]]
[2022.07.15-05.56.57:177][  0]LogConfig: Setting CVar [[r.DistanceFieldAO:1]]
[2022.07.15-05.56.57:177][  0]LogConfig: Setting CVar [[r.AOQuality:2]]
[2022.07.15-05.56.57:177][  0]LogConfig: Setting CVar [[r.VolumetricFog:1]]
[2022.07.15-05.56.57:177][  0]LogConfig: Setting CVar [[r.VolumetricFog.GridPixelSize:8]]
[2022.07.15-05.56.57:177][  0]LogConfig: Setting CVar [[r.VolumetricFog.GridSizeZ:128]]
[2022.07.15-05.56.57:177][  0]LogConfig: Setting CVar [[r.VolumetricFog.HistoryMissSupersampleCount:4]]
[2022.07.15-05.56.57:177][  0]LogConfig: Setting CVar [[r.LightMaxDrawDistanceScale:1]]
[2022.07.15-05.56.57:177][  0]LogConfig: Setting CVar [[r.CapsuleShadows:1]]
[2022.07.15-05.56.57:177][  0]LogConfig: Applying CVar settings from Section [PostProcessQuality@3] File [C:/study/ProjectRun/Saved/Config/Windows/Scalability.ini]
[2022.07.15-05.56.57:177][  0]LogConfig: Setting CVar [[r.MotionBlurQuality:4]]
[2022.07.15-05.56.57:177][  0]LogConfig: Setting CVar [[r.AmbientOcclusionMipLevelFactor:0.4]]
[2022.07.15-05.56.57:177][  0]LogConfig: Setting CVar [[r.AmbientOcclusionMaxQuality:100]]
[2022.07.15-05.56.57:177][  0]LogConfig: Setting CVar [[r.AmbientOcclusionLevels:-1]]
[2022.07.15-05.56.57:177][  0]LogConfig: Setting CVar [[r.AmbientOcclusionRadiusScale:1.0]]
[2022.07.15-05.56.57:177][  0]LogConfig: Setting CVar [[r.DepthOfFieldQuality:2]]
[2022.07.15-05.56.57:177][  0]LogConfig: Setting CVar [[r.RenderTargetPoolMin:400]]
[2022.07.15-05.56.57:177][  0]LogConfig: Setting CVar [[r.LensFlareQuality:2]]
[2022.07.15-05.56.57:177][  0]LogConfig: Setting CVar [[r.SceneColorFringeQuality:1]]
[2022.07.15-05.56.57:177][  0]LogConfig: Setting CVar [[r.EyeAdaptationQuality:2]]
[2022.07.15-05.56.57:177][  0]LogConfig: Setting CVar [[r.BloomQuality:5]]
[2022.07.15-05.56.57:177][  0]LogConfig: Setting CVar [[r.FastBlurThreshold:100]]
[2022.07.15-05.56.57:177][  0]LogConfig: Setting CVar [[r.Upscale.Quality:3]]
[2022.07.15-05.56.57:177][  0]LogConfig: Setting CVar [[r.Tonemapper.GrainQuantization:1]]
[2022.07.15-05.56.57:177][  0]LogConfig: Setting CVar [[r.LightShaftQuality:1]]
[2022.07.15-05.56.57:177][  0]LogConfig: Setting CVar [[r.Filter.SizeScale:1]]
[2022.07.15-05.56.57:177][  0]LogConfig: Setting CVar [[r.Tonemapper.Quality:5]]
[2022.07.15-05.56.57:177][  0]LogConfig: Setting CVar [[r.DOF.Gather.AccumulatorQuality:1        ; higher gathering accumulator quality]]
[2022.07.15-05.56.57:177][  0]LogConfig: Setting CVar [[r.DOF.Gather.PostfilterMethod:1          ; Median3x3 postfilering method]]
[2022.07.15-05.56.57:177][  0]LogConfig: Setting CVar [[r.DOF.Gather.EnableBokehSettings:0       ; no bokeh simulation when gathering]]
[2022.07.15-05.56.57:177][  0]LogConfig: Setting CVar [[r.DOF.Gather.RingCount:4                 ; medium number of samples when gathering]]
[2022.07.15-05.56.57:177][  0]LogConfig: Setting CVar [[r.DOF.Scatter.ForegroundCompositing:1    ; additive foreground scattering]]
[2022.07.15-05.56.57:177][  0]LogConfig: Setting CVar [[r.DOF.Scatter.BackgroundCompositing:2    ; additive background scattering]]
[2022.07.15-05.56.57:177][  0]LogConfig: Setting CVar [[r.DOF.Scatter.EnableBokehSettings:1      ; bokeh simulation when scattering]]
[2022.07.15-05.56.57:177][  0]LogConfig: Setting CVar [[r.DOF.Scatter.MaxSpriteRatio:0.1         ; only a maximum of 10% of scattered bokeh]]
[2022.07.15-05.56.57:177][  0]LogConfig: Setting CVar [[r.DOF.Recombine.Quality:1                ; cheap slight out of focus]]
[2022.07.15-05.56.57:177][  0]LogConfig: Setting CVar [[r.DOF.Recombine.EnableBokehSettings:0    ; no bokeh simulation on slight out of focus]]
[2022.07.15-05.56.57:177][  0]LogConfig: Setting CVar [[r.DOF.TemporalAAQuality:1                ; more stable temporal accumulation]]
[2022.07.15-05.56.57:177][  0]LogConfig: Setting CVar [[r.DOF.Kernel.MaxForegroundRadius:0.025]]
[2022.07.15-05.56.57:177][  0]LogConfig: Setting CVar [[r.DOF.Kernel.MaxBackgroundRadius:0.025]]
[2022.07.15-05.56.57:177][  0]LogConfig: Applying CVar settings from Section [TextureQuality@3] File [C:/study/ProjectRun/Saved/Config/Windows/Scalability.ini]
[2022.07.15-05.56.57:177][  0]LogConfig: Setting CVar [[r.Streaming.MipBias:0]]
[2022.07.15-05.56.57:177][  0]LogConfig: Setting CVar [[r.Streaming.AmortizeCPUToGPUCopy:0]]
[2022.07.15-05.56.57:177][  0]LogConfig: Setting CVar [[r.Streaming.MaxNumTexturesToStreamPerFrame:0]]
[2022.07.15-05.56.57:177][  0]LogConfig: Setting CVar [[r.Streaming.Boost:1]]
[2022.07.15-05.56.57:177][  0]LogConfig: Setting CVar [[r.MaxAnisotropy:8]]
[2022.07.15-05.56.57:177][  0]LogConfig: Setting CVar [[r.VT.MaxAnisotropy:8]]
[2022.07.15-05.56.57:177][  0]LogConfig: Setting CVar [[r.Streaming.LimitPoolSizeToVRAM:0]]
[2022.07.15-05.56.57:177][  0]LogConfig: Setting CVar [[r.Streaming.PoolSize:1000]]
[2022.07.15-05.56.57:177][  0]LogConfig: Setting CVar [[r.Streaming.MaxEffectiveScreenSize:0]]
[2022.07.15-05.56.57:177][  0]LogConfig: Applying CVar settings from Section [EffectsQuality@3] File [C:/study/ProjectRun/Saved/Config/Windows/Scalability.ini]
[2022.07.15-05.56.57:177][  0]LogConfig: Setting CVar [[r.TranslucencyLightingVolumeDim:64]]
[2022.07.15-05.56.57:177][  0]LogConfig: Setting CVar [[r.RefractionQuality:2]]
[2022.07.15-05.56.57:177][  0]LogConfig: Setting CVar [[r.SSR.Quality:3]]
[2022.07.15-05.56.57:177][  0]LogConfig: Setting CVar [[r.SSR.HalfResSceneColor:0]]
[2022.07.15-05.56.57:177][  0]LogConfig: Setting CVar [[r.SceneColorFormat:4]]
[2022.07.15-05.56.57:177][  0]LogConfig: Setting CVar [[r.DetailMode:2]]
[2022.07.15-05.56.57:177][  0]LogConfig: Setting CVar [[r.TranslucencyVolumeBlur:1]]
[2022.07.15-05.56.57:177][  0]LogConfig: Setting CVar [[r.MaterialQualityLevel:1 ; High quality]]
[2022.07.15-05.56.57:177][  0]LogConfig: Setting CVar [[r.AnisotropicMaterials:1]]
[2022.07.15-05.56.57:177][  0]LogConfig: Setting CVar [[r.SSS.Scale:1]]
[2022.07.15-05.56.57:177][  0]LogConfig: Setting CVar [[r.SSS.SampleSet:2]]
[2022.07.15-05.56.57:177][  0]LogConfig: Setting CVar [[r.SSS.Quality:1]]
[2022.07.15-05.56.57:177][  0]LogConfig: Setting CVar [[r.SSS.HalfRes:0]]
[2022.07.15-05.56.57:177][  0]LogConfig: Setting CVar [[r.SSGI.Quality:3]]
[2022.07.15-05.56.57:177][  0]LogConfig: Setting CVar [[r.EmitterSpawnRateScale:1.0]]
[2022.07.15-05.56.57:177][  0]LogConfig: Setting CVar [[r.ParticleLightQuality:2]]
[2022.07.15-05.56.57:177][  0]LogConfig: Setting CVar [[r.SkyAtmosphere.AerialPerspectiveLUT.FastApplyOnOpaque:1 ; Always have FastSkyLUT 1 in this case to avoid wrong sky]]
[2022.07.15-05.56.57:177][  0]LogConfig: Setting CVar [[r.SkyAtmosphere.AerialPerspectiveLUT.SampleCountMaxPerSlice:4]]
[2022.07.15-05.56.57:177][  0]LogConfig: Setting CVar [[r.SkyAtmosphere.AerialPerspectiveLUT.DepthResolution:16.0]]
[2022.07.15-05.56.57:177][  0]LogConfig: Setting CVar [[r.SkyAtmosphere.FastSkyLUT:1]]
[2022.07.15-05.56.57:177][  0]LogConfig: Setting CVar [[r.SkyAtmosphere.FastSkyLUT.SampleCountMin:4.0]]
[2022.07.15-05.56.57:177][  0]LogConfig: Setting CVar [[r.SkyAtmosphere.FastSkyLUT.SampleCountMax:128.0]]
[2022.07.15-05.56.57:177][  0]LogConfig: Setting CVar [[r.SkyAtmosphere.SampleCountMin:4.0]]
[2022.07.15-05.56.57:177][  0]LogConfig: Setting CVar [[r.SkyAtmosphere.SampleCountMax:128.0]]
[2022.07.15-05.56.57:177][  0]LogConfig: Setting CVar [[r.SkyAtmosphere.TransmittanceLUT.UseSmallFormat:0]]
[2022.07.15-05.56.57:177][  0]LogConfig: Setting CVar [[r.SkyAtmosphere.TransmittanceLUT.SampleCount:10.0]]
[2022.07.15-05.56.57:177][  0]LogConfig: Setting CVar [[r.SkyAtmosphere.MultiScatteringLUT.SampleCount:15.0]]
[2022.07.15-05.56.57:177][  0]LogConfig: Setting CVar [[r.SkyLight.RealTimeReflectionCapture:1]]
[2022.07.15-05.56.57:177][  0]LogConfig: Applying CVar settings from Section [FoliageQuality@3] File [C:/study/ProjectRun/Saved/Config/Windows/Scalability.ini]
[2022.07.15-05.56.57:177][  0]LogConfig: Setting CVar [[foliage.DensityScale:1.0]]
[2022.07.15-05.56.57:177][  0]LogConfig: Setting CVar [[grass.DensityScale:1.0]]
[2022.07.15-05.56.57:177][  0]LogConfig: Applying CVar settings from Section [ShadingQuality@3] File [C:/study/ProjectRun/Saved/Config/Windows/Scalability.ini]
[2022.07.15-05.56.57:177][  0]LogConfig: Setting CVar [[r.HairStrands.SkyLighting.IntegrationType:2]]
[2022.07.15-05.56.57:177][  0]LogConfig: Setting CVar [[r.HairStrands.SkyAO.SampleCount:4]]
[2022.07.15-05.56.57:177][  0]LogConfig: Setting CVar [[r.HairStrands.Visibility.MSAA.SamplePerPixel:4]]
[2022.07.15-05.56.57:177][  0]LogConfig: Applying CVar settings from Section [Startup] File [../../../Engine/Config/ConsoleVariables.ini]
[2022.07.15-05.56.57:178][  0]LogConfig: Setting CVar [[net.UseAdaptiveNetUpdateFrequency:0]]
[2022.07.15-05.56.57:178][  0]LogConfig: Setting CVar [[p.chaos.AllowCreatePhysxBodies:1]]
[2022.07.15-05.56.57:178][  0]LogConfig: Setting CVar [[fx.SkipVectorVMBackendOptimizations:1]]
[2022.07.15-05.56.57:178][  0]LogConfig: Applying CVar settings from Section [ConsoleVariables] File [C:/study/ProjectRun/Saved/Config/Windows/Engine.ini]
[2022.07.15-05.56.57:178][  0]LogConfig: Applying CVar settings from Section [ConsoleVariables] File [C:/study/ProjectRun/Saved/Config/Windows/Editor.ini]
[2022.07.15-05.56.57:178][  0]LogInit: Computer: LEEMINSEOK
[2022.07.15-05.56.57:178][  0]LogInit: User: sycym
[2022.07.15-05.56.57:178][  0]LogInit: CPU Page size=4096, Cores=14
[2022.07.15-05.56.57:178][  0]LogInit: High frequency timer resolution =10.000000 MHz
[2022.07.15-05.56.57:178][  0]LogMemory: Memory total: Physical=15.7GB (16GB approx)
[2022.07.15-05.56.57:178][  0]LogMemory: Platform Memory Stats for Windows
[2022.07.15-05.56.57:178][  0]LogMemory: Process Physical Memory: 147.26 MB used, 147.26 MB peak
[2022.07.15-05.56.57:178][  0]LogMemory: Process Virtual Memory: 132.84 MB used, 132.84 MB peak
[2022.07.15-05.56.57:178][  0]LogMemory: Physical Memory: 9870.03 MB used,  6181.91 MB free, 16051.94 MB total
[2022.07.15-05.56.57:178][  0]LogMemory: Virtual Memory: 134211144.00 MB used,  6587.59 MB free, 134217728.00 MB total
[2022.07.15-05.56.57:182][  0]LogWindows: WindowsPlatformFeatures enabled
[2022.07.15-05.56.57:223][  0]LogInit: Physics initialised using underlying interface: PhysX
[2022.07.15-05.56.57:223][  0]LogInit: Using OS detected language (ko-KR).
[2022.07.15-05.56.57:223][  0]LogInit: Using OS detected locale (ko-KR).
[2022.07.15-05.56.57:226][  0]LogTextLocalizationManager: No specific localization for 'ko-KR' exists, so the 'ko' localization will be used.
[2022.07.15-05.56.57:340][  0]LogWindowsTextInputMethodSystem: Display: IME system deactivated.
[2022.07.15-05.56.57:362][  0]LogSlate: New Slate User Created.  User Index 0, Is Virtual User: 0
[2022.07.15-05.56.57:362][  0]LogSlate: Slate User Registered.  User Index 0, Is Virtual User: 0
[2022.07.15-05.56.57:381][  0]LogD3D11RHI: Loaded GFSDK_Aftermath_Lib.x64.dll
[2022.07.15-05.56.57:386][  0]LogHMD: Failed to initialize OpenVR with code 110
[2022.07.15-05.56.57:386][  0]LogD3D11RHI: D3D11 min allowed feature level: 11_0
[2022.07.15-05.56.57:386][  0]LogD3D11RHI: D3D11 max allowed feature level: 11_0
[2022.07.15-05.56.57:386][  0]LogD3D11RHI: D3D11 adapters:
[2022.07.15-05.56.57:473][  0]LogD3D11RHI:    0. 'NVIDIA GeForce RTX 3070 Ti Laptop GPU' (Feature Level 11_0)
[2022.07.15-05.56.57:473][  0]LogD3D11RHI:       8043/0/8025 MB DedicatedVideo/DedicatedSystem/SharedSystem, Outputs:1, VendorId:0x10de
[2022.07.15-05.56.57:500][  0]LogD3D11RHI:    1. 'Intel(R) Iris(R) Xe Graphics' (Feature Level 11_0)
[2022.07.15-05.56.57:500][  0]LogD3D11RHI:       128/0/8025 MB DedicatedVideo/DedicatedSystem/SharedSystem, Outputs:0, VendorId:0x8086
[2022.07.15-05.56.57:503][  0]LogD3D11RHI:    2. 'Microsoft Basic Render Driver' (Feature Level 11_0)
[2022.07.15-05.56.57:503][  0]LogD3D11RHI:       0/0/8025 MB DedicatedVideo/DedicatedSystem/SharedSystem, Outputs:0, VendorId:0x1414
[2022.07.15-05.56.57:503][  0]LogD3D11RHI: Chosen D3D11 Adapter:
[2022.07.15-05.56.57:503][  0]LogD3D11RHI:     Description : NVIDIA GeForce RTX 3070 Ti Laptop GPU
[2022.07.15-05.56.57:503][  0]LogD3D11RHI:     VendorId    : 10de
[2022.07.15-05.56.57:503][  0]LogD3D11RHI:     DeviceId    : 24e0
[2022.07.15-05.56.57:503][  0]LogD3D11RHI:     SubSysId    : 8a14103c
[2022.07.15-05.56.57:503][  0]LogD3D11RHI:     Revision    : 00a1
[2022.07.15-05.56.57:503][  0]LogD3D11RHI:     DedicatedVideoMemory : 8433696768 bytes
[2022.07.15-05.56.57:503][  0]LogD3D11RHI:     DedicatedSystemMemory : 0 bytes
[2022.07.15-05.56.57:503][  0]LogD3D11RHI:     SharedSystemMemory : 8415840256 bytes
[2022.07.15-05.56.57:503][  0]LogD3D11RHI:     AdapterLuid : 0 69016
[2022.07.15-05.56.57:509][  0]LogD3D11RHI: Creating new Direct3DDevice
[2022.07.15-05.56.57:509][  0]LogD3D11RHI:     GPU DeviceId: 0x24e0 (for the marketing name, search the web for "GPU Device Id")
[2022.07.15-05.56.57:509][  0]LogWindows: EnumDisplayDevices:
[2022.07.15-05.56.57:509][  0]LogWindows:    0. 'Intel(R) Iris(R) Xe Graphics' (P:0 D:0)
[2022.07.15-05.56.57:509][  0]LogWindows:    1. 'Intel(R) Iris(R) Xe Graphics' (P:0 D:0)
[2022.07.15-05.56.57:509][  0]LogWindows:    2. 'Intel(R) Iris(R) Xe Graphics' (P:0 D:0)
[2022.07.15-05.56.57:510][  0]LogWindows:    3. 'Intel(R) Iris(R) Xe Graphics' (P:0 D:0)
[2022.07.15-05.56.57:510][  0]LogWindows:    4. 'NVIDIA GeForce RTX 3070 Ti Laptop GPU' (P:1 D:1)
[2022.07.15-05.56.57:510][  0]LogWindows:    5. 'NVIDIA GeForce RTX 3070 Ti Laptop GPU' (P:0 D:0)
[2022.07.15-05.56.57:510][  0]LogWindows:    6. 'NVIDIA GeForce RTX 3070 Ti Laptop GPU' (P:0 D:0)
[2022.07.15-05.56.57:510][  0]LogWindows:    7. 'NVIDIA GeForce RTX 3070 Ti Laptop GPU' (P:0 D:0)
[2022.07.15-05.56.57:510][  0]LogWindows: DebugString: PrimaryIsNotTheChoosenAdapter PrimaryIsNotTheChoosenAdapter PrimaryIsNotTheChoosenAdapter PrimaryIsNotTheChoosenAdapter FoundDriverCount:4 
[2022.07.15-05.56.57:510][  0]LogD3D11RHI:     Adapter Name: NVIDIA GeForce RTX 3070 Ti Laptop GPU
[2022.07.15-05.56.57:510][  0]LogD3D11RHI:   Driver Version: 512.78 (internal:30.0.15.1278, unified:512.78)
[2022.07.15-05.56.57:510][  0]LogD3D11RHI:      Driver Date: 5-5-2022
[2022.07.15-05.56.57:510][  0]LogRHI: Texture pool is 5630 MB (70% of 8043 MB)
[2022.07.15-05.56.57:510][  0]LogD3D11RHI: Creating D3DDevice using adapter:
[2022.07.15-05.56.57:510][  0]LogD3D11RHI:     Description : NVIDIA GeForce RTX 3070 Ti Laptop GPU
[2022.07.15-05.56.57:510][  0]LogD3D11RHI:     VendorId    : 10de
[2022.07.15-05.56.57:510][  0]LogD3D11RHI:     DeviceId    : 24e0
[2022.07.15-05.56.57:510][  0]LogD3D11RHI:     SubSysId    : 8a14103c
[2022.07.15-05.56.57:510][  0]LogD3D11RHI:     Revision    : 00a1
[2022.07.15-05.56.57:510][  0]LogD3D11RHI:     DedicatedVideoMemory : 8433696768 bytes
[2022.07.15-05.56.57:510][  0]LogD3D11RHI:     DedicatedSystemMemory : 0 bytes
[2022.07.15-05.56.57:510][  0]LogD3D11RHI:     SharedSystemMemory : 8415840256 bytes
[2022.07.15-05.56.57:510][  0]LogD3D11RHI:     AdapterLuid : 0 69016
[2022.07.15-05.56.57:559][  0]LogD3D11RHI: RHI has support for 64 bit atomics
[2022.07.15-05.56.57:559][  0]LogD3D11RHI: Async texture creation enabled
[2022.07.15-05.56.57:559][  0]LogD3D11RHI: Array index from any shader is supported
[2022.07.15-05.56.57:578][  0]LogD3D11RHI: GPU Timing Frequency: 1000.000000 (Debug: 2 2)
[2022.07.15-05.56.57:599][  0]LogRHI: GeForceNow SDK initialized: 1
[2022.07.15-05.56.57:833][  0]LogTargetPlatformManager: Display: Loaded TargetPlatform 'WindowsNoEditor'
[2022.07.15-05.56.57:837][  0]LogTargetPlatformManager: Display: Loaded TargetPlatform 'Windows'
[2022.07.15-05.56.57:841][  0]LogTargetPlatformManager: Display: Loaded TargetPlatform 'WindowsClient'
[2022.07.15-05.56.57:845][  0]LogTargetPlatformManager: Display: Loaded TargetPlatform 'WindowsServer'
[2022.07.15-05.56.57:845][  0]LogTargetPlatformManager: Display: Building Assets For Windows
[2022.07.15-05.56.57:852][  0]LogAudioDebug: Display: Lib vorbis DLL was dynamically loaded.
[2022.07.15-05.56.57:879][  0]LogTextureFormatOodle: Display: Oodle Texture 2.9.0 init RDO Off
[2022.07.15-05.56.57:910][  0]LogRendererCore: Ray tracing is disabled. Reason: r.RayTracing=0.
[2022.07.15-05.56.57:910][  0]LogShaderCompilers: Guid format shader working directory is 12 characters bigger than the processId version (../../../../../../study/ProjectRun/Intermediate/Shaders/WorkingDirectory/1636/).
[2022.07.15-05.56.57:911][  0]LogShaderCompilers: Cleaned the shader compiler working directory 'C:/Users/sycym/AppData/Local/Temp/UnrealShaderWorkingDir/29C4197545BBFF4427E93B8CF3A0BEFD/'.
[2022.07.15-05.56.57:911][  0]LogShaderCompilers: Display: Using XGE Controller for Shader Compilation.
[2022.07.15-05.56.58:514][  0]LogDerivedDataCache: Display: Max Cache Size: 512 MB
[2022.07.15-05.56.58:565][  0]LogDerivedDataCache: Loaded boot cache 0.05s 94MB C:/Users/sycym/AppData/Local/UnrealEngine/4.27/DerivedDataCache/Boot.ddc.
[2022.07.15-05.56.58:565][  0]LogDerivedDataCache: Display: Loaded Boot cache: C:/Users/sycym/AppData/Local/UnrealEngine/4.27/DerivedDataCache/Boot.ddc
[2022.07.15-05.56.58:565][  0]LogDerivedDataCache: FDerivedDataBackendGraph:  Pak pak cache file ../../../../../../study/ProjectRun/DerivedDataCache/DDC.ddp not found, will not use a pak cache.
[2022.07.15-05.56.58:565][  0]LogDerivedDataCache: Unable to find inner node Pak for hierarchical cache Hierarchy.
[2022.07.15-05.56.58:565][  0]LogDerivedDataCache: FDerivedDataBackendGraph:  CompressedPak pak cache file ../../../../../../study/ProjectRun/DerivedDataCache/Compressed.ddp not found, will not use a pak cache.
[2022.07.15-05.56.58:565][  0]LogDerivedDataCache: Unable to find inner node CompressedPak for hierarchical cache Hierarchy.
[2022.07.15-05.56.58:580][  0]LogDerivedDataCache: Display: Pak cache opened for reading ../../../Engine/DerivedDataCache/Compressed.ddp.
[2022.07.15-05.56.58:580][  0]LogDerivedDataCache: FDerivedDataBackendGraph:  EnterprisePak pak cache file ../../../Enterprise/DerivedDataCache/Compressed.ddp not found, will not use a pak cache.
[2022.07.15-05.56.58:580][  0]LogDerivedDataCache: Unable to find inner node EnterprisePak for hierarchical cache Hierarchy.
[2022.07.15-05.56.58:594][  0]LogDerivedDataCache: Speed tests for C:/Users/sycym/AppData/Local/UnrealEngine/Common/DerivedDataCache took 0.01 seconds
[2022.07.15-05.56.58:595][  0]LogDerivedDataCache: Display: Performance to C:/Users/sycym/AppData/Local/UnrealEngine/Common/DerivedDataCache: Latency=0.02ms. RandomReadSpeed=1452.64MBs, RandomWriteSpeed=68.60MBs. Assigned SpeedClass 'Local'
[2022.07.15-05.56.58:595][  0]LogDerivedDataCache: Using Local data cache path C:/Users/sycym/AppData/Local/UnrealEngine/Common/DerivedDataCache: Writable
[2022.07.15-05.56.58:595][  0]LogDerivedDataCache: Shared data cache path not found in *engine.ini, will not use an Shared cache.
[2022.07.15-05.56.58:595][  0]LogDerivedDataCache: Unable to find inner node Shared for hierarchical cache Hierarchy.
[2022.07.15-05.56.58:621][  0]LogSlate: Using FreeType 2.10.0
[2022.07.15-05.56.58:621][  0]LogSlate: SlateFontServices - WITH_FREETYPE: 1, WITH_HARFBUZZ: 1
[2022.07.15-05.56.58:714][  0]LogInit: Using OS detected language (ko-KR).
[2022.07.15-05.56.58:714][  0]LogInit: Using OS detected locale (ko-KR).
[2022.07.15-05.56.58:715][  0]LogTextLocalizationManager: No localization for 'ko-KR' exists, so 'en' will be used for the language.
[2022.07.15-05.56.58:715][  0]LogTextLocalizationManager: No localization for 'ko-KR' exists, so 'en' will be used for the locale.
[2022.07.15-05.56.58:715][  0]LogSlate: FontCache flush requested. Reason: Culture for localization was changed
[2022.07.15-05.56.58:715][  0]LogSlate: FontCache flush requested. Reason: Culture for localization was changed
[2022.07.15-05.56.58:717][  0]LogAssetRegistry: FAssetRegistry took 0.0016 seconds to start up
[2022.07.15-05.56.58:836][  0]LogTextLocalizationManager: Compacting localization data took   0.00ms
[2022.07.15-05.56.58:836][  0]LogPackageLocalizationCache: Processed 27 localized package path(s) for 1 prioritized culture(s) in 0.000635 seconds
[2022.07.15-05.56.58:882][  0]LogInit: Selected Device Profile: [Windows]
[2022.07.15-05.56.58:882][  0]LogInit: Active device profile: [00000182B6B73C00][00000182AF0651C0 49] Windows
[2022.07.15-05.56.58:882][  0]LogInit: Profiles: [00000182B6B73C00][00000182AF0651C0 49] Windows, [00000182B6B1C500][00000182AF3FB300 49] WindowsNoEditor, [00000182B6B70500][00000182B00D1440 49] WindowsServer, [00000182B6B1F600][00000182B00D5580 49] WindowsClient, [00000182B6B73500][00000182B00D96C0 49] IOS, [00000182B6B1CE00][00000182B00E1840 49] iPadAir, [00000182B6B70D00][00000182B00E59C0 49] iPadAir2, [00000182B6ADC600][00000182B00EC100 49] IPadPro, [00000182B6ADC700][00000182B00E8140 49] iPadAir3, [00000182B6B72F00][00000182B00F02C0 49] iPadAir4, [00000182B6ADFA00][00000182B00F4440 49] iPadMini2, [00000182B6B71100][00000182AF13A5C0 49] iPadMini3, [00000182B6ADD600][00000182AF13E740 49] iPadMini4, [00000182B6B72800][00000182AF1428C0 49] iPadMini5, [00000182B6AC7E00][00000182AF14AB80 49] iPhone6, [00000182B6AC7F00][00000182AF146BC0 49] iPodTouch6, [00000182B6B1F400][00000182AF152E80 49] iPhone7, [00000182B6B1EE00][00000182AF14EEC0 49] iPodTouch7, [00000182B6AC4A00][00000182AF157040 49] iPhone5S, [00000182B6B1E400][00000182AF15B1C0 49] iPhone6Plus, [00000182B6AC7000][00000182AF15F340 49] iPhone6S, [00000182B6B1CF00][00000182AF1634C0 49] iPhone6SPlus, [00000182B6AC5100][00000182B00DD600 49] iPhone7Plus, [00000182B6B1F800][00000182AF167740 49] iPhoneSE, [00000182B6AC6900][00000182AF16B880 49] iPhone8, [00000182B6B1D300][00000182AF473A00 49] iPhone8Plus, [00000182B6AC5800][00000182AF477B80 49] iPhoneX, [00000182B6B1F000][00000182AF47A180 49] iPhoneXS, [00000182B6AC7B00][00000182AF47E300 49] iPhoneXSMax, [00000182B6B1DC00][00000182AF482480 49] iPhoneXR, [00000182B6AC4700][00000182AF486600 49] iPhone11, [00000182B6B1ED00][00000182AF48A780 49] iPhone11Pro, [00000182B6AC7100][00000182AF48E900 49] iPhone11ProMax, [00000182B6B1C700][00000182AF492A80 49] iPhoneSE2, [00000182B6AC6D00][00000182AF496C00 49] iPhone12Mini, [00000182B6B1EA00][00000182AF49AD80 49] iPhone12, [00000182B6AC5300][00000182AF49EF00 49] iPhone12Pro, [00000182B6B1DF00][00000182AF4A3080 49] iPhone12ProMax, [00000182B6AC4900][00000182AF4A7200 49] iPadPro105, [00000182B6B1C200][00000182AF4AB380 49] iPadPro129, [00000182B6AC7300][00000182AF4AF500 49] iPadPro97, [00000182B6B1D100][00000182AF4B3680 49] iPadPro2_129, [00000182B6AC5200][00000182AF16F7C0 49] iPad5, [00000182B6B1DA00][00000182AF4B7900 49] iPad6, [00000182B6AC5B00][00000182AF4BBA40 49] iPad7, [00000182B6B1CB00][00000182B08A9BC0 49] iPad8, [00000182B6AC7C00][00000182B08AC1C0 49] iPadPro11, [00000182B6B1CC00][00000182B08B0340 49] iPadPro2_11, [00000182B6AC4E00][00000182B08B44C0 49] iPadPro3_129, [00000182B6B1C900][00000182B08B8640 49] iPadPro4_129, [00000182B6AC5D00][00000182B08BC7C0 49] AppleTV, [00000182B6B1FB00][00000182B08C0940 49] AppleTV4K, [00000182B6AC6500][00000182B08C4AC0 49] TVOS, [00000182B6B1E900][00000182B08C8C40 49] Mac, [00000182B6AC4B00][00000182B08CCDC0 49] MacClient, [00000182B6B1F200][00000182B08D0F40 49] MacNoEditor, [00000182B6AC5F00][00000182B08D50C0 49] MacServer, [00000182B6B1E800][00000182B08D9240 49] Linux, [00000182B6AC6A00][00000182B08DD3C0 49] LinuxAArch64, [00000182B6B1DD00][00000182B08E1540 49] LinuxNoEditor, [00000182B6AC4200][00000182B08E56C0 49] LinuxAArch64NoEditor, [00000182B6B1E500][00000182B08E9840 49] LinuxClient, [00000182B6AC5000][00000182B08A5980 49] LinuxAArch64Client, [00000182B6B1F300][00000182B08EDAC0 49] LinuxServer, [00000182B6AC5700][00000182B08F1C00 49] LinuxAArch64Server, [00000182B6B1D500][00000182B08F41C0 49] Android, [00000182B6AC7600][00000182B08FC340 49] Android_Low, [00000182B6B1FF00][00000182B09004C0 49] Android_Mid, [00000182B6AC6B00][00000182B0904640 49] Android_High, [00000182B6B71400][00000182B09087C0 49] Android_Default, [00000182B6BAA700][00000182B090C940 49] Android_Adreno4xx, [00000182B6B73A00][00000182B0910AC0 49] Android_Adreno5xx_Low, [00000182B6BA8300][00000182B0914C40 49] Android_Adreno5xx, [00000182B6B73000][00000182B0918DC0 49] Android_Adreno6xx, [00000182B6BA9200][00000182B091CF40 49] Android_Adreno6xx_Vulkan, [00000182B6B71B00][00000182B09210C0 49] Android_Mali_T6xx, [00000182B6BA9700][00000182B0925240 49] Android_Mali_T7xx, [00000182B6B70A00][00000182B09293C0 49] Android_Mali_T8xx, [00000182B6BA8D00][00000182B092D540 49] Android_Mali_G71, [00000182B6B72900][00000182B09316C0 49] Android_Mali_G72, [00000182B6BA9900][00000182B0935840 49] Android_Mali_G72_Vulkan, [00000182B6B73700][00000182B09399C0 49] Android_Mali_G76, [00000182B6BA9400][00000182B08F9B00 49] Android_Mali_G76_Vulkan, [00000182B6B72E00][00000182B093C0C0 49] Android_Mali_G77, [00000182B6BAAA00][00000182B0940200 49] Android_Mali_G77_Vulkan, [00000182B6B73D00][00000182B0944340 49] Android_Mali_G78, [00000182B6BA9C00][00000182B094C4C0 49] Android_Mali_G78_Vulkan, [00000182B6B72600][00000182B0950640 49] Android_Mali_G710, [00000182B6BA8400][00000182B09547C0 49] Android_Mali_G710_Vulkan, [00000182B6AC7200][00000182B0958940 49] Android_Vulkan_SM5, [00000182B6BAA200][00000182B095CAC0 49] Android_PowerVR_G6xxx, [00000182B6AC7A00][00000182B0960C40 49] Android_PowerVR_GT7xxx, [00000182B6BAA300][00000182B0964DC0 49] Android_PowerVR_GE8xxx, [00000182B6AC5E00][00000182B0968F40 49] Android_PowerVR_GM9xxx, [00000182B6BA9F00][00000182B096D0C0 49] Android_PowerVR_GM9xxx_Vulkan, [00000182B6AC4100][00000182B0161240 49] Android_TegraK1, [00000182B6BAAB00][00000182B01653C0 49] Android_Unknown_Vulkan, [00000182B6AC7D00][00000182B0169540 49] Lumin, [00000182B6BA8C00][00000182B016D6C0 49] Lumin_Desktop, [00000182B6AC5400][00000182B0171840 49] HoloLens, 
[2022.07.15-05.56.58:916][  0]LogMeshReduction: Using QuadricMeshReduction for automatic static mesh reduction
[2022.07.15-05.56.58:916][  0]LogMeshReduction: Using SimplygonMeshReduction for automatic skeletal mesh reduction
[2022.07.15-05.56.58:916][  0]LogMeshReduction: Using ProxyLODMeshReduction for automatic mesh merging
[2022.07.15-05.56.58:916][  0]LogMeshReduction: No distributed automatic mesh merging module available
[2022.07.15-05.56.58:916][  0]LogMeshMerging: No distributed automatic mesh merging module available
[2022.07.15-05.56.59:006][  0]LogNetVersion: ProjectRun 1.0.0, NetCL: 17155196, EngineNetVer: 17, GameNetVer: 0 (Checksum: 340476433)
[2022.07.15-05.56.59:203][  0]LogTexture: Default maximum texture size for cubemaps generated from long-lat sources has been changed from 512 to unlimited. In order to preserve old behaiour for '/Engine/MapTemplates/Sky/DaylightAmbientCubemap.DaylightAmbientCubemap', its maximum texture size has been explicitly set to 512.
[2022.07.15-05.56.59:246][  0]LogHMD: PokeAHoleMaterial loaded successfully
[2022.07.15-05.56.59:335][  0]LogMoviePlayer: Initializing movie player
[2022.07.15-05.56.59:427][  0]LogPython: Using Python 3.7.7
[2022.07.15-05.56.59:793][  0]LogNiagaraDebuggerClient: Niagara Debugger Client Initialized | Session: 5D9CFC0641D60C88239D79A4D1985E43 | Instance: 411A7039441D0800A3311CBC815A8C8E (LEEMINSEOK-1636).
[2022.07.15-05.56.59:802][  0]LogCollectionManager: Loaded 0 collections in 0.001292 seconds
[2022.07.15-05.56.59:805][  0]LogFileCache: Scanning file cache for directory 'C:/study/ProjectRun/Saved/Collections/' took 0.00s
[2022.07.15-05.56.59:805][  0]LogFileCache: Scanning file cache for directory 'C:/study/ProjectRun/Content/Developers/sycym/Collections/' took 0.00s
[2022.07.15-05.56.59:806][  0]LogFileCache: Scanning file cache for directory 'C:/study/ProjectRun/Content/Collections/' took 0.00s
[2022.07.15-05.56.59:806][  0]LogCollectionManager: Fixed up redirectors for 0 collections in 0.000001 seconds (updated 0 objects)
[2022.07.15-05.56.59:821][  0]LogTcpMessaging: Initializing TcpMessaging bridge
[2022.07.15-05.56.59:826][  0]LogUdpMessaging: Initializing bridge on interface 0.0.0.0:0 to multicast group 230.0.0.1:6666.
[2022.07.15-05.56.59:893][  0]SourceControl: Source control is disabled
[2022.07.15-05.56.59:893][  0]SourceControl: Source control is disabled
[2022.07.15-05.56.59:896][  0]SourceControl: Source control is disabled
[2022.07.15-05.56.59:897][  0]LogUProjectInfo: Found projects:
[2022.07.15-05.56.59:946][  0]LogOpenImageDenoise: OIDN starting up
[2022.07.15-05.56.59:983][  0]LogAndroidPermission: UAndroidPermissionCallbackProxy::GetInstance
[2022.07.15-05.56.59:988][  0]LogAudioCaptureCore: Display: No Audio Capture implementations found. Audio input will be silent.
[2022.07.15-05.56.59:988][  0]LogAudioCaptureCore: Display: No Audio Capture implementations found. Audio input will be silent.
[2022.07.15-05.57.00:043][  0]LogOcInput: OculusInput pre-init called
[2022.07.15-05.57.00:048][  0]LogUObjectArray: 22121 objects as part of root set at end of initial load.
[2022.07.15-05.57.00:048][  0]LogUObjectAllocator: 5975632 out of 0 bytes used by permanent object pool.
[2022.07.15-05.57.00:048][  0]LogUObjectArray: CloseDisregardForGC: 0/0 objects in disregard for GC pool
[2022.07.15-05.57.00:090][  0]LogEngine: Initializing Engine...
[2022.07.15-05.57.00:093][  0]LogHMD: Failed to enumerate extensions. Please check that you have a valid OpenXR runtime installed.
[2022.07.15-05.57.00:093][  0]LogHMD: Failed to initialize OpenVR with code 110
[2022.07.15-05.57.00:093][  0]LogMagicLeap: Warning: VR disabled because ZI is not enabled.  To enable, in the editor, Edit -> Project Settings -> Plugins -> Magic Leap Plugin -> Enable Zero Iteration
[2022.07.15-05.57.00:094][  0]LogStats: UGameplayTagsManager::InitializeManager -  0.000 s
[2022.07.15-05.57.00:167][  0]LogInit: Initializing FReadOnlyCVARCache
[2022.07.15-05.57.00:167][  0]LogAudio: Display: Initializing Audio Device Manager...
[2022.07.15-05.57.00:170][  0]LogAudio: Display: Loading Default Audio Settings Objects...
[2022.07.15-05.57.00:171][  0]LogAudio: Display: No default SoundConcurrencyObject specified (or failed to load).
[2022.07.15-05.57.00:171][  0]LogAudio: Display: Audio Device Manager Initialized
[2022.07.15-05.57.00:171][  0]LogAudio: Display: Creating Audio Device:                 Id: 1, Scope: Shared, Realtime: True
[2022.07.15-05.57.00:171][  0]LogAudioMixer: Display: Audio Mixer Platform Settings:
[2022.07.15-05.57.00:171][  0]LogAudioMixer: Display: 	Sample Rate:						  48000
[2022.07.15-05.57.00:171][  0]LogAudioMixer: Display: 	Callback Buffer Frame Size Requested: 1024
[2022.07.15-05.57.00:171][  0]LogAudioMixer: Display: 	Callback Buffer Frame Size To Use:	  1024
[2022.07.15-05.57.00:171][  0]LogAudioMixer: Display: 	Number of buffers to queue:			  2
[2022.07.15-05.57.00:171][  0]LogAudioMixer: Display: 	Max Channels (voices):				  32
[2022.07.15-05.57.00:171][  0]LogAudioMixer: Display: 	Number of Async Source Workers:		  0
[2022.07.15-05.57.00:171][  0]LogAudio: Display: AudioDevice MaxSources: 32
[2022.07.15-05.57.00:172][  0]LogAudio: Display: Audio Spatialization Plugin: None (built-in).
[2022.07.15-05.57.00:172][  0]LogAudio: Display: Audio Reverb Plugin: None (built-in).
[2022.07.15-05.57.00:172][  0]LogAudio: Display: Audio Occlusion Plugin: None (built-in).
[2022.07.15-05.57.00:172][  0]LogAudioMixer: Display: Initializing audio mixer.
[2022.07.15-05.57.00:185][  0]LogAudioMixer: Display: 0: FrontLeft
[2022.07.15-05.57.00:185][  0]LogAudioMixer: Display: 1: FrontRight
[2022.07.15-05.57.00:303][  0]LogAudioMixer: Display: Using Audio Device Speaker(Realtek(R) Audio)
[2022.07.15-05.57.00:308][  0]LogAudioMixer: Display: Initializing Sound Submixes...
[2022.07.15-05.57.00:309][  0]LogAudioMixer: Display: Creating Master Submix 'MasterSubmixDefault'
[2022.07.15-05.57.00:309][  0]LogAudioMixer: Display: Creating Master Submix 'MasterReverbSubmixDefault'
[2022.07.15-05.57.00:310][  0]LogAudioMixer: Display: Creating Master Submix 'MasterEQSubmixDefault'
[2022.07.15-05.57.00:310][  0]LogAudioMixer: FMixerPlatformXAudio2::StartAudioStream() called
[2022.07.15-05.57.00:310][  0]LogAudioMixer: Display: Output buffers initialized: Frames=1024, Channels=2, Samples=2048
[2022.07.15-05.57.00:311][  0]LogAudioMixer: Display: Starting AudioMixerPlatformInterface::RunInternal()
[2022.07.15-05.57.00:311][  0]LogAudioMixer: Display: FMixerPlatformXAudio2::SubmitBuffer() called for the first time
[2022.07.15-05.57.00:311][  0]LogInit: FAudioDevice initialized.
[2022.07.15-05.57.00:312][  0]LogNetVersion: Set ProjectVersion to 1.0.0.0. Version Checksum will be recalculated on next use.
[2022.07.15-05.57.00:312][  0]LogInit: Texture streaming: Enabled
[2022.07.15-05.57.00:364][  0]LogAudio: Display: Audio Device (ID: 1) registered with world 'Untitled'.
[2022.07.15-05.57.00:364][  0]LogSlate: Updating window title bar state: overlay mode, drag disabled, window buttons hidden, title bar hidden
[2022.07.15-05.57.00:365][  0]LogInit: Display: Game Engine Initialized.
[2022.07.15-05.57.00:365][  0]LogNiagaraEditor: GEditor isn't valid! Particle reset commands will not work for Niagara components!
[2022.07.15-05.57.00:461][  0]LogInit: Display: Starting Game.
[2022.07.15-05.57.00:461][  0]LogNet: Browse: 127.0.0.1:17777/Game/ThirdPersonBP/Maps/ThirdPersonExampleMap?Name=Player
[2022.07.15-05.57.00:461][  0]LogInit: WinSock: Socket queue. Rx: 32768 (config 32768) Tx: 32768 (config 32768)
[2022.07.15-05.57.00:461][  0]LogNet: Created socket for bind address: 0.0.0.0 on port 0
[2022.07.15-05.57.00:461][  0]PacketHandlerLog: Loaded PacketHandler component: Engine.EngineHandlerComponentFactory (StatelessConnectHandlerComponent)
[2022.07.15-05.57.00:461][  0]LogNet: Game client on port 17777, rate 100000
[2022.07.15-05.57.00:552][  0]LogInit: Display: Engine is initialized. Leaving FEngineLoop::Init()
[2022.07.15-05.57.00:552][  0]LogLoad: (Engine Initialization) Total time: 4.40 seconds
[2022.07.15-05.57.00:552][  0]LogLoad: (Engine Initialization) Total Blueprint compile time: 0.00 seconds
[2022.07.15-05.57.00:564][  0]LogContentStreaming: Texture pool size now 1000 MB
[2022.07.15-05.57.00:565][  0]LogSlate: InvalidateAllWidgets triggered.  All widgets were invalidated
[2022.07.15-05.57.01:472][ 50]LogHandshake: SendChallengeResponse. Timestamp: 5.715506, Cookie: 253164008011210033217184055099254148190233182131199063061014
[2022.07.15-05.57.01:489][ 94]LogNetVersion: ProjectRun 1.0.0.0, NetCL: 17155196, EngineNetVer: 17, GameNetVer: 0 (Checksum: 3029291048)
[2022.07.15-05.57.01:489][ 94]LogNet: UPendingNetGame::SendInitialJoin: Sending hello. [UNetConnection] RemoteAddr: 127.0.0.1:17777, Name: IpConnection_0, Driver: PendingNetDriver IpNetDriver_0, IsServer: NO, PC: NULL, Owner: NULL, UniqueId: INVALID
[2022.07.15-05.57.01:505][139]LogNet: Welcomed by server (Level: /Game/ThirdPersonBP/Maps/UEDPIE_0_ThirdPersonExampleMap, Game: /Game/ProjectRun/GameMode/Run/BP_RunGameMode.BP_RunGameMode_C)
[2022.07.15-05.57.01:505][139]LogLoad: LoadMap: 127.0.0.1:17777/Game/ThirdPersonBP/Maps/ThirdPersonExampleMap?Name=Player?game=/Game/ProjectRun/GameMode/Run/BP_RunGameMode.BP_RunGameMode_C
[2022.07.15-05.57.01:505][139]LogWorld: BeginTearingDown for /Temp/Untitled_0
[2022.07.15-05.57.01:505][139]LogWorld: UWorld::CleanupWorld for Untitled, bSessionEnded=true, bCleanupResources=true
[2022.07.15-05.57.01:505][139]LogSlate: InvalidateAllWidgets triggered.  All widgets were invalidated
[2022.07.15-05.57.01:509][139]LogAudio: Display: Audio Device unregistered from world 'None'.
[2022.07.15-05.57.01:510][139]LogUObjectHash: Compacting FUObjectHashTables data took   0.52ms
[2022.07.15-05.57.01:572][139]LogBlueprint: Warning: [AssetLog] C:\study\ProjectRun\Content\ThirdPersonBP\Blueprints\ThirdPersonCharacter.uasset: [Compiler] InputAction Event 가  ResetVR 입력 액션  에 대해 알려지지 않은 'ResetVR' 액션을 참조합니다.
[2022.07.15-05.57.01:572][139]LogBlueprint: Warning: [AssetLog] C:\study\ProjectRun\Content\ThirdPersonBP\Blueprints\ThirdPersonCharacter.uasset: [Compiler] Input Axis Event 가  LookUpRate 입력 축  에 대해 알려지지 않은 'LookUpRate' 축을 참조합니다.
[2022.07.15-05.57.01:572][139]LogBlueprint: Warning: [AssetLog] C:\study\ProjectRun\Content\ThirdPersonBP\Blueprints\ThirdPersonCharacter.uasset: [Compiler] Input Axis Event 가  TurnRate 입력 축  에 대해 알려지지 않은 'TurnRate' 축을 참조합니다.
[2022.07.15-05.57.01:711][139]LogAudio: Display: Audio Device (ID: 1) registered with world 'ThirdPersonExampleMap'.
[2022.07.15-05.57.01:716][139]LogWorld: Bringing World /Game/ThirdPersonBP/Maps/ThirdPersonExampleMap.ThirdPersonExampleMap up for play (max tick rate 0) at 2022.07.15-14.57.01
[2022.07.15-05.57.01:716][139]LogWorld: Bringing up level for play took: 0.002640
[2022.07.15-05.57.01:717][139]LogRenderer: Reallocating scene render targets to support 640x480 Format 10 NumSamples 1 (Frame:1).
[2022.07.15-05.57.01:717][139]LogSlate: Took 0.000239 seconds to synchronously load lazily loaded font '../../../Engine/Content/Slate/Fonts/Roboto-Regular.ttf' (155K)
[2022.07.15-05.57.01:717][139]LogLoad: Took 0.211708 seconds to LoadMap(/Game/ThirdPersonBP/Maps/ThirdPersonExampleMap)
[2022.07.15-05.57.01:717][139]LogNavigation: Warning: NavData RegistrationFailed_DataPendingKill.
[2022.07.15-05.57.01:764][141]LogOnlineSession: Warning: OSS: No game present to join for session (GameSession)
[2022.07.15-05.57.01:764][141]LogOnlineSession: Warning: OSS: No game present to join for session (GameSession)
[2022.07.15-05.57.01:794][151]LogOnlineSession: Warning: OSS: No game present to join for session (GameSession)
